Log file open, 04/01/20 18:49:22
LogWindows: Failed to load 'aqProf.dll' (GetLastError=126)
LogWindows: File 'aqProf.dll' does not exist
LogWindows: Failed to load 'VtuneApi.dll' (GetLastError=126)
LogWindows: File 'VtuneApi.dll' does not exist
LogWindows: Failed to load 'VtuneApi32e.dll' (GetLastError=126)
LogWindows: File 'VtuneApi32e.dll' does not exist
LogConsoleResponse: Display: Failed to find resolution value strings in scalability ini. Falling back to default.
LogInit: Display: Running engine for game: ProjectTrain
LogPlatformFile: Not using cached read wrapper
LogTaskGraph: Started task graph with 5 named threads and 23 total threads with 3 sets of task threads.
LogStats: Stats thread started at 0.165709
LogD3D11RHI: Loaded GFSDK_Aftermath_Lib.x64.dll
LogICUInternationalization: ICU TimeZone Detection - Raw Offset: -7:00, Platform Override: ''
LogPluginManager: Mounting plugin Paper2D
LogPluginManager: Mounting plugin AISupport
LogPluginManager: Mounting plugin LightPropagationVolume
LogPluginManager: Mounting plugin ActorLayerUtilities
LogPluginManager: Mounting plugin AnimationSharing
LogPluginManager: Mounting plugin CLionSourceCodeAccess
LogPluginManager: Mounting plugin CodeLiteSourceCodeAccess
LogPluginManager: Mounting plugin GitSourceControl
LogPluginManager: Mounting plugin KDevelopSourceCodeAccess
LogPluginManager: Mounting plugin NullSourceCodeAccess
LogPluginManager: Mounting plugin PerforceSourceControl
LogPluginManager: Mounting plugin PlasticSourceControl
LogPluginManager: Mounting plugin SubversionSourceControl
LogPluginManager: Mounting plugin UObjectPlugin
LogPluginManager: Mounting plugin VisualStudioCodeSourceCodeAccess
LogPluginManager: Mounting plugin VisualStudioSourceCodeAccess
LogPluginManager: Mounting plugin XCodeSourceCodeAccess
LogPluginManager: Mounting plugin AssetManagerEditor
LogPluginManager: Mounting plugin CryptoKeys
LogPluginManager: Mounting plugin CurveEditorTools
LogPluginManager: Mounting plugin DataValidation
LogPluginManager: Mounting plugin FacialAnimation
LogPluginManager: Mounting plugin GameplayTagsEditor
LogPluginManager: Mounting plugin MacGraphicsSwitching
LogPluginManager: Mounting plugin MaterialAnalyzer
LogPluginManager: Mounting plugin MobileLauncherProfileWizard
LogPluginManager: Mounting plugin PluginBrowser
LogPluginManager: Mounting plugin SpeedTreeImporter
LogPluginManager: Mounting plugin DatasmithContent
LogPluginManager: Mounting plugin VariantManagerContent
LogPluginManager: Mounting plugin AlembicImporter
LogPluginManager: Mounting plugin AutomationUtils
LogPluginManager: Mounting plugin BackChannel
LogPluginManager: Mounting plugin CharacterAI
LogPluginManager: Mounting plugin GeometryCache
LogPluginManager: Mounting plugin PlatformCrypto
LogPluginManager: Mounting plugin ProxyLODPlugin
LogPluginManager: Mounting plugin SkeletalReduction
LogPluginManager: Mounting plugin MagicLeap
LogPluginManager: Mounting plugin MagicLeapMedia
LogPluginManager: Mounting plugin MLSDK
LogPluginManager: Mounting plugin AndroidMedia
LogPluginManager: Mounting plugin AvfMedia
LogPluginManager: Mounting plugin ImgMedia
LogPluginManager: Mounting plugin MediaCompositing
LogPluginManager: Mounting plugin MediaPlayerEditor
LogPluginManager: Mounting plugin WebMMedia
LogPluginManager: Mounting plugin WmfMedia
LogPluginManager: Mounting plugin TcpMessaging
LogPluginManager: Mounting plugin UdpMessaging
LogPluginManager: Mounting plugin ActorSequence
LogPluginManager: Mounting plugin LevelSequenceEditor
LogPluginManager: Mounting plugin MatineeToLevelSequence
LogPluginManager: Mounting plugin NetcodeUnitTest
LogPluginManager: Mounting plugin NUTUnrealEngine4
LogPluginManager: Mounting plugin OnlineSubsystemGooglePlay
LogPluginManager: Mounting plugin OnlineSubsystemIOS
LogPluginManager: Mounting plugin OnlineSubsystem
LogPluginManager: Mounting plugin OnlineSubsystemNull
LogPluginManager: Mounting plugin OnlineSubsystemUtils
LogPluginManager: Mounting plugin LauncherChunkInstaller
LogPluginManager: Mounting plugin AndroidDeviceProfileSelector
LogPluginManager: Mounting plugin AndroidMoviePlayer
LogPluginManager: Mounting plugin AndroidPermission
LogPluginManager: Mounting plugin AppleImageUtils
LogPluginManager: Mounting plugin AppleMoviePlayer
LogPluginManager: Mounting plugin ArchVisCharacter
LogPluginManager: Mounting plugin AssetTags
LogPluginManager: Mounting plugin AudioCapture
LogPluginManager: Mounting plugin CableComponent
LogPluginManager: Mounting plugin CustomMeshComponent
LogPluginManager: Mounting plugin EditableMesh
LogPluginManager: Mounting plugin ExampleDeviceProfileSelector
LogPluginManager: Mounting plugin GoogleCloudMessaging
LogPluginManager: Mounting plugin IOSDeviceProfileSelector
LogPluginManager: Mounting plugin LinuxDeviceProfileSelector
LogPluginManager: Mounting plugin LocationServicesBPLibrary
LogPluginManager: Mounting plugin MobilePatchingUtils
LogPluginManager: Mounting plugin OculusVR
LogPluginManager: Mounting plugin PhysXVehicles
LogPluginManager: Mounting plugin PostSplashScreen
LogPluginManager: Mounting plugin ProceduralMeshComponent
LogPluginManager: Mounting plugin RuntimePhysXCooking
LogPluginManager: Mounting plugin SignificanceManager
LogPluginManager: Mounting plugin SteamVR
LogPluginManager: Mounting plugin WebMMoviePlayer
LogPluginManager: Mounting plugin WindowsMoviePlayer
LogPluginManager: Mounting plugin ScreenshotTools
LogInit: Using libcurl 7.55.1-DEV
LogInit:  - built for x86_64-pc-win32
LogInit:  - supports SSL with OpenSSL/1.1.1
LogInit:  - supports HTTP deflate (compression) using libz 1.2.8
LogInit:  - other features:
LogInit:      CURL_VERSION_SSL
LogInit:      CURL_VERSION_LIBZ
LogInit:      CURL_VERSION_IPV6
LogInit:      CURL_VERSION_ASYNCHDNS
LogInit:      CURL_VERSION_LARGEFILE
LogInit:      CURL_VERSION_IDN
LogInit:  CurlRequestOptions (configurable via config and command line):
LogInit:  - bVerifyPeer = true  - Libcurl will verify peer certificate
LogInit:  - bUseHttpProxy = false  - Libcurl will NOT use HTTP proxy
LogInit:  - bDontReuseConnections = false  - Libcurl will reuse connections
LogInit:  - MaxHostConnections = 16  - Libcurl will limit the number of connections to a host
LogInit:  - LocalHostAddr = Default
LogInit:  - BufferSize = 65536
LogOnline: OSS: Creating online subsystem instance for: NULL
LogInit: WinSock: version 1.1 (2.2), MaxSocks=32767, MaxUdp=65467
LogOnline: OSS: TryLoadSubsystemAndSetDefault: Loaded subsystem for module [NULL]
LogInit: Build: ++UE4+Release-4.24-CL-11100242
LogInit: Engine Version: 4.24.2-11100242+++UE4+Release-4.24
LogInit: Compatible Engine Version: 4.24.0-10570792+++UE4+Release-4.24
LogInit: Net CL: 10570792
LogInit: OS: Windows 10 (Release 1809) (), CPU: Intel(R) Core(TM) i7-4790K CPU @ 4.00GHz, GPU: NVIDIA GeForce GTX 1070
LogInit: Compiled (64-bit): Jan 24 2020 02:05:53
LogInit: Compiled with Visual C++: 19.16.27032.01
LogInit: Build Configuration: Development
LogInit: Branch Name: ++UE4+Release-4.24
LogInit: Command Line:  -EpicPortal -epicusername=Ikariouss -epicuserid=a3cfd7fdd0724795a0624a34ba144df0 -epiclocale=en
LogInit: Base Directory: C:/Program Files/Epic Games/UE_4.24/Engine/Binaries/Win64/
LogInit: Installed Engine Build: 1
LogDevObjectVersion: Number of dev versions registered: 25
LogDevObjectVersion:   Dev-Blueprints (B0D832E4-1F89-4F0D-ACCF-7EB736FD4AA2): 10
LogDevObjectVersion:   Dev-Build (E1C64328-A22C-4D53-A36C-8E866417BD8C): 0
LogDevObjectVersion:   Dev-Core (375EC13C-06E4-48FB-B500-84F0262A717E): 3
LogDevObjectVersion:   Dev-Editor (E4B068ED-F494-42E9-A231-DA0B2E46BB41): 37
LogDevObjectVersion:   Dev-Framework (CFFC743F-43B0-4480-9391-14DF171D2073): 36
LogDevObjectVersion:   Dev-Mobile (B02B49B5-BB20-44E9-A304-32B752E40360): 2
LogDevObjectVersion:   Dev-Networking (A4E4105C-59A1-49B5-A7C5-40C4547EDFEE): 0
LogDevObjectVersion:   Dev-Online (39C831C9-5AE6-47DC-9A44-9C173E1C8E7C): 0
LogDevObjectVersion:   Dev-Physics (78F01B33-EBEA-4F98-B9B4-84EACCB95AA2): 2
LogDevObjectVersion:   Dev-Platform (6631380F-2D4D-43E0-8009-CF276956A95A): 0
LogDevObjectVersion:   Dev-Rendering (12F88B9F-8875-4AFC-A67C-D90C383ABD29): 36
LogDevObjectVersion:   Dev-Sequencer (7B5AE74C-D270-4C10-A958-57980B212A5A): 11
LogDevObjectVersion:   Dev-VR (D7296918-1DD6-4BDD-9DE2-64A83CC13884): 2
LogDevObjectVersion:   Dev-LoadTimes (C2A15278-BFE7-4AFE-6C17-90FF531DF755): 1
LogDevObjectVersion:   Private-Geometry (6EACA3D4-40EC-4CC1-B786-8BED09428FC5): 3
LogDevObjectVersion:   Dev-AnimPhys (29E575DD-E0A3-4627-9D10-D276232CDCEA): 17
LogDevObjectVersion:   Dev-Anim (AF43A65D-7FD3-4947-9873-3E8ED9C1BB05): 2
LogDevObjectVersion:   Dev-ReflectionCapture (6B266CEC-1EC7-4B8F-A30B-E4D90942FC07): 1
LogDevObjectVersion:   Dev-Automation (0DF73D61-A23F-47EA-B727-89E90C41499A): 1
LogDevObjectVersion:   FortniteMain (601D1886-AC64-4F84-AA16-D3DE0DEAC7D6): 31
LogDevObjectVersion:   Dev-Enterprise (9DFFBCD6-494F-0158-E221-12823C92A888): 8
LogDevObjectVersion:   Dev-Niagara (F2AED0AC-9AFE-416F-8664-AA7FFA26D6FC): 1
LogDevObjectVersion:   Dev-Destruction (174F1F0B-B4C6-45A5-B13F-2EE8D0FB917D): 9
LogDevObjectVersion:   Dev-Physics-Ext (35F94A83-E258-406C-A318-09F59610247C): 8
LogDevObjectVersion:   Dev-CineCamera (B2E18506-4273-CFC2-A54E-F4BB758BBA07): 1
LogInit: Presizing for max 25165824 objects, including 0 objects not considered by GC, pre-allocating 0 bytes for permanent pool.
LogInit: Object subsystem initialized
LogConfig: Setting CVar [[con.DebugEarlyDefault:1]]
LogConfig: Setting CVar [[r.setres:1280x720]]
[2020.04.02-00.49.23:189][  0]LogConfig: Setting CVar [[r.VSync:0]]
[2020.04.02-00.49.23:189][  0]LogConfig: Setting CVar [[r.RHICmdBypass:0]]
[2020.04.02-00.49.23:189][  0]LogConfig: Applying CVar settings from Section [/Script/Engine.RendererSettings] File [C:/Users/jacob/Documents/GitHub/Class/TC2/Project-Train/Saved/Config/Windows/Engine.ini]
[2020.04.02-00.49.23:189][  0]LogConfig: Setting CVar [[r.GPUCrashDebugging:0]]
[2020.04.02-00.49.23:189][  0]LogConfig: Applying CVar settings from Section [/Script/Engine.RendererOverrideSettings] File [C:/Users/jacob/Documents/GitHub/Class/TC2/Project-Train/Saved/Config/Windows/Engine.ini]
[2020.04.02-00.49.23:189][  0]LogConfig: Applying CVar settings from Section [/Script/Engine.StreamingSettings] File [C:/Users/jacob/Documents/GitHub/Class/TC2/Project-Train/Saved/Config/Windows/Engine.ini]
[2020.04.02-00.49.23:189][  0]LogConfig: Setting CVar [[s.MinBulkDataSizeForAsyncLoading:131072]]
[2020.04.02-00.49.23:189][  0]LogConfig: Setting CVar [[s.AsyncLoadingThreadEnabled:0]]
[2020.04.02-00.49.23:189][  0]LogConfig: Setting CVar [[s.EventDrivenLoaderEnabled:1]]
[2020.04.02-00.49.23:189][  0]LogConfig: Setting CVar [[s.WarnIfTimeLimitExceeded:0]]
[2020.04.02-00.49.23:189][  0]LogConfig: Setting CVar [[s.TimeLimitExceededMultiplier:1.5]]
[2020.04.02-00.49.23:189][  0]LogConfig: Setting CVar [[s.TimeLimitExceededMinTime:0.005]]
[2020.04.02-00.49.23:189][  0]LogConfig: Setting CVar [[s.UseBackgroundLevelStreaming:1]]
[2020.04.02-00.49.23:189][  0]LogConfig: Setting CVar [[s.PriorityAsyncLoadingExtraTime:15.0]]
[2020.04.02-00.49.23:189][  0]LogConfig: Setting CVar [[s.LevelStreamingActorsUpdateTimeLimit:5.0]]
[2020.04.02-00.49.23:189][  0]LogConfig: Setting CVar [[s.PriorityLevelStreamingActorsUpdateExtraTime:5.0]]
[2020.04.02-00.49.23:189][  0]LogConfig: Setting CVar [[s.LevelStreamingComponentsRegistrationGranularity:10]]
[2020.04.02-00.49.23:189][  0]LogConfig: Setting CVar [[s.UnregisterComponentsTimeLimit:1.0]]
[2020.04.02-00.49.23:189][  0]LogConfig: Setting CVar [[s.LevelStreamingComponentsUnregistrationGranularity:5]]
[2020.04.02-00.49.23:189][  0]LogConfig: Setting CVar [[s.FlushStreamingOnExit:1]]
[2020.04.02-00.49.23:189][  0]LogConfig: Applying CVar settings from Section [/Script/Engine.GarbageCollectionSettings] File [C:/Users/jacob/Documents/GitHub/Class/TC2/Project-Train/Saved/Config/Windows/Engine.ini]
[2020.04.02-00.49.23:189][  0]LogConfig: Setting CVar [[gc.MaxObjectsNotConsideredByGC:1]]
[2020.04.02-00.49.23:189][  0]LogConfig: Setting CVar [[gc.SizeOfPermanentObjectPool:0]]
[2020.04.02-00.49.23:189][  0]LogConfig: Setting CVar [[gc.FlushStreamingOnGC:0]]
[2020.04.02-00.49.23:189][  0]LogConfig: Setting CVar [[gc.NumRetriesBeforeForcingGC:10]]
[2020.04.02-00.49.23:189][  0]LogConfig: Setting CVar [[gc.AllowParallelGC:1]]
[2020.04.02-00.49.23:189][  0]LogConfig: Setting CVar [[gc.TimeBetweenPurgingPendingKillObjects:61.1]]
[2020.04.02-00.49.23:189][  0]LogConfig: Setting CVar [[gc.MaxObjectsInEditor:25165824]]
[2020.04.02-00.49.23:189][  0]LogConfig: Setting CVar [[gc.IncrementalBeginDestroyEnabled:1]]
[2020.04.02-00.49.23:189][  0]LogConfig: Setting CVar [[gc.CreateGCClusters:1]]
[2020.04.02-00.49.23:189][  0]LogConfig: Setting CVar [[gc.MinGCClusterSize:5]]
[2020.04.02-00.49.23:189][  0]LogConfig: Setting CVar [[gc.ActorClusteringEnabled:0]]
[2020.04.02-00.49.23:189][  0]LogConfig: Setting CVar [[gc.BlueprintClusteringEnabled:0]]
[2020.04.02-00.49.23:189][  0]LogConfig: Setting CVar [[gc.UseDisregardForGCOnDedicatedServers:0]]
[2020.04.02-00.49.23:189][  0]LogConfig: Applying CVar settings from Section [/Script/Engine.NetworkSettings] File [C:/Users/jacob/Documents/GitHub/Class/TC2/Project-Train/Saved/Config/Windows/Engine.ini]
[2020.04.02-00.49.23:189][  0]LogConfig: Applying CVar settings from Section [/Script/UnrealEd.CookerSettings] File [C:/Users/jacob/Documents/GitHub/Class/TC2/Project-Train/Saved/Config/Windows/Engine.ini]
[2020.04.02-00.49.23:196][  0]LogConfig: Applying CVar settings from Section [ViewDistanceQuality@3] File [C:/Users/jacob/Documents/GitHub/Class/TC2/Project-Train/Saved/Config/Windows/Scalability.ini]
[2020.04.02-00.49.23:196][  0]LogConfig: Setting CVar [[r.SkeletalMeshLODBias:0]]
[2020.04.02-00.49.23:196][  0]LogConfig: Setting CVar [[r.ViewDistanceScale:1.0]]
[2020.04.02-00.49.23:196][  0]LogConfig: Applying CVar settings from Section [AntiAliasingQuality@3] File [C:/Users/jacob/Documents/GitHub/Class/TC2/Project-Train/Saved/Config/Windows/Scalability.ini]
[2020.04.02-00.49.23:196][  0]LogConfig: Setting CVar [[r.PostProcessAAQuality:4]]
[2020.04.02-00.49.23:196][  0]LogConfig: Applying CVar settings from Section [ShadowQuality@3] File [C:/Users/jacob/Documents/GitHub/Class/TC2/Project-Train/Saved/Config/Windows/Scalability.ini]
[2020.04.02-00.49.23:196][  0]LogConfig: Setting CVar [[r.LightFunctionQuality:1]]
[2020.04.02-00.49.23:196][  0]LogConfig: Setting CVar [[r.ShadowQuality:5]]
[2020.04.02-00.49.23:196][  0]LogConfig: Setting CVar [[r.Shadow.CSM.MaxCascades:10]]
[2020.04.02-00.49.23:197][  0]LogConfig: Setting CVar [[r.Shadow.MaxResolution:2048]]
[2020.04.02-00.49.23:197][  0]LogConfig: Setting CVar [[r.Shadow.MaxCSMResolution:2048]]
[2020.04.02-00.49.23:197][  0]LogConfig: Setting CVar [[r.Shadow.RadiusThreshold:0.01]]
[2020.04.02-00.49.23:197][  0]LogConfig: Setting CVar [[r.Shadow.DistanceScale:1.0]]
[2020.04.02-00.49.23:197][  0]LogConfig: Setting CVar [[r.Shadow.CSM.TransitionScale:1.0]]
[2020.04.02-00.49.23:197][  0]LogConfig: Setting CVar [[r.Shadow.PreShadowResolutionFactor:1.0]]
[2020.04.02-00.49.23:197][  0]LogConfig: Setting CVar [[r.DistanceFieldShadowing:1]]
[2020.04.02-00.49.23:197][  0]LogConfig: Setting CVar [[r.DistanceFieldAO:1]]
[2020.04.02-00.49.23:197][  0]LogConfig: Setting CVar [[r.AOQuality:2]]
[2020.04.02-00.49.23:197][  0]LogConfig: Setting CVar [[r.VolumetricFog:1]]
[2020.04.02-00.49.23:197][  0]LogConfig: Setting CVar [[r.VolumetricFog.GridPixelSize:8]]
[2020.04.02-00.49.23:197][  0]LogConfig: Setting CVar [[r.VolumetricFog.GridSizeZ:128]]
[2020.04.02-00.49.23:197][  0]LogConfig: Setting CVar [[r.VolumetricFog.HistoryMissSupersampleCount:4]]
[2020.04.02-00.49.23:197][  0]LogConfig: Setting CVar [[r.LightMaxDrawDistanceScale:1]]
[2020.04.02-00.49.23:197][  0]LogConfig: Setting CVar [[r.CapsuleShadows:1]]
[2020.04.02-00.49.23:197][  0]LogConfig: Applying CVar settings from Section [PostProcessQuality@3] File [C:/Users/jacob/Documents/GitHub/Class/TC2/Project-Train/Saved/Config/Windows/Scalability.ini]
[2020.04.02-00.49.23:197][  0]LogConfig: Setting CVar [[r.MotionBlurQuality:4]]
[2020.04.02-00.49.23:197][  0]LogConfig: Setting CVar [[r.AmbientOcclusionMipLevelFactor:0.4]]
[2020.04.02-00.49.23:197][  0]LogConfig: Setting CVar [[r.AmbientOcclusionMaxQuality:100]]
[2020.04.02-00.49.23:197][  0]LogConfig: Setting CVar [[r.AmbientOcclusionLevels:-1]]
[2020.04.02-00.49.23:197][  0]LogConfig: Setting CVar [[r.AmbientOcclusionRadiusScale:1.0]]
[2020.04.02-00.49.23:197][  0]LogConfig: Setting CVar [[r.DepthOfFieldQuality:2]]
[2020.04.02-00.49.23:197][  0]LogConfig: Setting CVar [[r.RenderTargetPoolMin:400]]
[2020.04.02-00.49.23:197][  0]LogConfig: Setting CVar [[r.LensFlareQuality:2]]
[2020.04.02-00.49.23:197][  0]LogConfig: Setting CVar [[r.SceneColorFringeQuality:1]]
[2020.04.02-00.49.23:197][  0]LogConfig: Setting CVar [[r.EyeAdaptationQuality:2]]
[2020.04.02-00.49.23:197][  0]LogConfig: Setting CVar [[r.BloomQuality:5]]
[2020.04.02-00.49.23:197][  0]LogConfig: Setting CVar [[r.FastBlurThreshold:100]]
[2020.04.02-00.49.23:197][  0]LogConfig: Setting CVar [[r.Upscale.Quality:3]]
[2020.04.02-00.49.23:197][  0]LogConfig: Setting CVar [[r.Tonemapper.GrainQuantization:1]]
[2020.04.02-00.49.23:197][  0]LogConfig: Setting CVar [[r.LightShaftQuality:1]]
[2020.04.02-00.49.23:197][  0]LogConfig: Setting CVar [[r.Filter.SizeScale:1]]
[2020.04.02-00.49.23:197][  0]LogConfig: Setting CVar [[r.Tonemapper.Quality:5]]
[2020.04.02-00.49.23:197][  0]LogConfig: Setting CVar [[r.DOF.Gather.AccumulatorQuality:1        ; higher gathering accumulator quality]]
[2020.04.02-00.49.23:197][  0]LogConfig: Setting CVar [[r.DOF.Gather.PostfilterMethod:1          ; Median3x3 postfilering method]]
[2020.04.02-00.49.23:197][  0]LogConfig: Setting CVar [[r.DOF.Gather.EnableBokehSettings:0       ; no bokeh simulation when gathering]]
[2020.04.02-00.49.23:197][  0]LogConfig: Setting CVar [[r.DOF.Gather.RingCount:4                 ; medium number of samples when gathering]]
[2020.04.02-00.49.23:197][  0]LogConfig: Setting CVar [[r.DOF.Scatter.ForegroundCompositing:1    ; additive foreground scattering]]
[2020.04.02-00.49.23:197][  0]LogConfig: Setting CVar [[r.DOF.Scatter.BackgroundCompositing:2    ; additive background scattering]]
[2020.04.02-00.49.23:197][  0]LogConfig: Setting CVar [[r.DOF.Scatter.EnableBokehSettings:1      ; bokeh simulation when scattering]]
[2020.04.02-00.49.23:197][  0]LogConfig: Setting CVar [[r.DOF.Scatter.MaxSpriteRatio:0.1         ; only a maximum of 10% of scattered bokeh]]
[2020.04.02-00.49.23:197][  0]LogConfig: Setting CVar [[r.DOF.Recombine.Quality:1                ; cheap slight out of focus]]
[2020.04.02-00.49.23:197][  0]LogConfig: Setting CVar [[r.DOF.Recombine.EnableBokehSettings:0    ; no bokeh simulation on slight out of focus]]
[2020.04.02-00.49.23:197][  0]LogConfig: Setting CVar [[r.DOF.TemporalAAQuality:1                ; more stable temporal accumulation]]
[2020.04.02-00.49.23:197][  0]LogConfig: Setting CVar [[r.DOF.Kernel.MaxForegroundRadius:0.025]]
[2020.04.02-00.49.23:197][  0]LogConfig: Setting CVar [[r.DOF.Kernel.MaxBackgroundRadius:0.025]]
[2020.04.02-00.49.23:197][  0]LogConfig: Applying CVar settings from Section [TextureQuality@3] File [C:/Users/jacob/Documents/GitHub/Class/TC2/Project-Train/Saved/Config/Windows/Scalability.ini]
[2020.04.02-00.49.23:197][  0]LogConfig: Setting CVar [[r.Streaming.MipBias:0]]
[2020.04.02-00.49.23:197][  0]LogConfig: Setting CVar [[r.Streaming.AmortizeCPUToGPUCopy:0]]
[2020.04.02-00.49.23:197][  0]LogConfig: Setting CVar [[r.Streaming.MaxNumTexturesToStreamPerFrame:0]]
[2020.04.02-00.49.23:197][  0]LogConfig: Setting CVar [[r.Streaming.Boost:1]]
[2020.04.02-00.49.23:197][  0]LogConfig: Setting CVar [[r.MaxAnisotropy:8]]
[2020.04.02-00.49.23:197][  0]LogConfig: Setting CVar [[r.VT.MaxAnisotropy:8]]
[2020.04.02-00.49.23:197][  0]LogConfig: Setting CVar [[r.Streaming.LimitPoolSizeToVRAM:0]]
[2020.04.02-00.49.23:197][  0]LogConfig: Setting CVar [[r.Streaming.PoolSize:1000]]
[2020.04.02-00.49.23:197][  0]LogConfig: Setting CVar [[r.Streaming.MaxEffectiveScreenSize:0]]
[2020.04.02-00.49.23:197][  0]LogConfig: Applying CVar settings from Section [EffectsQuality@3] File [C:/Users/jacob/Documents/GitHub/Class/TC2/Project-Train/Saved/Config/Windows/Scalability.ini]
[2020.04.02-00.49.23:197][  0]LogConfig: Setting CVar [[r.TranslucencyLightingVolumeDim:64]]
[2020.04.02-00.49.23:197][  0]LogConfig: Setting CVar [[r.RefractionQuality:2]]
[2020.04.02-00.49.23:197][  0]LogConfig: Setting CVar [[r.SSR.Quality:3]]
[2020.04.02-00.49.23:198][  0]LogConfig: Setting CVar [[r.SSR.HalfResSceneColor:0]]
[2020.04.02-00.49.23:198][  0]LogConfig: Setting CVar [[r.SceneColorFormat:4]]
[2020.04.02-00.49.23:198][  0]LogConfig: Setting CVar [[r.DetailMode:2]]
[2020.04.02-00.49.23:198][  0]LogConfig: Setting CVar [[r.TranslucencyVolumeBlur:1]]
[2020.04.02-00.49.23:198][  0]LogConfig: Setting CVar [[r.MaterialQualityLevel:1 ; High quality]]
[2020.04.02-00.49.23:198][  0]LogConfig: Setting CVar [[r.SSS.Scale:1]]
[2020.04.02-00.49.23:198][  0]LogConfig: Setting CVar [[r.SSS.SampleSet:2]]
[2020.04.02-00.49.23:198][  0]LogConfig: Setting CVar [[r.SSS.Quality:1]]
[2020.04.02-00.49.23:198][  0]LogConfig: Setting CVar [[r.SSS.HalfRes:1]]
[2020.04.02-00.49.23:198][  0]LogConfig: Setting CVar [[r.SSGI.Quality:3]]
[2020.04.02-00.49.23:198][  0]LogConfig: Setting CVar [[r.EmitterSpawnRateScale:1.0]]
[2020.04.02-00.49.23:198][  0]LogConfig: Setting CVar [[r.ParticleLightQuality:2]]
[2020.04.02-00.49.23:198][  0]LogConfig: Setting CVar [[r.SkyAtmosphere.AerialPerspectiveLUT.FastApplyOnOpaque:1 ; Always have FastSkyLUT 1 in this case to avoid wrong sky]]
[2020.04.02-00.49.23:198][  0]LogConfig: Setting CVar [[r.SkyAtmosphere.AerialPerspectiveLUT.SampleCountPerSlice:1]]
[2020.04.02-00.49.23:198][  0]LogConfig: Setting CVar [[r.SkyAtmosphere.AerialPerspectiveLUT.DepthResolution:16.0]]
[2020.04.02-00.49.23:198][  0]LogConfig: Setting CVar [[r.SkyAtmosphere.FastSkyLUT:1]]
[2020.04.02-00.49.23:198][  0]LogConfig: Setting CVar [[r.SkyAtmosphere.FastSkyLUT.SampleCountMin:4.0]]
[2020.04.02-00.49.23:198][  0]LogConfig: Setting CVar [[r.SkyAtmosphere.FastSkyLUT.SampleCountMax:32.0]]
[2020.04.02-00.49.23:198][  0]LogConfig: Setting CVar [[r.SkyAtmosphere.SampleCountMin:4.0]]
[2020.04.02-00.49.23:198][  0]LogConfig: Setting CVar [[r.SkyAtmosphere.SampleCountMax:32.0]]
[2020.04.02-00.49.23:198][  0]LogConfig: Setting CVar [[r.SkyAtmosphere.TransmittanceLUT.UseSmallFormat:0]]
[2020.04.02-00.49.23:198][  0]LogConfig: Setting CVar [[r.SkyAtmosphere.TransmittanceLUT.SampleCount:10.0]]
[2020.04.02-00.49.23:198][  0]LogConfig: Setting CVar [[r.SkyAtmosphere.MultiScatteringLUT.SampleCount:15.0]]
[2020.04.02-00.49.23:198][  0]LogConfig: Applying CVar settings from Section [FoliageQuality@3] File [C:/Users/jacob/Documents/GitHub/Class/TC2/Project-Train/Saved/Config/Windows/Scalability.ini]
[2020.04.02-00.49.23:198][  0]LogConfig: Setting CVar [[foliage.DensityScale:1.0]]
[2020.04.02-00.49.23:198][  0]LogConfig: Setting CVar [[grass.DensityScale:1.0]]
[2020.04.02-00.49.23:198][  0]LogConfig: Applying CVar settings from Section [ShadingQuality@3] File [C:/Users/jacob/Documents/GitHub/Class/TC2/Project-Train/Saved/Config/Windows/Scalability.ini]
[2020.04.02-00.49.23:198][  0]LogConfig: Setting CVar [[r.HairStrands.SkyLighting.SampleCount:16]]
[2020.04.02-00.49.23:198][  0]LogConfig: Setting CVar [[r.HairStrands.SkyLighting.JitterIntegration:0]]
[2020.04.02-00.49.23:198][  0]LogConfig: Setting CVar [[r.HairStrands.SkyAO.SampleCount:16]]
[2020.04.02-00.49.23:198][  0]LogInit: Selected Device Profile: [Windows]
[2020.04.02-00.49.23:198][  0]LogInit: Applying CVar settings loaded from the selected device profile: [Windows]
[2020.04.02-00.49.23:202][  0]LogHAL: Display: Platform has ~ 16 GB [17104285696 / 17179869184 / 16], which maps to Larger [LargestMinGB=32, LargerMinGB=12, DefaultMinGB=8, SmallerMinGB=6, SmallestMinGB=0)
[2020.04.02-00.49.23:202][  0]LogInit: Going up to parent DeviceProfile []
[2020.04.02-00.49.23:202][  0]LogConfig: Applying CVar settings from Section [ViewDistanceQuality@3] File [C:/Users/jacob/Documents/GitHub/Class/TC2/Project-Train/Saved/Config/Windows/Scalability.ini]
[2020.04.02-00.49.23:202][  0]LogConfig: Setting CVar [[r.SkeletalMeshLODBias:0]]
[2020.04.02-00.49.23:202][  0]LogConfig: Setting CVar [[r.ViewDistanceScale:1.0]]
[2020.04.02-00.49.23:202][  0]LogConfig: Applying CVar settings from Section [AntiAliasingQuality@3] File [C:/Users/jacob/Documents/GitHub/Class/TC2/Project-Train/Saved/Config/Windows/Scalability.ini]
[2020.04.02-00.49.23:202][  0]LogConfig: Setting CVar [[r.PostProcessAAQuality:4]]
[2020.04.02-00.49.23:202][  0]LogConfig: Applying CVar settings from Section [ShadowQuality@3] File [C:/Users/jacob/Documents/GitHub/Class/TC2/Project-Train/Saved/Config/Windows/Scalability.ini]
[2020.04.02-00.49.23:202][  0]LogConfig: Setting CVar [[r.LightFunctionQuality:1]]
[2020.04.02-00.49.23:202][  0]LogConfig: Setting CVar [[r.ShadowQuality:5]]
[2020.04.02-00.49.23:202][  0]LogConfig: Setting CVar [[r.Shadow.CSM.MaxCascades:10]]
[2020.04.02-00.49.23:202][  0]LogConfig: Setting CVar [[r.Shadow.MaxResolution:2048]]
[2020.04.02-00.49.23:202][  0]LogConfig: Setting CVar [[r.Shadow.MaxCSMResolution:2048]]
[2020.04.02-00.49.23:202][  0]LogConfig: Setting CVar [[r.Shadow.RadiusThreshold:0.01]]
[2020.04.02-00.49.23:202][  0]LogConfig: Setting CVar [[r.Shadow.DistanceScale:1.0]]
[2020.04.02-00.49.23:202][  0]LogConfig: Setting CVar [[r.Shadow.CSM.TransitionScale:1.0]]
[2020.04.02-00.49.23:202][  0]LogConfig: Setting CVar [[r.Shadow.PreShadowResolutionFactor:1.0]]
[2020.04.02-00.49.23:202][  0]LogConfig: Setting CVar [[r.DistanceFieldShadowing:1]]
[2020.04.02-00.49.23:202][  0]LogConfig: Setting CVar [[r.DistanceFieldAO:1]]
[2020.04.02-00.49.23:202][  0]LogConfig: Setting CVar [[r.AOQuality:2]]
[2020.04.02-00.49.23:203][  0]LogConfig: Setting CVar [[r.VolumetricFog:1]]
[2020.04.02-00.49.23:203][  0]LogConfig: Setting CVar [[r.VolumetricFog.GridPixelSize:8]]
[2020.04.02-00.49.23:203][  0]LogConfig: Setting CVar [[r.VolumetricFog.GridSizeZ:128]]
[2020.04.02-00.49.23:203][  0]LogConfig: Setting CVar [[r.VolumetricFog.HistoryMissSupersampleCount:4]]
[2020.04.02-00.49.23:203][  0]LogConfig: Setting CVar [[r.LightMaxDrawDistanceScale:1]]
[2020.04.02-00.49.23:203][  0]LogConfig: Setting CVar [[r.CapsuleShadows:1]]
[2020.04.02-00.49.23:203][  0]LogConfig: Applying CVar settings from Section [PostProcessQuality@3] File [C:/Users/jacob/Documents/GitHub/Class/TC2/Project-Train/Saved/Config/Windows/Scalability.ini]
[2020.04.02-00.49.23:203][  0]LogConfig: Setting CVar [[r.MotionBlurQuality:4]]
[2020.04.02-00.49.23:203][  0]LogConfig: Setting CVar [[r.AmbientOcclusionMipLevelFactor:0.4]]
[2020.04.02-00.49.23:203][  0]LogConfig: Setting CVar [[r.AmbientOcclusionMaxQuality:100]]
[2020.04.02-00.49.23:203][  0]LogConfig: Setting CVar [[r.AmbientOcclusionLevels:-1]]
[2020.04.02-00.49.23:203][  0]LogConfig: Setting CVar [[r.AmbientOcclusionRadiusScale:1.0]]
[2020.04.02-00.49.23:203][  0]LogConfig: Setting CVar [[r.DepthOfFieldQuality:2]]
[2020.04.02-00.49.23:203][  0]LogConfig: Setting CVar [[r.RenderTargetPoolMin:400]]
[2020.04.02-00.49.23:203][  0]LogConfig: Setting CVar [[r.LensFlareQuality:2]]
[2020.04.02-00.49.23:203][  0]LogConfig: Setting CVar [[r.SceneColorFringeQuality:1]]
[2020.04.02-00.49.23:203][  0]LogConfig: Setting CVar [[r.EyeAdaptationQuality:2]]
[2020.04.02-00.49.23:203][  0]LogConfig: Setting CVar [[r.BloomQuality:5]]
[2020.04.02-00.49.23:203][  0]LogConfig: Setting CVar [[r.FastBlurThreshold:100]]
[2020.04.02-00.49.23:203][  0]LogConfig: Setting CVar [[r.Upscale.Quality:3]]
[2020.04.02-00.49.23:203][  0]LogConfig: Setting CVar [[r.Tonemapper.GrainQuantization:1]]
[2020.04.02-00.49.23:203][  0]LogConfig: Setting CVar [[r.LightShaftQuality:1]]
[2020.04.02-00.49.23:203][  0]LogConfig: Setting CVar [[r.Filter.SizeScale:1]]
[2020.04.02-00.49.23:203][  0]LogConfig: Setting CVar [[r.Tonemapper.Quality:5]]
[2020.04.02-00.49.23:203][  0]LogConfig: Setting CVar [[r.DOF.Gather.AccumulatorQuality:1        ; higher gathering accumulator quality]]
[2020.04.02-00.49.23:203][  0]LogConfig: Setting CVar [[r.DOF.Gather.PostfilterMethod:1          ; Median3x3 postfilering method]]
[2020.04.02-00.49.23:203][  0]LogConfig: Setting CVar [[r.DOF.Gather.EnableBokehSettings:0       ; no bokeh simulation when gathering]]
[2020.04.02-00.49.23:203][  0]LogConfig: Setting CVar [[r.DOF.Gather.RingCount:4                 ; medium number of samples when gathering]]
[2020.04.02-00.49.23:203][  0]LogConfig: Setting CVar [[r.DOF.Scatter.ForegroundCompositing:1    ; additive foreground scattering]]
[2020.04.02-00.49.23:203][  0]LogConfig: Setting CVar [[r.DOF.Scatter.BackgroundCompositing:2    ; additive background scattering]]
[2020.04.02-00.49.23:203][  0]LogConfig: Setting CVar [[r.DOF.Scatter.EnableBokehSettings:1      ; bokeh simulation when scattering]]
[2020.04.02-00.49.23:203][  0]LogConfig: Setting CVar [[r.DOF.Scatter.MaxSpriteRatio:0.1         ; only a maximum of 10% of scattered bokeh]]
[2020.04.02-00.49.23:203][  0]LogConfig: Setting CVar [[r.DOF.Recombine.Quality:1                ; cheap slight out of focus]]
[2020.04.02-00.49.23:203][  0]LogConfig: Setting CVar [[r.DOF.Recombine.EnableBokehSettings:0    ; no bokeh simulation on slight out of focus]]
[2020.04.02-00.49.23:203][  0]LogConfig: Setting CVar [[r.DOF.TemporalAAQuality:1                ; more stable temporal accumulation]]
[2020.04.02-00.49.23:203][  0]LogConfig: Setting CVar [[r.DOF.Kernel.MaxForegroundRadius:0.025]]
[2020.04.02-00.49.23:204][  0]LogConfig: Setting CVar [[r.DOF.Kernel.MaxBackgroundRadius:0.025]]
[2020.04.02-00.49.23:204][  0]LogConfig: Applying CVar settings from Section [TextureQuality@3] File [C:/Users/jacob/Documents/GitHub/Class/TC2/Project-Train/Saved/Config/Windows/Scalability.ini]
[2020.04.02-00.49.23:204][  0]LogConfig: Setting CVar [[r.Streaming.MipBias:0]]
[2020.04.02-00.49.23:204][  0]LogConfig: Setting CVar [[r.Streaming.AmortizeCPUToGPUCopy:0]]
[2020.04.02-00.49.23:204][  0]LogConfig: Setting CVar [[r.Streaming.MaxNumTexturesToStreamPerFrame:0]]
[2020.04.02-00.49.23:204][  0]LogConfig: Setting CVar [[r.Streaming.Boost:1]]
[2020.04.02-00.49.23:204][  0]LogConfig: Setting CVar [[r.MaxAnisotropy:8]]
[2020.04.02-00.49.23:204][  0]LogConfig: Setting CVar [[r.VT.MaxAnisotropy:8]]
[2020.04.02-00.49.23:204][  0]LogConfig: Setting CVar [[r.Streaming.LimitPoolSizeToVRAM:0]]
[2020.04.02-00.49.23:204][  0]LogConfig: Setting CVar [[r.Streaming.PoolSize:1000]]
[2020.04.02-00.49.23:204][  0]LogConfig: Setting CVar [[r.Streaming.MaxEffectiveScreenSize:0]]
[2020.04.02-00.49.23:204][  0]LogConfig: Applying CVar settings from Section [EffectsQuality@3] File [C:/Users/jacob/Documents/GitHub/Class/TC2/Project-Train/Saved/Config/Windows/Scalability.ini]
[2020.04.02-00.49.23:204][  0]LogConfig: Setting CVar [[r.TranslucencyLightingVolumeDim:64]]
[2020.04.02-00.49.23:204][  0]LogConfig: Setting CVar [[r.RefractionQuality:2]]
[2020.04.02-00.49.23:204][  0]LogConfig: Setting CVar [[r.SSR.Quality:3]]
[2020.04.02-00.49.23:204][  0]LogConfig: Setting CVar [[r.SSR.HalfResSceneColor:0]]
[2020.04.02-00.49.23:204][  0]LogConfig: Setting CVar [[r.SceneColorFormat:4]]
[2020.04.02-00.49.23:204][  0]LogConfig: Setting CVar [[r.DetailMode:2]]
[2020.04.02-00.49.23:204][  0]LogConfig: Setting CVar [[r.TranslucencyVolumeBlur:1]]
[2020.04.02-00.49.23:204][  0]LogConfig: Setting CVar [[r.MaterialQualityLevel:1 ; High quality]]
[2020.04.02-00.49.23:204][  0]LogConfig: Setting CVar [[r.SSS.Scale:1]]
[2020.04.02-00.49.23:204][  0]LogConfig: Setting CVar [[r.SSS.SampleSet:2]]
[2020.04.02-00.49.23:204][  0]LogConfig: Setting CVar [[r.SSS.Quality:1]]
[2020.04.02-00.49.23:204][  0]LogConfig: Setting CVar [[r.SSS.HalfRes:1]]
[2020.04.02-00.49.23:204][  0]LogConfig: Setting CVar [[r.SSGI.Quality:3]]
[2020.04.02-00.49.23:204][  0]LogConfig: Setting CVar [[r.EmitterSpawnRateScale:1.0]]
[2020.04.02-00.49.23:204][  0]LogConfig: Setting CVar [[r.ParticleLightQuality:2]]
[2020.04.02-00.49.23:204][  0]LogConfig: Setting CVar [[r.SkyAtmosphere.AerialPerspectiveLUT.FastApplyOnOpaque:1 ; Always have FastSkyLUT 1 in this case to avoid wrong sky]]
[2020.04.02-00.49.23:204][  0]LogConfig: Setting CVar [[r.SkyAtmosphere.AerialPerspectiveLUT.SampleCountPerSlice:1]]
[2020.04.02-00.49.23:204][  0]LogConfig: Setting CVar [[r.SkyAtmosphere.AerialPerspectiveLUT.DepthResolution:16.0]]
[2020.04.02-00.49.23:204][  0]LogConfig: Setting CVar [[r.SkyAtmosphere.FastSkyLUT:1]]
[2020.04.02-00.49.23:204][  0]LogConfig: Setting CVar [[r.SkyAtmosphere.FastSkyLUT.SampleCountMin:4.0]]
[2020.04.02-00.49.23:204][  0]LogConfig: Setting CVar [[r.SkyAtmosphere.FastSkyLUT.SampleCountMax:32.0]]
[2020.04.02-00.49.23:204][  0]LogConfig: Setting CVar [[r.SkyAtmosphere.SampleCountMin:4.0]]
[2020.04.02-00.49.23:204][  0]LogConfig: Setting CVar [[r.SkyAtmosphere.SampleCountMax:32.0]]
[2020.04.02-00.49.23:204][  0]LogConfig: Setting CVar [[r.SkyAtmosphere.TransmittanceLUT.UseSmallFormat:0]]
[2020.04.02-00.49.23:204][  0]LogConfig: Setting CVar [[r.SkyAtmosphere.TransmittanceLUT.SampleCount:10.0]]
[2020.04.02-00.49.23:204][  0]LogConfig: Setting CVar [[r.SkyAtmosphere.MultiScatteringLUT.SampleCount:15.0]]
[2020.04.02-00.49.23:204][  0]LogConfig: Applying CVar settings from Section [FoliageQuality@3] File [C:/Users/jacob/Documents/GitHub/Class/TC2/Project-Train/Saved/Config/Windows/Scalability.ini]
[2020.04.02-00.49.23:204][  0]LogConfig: Setting CVar [[foliage.DensityScale:1.0]]
[2020.04.02-00.49.23:204][  0]LogConfig: Setting CVar [[grass.DensityScale:1.0]]
[2020.04.02-00.49.23:204][  0]LogConfig: Applying CVar settings from Section [ShadingQuality@3] File [C:/Users/jacob/Documents/GitHub/Class/TC2/Project-Train/Saved/Config/Windows/Scalability.ini]
[2020.04.02-00.49.23:204][  0]LogConfig: Setting CVar [[r.HairStrands.SkyLighting.SampleCount:16]]
[2020.04.02-00.49.23:205][  0]LogConfig: Setting CVar [[r.HairStrands.SkyLighting.JitterIntegration:0]]
[2020.04.02-00.49.23:205][  0]LogConfig: Setting CVar [[r.HairStrands.SkyAO.SampleCount:16]]
[2020.04.02-00.49.23:205][  0]LogConfig: Applying CVar settings from Section [Startup] File [../../../Engine/Config/ConsoleVariables.ini]
[2020.04.02-00.49.23:205][  0]LogConfig: Setting CVar [[net.UseAdaptiveNetUpdateFrequency:0]]
[2020.04.02-00.49.23:205][  0]LogConfig: Setting CVar [[p.chaos.AllowCreatePhysxBodies:1]]
[2020.04.02-00.49.23:205][  0]LogConfig: Applying CVar settings from Section [ConsoleVariables] File [C:/Users/jacob/Documents/GitHub/Class/TC2/Project-Train/Saved/Config/Windows/Engine.ini]
[2020.04.02-00.49.23:205][  0]LogInit: Computer: DESKTOP-KBUC8NT
[2020.04.02-00.49.23:205][  0]LogInit: User: jacob
[2020.04.02-00.49.23:205][  0]LogInit: CPU Page size=4096, Cores=4
[2020.04.02-00.49.23:205][  0]LogInit: High frequency timer resolution =10.000000 MHz
[2020.04.02-00.49.23:205][  0]LogMemory: Memory total: Physical=15.9GB (16GB approx)
[2020.04.02-00.49.23:205][  0]LogMemory: Platform Memory Stats for Windows
[2020.04.02-00.49.23:205][  0]LogMemory: Process Physical Memory: 105.29 MB used, 105.29 MB peak
[2020.04.02-00.49.23:205][  0]LogMemory: Process Virtual Memory: 100.53 MB used, 100.53 MB peak
[2020.04.02-00.49.23:205][  0]LogMemory: Physical Memory: 8962.22 MB used,  7349.70 MB free, 16311.92 MB total
[2020.04.02-00.49.23:205][  0]LogMemory: Virtual Memory: 5151.97 MB used,  134212576.00 MB free, 134217728.00 MB total
[2020.04.02-00.49.23:208][  0]LogWindows: WindowsPlatformFeatures enabled
[2020.04.02-00.49.23:227][  0]LogInit: Using OS detected language (en-US).
[2020.04.02-00.49.23:227][  0]LogInit: Using OS detected locale (en-US).
[2020.04.02-00.49.23:228][  0]LogTextLocalizationManager: No specific localization for 'en-US' exists, so the 'en' localization will be used.
[2020.04.02-00.49.23:442][  0]LogInit: Setting process to per monitor DPI aware
[2020.04.02-00.49.23:503][  0]LogSlate: New Slate User Created.  User Index 0, Is Virtual User: 0
[2020.04.02-00.49.23:503][  0]LogSlate: Slate User Registered.  User Index 0, Is Virtual User: 0
[2020.04.02-00.49.23:713][  0]LogHMD: Failed to initialize OpenVR with code 110
[2020.04.02-00.49.23:713][  0]LogD3D11RHI: D3D11 min allowed feature level: 11_0
[2020.04.02-00.49.23:713][  0]LogD3D11RHI: D3D11 max allowed feature level: 11_0
[2020.04.02-00.49.23:713][  0]LogD3D11RHI: D3D11 adapters:
[2020.04.02-00.49.23:829][  0]LogD3D11RHI:    0. 'NVIDIA GeForce GTX 1070' (Feature Level 11_0)
[2020.04.02-00.49.23:829][  0]LogD3D11RHI:       8088/0/8155 MB DedicatedVideo/DedicatedSystem/SharedSystem, Outputs:2, VendorId:0x10de
[2020.04.02-00.49.23:832][  0]LogD3D11RHI:    1. 'Microsoft Basic Render Driver' (Feature Level 11_0)
[2020.04.02-00.49.23:832][  0]LogD3D11RHI:       0/0/8155 MB DedicatedVideo/DedicatedSystem/SharedSystem, Outputs:0, VendorId:0x1414
[2020.04.02-00.49.23:832][  0]LogD3D11RHI: Chosen D3D11 Adapter: 0
[2020.04.02-00.49.23:845][  0]LogD3D11RHI: Creating new Direct3DDevice
[2020.04.02-00.49.23:845][  0]LogD3D11RHI:     GPU DeviceId: 0x1b81 (for the marketing name, search the web for "GPU Device Id")
[2020.04.02-00.49.23:845][  0]LogWindows: EnumDisplayDevices:
[2020.04.02-00.49.23:845][  0]LogWindows:    0. 'NVIDIA GeForce GTX 1070' (P:0 D:1)
[2020.04.02-00.49.23:846][  0]LogWindows:    1. 'NVIDIA GeForce GTX 1070' (P:1 D:1)
[2020.04.02-00.49.23:846][  0]LogWindows:    2. 'NVIDIA GeForce GTX 1070' (P:0 D:0)
[2020.04.02-00.49.23:846][  0]LogWindows:    3. 'NVIDIA GeForce GTX 1070' (P:0 D:0)
[2020.04.02-00.49.23:846][  0]LogWindows: DebugString: FoundDriverCount:4 
[2020.04.02-00.49.23:846][  0]LogD3D11RHI:     Adapter Name: NVIDIA GeForce GTX 1070
[2020.04.02-00.49.23:846][  0]LogD3D11RHI:   Driver Version: 445.75 (internal:26.21.14.4575, unified:445.75)
[2020.04.02-00.49.23:846][  0]LogD3D11RHI:      Driver Date: 3-17-2020
[2020.04.02-00.49.23:846][  0]LogRHI: Texture pool is 5661 MB (70% of 8088 MB)
[2020.04.02-00.49.23:925][  0]LogD3D11RHI: RHI has support for 64 bit atomics
[2020.04.02-00.49.23:925][  0]LogD3D11RHI: Async texture creation enabled
[2020.04.02-00.49.23:957][  0]LogD3D11RHI: GPU Timing Frequency: 1000.000000 (Debug: 2 1)
[2020.04.02-00.49.24:366][  0]LogTargetPlatformManager: Display: Loaded TargetPlatform 'AllDesktop'
[2020.04.02-00.49.24:403][  0]LogTargetPlatformManager: Display: Loaded TargetPlatform 'Android'
[2020.04.02-00.49.24:404][  0]LogTargetPlatformManager: Display: Loaded TargetPlatform 'Android_ASTC'
[2020.04.02-00.49.24:404][  0]LogTargetPlatformManager: Display: Loaded TargetPlatform 'Android_ATC'
[2020.04.02-00.49.24:404][  0]LogTargetPlatformManager: Display: Loaded TargetPlatform 'Android_DXT'
[2020.04.02-00.49.24:404][  0]LogTargetPlatformManager: Display: Loaded TargetPlatform 'Android_ETC1'
[2020.04.02-00.49.24:404][  0]LogTargetPlatformManager: Display: Loaded TargetPlatform 'Android_ETC1a'
[2020.04.02-00.49.24:404][  0]LogTargetPlatformManager: Display: Loaded TargetPlatform 'Android_ETC2'
[2020.04.02-00.49.24:404][  0]LogTargetPlatformManager: Display: Loaded TargetPlatform 'Android_PVRTC'
[2020.04.02-00.49.24:404][  0]LogTargetPlatformManager: Display: Loaded TargetPlatform 'AndroidClient'
[2020.04.02-00.49.24:404][  0]LogTargetPlatformManager: Display: Loaded TargetPlatform 'Android_ASTCClient'
[2020.04.02-00.49.24:404][  0]LogTargetPlatformManager: Display: Loaded TargetPlatform 'Android_ATCClient'
[2020.04.02-00.49.24:404][  0]LogTargetPlatformManager: Display: Loaded TargetPlatform 'Android_DXTClient'
[2020.04.02-00.49.24:404][  0]LogTargetPlatformManager: Display: Loaded TargetPlatform 'Android_ETC1Client'
[2020.04.02-00.49.24:404][  0]LogTargetPlatformManager: Display: Loaded TargetPlatform 'Android_ETC1aClient'
[2020.04.02-00.49.24:404][  0]LogTargetPlatformManager: Display: Loaded TargetPlatform 'Android_ETC2Client'
[2020.04.02-00.49.24:404][  0]LogTargetPlatformManager: Display: Loaded TargetPlatform 'Android_PVRTCClient'
[2020.04.02-00.49.24:404][  0]LogTargetPlatformManager: Display: Loaded TargetPlatform 'Android_Multi'
[2020.04.02-00.49.24:404][  0]LogTargetPlatformManager: Display: Loaded TargetPlatform 'Android_MultiClient'
[2020.04.02-00.49.24:423][  0]LogTargetPlatformManager: Display: Loaded TargetPlatform 'IOSClient'
[2020.04.02-00.49.24:423][  0]LogTargetPlatformManager: Display: Loaded TargetPlatform 'IOS'
[2020.04.02-00.49.24:431][  0]LogTargetPlatformManager: Display: Loaded TargetPlatform 'LinuxNoEditor'
[2020.04.02-00.49.24:438][  0]LogTargetPlatformManager: Display: Loaded TargetPlatform 'LinuxClient'
[2020.04.02-00.49.24:446][  0]LogTargetPlatformManager: Display: Loaded TargetPlatform 'LinuxServer'
[2020.04.02-00.49.24:454][  0]LogTargetPlatformManager: Display: Loaded TargetPlatform 'LinuxAArch64NoEditor'
[2020.04.02-00.49.24:463][  0]LogTargetPlatformManager: Display: Loaded TargetPlatform 'LinuxAArch64Client'
[2020.04.02-00.49.24:471][  0]LogTargetPlatformManager: Display: Loaded TargetPlatform 'LinuxAArch64Server'
[2020.04.02-00.49.24:501][  0]LogTargetPlatformManager: Display: Loaded TargetPlatform 'Lumin'
[2020.04.02-00.49.24:501][  0]LogTargetPlatformManager: Display: Loaded TargetPlatform 'LuminClient'
[2020.04.02-00.49.24:519][  0]LogTargetPlatformManager: Display: Loaded TargetPlatform 'TVOSClient'
[2020.04.02-00.49.24:519][  0]LogTargetPlatformManager: Display: Loaded TargetPlatform 'TVOS'
[2020.04.02-00.49.24:528][  0]LogTargetPlatformManager: Display: Loaded TargetPlatform 'WindowsNoEditor'
[2020.04.02-00.49.24:538][  0]LogTargetPlatformManager: Display: Loaded TargetPlatform 'Windows'
[2020.04.02-00.49.24:547][  0]LogTargetPlatformManager: Display: Loaded TargetPlatform 'WindowsClient'
[2020.04.02-00.49.24:555][  0]LogTargetPlatformManager: Display: Loaded TargetPlatform 'WindowsServer'
[2020.04.02-00.49.24:556][  0]LogTargetPlatformManager: Display: Building Assets For Windows
[2020.04.02-00.49.24:559][  0]LogAudioDebug: Display: Lib vorbis DLL was dynamically loaded.
[2020.04.02-00.49.24:581][  0]LogShaderCompilers: Guid format shader working directory is -25 characters bigger than the processId version (../../../../../../Users/jacob/Documents/GitHub/Class/TC2/Project-Train/Intermediate/Shaders/WorkingDirectory/22176/).
[2020.04.02-00.49.24:581][  0]LogShaderCompilers: Cleaned the shader compiler working directory 'C:/Users/jacob/AppData/Local/Temp/UnrealShaderWorkingDir/D26D438C478AADCA9E2A9389CAA7E544/'.
[2020.04.02-00.49.24:582][  0]LogXGEController: Cannot use XGE Controller as Incredibuild is not installed on this machine.
[2020.04.02-00.49.24:582][  0]LogShaderCompilers: Cannot use XGE Shader Compiler as Incredibuild is not installed on this machine.
[2020.04.02-00.49.24:582][  0]LogShaderCompilers: Display: Using Local Shader Compiler.
[2020.04.02-00.49.25:805][  0]LogDerivedDataCache: Display: Max Cache Size: 512 MB
[2020.04.02-00.49.25:869][  0]LogDerivedDataCache: Loaded boot cache 0.06s 78MB C:/Users/jacob/AppData/Local/UnrealEngine/4.24/DerivedDataCache/Boot.ddc.
[2020.04.02-00.49.25:869][  0]LogDerivedDataCache: Display: Loaded Boot cache: C:/Users/jacob/AppData/Local/UnrealEngine/4.24/DerivedDataCache/Boot.ddc
[2020.04.02-00.49.25:869][  0]LogDerivedDataCache: FDerivedDataBackendGraph:  Pak pak cache file ../../../../../../Users/jacob/Documents/GitHub/Class/TC2/Project-Train/DerivedDataCache/DDC.ddp not found, will not use a pak cache.
[2020.04.02-00.49.25:869][  0]LogDerivedDataCache: Unable to find inner node Pak for hierarchical cache Hierarchy.
[2020.04.02-00.49.25:869][  0]LogDerivedDataCache: FDerivedDataBackendGraph:  CompressedPak pak cache file ../../../../../../Users/jacob/Documents/GitHub/Class/TC2/Project-Train/DerivedDataCache/Compressed.ddp not found, will not use a pak cache.
[2020.04.02-00.49.25:869][  0]LogDerivedDataCache: Unable to find inner node CompressedPak for hierarchical cache Hierarchy.
[2020.04.02-00.49.25:883][  0]LogDerivedDataCache: Display: Pak cache opened for reading ../../../Engine/DerivedDataCache/Compressed.ddp.
[2020.04.02-00.49.25:883][  0]LogDerivedDataCache: FDerivedDataBackendGraph:  EnterprisePak pak cache file ../../../Enterprise/DerivedDataCache/Compressed.ddp not found, will not use a pak cache.
[2020.04.02-00.49.25:883][  0]LogDerivedDataCache: Unable to find inner node EnterprisePak for hierarchical cache Hierarchy.
[2020.04.02-00.49.25:885][  0]LogDerivedDataCache: Using Local data cache path C:/Users/jacob/AppData/Local/UnrealEngine/Common/DerivedDataCache: Writable
[2020.04.02-00.49.25:885][  0]LogDerivedDataCache: Shared data cache path not found in *engine.ini, will not use an Shared cache.
[2020.04.02-00.49.25:885][  0]LogDerivedDataCache: Unable to find inner node Shared for hierarchical cache Hierarchy.
[2020.04.02-00.49.25:921][  0]LogMaterial: Verifying Global Shaders for PCD3D_SM5
[2020.04.02-00.49.25:925][  0]LogSlate: Using FreeType 2.10.0
[2020.04.02-00.49.25:925][  0]LogSlate: SlateFontServices - WITH_FREETYPE: 1, WITH_HARFBUZZ: 1
[2020.04.02-00.49.25:997][  0]LogAssetRegistry: FAssetRegistry took 0.0032 seconds to start up
[2020.04.02-00.49.26:445][  0]LogInit: Selected Device Profile: [Windows]
[2020.04.02-00.49.26:650][  0]LogMeshReduction: Using QuadricMeshReduction for automatic static mesh reduction
[2020.04.02-00.49.26:650][  0]LogMeshReduction: Using SimplygonMeshReduction for automatic skeletal mesh reduction
[2020.04.02-00.49.26:650][  0]LogMeshReduction: Using ProxyLODMeshReduction for automatic mesh merging
[2020.04.02-00.49.26:650][  0]LogMeshReduction: No distributed automatic mesh merging module available
[2020.04.02-00.49.26:650][  0]LogMeshMerging: No distributed automatic mesh merging module available
[2020.04.02-00.49.26:674][  0]LogNetVersion: ProjectTrain 1.0.0, NetCL: 10570792, EngineNetVer: 13, GameNetVer: 0 (Checksum: 1973535973)
[2020.04.02-00.49.28:124][  0]LogPackageLocalizationCache: Processed 10 localized package path(s) for 1 prioritized culture(s) in 0.086416 seconds
[2020.04.02-00.49.28:136][  0]LogUObjectArray: 46750 objects as part of root set at end of initial load.
[2020.04.02-00.49.28:136][  0]LogUObjectAllocator: 8137160 out of 0 bytes used by permanent object pool.
[2020.04.02-00.49.28:136][  0]LogUObjectArray: CloseDisregardForGC: 0/0 objects in disregard for GC pool
[2020.04.02-00.49.28:703][  0]LogTcpMessaging: Initializing TcpMessaging bridge
[2020.04.02-00.49.28:706][  0]LogUdpMessaging: Initializing bridge on interface 0.0.0.0:0 to multicast group 230.0.0.1:6666.
[2020.04.02-00.49.28:771][  0]SourceControl: Source control is disabled
[2020.04.02-00.49.28:771][  0]SourceControl: Source control is disabled
[2020.04.02-00.49.28:773][  0]SourceControl: Source control is disabled
[2020.04.02-00.49.28:774][  0]SourceControl: Source control is disabled
[2020.04.02-00.49.28:775][  0]SourceControl: Source control is disabled
[2020.04.02-00.49.28:866][  0]LogAndroidPermission: UAndroidPermissionCallbackProxy::GetInstance
[2020.04.02-00.49.28:876][  0]LogAudioCaptureCore: Display: No Audio Capture implementations found. Audio input will be silent.
[2020.04.02-00.49.28:877][  0]LogAudioCaptureCore: Display: No Audio Capture implementations found. Audio input will be silent.
[2020.04.02-00.49.29:014][  0]LogOcInput: OculusInput pre-init called
[2020.04.02-00.49.29:027][  0]LogWindows: Failed to load 'OVRPlugin.dll' (GetLastError=126)
[2020.04.02-00.49.29:027][  0]LogWindows: File 'OVRPlugin.dll' does not exist
[2020.04.02-00.49.29:142][  0]LogEngine: Initializing Engine...
[2020.04.02-00.49.29:143][  0]LogHMD: Failed to initialize OpenVR with code 110
[2020.04.02-00.49.29:145][  0]LogStats: UGameplayTagsManager::InitializeManager -  0.000 s
[2020.04.02-00.49.29:628][  0]LogInit: Initializing FReadOnlyCVARCache
[2020.04.02-00.49.29:637][  0]LogAIModule: Creating AISystem for world Untitled
[2020.04.02-00.49.29:656][  0]LogAudioMixer: Display: Audio Mixer Platform Settings:
[2020.04.02-00.49.29:656][  0]LogAudioMixer: Display: 	Sample Rate:						  48000
[2020.04.02-00.49.29:656][  0]LogAudioMixer: Display: 	Callback Buffer Frame Size Requested: 1024
[2020.04.02-00.49.29:656][  0]LogAudioMixer: Display: 	Callback Buffer Frame Size To Use:	  1024
[2020.04.02-00.49.29:656][  0]LogAudioMixer: Display: 	Number of buffers to queue:			  2
[2020.04.02-00.49.29:656][  0]LogAudioMixer: Display: 	Max Channels (voices):				  32
[2020.04.02-00.49.29:656][  0]LogAudioMixer: Display: 	Number of Async Source Workers:		  0
[2020.04.02-00.49.29:656][  0]LogAudio: Display: AudioDevice MaxSources: 32
[2020.04.02-00.49.29:656][  0]LogAudio: Display: Using built-in audio occlusion.
[2020.04.02-00.49.29:656][  0]LogAudioMixer: Display: Initializing audio mixer.
[2020.04.02-00.49.29:689][  0]LogAudioMixer: Display: Audio Device Output Speaker Info:
[2020.04.02-00.49.29:689][  0]LogAudioMixer: Display: Name: Speakers (2- USB-BH209A)
[2020.04.02-00.49.29:689][  0]LogAudioMixer: Display: Is Default: Yes
[2020.04.02-00.49.29:689][  0]LogAudioMixer: Display: Sample Rate: 48000
[2020.04.02-00.49.29:689][  0]LogAudioMixer: Display: Channel Count Used: 2
[2020.04.02-00.49.29:689][  0]LogAudioMixer: Display: Device Channel Count: 2
[2020.04.02-00.49.29:689][  0]LogAudioMixer: Display: Channel Order:
[2020.04.02-00.49.29:689][  0]LogAudioMixer: Display: 0: FrontLeft
[2020.04.02-00.49.29:689][  0]LogAudioMixer: Display: 1: FrontRight
[2020.04.02-00.49.29:713][  0]LogAudioMixer: Display: Using Audio Device Speakers (2- USB-BH209A)
[2020.04.02-00.49.29:718][  0]LogInit: FAudioDevice initialized.
[2020.04.02-00.49.29:719][  0]LogNetVersion: Set ProjectVersion to 1.0.0.0. Version Checksum will be recalculated on next use.
[2020.04.02-00.49.29:866][  0]LogDerivedDataCache: Saved boot cache 0.15s 78MB C:/Users/jacob/AppData/Local/UnrealEngine/4.24/DerivedDataCache/Boot.ddc.
[2020.04.02-00.49.29:871][  0]LogInit: Texture streaming: Enabled
[2020.04.02-00.49.29:880][  0]LogEngineSessionManager: EngineSessionManager initialized
[2020.04.02-00.49.29:880][  0]LogEditorSessionSummary: Verbose: Initializing EditorSessionSummaryWriter for editor session tracking
[2020.04.02-00.49.29:882][  0]LogEditorSessionSummary: EditorSessionSummaryWriter initialized
[2020.04.02-00.49.29:942][  0]LogInit: Transaction tracking system initialized
[2020.04.02-00.49.29:952][  0]BlueprintLog: New page: Editor Load
[2020.04.02-00.49.29:982][  0]LocalizationService: Localization service is disabled
[2020.04.02-00.49.30:370][  0]LogFileCache: Scanning file cache for directory 'C:/Users/jacob/Documents/GitHub/Class/TC2/Project-Train/Content/' took 0.01s
[2020.04.02-00.49.30:370][  0]LogCook: Display: Max memory allowance for cook 16384mb min free memory 0mb
[2020.04.02-00.49.30:371][  0]LogCook: Display: Mobile HDR setting 1
[2020.04.02-00.49.31:200][  0]SourceControl: Source control is disabled
[2020.04.02-00.49.31:201][  0]Cmd: MAP LOAD FILE="../../../../../../Users/jacob/Documents/GitHub/Class/TC2/Project-Train/Content/FirstPersonBP/Maps/FirstPersonExampleMap.umap" TEMPLATE=0 SHOWPROGRESS=1 FEATURELEVEL=3
[2020.04.02-00.49.31:208][  0]LightingResults: New page: Lighting Build
[2020.04.02-00.49.31:209][  0]LogWorld: UWorld::CleanupWorld for Untitled, bSessionEnded=true, bCleanupResources=true
[2020.04.02-00.49.31:209][  0]LogSlate: InvalidateAllWidgets triggered.  All widgets were invalidated
[2020.04.02-00.49.31:210][  0]MapCheck: New page: Map Check
[2020.04.02-00.49.31:210][  0]LightingResults: New page: Lighting Build
[2020.04.02-00.49.31:251][  0]LogUObjectHash: Compacting FUObjectHashTables data took   2.67ms
[2020.04.02-00.49.32:275][  0]LogAIModule: Creating AISystem for world FirstPersonExampleMap
[2020.04.02-00.49.32:312][  0]LogEditorServer: Finished looking for orphan Actors (0.000 secs)
[2020.04.02-00.49.32:365][  0]LogUObjectHash: Compacting FUObjectHashTables data took   4.80ms
[2020.04.02-00.49.32:365][  0]Cmd: MAP CHECKDEP NOCLEARLOG
[2020.04.02-00.49.32:366][  0]MapCheck: Map check complete: 0 Error(s), 0 Warning(s), took 0.188ms to complete.
[2020.04.02-00.49.32:366][  0]LogFileHelpers: Loading map 'FirstPersonExampleMap' took 1.165
[2020.04.02-00.49.32:569][  0]LogSlate: Updating window title bar state: overlay mode, drag disabled, window buttons hidden, title bar hidden
[2020.04.02-00.49.32:580][  0]LogSlate: Updating window title bar state: overlay mode, drag disabled, window buttons hidden, title bar hidden
[2020.04.02-00.49.32:591][  0]LogSlate: Updating window title bar state: overlay mode, drag disabled, window buttons hidden, title bar hidden
[2020.04.02-00.49.32:604][  0]LogSlate: Updating window title bar state: overlay mode, drag disabled, window buttons hidden, title bar hidden
[2020.04.02-00.49.32:623][  0]LogCollectionManager: Loaded 0 collections in 0.002492 seconds
[2020.04.02-00.49.32:663][  0]LogFileCache: Scanning file cache for directory 'C:/Users/jacob/Documents/GitHub/Class/TC2/Project-Train/Saved/Collections/' took 0.00s
[2020.04.02-00.49.32:663][  0]LogFileCache: Scanning file cache for directory 'C:/Users/jacob/Documents/GitHub/Class/TC2/Project-Train/Content/Developers/jacob/Collections/' took 0.00s
[2020.04.02-00.49.32:663][  0]LogFileCache: Scanning file cache for directory 'C:/Users/jacob/Documents/GitHub/Class/TC2/Project-Train/Content/Collections/' took 0.00s
[2020.04.02-00.49.32:663][  0]LogContentBrowser: Native class hierarchy populated in 0.0138 seconds. Added 3015 classes and 717 folders.
[2020.04.02-00.49.32:673][  0]LogContentBrowser: Native class hierarchy updated for 'WidgetCarousel' in 0.0003 seconds. Added 0 classes and 0 folders.
[2020.04.02-00.49.33:086][  0]LogContentBrowser: Native class hierarchy updated for 'AddContentDialog' in 0.0003 seconds. Added 0 classes and 0 folders.
[2020.04.02-00.49.33:119][  0]LogContentBrowser: Native class hierarchy updated for 'SceneOutliner' in 0.0003 seconds. Added 2 classes and 3 folders.
[2020.04.02-00.49.33:207][  0]LogSlate: Took 0.000157 seconds to synchronously load lazily loaded font '../../../Engine/Content/Slate/Fonts/Roboto-Regular.ttf' (155K)
[2020.04.02-00.49.33:210][  0]LogSlate: Took 0.000196 seconds to synchronously load lazily loaded font '../../../Engine/Content/Slate/Fonts/Roboto-Bold.ttf' (160K)
[2020.04.02-00.49.33:223][  0]LogSlate: Took 0.007408 seconds to synchronously load lazily loaded font '../../../Engine/Content/Editor/Slate/Fonts/FontAwesome.ttf' (139K)
[2020.04.02-00.49.33:418][  0]LogRenderer: Reallocating scene render targets to support 1704x688 Format 10 NumSamples 1 (Frame:1).
[2020.04.02-00.49.33:719][  0]LogContentBrowser: Native class hierarchy updated for 'HierarchicalLODOutliner' in 0.0003 seconds. Added 0 classes and 0 folders.
[2020.04.02-00.49.33:719][  0]LogLoad: (Engine Initialization) Total time: 12.40 seconds
[2020.04.02-00.49.33:719][  0]LogLoad: (Engine Initialization) Total Blueprint compile time: 0.00 seconds
[2020.04.02-00.49.33:785][  0]LogContentStreaming: Texture pool size now 1000 MB
[2020.04.02-00.49.33:821][  0]LogSlate: Took 0.007423 seconds to synchronously load lazily loaded font '../../../Engine/Content/Slate/Fonts/Roboto-Light.ttf' (167K)
[2020.04.02-00.49.34:103][  3]LogAssetRegistry: Asset discovery search completed in 8.1069 seconds
[2020.04.02-00.49.34:109][  3]LogCollectionManager: Fixed up redirectors for 0 collections in 0.000014 seconds (updated 0 objects)
[2020.04.02-00.49.39:408][593]LogSlate: Took 0.000189 seconds to synchronously load lazily loaded font '../../../Engine/Content/Slate/Fonts/Roboto-Light.ttf' (167K)
[2020.04.02-00.49.39:603][593]LogAIModule: Creating AISystem for world Train_lvl_1
[2020.04.02-00.49.39:626][593]LogAssetEditorSubsystem: Opening Asset editor for World /Game/Levels/Train_lvl_1.Train_lvl_1
[2020.04.02-00.49.39:659][593]LogUObjectHash: Compacting FUObjectHashTables data took   3.12ms
[2020.04.02-00.49.39:666][593]Cmd: MAP LOAD FILE="../../../../../../Users/jacob/Documents/GitHub/Class/TC2/Project-Train/Content/Levels/Train_lvl_1.umap" TEMPLATE=0 SHOWPROGRESS=1 FEATURELEVEL=3
[2020.04.02-00.49.39:667][593]LightingResults: New page: Lighting Build
[2020.04.02-00.49.39:668][593]LoadErrors: New page: Loading map: Train_lvl_1.umap
[2020.04.02-00.49.39:670][593]LogWorld: UWorld::CleanupWorld for FirstPersonExampleMap, bSessionEnded=true, bCleanupResources=true
[2020.04.02-00.49.39:670][593]LogSlate: InvalidateAllWidgets triggered.  All widgets were invalidated
[2020.04.02-00.49.39:671][593]MapCheck: New page: Map Check
[2020.04.02-00.49.39:671][593]LightingResults: New page: Lighting Build
[2020.04.02-00.49.39:703][593]LogUObjectHash: Compacting FUObjectHashTables data took   2.98ms
[2020.04.02-00.49.39:720][593]LogEditorServer: Finished looking for orphan Actors (0.000 secs)
[2020.04.02-00.49.39:756][593]LogUObjectHash: Compacting FUObjectHashTables data took   2.32ms
[2020.04.02-00.49.39:790][593]Cmd: MAP CHECKDEP NOCLEARLOG
[2020.04.02-00.49.39:790][593]MapCheck: Map check complete: 0 Error(s), 0 Warning(s), took 0.123ms to complete.
[2020.04.02-00.49.39:790][593]LogFileHelpers: Loading map 'Train_lvl_1' took 0.127
[2020.04.02-00.50.33:932][946]LogTemp: Repeating last play command: New Editor Window (PIE)
[2020.04.02-00.50.33:962][946]LogBlueprintUserMessages: Early PlayInEditor Detection: Level '/Game/Levels/Train_lvl_1.Train_lvl_1:PersistentLevel' has LevelScriptBlueprint '/Game/Levels/Train_lvl_1.Train_lvl_1:PersistentLevel.Train_lvl_1' with GeneratedClass '/Game/Levels/Train_lvl_1.Train_lvl_1_C' with ClassGeneratedBy '/Game/Levels/Train_lvl_1.Train_lvl_1:PersistentLevel.Train_lvl_1'
[2020.04.02-00.50.33:962][946]LogPlayLevel: PlayLevel: No blueprints needed recompiling
[2020.04.02-00.50.33:963][946]PIE: New page: PIE session: Train_lvl_1 (Apr 1, 2020, 12:50:33 PM)
[2020.04.02-00.50.33:964][946]LogOnline: OSS: Creating online subsystem instance for: NULL
[2020.04.02-00.50.33:966][946]LogOnline: OSS: TryLoadSubsystemAndSetDefault: Loaded subsystem for module [NULL]
[2020.04.02-00.50.33:966][946]LogPlayLevel: Creating play world package: /Game/Levels/UEDPIE_0_Train_lvl_1
[2020.04.02-00.50.33:993][946]LogPlayLevel: PIE: StaticDuplicateObject took: (0.026527s)
[2020.04.02-00.50.33:995][946]LogAIModule: Creating AISystem for world Train_lvl_1
[2020.04.02-00.50.33:995][946]LogPlayLevel: PIE: World Init took: (0.002116s)
[2020.04.02-00.50.33:995][946]LogPlayLevel: PIE: Created PIE world by copying editor world from /Game/Levels/Train_lvl_1.Train_lvl_1 to /Game/Levels/UEDPIE_0_Train_lvl_1.Train_lvl_1 (0.029146s)
[2020.04.02-00.50.34:035][946]LogUObjectHash: Compacting FUObjectHashTables data took   2.39ms
[2020.04.02-00.50.34:036][946]LogAudioMixer: Display: Audio Mixer Platform Settings:
[2020.04.02-00.50.34:036][946]LogAudioMixer: Display: 	Sample Rate:						  48000
[2020.04.02-00.50.34:036][946]LogAudioMixer: Display: 	Callback Buffer Frame Size Requested: 1024
[2020.04.02-00.50.34:036][946]LogAudioMixer: Display: 	Callback Buffer Frame Size To Use:	  1024
[2020.04.02-00.50.34:037][946]LogAudioMixer: Display: 	Number of buffers to queue:			  2
[2020.04.02-00.50.34:037][946]LogAudioMixer: Display: 	Max Channels (voices):				  32
[2020.04.02-00.50.34:037][946]LogAudioMixer: Display: 	Number of Async Source Workers:		  0
[2020.04.02-00.50.34:037][946]LogAudio: Display: AudioDevice MaxSources: 32
[2020.04.02-00.50.34:037][946]LogAudio: Display: Using built-in audio occlusion.
[2020.04.02-00.50.34:037][946]LogAudioMixer: Display: Initializing audio mixer.
[2020.04.02-00.50.34:069][946]LogAudioMixer: Display: Audio Device Output Speaker Info:
[2020.04.02-00.50.34:069][946]LogAudioMixer: Display: Name: Speakers (2- USB-BH209A)
[2020.04.02-00.50.34:069][946]LogAudioMixer: Display: Is Default: Yes
[2020.04.02-00.50.34:069][946]LogAudioMixer: Display: Sample Rate: 48000
[2020.04.02-00.50.34:069][946]LogAudioMixer: Display: Channel Count Used: 2
[2020.04.02-00.50.34:069][946]LogAudioMixer: Display: Device Channel Count: 2
[2020.04.02-00.50.34:069][946]LogAudioMixer: Display: Channel Order:
[2020.04.02-00.50.34:069][946]LogAudioMixer: Display: 0: FrontLeft
[2020.04.02-00.50.34:069][946]LogAudioMixer: Display: 1: FrontRight
[2020.04.02-00.50.34:084][946]LogAudioMixer: Display: Using Audio Device Speakers (2- USB-BH209A)
[2020.04.02-00.50.34:085][946]LogInit: FAudioDevice initialized.
[2020.04.02-00.50.34:145][946]LogSlate: Updating window title bar state: overlay mode, drag disabled, window buttons hidden, title bar hidden
[2020.04.02-00.50.34:147][946]LogLoad: Game class is 'FirstPersonGameMode_C'
[2020.04.02-00.50.34:151][946]LogWorld: Bringing World /Game/Levels/UEDPIE_0_Train_lvl_1.Train_lvl_1 up for play (max tick rate 0) at 2020.04.01-18.50.34
[2020.04.02-00.50.34:153][946]LogWorld: Bringing up level for play took: 0.004328
[2020.04.02-00.50.34:153][946]LogOnline: OSS: Creating online subsystem instance for: :Context_1
[2020.04.02-00.50.34:163][946]LogContentBrowser: Native class hierarchy updated for 'MovieSceneCapture' in 0.0004 seconds. Added 20 classes and 0 folders.
[2020.04.02-00.50.34:169][946]PIE: Play in editor start time for /Game/Levels/UEDPIE_0_Train_lvl_1 0.484
[2020.04.02-00.50.34:169][946]LogBlueprintUserMessages: Late PlayInEditor Detection: Level '/Game/Levels/Train_lvl_1.Train_lvl_1:PersistentLevel' has LevelScriptBlueprint '/Game/Levels/Train_lvl_1.Train_lvl_1:PersistentLevel.Train_lvl_1' with GeneratedClass '/Game/Levels/Train_lvl_1.Train_lvl_1_C' with ClassGeneratedBy '/Game/Levels/Train_lvl_1.Train_lvl_1:PersistentLevel.Train_lvl_1'
[2020.04.02-00.50.34:281][947]LogRenderer: Reallocating scene render targets to support 1704x720 Format 10 NumSamples 1 (Frame:1).
[2020.04.02-00.51.03:162][928]LogNet: Browse: /Game/Levels/MainMenu
[2020.04.02-00.51.03:163][928]LogLoad: LoadMap: /Game/Levels/MainMenu
[2020.04.02-00.51.03:163][928]LogWorld: BeginTearingDown for /Game/Levels/UEDPIE_0_Train_lvl_1
[2020.04.02-00.51.03:164][928]LogWorld: UWorld::CleanupWorld for Train_lvl_1, bSessionEnded=true, bCleanupResources=true
[2020.04.02-00.51.03:164][928]LogSlate: InvalidateAllWidgets triggered.  All widgets were invalidated
[2020.04.02-00.51.03:179][928]LogAudioMixer: Display: Flush succeeded in the source manager command queue (1).
[2020.04.02-00.51.03:199][928]LogAudioMixer: Display: Flush succeeded the source manager command queue (2).
[2020.04.02-00.51.03:238][928]LogUObjectHash: Compacting FUObjectHashTables data took   2.72ms
[2020.04.02-00.51.03:276][928]LogAIModule: Creating AISystem for world MainMenu
[2020.04.02-00.51.03:276][928]LogLoad: Game class is 'FirstPersonGameMode_C'
[2020.04.02-00.51.03:277][928]LogWorld: Bringing World /Game/Levels/UEDPIE_0_MainMenu.MainMenu up for play (max tick rate 0) at 2020.04.01-18.51.03
[2020.04.02-00.51.03:277][928]LogWorld: Bringing up level for play took: 0.000516
[2020.04.02-00.51.03:278][928]LogGameMode: FindPlayerStart: PATHS NOT DEFINED or NO PLAYERSTART with positive rating
[2020.04.02-00.51.03:286][928]LogPlayerController: Error: InputMode:UIOnly - Attempting to focus Non-Focusable widget SObjectWidget [Widget.cpp(776)]!
[2020.04.02-00.51.03:286][928]LogLoad: Took 0.123229 seconds to LoadMap(/Game/Levels/MainMenu)
[2020.04.02-00.51.04:636][ 80]LogNet: Browse: /Game/Levels/Train_lvl_1
[2020.04.02-00.51.04:636][ 80]LogLoad: LoadMap: /Game/Levels/Train_lvl_1
[2020.04.02-00.51.04:636][ 80]LogWorld: BeginTearingDown for /Game/Levels/UEDPIE_0_MainMenu
[2020.04.02-00.51.04:637][ 80]LogWorld: UWorld::CleanupWorld for MainMenu, bSessionEnded=true, bCleanupResources=true
[2020.04.02-00.51.04:637][ 80]LogSlate: InvalidateAllWidgets triggered.  All widgets were invalidated
[2020.04.02-00.51.04:659][ 80]LogAudioMixer: Display: Flush succeeded in the source manager command queue (1).
[2020.04.02-00.51.04:679][ 80]LogAudioMixer: Display: Flush succeeded the source manager command queue (2).
[2020.04.02-00.51.04:713][ 80]LogUObjectHash: Compacting FUObjectHashTables data took   3.01ms
[2020.04.02-00.51.04:714][ 80]LogPlayLevel: Creating play world package: /Game/Levels/UEDPIE_0_Train_lvl_1
[2020.04.02-00.51.04:733][ 80]LogPlayLevel: PIE: StaticDuplicateObject took: (0.018539s)
[2020.04.02-00.51.04:734][ 80]LogAIModule: Creating AISystem for world Train_lvl_1
[2020.04.02-00.51.04:734][ 80]LogPlayLevel: PIE: World Init took: (0.001480s)
[2020.04.02-00.51.04:734][ 80]LogPlayLevel: PIE: Created PIE world by copying editor world from /Game/Levels/Train_lvl_1.Train_lvl_1 to /Game/Levels/UEDPIE_0_Train_lvl_1.Train_lvl_1 (0.020251s)
[2020.04.02-00.51.04:734][ 80]LogLoad: Game class is 'FirstPersonGameMode_C'
[2020.04.02-00.51.04:765][ 80]LogWorld: Bringing World /Game/Levels/UEDPIE_0_Train_lvl_1.Train_lvl_1 up for play (max tick rate 0) at 2020.04.01-18.51.04
[2020.04.02-00.51.04:765][ 80]LogWorld: Bringing up level for play took: 0.029741
[2020.04.02-00.51.04:766][ 80]LogGameMode: FindPlayerStart: PATHS NOT DEFINED or NO PLAYERSTART with positive rating
[2020.04.02-00.51.04:766][ 80]LogLoad: Took 0.130139 seconds to LoadMap(/Game/Levels/UEDPIE_0_Train_lvl_1)
[2020.04.02-00.51.16:494][396]LogAudioMixer: Display: No commands were queued while flushing the source manager.
[2020.04.02-00.51.16:494][396]LogAudioMixer: Display: No commands were queued while flushing the source manager.
[2020.04.02-00.51.16:494][396]LogBlueprintUserMessages: Early EndPlayMap Detection: Level '/Game/Levels/Train_lvl_1.Train_lvl_1:PersistentLevel' has LevelScriptBlueprint '/Game/Levels/Train_lvl_1.Train_lvl_1:PersistentLevel.Train_lvl_1' with GeneratedClass '/Game/Levels/Train_lvl_1.Train_lvl_1_C' with ClassGeneratedBy '/Game/Levels/Train_lvl_1.Train_lvl_1:PersistentLevel.Train_lvl_1'
[2020.04.02-00.51.16:494][396]LogSlate: Updating window title bar state: overlay mode, drag disabled, window buttons hidden, title bar hidden
[2020.04.02-00.51.16:494][396]LogWorld: BeginTearingDown for /Game/Levels/UEDPIE_0_Train_lvl_1
[2020.04.02-00.51.16:517][396]LogSlate: Window 'ProjectTrain Game Preview Standalone (64-bit/PCD3D_SM5)' being destroyed
[2020.04.02-00.51.16:525][396]LogAudioMixer: Display: No commands were queued while flushing the source manager.
[2020.04.02-00.51.16:526][396]LogWorld: UWorld::CleanupWorld for Train_lvl_1, bSessionEnded=true, bCleanupResources=true
[2020.04.02-00.51.16:526][396]LogSlate: InvalidateAllWidgets triggered.  All widgets were invalidated
[2020.04.02-00.51.16:537][396]LogPlayLevel: Display: Shutting down PIE online subsystems
[2020.04.02-00.51.16:538][396]LogBlueprintUserMessages: Late EndPlayMap Detection: Level '/Game/Levels/Train_lvl_1.Train_lvl_1:PersistentLevel' has LevelScriptBlueprint '/Game/Levels/Train_lvl_1.Train_lvl_1:PersistentLevel.Train_lvl_1' with GeneratedClass '/Game/Levels/Train_lvl_1.Train_lvl_1_C' with ClassGeneratedBy '/Game/Levels/Train_lvl_1.Train_lvl_1:PersistentLevel.Train_lvl_1'
[2020.04.02-00.51.16:542][396]LogSlate: InvalidateAllWidgets triggered.  All widgets were invalidated
[2020.04.02-00.51.16:584][396]LogAudioMixer: Display: No commands were queued while flushing the source manager.
[2020.04.02-00.51.16:597][396]LogUObjectHash: Compacting FUObjectHashTables data took   4.72ms
[2020.04.02-00.51.16:630][397]LogPlayLevel: Display: Destroying online subsystem :Context_1
[2020.04.02-00.51.32:872][979]LogEditorViewport: Clicking on Actor (LMB): Option_Button_BP_C (Option_Button_BP)
[2020.04.02-00.51.35:453][249]Cmd: DELETE
[2020.04.02-00.51.35:453][249]Cmd: ACTOR DELETE
[2020.04.02-00.51.35:466][249]LogEditorActor: Deleted Actor: Option_Button_BP_C
[2020.04.02-00.51.35:503][249]LogUObjectHash: Compacting FUObjectHashTables data took   2.32ms
[2020.04.02-00.51.35:504][249]LogEditorActor: Deleted 1 Actors (0.048 secs)
[2020.04.02-00.51.36:766][397]LogEditorViewport: Clicking on Actor (LMB): Option_Button_BP_C (Option_Button_BP2)
[2020.04.02-00.51.37:484][473]Cmd: DELETE
[2020.04.02-00.51.37:485][473]Cmd: ACTOR DELETE
[2020.04.02-00.51.37:488][473]LogEditorActor: Deleted Actor: Option_Button_BP_C
[2020.04.02-00.51.37:536][473]LogUObjectHash: Compacting FUObjectHashTables data took   2.83ms
[2020.04.02-00.51.37:539][473]LogEditorActor: Deleted 1 Actors (0.054 secs)
[2020.04.02-00.51.41:399][901]LogEditorViewport: Clicking on Actor (LMB): Option_Button_BP_C (Option_Button_BP3)
[2020.04.02-00.51.42:493][ 12]Cmd: DELETE
[2020.04.02-00.51.42:493][ 12]Cmd: ACTOR DELETE
[2020.04.02-00.51.42:496][ 12]LogEditorActor: Deleted Actor: Option_Button_BP_C
[2020.04.02-00.51.42:532][ 12]LogUObjectHash: Compacting FUObjectHashTables data took   2.24ms
[2020.04.02-00.51.42:534][ 12]LogEditorActor: Deleted 1 Actors (0.041 secs)
[2020.04.02-00.51.44:512][245]LogEditorViewport: Clicking on Actor (LMB): Option_Button_BP_C (Option_Button_BP4)
[2020.04.02-00.51.47:095][508]Cmd: TRANSACTION UNDO
[2020.04.02-00.51.47:095][508]LogEditorTransaction: Undo Clicking on Actors
[2020.04.02-00.51.47:531][518]Cmd: TRANSACTION UNDO
[2020.04.02-00.51.47:531][518]LogEditorTransaction: Undo Delete Actors
[2020.04.02-00.51.48:373][576]Cmd: TRANSACTION UNDO
[2020.04.02-00.51.48:373][576]LogEditorTransaction: Undo Move Actors
[2020.04.02-00.51.48:766][593]Cmd: TRANSACTION UNDO
[2020.04.02-00.51.48:766][593]LogEditorTransaction: Undo Clicking on Actors
[2020.04.02-00.51.49:189][632]Cmd: TRANSACTION UNDO
[2020.04.02-00.51.49:189][632]LogEditorTransaction: Undo Delete Actors
[2020.04.02-00.51.50:648][767]Cmd: TRANSACTION UNDO
[2020.04.02-00.51.50:648][767]LogEditorTransaction: Undo Move Actors
[2020.04.02-00.51.50:967][795]Cmd: TRANSACTION UNDO
[2020.04.02-00.51.50:967][795]LogEditorTransaction: Undo Clicking on Actors
[2020.04.02-00.51.51:338][836]Cmd: TRANSACTION UNDO
[2020.04.02-00.51.51:338][836]LogEditorTransaction: Undo Delete Actors
[2020.04.02-00.52.06:225][839]LogActorFactory: Actor Factory created OptionBarObj
[2020.04.02-00.52.07:143][910]LogActorFactory: Actor Factory created OptionBarObj
[2020.04.02-00.52.09:582][138]Cmd: CAMERA ALIGN ACTIVEVIEWPORTONLY
[2020.04.02-00.52.24:389][489]Cmd: CAMERA ALIGN ACTIVEVIEWPORTONLY
[2020.04.02-00.52.29:457][946]Cmd: CAMERA ALIGN ACTIVEVIEWPORTONLY
[2020.04.02-00.52.35:442][501]Cmd: EDIT COPY
[2020.04.02-00.52.35:713][528]Cmd: EDIT PASTE
[2020.04.02-00.52.44:231][352]Cmd: EDIT COPY
[2020.04.02-00.52.44:409][369]Cmd: EDIT PASTE
[2020.04.02-00.52.55:091][290]LogEditorViewport: Clicking on Actor (LMB): StaticMeshActor (OptionBarObj)
[2020.04.02-00.53.18:793][571]LogEditorViewport: Clicking on Actor (LMB): StaticMeshActor (SitChoice1_opt1)
[2020.04.02-00.53.24:337][ 80]LogEditorViewport: Clicking on Actor (LMB): StaticMeshActor (OptionBarObj3)
[2020.04.02-00.53.32:124][789]LogEditorViewport: Clicking on Actor (LMB): StaticMeshActor (OptionBarObj2)
[2020.04.02-00.53.43:833][795]LogAssetEditorSubsystem: Opening Asset editor for LevelScriptBlueprint /Game/Levels/Train_lvl_1.Train_lvl_1:PersistentLevel.Train_lvl_1
[2020.04.02-00.53.44:200][795]LogContentBrowser: Native class hierarchy updated for 'BlueprintGraph' in 0.0012 seconds. Added 121 classes and 0 folders.
[2020.04.02-00.53.45:535][795]LogSlate: Took 0.000221 seconds to synchronously load lazily loaded font '../../../Engine/Content/Slate/Fonts/Roboto-BoldCondensed.ttf' (158K)
[2020.04.02-00.53.45:741][796]LogSlate: Took 0.008080 seconds to synchronously load lazily loaded font '../../../Engine/Content/Slate/Fonts/Roboto-Italic.ttf' (157K)
[2020.04.02-00.54.18:966][780]LogEditorViewport: Clicking on Actor (LMB): StaticMeshActor (SitChoice1_opt1)
[2020.04.02-00.57.39:247][724]LogBlueprint: Warning: [Compiler ] Pasted node  CustomEvent   conflicted with  Event BeginPlay  and was replaced as a Custom Event!
[2020.04.02-00.59.33:274][ 60]BlueprintLog: New page: Compile Train_lvl_1
[2020.04.02-00.59.33:646][ 60]LogUObjectHash: Compacting FUObjectHashTables data took   7.52ms
[2020.04.02-00.59.35:992][212]LogTemp: Repeating last play command: New Editor Window (PIE)
[2020.04.02-00.59.36:029][212]LogBlueprintUserMessages: Early PlayInEditor Detection: Level '/Game/Levels/Train_lvl_1.Train_lvl_1:PersistentLevel' has LevelScriptBlueprint '/Game/Levels/Train_lvl_1.Train_lvl_1:PersistentLevel.Train_lvl_1' with GeneratedClass '/Game/Levels/Train_lvl_1.Train_lvl_1_C' with ClassGeneratedBy '/Game/Levels/Train_lvl_1.Train_lvl_1:PersistentLevel.Train_lvl_1'
[2020.04.02-00.59.36:030][212]LogPlayLevel: PlayLevel: No blueprints needed recompiling
[2020.04.02-00.59.36:030][212]PIE: New page: PIE session: Train_lvl_1 (Apr 1, 2020, 12:59:36 PM)
[2020.04.02-00.59.36:030][212]LogPlayLevel: Creating play world package: /Game/Levels/UEDPIE_0_Train_lvl_1
[2020.04.02-00.59.36:061][212]LogPlayLevel: PIE: StaticDuplicateObject took: (0.030935s)
[2020.04.02-00.59.36:063][212]LogAIModule: Creating AISystem for world Train_lvl_1
[2020.04.02-00.59.36:064][212]LogPlayLevel: PIE: World Init took: (0.002866s)
[2020.04.02-00.59.36:064][212]LogPlayLevel: PIE: Created PIE world by copying editor world from /Game/Levels/Train_lvl_1.Train_lvl_1 to /Game/Levels/UEDPIE_0_Train_lvl_1.Train_lvl_1 (0.034128s)
[2020.04.02-00.59.36:138][212]LogUObjectHash: Compacting FUObjectHashTables data took   5.78ms
[2020.04.02-00.59.36:143][212]LogAudioMixer: Display: Audio Mixer Platform Settings:
[2020.04.02-00.59.36:143][212]LogAudioMixer: Display: 	Sample Rate:						  48000
[2020.04.02-00.59.36:143][212]LogAudioMixer: Display: 	Callback Buffer Frame Size Requested: 1024
[2020.04.02-00.59.36:143][212]LogAudioMixer: Display: 	Callback Buffer Frame Size To Use:	  1024
[2020.04.02-00.59.36:143][212]LogAudioMixer: Display: 	Number of buffers to queue:			  2
[2020.04.02-00.59.36:143][212]LogAudioMixer: Display: 	Max Channels (voices):				  32
[2020.04.02-00.59.36:143][212]LogAudioMixer: Display: 	Number of Async Source Workers:		  0
[2020.04.02-00.59.36:143][212]LogAudio: Display: AudioDevice MaxSources: 32
[2020.04.02-00.59.36:144][212]LogAudio: Display: Using built-in audio occlusion.
[2020.04.02-00.59.36:144][212]LogAudioMixer: Display: Initializing audio mixer.
[2020.04.02-00.59.36:183][212]LogAudioMixer: Display: Audio Device Output Speaker Info:
[2020.04.02-00.59.36:183][212]LogAudioMixer: Display: Name: Speakers (2- USB-BH209A)
[2020.04.02-00.59.36:183][212]LogAudioMixer: Display: Is Default: Yes
[2020.04.02-00.59.36:183][212]LogAudioMixer: Display: Sample Rate: 48000
[2020.04.02-00.59.36:183][212]LogAudioMixer: Display: Channel Count Used: 2
[2020.04.02-00.59.36:183][212]LogAudioMixer: Display: Device Channel Count: 2
[2020.04.02-00.59.36:183][212]LogAudioMixer: Display: Channel Order:
[2020.04.02-00.59.36:183][212]LogAudioMixer: Display: 0: FrontLeft
[2020.04.02-00.59.36:183][212]LogAudioMixer: Display: 1: FrontRight
[2020.04.02-00.59.36:200][212]LogAudioMixer: Display: Using Audio Device Speakers (2- USB-BH209A)
[2020.04.02-00.59.36:202][212]LogInit: FAudioDevice initialized.
[2020.04.02-00.59.36:249][212]LogSlate: Updating window title bar state: overlay mode, drag disabled, window buttons hidden, title bar hidden
[2020.04.02-00.59.36:249][212]LogLoad: Game class is 'FirstPersonGameMode_C'
[2020.04.02-00.59.36:254][212]LogWorld: Bringing World /Game/Levels/UEDPIE_0_Train_lvl_1.Train_lvl_1 up for play (max tick rate 0) at 2020.04.01-18.59.36
[2020.04.02-00.59.36:254][212]LogWorld: Bringing up level for play took: 0.003758
[2020.04.02-00.59.36:255][212]LogOnline: OSS: Creating online subsystem instance for: :Context_8
[2020.04.02-00.59.36:262][212]PIE: Play in editor start time for /Game/Levels/UEDPIE_0_Train_lvl_1 0.578
[2020.04.02-00.59.36:263][212]LogBlueprintUserMessages: Late PlayInEditor Detection: Level '/Game/Levels/Train_lvl_1.Train_lvl_1:PersistentLevel' has LevelScriptBlueprint '/Game/Levels/Train_lvl_1.Train_lvl_1:PersistentLevel.Train_lvl_1' with GeneratedClass '/Game/Levels/Train_lvl_1.Train_lvl_1_C' with ClassGeneratedBy '/Game/Levels/Train_lvl_1.Train_lvl_1:PersistentLevel.Train_lvl_1'
[2020.04.02-00.59.47:490][930]LogAudioMixer: Display: No commands were queued while flushing the source manager.
[2020.04.02-00.59.47:491][930]LogAudioMixer: Display: No commands were queued while flushing the source manager.
[2020.04.02-00.59.47:491][930]LogBlueprintUserMessages: Early EndPlayMap Detection: Level '/Game/Levels/Train_lvl_1.Train_lvl_1:PersistentLevel' has LevelScriptBlueprint '/Game/Levels/Train_lvl_1.Train_lvl_1:PersistentLevel.Train_lvl_1' with GeneratedClass '/Game/Levels/Train_lvl_1.Train_lvl_1_C' with ClassGeneratedBy '/Game/Levels/Train_lvl_1.Train_lvl_1:PersistentLevel.Train_lvl_1'
[2020.04.02-00.59.47:491][930]LogSlate: Updating window title bar state: overlay mode, drag disabled, window buttons hidden, title bar hidden
[2020.04.02-00.59.47:491][930]LogWorld: BeginTearingDown for /Game/Levels/UEDPIE_0_Train_lvl_1
[2020.04.02-00.59.47:519][930]LogSlate: Window 'ProjectTrain Game Preview Standalone (64-bit/PCD3D_SM5)' being destroyed
[2020.04.02-00.59.47:529][930]LogAudioMixer: Display: No commands were queued while flushing the source manager.
[2020.04.02-00.59.47:529][930]LogWorld: UWorld::CleanupWorld for Train_lvl_1, bSessionEnded=true, bCleanupResources=true
[2020.04.02-00.59.47:531][930]LogSlate: InvalidateAllWidgets triggered.  All widgets were invalidated
[2020.04.02-00.59.47:560][930]LogPlayLevel: Display: Shutting down PIE online subsystems
[2020.04.02-00.59.47:561][930]LogBlueprintUserMessages: Late EndPlayMap Detection: Level '/Game/Levels/Train_lvl_1.Train_lvl_1:PersistentLevel' has LevelScriptBlueprint '/Game/Levels/Train_lvl_1.Train_lvl_1:PersistentLevel.Train_lvl_1' with GeneratedClass '/Game/Levels/Train_lvl_1.Train_lvl_1_C' with ClassGeneratedBy '/Game/Levels/Train_lvl_1.Train_lvl_1:PersistentLevel.Train_lvl_1'
[2020.04.02-00.59.47:569][930]LogSlate: InvalidateAllWidgets triggered.  All widgets were invalidated
[2020.04.02-00.59.47:625][930]LogAudioMixer: Display: No commands were queued while flushing the source manager.
[2020.04.02-00.59.47:644][930]LogUObjectHash: Compacting FUObjectHashTables data took   9.24ms
[2020.04.02-00.59.47:738][931]LogPlayLevel: Display: Destroying online subsystem :Context_8
[2020.04.02-00.59.50:840][136]LogEditorViewport: Clicking on Actor (LMB): StaticMeshActor (SitChoice1_opt1)
[2020.04.02-00.59.54:898][379]LogEditorViewport: Clicking on Actor (LMB): StaticMeshActor (SitChoice1_opt3)
[2020.04.02-00.59.59:180][633]LogEditorViewport: Clicking on Actor (LMB): StaticMeshActor (SitChoice1_opt2)
[2020.04.02-01.00.11:596][381]LogEditorViewport: Clicking on Actor (LMB): BP_Sky_Sphere_C (SkySphereBlueprint)
[2020.04.02-01.02.02:868][830]LogUObjectHash: Compacting FUObjectHashTables data took   1.71ms
[2020.04.02-01.02.03:335][830]LogSavePackage: Moving '../../../../../../Users/jacob/Documents/GitHub/Class/TC2/Project-Train/Saved/Train_lvl_1_Auto179AC54B54E67CCDD0F9398A9BA208492.tmp' to '../../../../../../Users/jacob/Documents/GitHub/Class/TC2/Project-Train/Saved/Autosaves/Game/Levels/Train_lvl_1_Auto1.umap'
[2020.04.02-01.02.03:340][830]LogFileHelpers: Editor autosave (incl. sublevels) for '/Game/Levels/Train_lvl_1' took 0.522
[2020.04.02-01.02.03:340][830]LogFileHelpers: Editor autosave (incl. sublevels) for all levels took 0.522
[2020.04.02-01.10.05:726][ 97]LogUObjectHash: Compacting FUObjectHashTables data took   7.85ms
[2020.04.02-01.10.07:115][ 97]LogSlate: Window 'Save Content' being destroyed
[2020.04.02-01.10.07:199][ 97]LogUObjectHash: Compacting FUObjectHashTables data took   1.41ms
[2020.04.02-01.10.07:649][ 97]LogSavePackage: Moving '../../../../../../Users/jacob/Documents/GitHub/Class/TC2/Project-Train/Saved/Train_lvl_1D59E29AD4D31B8CECBCF04AFC2C12D9D.tmp' to '../../../../../../Users/jacob/Documents/GitHub/Class/TC2/Project-Train/Content/Levels/Train_lvl_1.umap'
[2020.04.02-01.10.07:700][ 97]LogFileHelpers: Saving map 'Train_lvl_1' took 0.554
[2020.04.02-01.10.07:717][ 97]AssetCheck: New page: Asset Save: Train_lvl_1
[2020.04.02-01.10.07:717][ 97]LogContentValidation: Display: Validating World /Game/Levels/Train_lvl_1.Train_lvl_1
