Log file open, 03/23/20 16:44:26
LogWindows: Failed to load 'aqProf.dll' (GetLastError=126)
LogWindows: File 'aqProf.dll' does not exist
LogWindows: Failed to load 'VtuneApi.dll' (GetLastError=126)
LogWindows: File 'VtuneApi.dll' does not exist
LogWindows: Failed to load 'VtuneApi32e.dll' (GetLastError=126)
LogWindows: File 'VtuneApi32e.dll' does not exist
LogConsoleResponse: Display: Failed to find resolution value strings in scalability ini. Falling back to default.
LogInit: Display: Running engine for game: ProjectTrain
LogPlatformFile: Not using cached read wrapper
LogTaskGraph: Started task graph with 5 named threads and 23 total threads with 3 sets of task threads.
LogStats: Stats thread started at 0.208246
LogD3D11RHI: Loaded GFSDK_Aftermath_Lib.x64.dll
LogICUInternationalization: ICU TimeZone Detection - Raw Offset: -7:00, Platform Override: ''
LogPluginManager: Mounting plugin Paper2D
LogPluginManager: Mounting plugin AISupport
LogPluginManager: Mounting plugin LightPropagationVolume
LogPluginManager: Mounting plugin ActorLayerUtilities
LogPluginManager: Mounting plugin AnimationSharing
LogPluginManager: Mounting plugin CLionSourceCodeAccess
LogPluginManager: Mounting plugin CodeLiteSourceCodeAccess
LogPluginManager: Mounting plugin GitSourceControl
LogPluginManager: Mounting plugin KDevelopSourceCodeAccess
LogPluginManager: Mounting plugin NullSourceCodeAccess
LogPluginManager: Mounting plugin PerforceSourceControl
LogPluginManager: Mounting plugin PlasticSourceControl
LogPluginManager: Mounting plugin SubversionSourceControl
LogPluginManager: Mounting plugin UObjectPlugin
LogPluginManager: Mounting plugin VisualStudioCodeSourceCodeAccess
LogPluginManager: Mounting plugin VisualStudioSourceCodeAccess
LogPluginManager: Mounting plugin XCodeSourceCodeAccess
LogPluginManager: Mounting plugin AssetManagerEditor
LogPluginManager: Mounting plugin CryptoKeys
LogPluginManager: Mounting plugin CurveEditorTools
LogPluginManager: Mounting plugin DataValidation
LogPluginManager: Mounting plugin FacialAnimation
LogPluginManager: Mounting plugin GameplayTagsEditor
LogPluginManager: Mounting plugin MacGraphicsSwitching
LogPluginManager: Mounting plugin MaterialAnalyzer
LogPluginManager: Mounting plugin MobileLauncherProfileWizard
LogPluginManager: Mounting plugin PluginBrowser
LogPluginManager: Mounting plugin SpeedTreeImporter
LogPluginManager: Mounting plugin DatasmithContent
LogPluginManager: Mounting plugin VariantManagerContent
LogPluginManager: Mounting plugin AlembicImporter
LogPluginManager: Mounting plugin AutomationUtils
LogPluginManager: Mounting plugin BackChannel
LogPluginManager: Mounting plugin CharacterAI
LogPluginManager: Mounting plugin GeometryCache
LogPluginManager: Mounting plugin PlatformCrypto
LogPluginManager: Mounting plugin ProxyLODPlugin
LogPluginManager: Mounting plugin SkeletalReduction
LogPluginManager: Mounting plugin MagicLeap
LogPluginManager: Mounting plugin MagicLeapMedia
LogPluginManager: Mounting plugin MLSDK
LogPluginManager: Mounting plugin AndroidMedia
LogPluginManager: Mounting plugin AvfMedia
LogPluginManager: Mounting plugin ImgMedia
LogPluginManager: Mounting plugin MediaCompositing
LogPluginManager: Mounting plugin MediaPlayerEditor
LogPluginManager: Mounting plugin WebMMedia
LogPluginManager: Mounting plugin WmfMedia
LogPluginManager: Mounting plugin TcpMessaging
LogPluginManager: Mounting plugin UdpMessaging
LogPluginManager: Mounting plugin ActorSequence
LogPluginManager: Mounting plugin LevelSequenceEditor
LogPluginManager: Mounting plugin MatineeToLevelSequence
LogPluginManager: Mounting plugin NetcodeUnitTest
LogPluginManager: Mounting plugin NUTUnrealEngine4
LogPluginManager: Mounting plugin OnlineSubsystemGooglePlay
LogPluginManager: Mounting plugin OnlineSubsystemIOS
LogPluginManager: Mounting plugin OnlineSubsystem
LogPluginManager: Mounting plugin OnlineSubsystemNull
LogPluginManager: Mounting plugin OnlineSubsystemUtils
LogPluginManager: Mounting plugin LauncherChunkInstaller
LogPluginManager: Mounting plugin AndroidDeviceProfileSelector
LogPluginManager: Mounting plugin AndroidMoviePlayer
LogPluginManager: Mounting plugin AndroidPermission
LogPluginManager: Mounting plugin AppleImageUtils
LogPluginManager: Mounting plugin AppleMoviePlayer
LogPluginManager: Mounting plugin ArchVisCharacter
LogPluginManager: Mounting plugin AssetTags
LogPluginManager: Mounting plugin AudioCapture
LogPluginManager: Mounting plugin CableComponent
LogPluginManager: Mounting plugin CustomMeshComponent
LogPluginManager: Mounting plugin EditableMesh
LogPluginManager: Mounting plugin ExampleDeviceProfileSelector
LogPluginManager: Mounting plugin GoogleCloudMessaging
LogPluginManager: Mounting plugin IOSDeviceProfileSelector
LogPluginManager: Mounting plugin LinuxDeviceProfileSelector
LogPluginManager: Mounting plugin LocationServicesBPLibrary
LogPluginManager: Mounting plugin MobilePatchingUtils
LogPluginManager: Mounting plugin OculusVR
LogPluginManager: Mounting plugin PhysXVehicles
LogPluginManager: Mounting plugin PostSplashScreen
LogPluginManager: Mounting plugin ProceduralMeshComponent
LogPluginManager: Mounting plugin RuntimePhysXCooking
LogPluginManager: Mounting plugin SignificanceManager
LogPluginManager: Mounting plugin SteamVR
LogPluginManager: Mounting plugin WebMMoviePlayer
LogPluginManager: Mounting plugin WindowsMoviePlayer
LogPluginManager: Mounting plugin ScreenshotTools
LogInit: Using libcurl 7.55.1-DEV
LogInit:  - built for x86_64-pc-win32
LogInit:  - supports SSL with OpenSSL/1.1.1
LogInit:  - supports HTTP deflate (compression) using libz 1.2.8
LogInit:  - other features:
LogInit:      CURL_VERSION_SSL
LogInit:      CURL_VERSION_LIBZ
LogInit:      CURL_VERSION_IPV6
LogInit:      CURL_VERSION_ASYNCHDNS
LogInit:      CURL_VERSION_LARGEFILE
LogInit:      CURL_VERSION_IDN
LogInit:  CurlRequestOptions (configurable via config and command line):
LogInit:  - bVerifyPeer = true  - Libcurl will verify peer certificate
LogInit:  - bUseHttpProxy = false  - Libcurl will NOT use HTTP proxy
LogInit:  - bDontReuseConnections = false  - Libcurl will reuse connections
LogInit:  - MaxHostConnections = 16  - Libcurl will limit the number of connections to a host
LogInit:  - LocalHostAddr = Default
LogInit:  - BufferSize = 65536
LogOnline: OSS: Creating online subsystem instance for: NULL
LogInit: WinSock: version 1.1 (2.2), MaxSocks=32767, MaxUdp=65467
LogOnline: OSS: TryLoadSubsystemAndSetDefault: Loaded subsystem for module [NULL]
LogInit: Build: ++UE4+Release-4.24-CL-11100242
LogInit: Engine Version: 4.24.2-11100242+++UE4+Release-4.24
LogInit: Compatible Engine Version: 4.24.0-10570792+++UE4+Release-4.24
LogInit: Net CL: 10570792
LogInit: OS: Windows 10 (Release 1809) (), CPU: Intel(R) Core(TM) i7-4790K CPU @ 4.00GHz, GPU: NVIDIA GeForce GTX 1070
LogInit: Compiled (64-bit): Jan 24 2020 02:05:53
LogInit: Compiled with Visual C++: 19.16.27032.01
LogInit: Build Configuration: Development
LogInit: Branch Name: ++UE4+Release-4.24
LogInit: Command Line: 
LogInit: Base Directory: C:/Program Files/Epic Games/UE_4.24/Engine/Binaries/Win64/
LogInit: Installed Engine Build: 1
LogDevObjectVersion: Number of dev versions registered: 25
LogDevObjectVersion:   Dev-Blueprints (B0D832E4-1F89-4F0D-ACCF-7EB736FD4AA2): 10
LogDevObjectVersion:   Dev-Build (E1C64328-A22C-4D53-A36C-8E866417BD8C): 0
LogDevObjectVersion:   Dev-Core (375EC13C-06E4-48FB-B500-84F0262A717E): 3
LogDevObjectVersion:   Dev-Editor (E4B068ED-F494-42E9-A231-DA0B2E46BB41): 37
LogDevObjectVersion:   Dev-Framework (CFFC743F-43B0-4480-9391-14DF171D2073): 36
LogDevObjectVersion:   Dev-Mobile (B02B49B5-BB20-44E9-A304-32B752E40360): 2
LogDevObjectVersion:   Dev-Networking (A4E4105C-59A1-49B5-A7C5-40C4547EDFEE): 0
LogDevObjectVersion:   Dev-Online (39C831C9-5AE6-47DC-9A44-9C173E1C8E7C): 0
LogDevObjectVersion:   Dev-Physics (78F01B33-EBEA-4F98-B9B4-84EACCB95AA2): 2
LogDevObjectVersion:   Dev-Platform (6631380F-2D4D-43E0-8009-CF276956A95A): 0
LogDevObjectVersion:   Dev-Rendering (12F88B9F-8875-4AFC-A67C-D90C383ABD29): 36
LogDevObjectVersion:   Dev-Sequencer (7B5AE74C-D270-4C10-A958-57980B212A5A): 11
LogDevObjectVersion:   Dev-VR (D7296918-1DD6-4BDD-9DE2-64A83CC13884): 2
LogDevObjectVersion:   Dev-LoadTimes (C2A15278-BFE7-4AFE-6C17-90FF531DF755): 1
LogDevObjectVersion:   Private-Geometry (6EACA3D4-40EC-4CC1-B786-8BED09428FC5): 3
LogDevObjectVersion:   Dev-AnimPhys (29E575DD-E0A3-4627-9D10-D276232CDCEA): 17
LogDevObjectVersion:   Dev-Anim (AF43A65D-7FD3-4947-9873-3E8ED9C1BB05): 2
LogDevObjectVersion:   Dev-ReflectionCapture (6B266CEC-1EC7-4B8F-A30B-E4D90942FC07): 1
LogDevObjectVersion:   Dev-Automation (0DF73D61-A23F-47EA-B727-89E90C41499A): 1
LogDevObjectVersion:   FortniteMain (601D1886-AC64-4F84-AA16-D3DE0DEAC7D6): 31
LogDevObjectVersion:   Dev-Enterprise (9DFFBCD6-494F-0158-E221-12823C92A888): 8
LogDevObjectVersion:   Dev-Niagara (F2AED0AC-9AFE-416F-8664-AA7FFA26D6FC): 1
LogDevObjectVersion:   Dev-Destruction (174F1F0B-B4C6-45A5-B13F-2EE8D0FB917D): 9
LogDevObjectVersion:   Dev-Physics-Ext (35F94A83-E258-406C-A318-09F59610247C): 8
LogDevObjectVersion:   Dev-CineCamera (B2E18506-4273-CFC2-A54E-F4BB758BBA07): 1
LogInit: Presizing for max 25165824 objects, including 0 objects not considered by GC, pre-allocating 0 bytes for permanent pool.
LogInit: Object subsystem initialized
LogConfig: Setting CVar [[con.DebugEarlyDefault:1]]
LogConfig: Setting CVar [[r.setres:1280x720]]
[2020.03.23-22.44.26:802][  0]LogConfig: Setting CVar [[r.VSync:0]]
[2020.03.23-22.44.26:802][  0]LogConfig: Setting CVar [[r.RHICmdBypass:0]]
[2020.03.23-22.44.26:802][  0]LogConfig: Applying CVar settings from Section [/Script/Engine.RendererSettings] File [C:/Users/jacob/Documents/GitHub/Class/TC2/Project-Train/Saved/Config/Windows/Engine.ini]
[2020.03.23-22.44.26:802][  0]LogConfig: Setting CVar [[r.GPUCrashDebugging:0]]
[2020.03.23-22.44.26:802][  0]LogConfig: Applying CVar settings from Section [/Script/Engine.RendererOverrideSettings] File [C:/Users/jacob/Documents/GitHub/Class/TC2/Project-Train/Saved/Config/Windows/Engine.ini]
[2020.03.23-22.44.26:802][  0]LogConfig: Applying CVar settings from Section [/Script/Engine.StreamingSettings] File [C:/Users/jacob/Documents/GitHub/Class/TC2/Project-Train/Saved/Config/Windows/Engine.ini]
[2020.03.23-22.44.26:802][  0]LogConfig: Setting CVar [[s.MinBulkDataSizeForAsyncLoading:131072]]
[2020.03.23-22.44.26:802][  0]LogConfig: Setting CVar [[s.AsyncLoadingThreadEnabled:0]]
[2020.03.23-22.44.26:802][  0]LogConfig: Setting CVar [[s.EventDrivenLoaderEnabled:1]]
[2020.03.23-22.44.26:802][  0]LogConfig: Setting CVar [[s.WarnIfTimeLimitExceeded:0]]
[2020.03.23-22.44.26:802][  0]LogConfig: Setting CVar [[s.TimeLimitExceededMultiplier:1.5]]
[2020.03.23-22.44.26:802][  0]LogConfig: Setting CVar [[s.TimeLimitExceededMinTime:0.005]]
[2020.03.23-22.44.26:802][  0]LogConfig: Setting CVar [[s.UseBackgroundLevelStreaming:1]]
[2020.03.23-22.44.26:802][  0]LogConfig: Setting CVar [[s.PriorityAsyncLoadingExtraTime:15.0]]
[2020.03.23-22.44.26:802][  0]LogConfig: Setting CVar [[s.LevelStreamingActorsUpdateTimeLimit:5.0]]
[2020.03.23-22.44.26:802][  0]LogConfig: Setting CVar [[s.PriorityLevelStreamingActorsUpdateExtraTime:5.0]]
[2020.03.23-22.44.26:802][  0]LogConfig: Setting CVar [[s.LevelStreamingComponentsRegistrationGranularity:10]]
[2020.03.23-22.44.26:802][  0]LogConfig: Setting CVar [[s.UnregisterComponentsTimeLimit:1.0]]
[2020.03.23-22.44.26:802][  0]LogConfig: Setting CVar [[s.LevelStreamingComponentsUnregistrationGranularity:5]]
[2020.03.23-22.44.26:802][  0]LogConfig: Setting CVar [[s.FlushStreamingOnExit:1]]
[2020.03.23-22.44.26:802][  0]LogConfig: Applying CVar settings from Section [/Script/Engine.GarbageCollectionSettings] File [C:/Users/jacob/Documents/GitHub/Class/TC2/Project-Train/Saved/Config/Windows/Engine.ini]
[2020.03.23-22.44.26:802][  0]LogConfig: Setting CVar [[gc.MaxObjectsNotConsideredByGC:1]]
[2020.03.23-22.44.26:802][  0]LogConfig: Setting CVar [[gc.SizeOfPermanentObjectPool:0]]
[2020.03.23-22.44.26:802][  0]LogConfig: Setting CVar [[gc.FlushStreamingOnGC:0]]
[2020.03.23-22.44.26:802][  0]LogConfig: Setting CVar [[gc.NumRetriesBeforeForcingGC:10]]
[2020.03.23-22.44.26:802][  0]LogConfig: Setting CVar [[gc.AllowParallelGC:1]]
[2020.03.23-22.44.26:802][  0]LogConfig: Setting CVar [[gc.TimeBetweenPurgingPendingKillObjects:61.1]]
[2020.03.23-22.44.26:802][  0]LogConfig: Setting CVar [[gc.MaxObjectsInEditor:25165824]]
[2020.03.23-22.44.26:802][  0]LogConfig: Setting CVar [[gc.IncrementalBeginDestroyEnabled:1]]
[2020.03.23-22.44.26:802][  0]LogConfig: Setting CVar [[gc.CreateGCClusters:1]]
[2020.03.23-22.44.26:802][  0]LogConfig: Setting CVar [[gc.MinGCClusterSize:5]]
[2020.03.23-22.44.26:802][  0]LogConfig: Setting CVar [[gc.ActorClusteringEnabled:0]]
[2020.03.23-22.44.26:802][  0]LogConfig: Setting CVar [[gc.BlueprintClusteringEnabled:0]]
[2020.03.23-22.44.26:803][  0]LogConfig: Setting CVar [[gc.UseDisregardForGCOnDedicatedServers:0]]
[2020.03.23-22.44.26:803][  0]LogConfig: Applying CVar settings from Section [/Script/Engine.NetworkSettings] File [C:/Users/jacob/Documents/GitHub/Class/TC2/Project-Train/Saved/Config/Windows/Engine.ini]
[2020.03.23-22.44.26:803][  0]LogConfig: Applying CVar settings from Section [/Script/UnrealEd.CookerSettings] File [C:/Users/jacob/Documents/GitHub/Class/TC2/Project-Train/Saved/Config/Windows/Engine.ini]
[2020.03.23-22.44.26:817][  0]LogConfig: Applying CVar settings from Section [ViewDistanceQuality@3] File [C:/Users/jacob/Documents/GitHub/Class/TC2/Project-Train/Saved/Config/Windows/Scalability.ini]
[2020.03.23-22.44.26:817][  0]LogConfig: Setting CVar [[r.SkeletalMeshLODBias:0]]
[2020.03.23-22.44.26:817][  0]LogConfig: Setting CVar [[r.ViewDistanceScale:1.0]]
[2020.03.23-22.44.26:817][  0]LogConfig: Applying CVar settings from Section [AntiAliasingQuality@3] File [C:/Users/jacob/Documents/GitHub/Class/TC2/Project-Train/Saved/Config/Windows/Scalability.ini]
[2020.03.23-22.44.26:817][  0]LogConfig: Setting CVar [[r.PostProcessAAQuality:4]]
[2020.03.23-22.44.26:817][  0]LogConfig: Applying CVar settings from Section [ShadowQuality@3] File [C:/Users/jacob/Documents/GitHub/Class/TC2/Project-Train/Saved/Config/Windows/Scalability.ini]
[2020.03.23-22.44.26:817][  0]LogConfig: Setting CVar [[r.LightFunctionQuality:1]]
[2020.03.23-22.44.26:817][  0]LogConfig: Setting CVar [[r.ShadowQuality:5]]
[2020.03.23-22.44.26:817][  0]LogConfig: Setting CVar [[r.Shadow.CSM.MaxCascades:10]]
[2020.03.23-22.44.26:817][  0]LogConfig: Setting CVar [[r.Shadow.MaxResolution:2048]]
[2020.03.23-22.44.26:817][  0]LogConfig: Setting CVar [[r.Shadow.MaxCSMResolution:2048]]
[2020.03.23-22.44.26:817][  0]LogConfig: Setting CVar [[r.Shadow.RadiusThreshold:0.01]]
[2020.03.23-22.44.26:817][  0]LogConfig: Setting CVar [[r.Shadow.DistanceScale:1.0]]
[2020.03.23-22.44.26:817][  0]LogConfig: Setting CVar [[r.Shadow.CSM.TransitionScale:1.0]]
[2020.03.23-22.44.26:817][  0]LogConfig: Setting CVar [[r.Shadow.PreShadowResolutionFactor:1.0]]
[2020.03.23-22.44.26:817][  0]LogConfig: Setting CVar [[r.DistanceFieldShadowing:1]]
[2020.03.23-22.44.26:817][  0]LogConfig: Setting CVar [[r.DistanceFieldAO:1]]
[2020.03.23-22.44.26:817][  0]LogConfig: Setting CVar [[r.AOQuality:2]]
[2020.03.23-22.44.26:817][  0]LogConfig: Setting CVar [[r.VolumetricFog:1]]
[2020.03.23-22.44.26:817][  0]LogConfig: Setting CVar [[r.VolumetricFog.GridPixelSize:8]]
[2020.03.23-22.44.26:818][  0]LogConfig: Setting CVar [[r.VolumetricFog.GridSizeZ:128]]
[2020.03.23-22.44.26:818][  0]LogConfig: Setting CVar [[r.VolumetricFog.HistoryMissSupersampleCount:4]]
[2020.03.23-22.44.26:818][  0]LogConfig: Setting CVar [[r.LightMaxDrawDistanceScale:1]]
[2020.03.23-22.44.26:818][  0]LogConfig: Setting CVar [[r.CapsuleShadows:1]]
[2020.03.23-22.44.26:818][  0]LogConfig: Applying CVar settings from Section [PostProcessQuality@3] File [C:/Users/jacob/Documents/GitHub/Class/TC2/Project-Train/Saved/Config/Windows/Scalability.ini]
[2020.03.23-22.44.26:818][  0]LogConfig: Setting CVar [[r.MotionBlurQuality:4]]
[2020.03.23-22.44.26:818][  0]LogConfig: Setting CVar [[r.AmbientOcclusionMipLevelFactor:0.4]]
[2020.03.23-22.44.26:818][  0]LogConfig: Setting CVar [[r.AmbientOcclusionMaxQuality:100]]
[2020.03.23-22.44.26:818][  0]LogConfig: Setting CVar [[r.AmbientOcclusionLevels:-1]]
[2020.03.23-22.44.26:818][  0]LogConfig: Setting CVar [[r.AmbientOcclusionRadiusScale:1.0]]
[2020.03.23-22.44.26:818][  0]LogConfig: Setting CVar [[r.DepthOfFieldQuality:2]]
[2020.03.23-22.44.26:818][  0]LogConfig: Setting CVar [[r.RenderTargetPoolMin:400]]
[2020.03.23-22.44.26:818][  0]LogConfig: Setting CVar [[r.LensFlareQuality:2]]
[2020.03.23-22.44.26:818][  0]LogConfig: Setting CVar [[r.SceneColorFringeQuality:1]]
[2020.03.23-22.44.26:818][  0]LogConfig: Setting CVar [[r.EyeAdaptationQuality:2]]
[2020.03.23-22.44.26:818][  0]LogConfig: Setting CVar [[r.BloomQuality:5]]
[2020.03.23-22.44.26:818][  0]LogConfig: Setting CVar [[r.FastBlurThreshold:100]]
[2020.03.23-22.44.26:818][  0]LogConfig: Setting CVar [[r.Upscale.Quality:3]]
[2020.03.23-22.44.26:818][  0]LogConfig: Setting CVar [[r.Tonemapper.GrainQuantization:1]]
[2020.03.23-22.44.26:818][  0]LogConfig: Setting CVar [[r.LightShaftQuality:1]]
[2020.03.23-22.44.26:818][  0]LogConfig: Setting CVar [[r.Filter.SizeScale:1]]
[2020.03.23-22.44.26:818][  0]LogConfig: Setting CVar [[r.Tonemapper.Quality:5]]
[2020.03.23-22.44.26:818][  0]LogConfig: Setting CVar [[r.DOF.Gather.AccumulatorQuality:1        ; higher gathering accumulator quality]]
[2020.03.23-22.44.26:818][  0]LogConfig: Setting CVar [[r.DOF.Gather.PostfilterMethod:1          ; Median3x3 postfilering method]]
[2020.03.23-22.44.26:818][  0]LogConfig: Setting CVar [[r.DOF.Gather.EnableBokehSettings:0       ; no bokeh simulation when gathering]]
[2020.03.23-22.44.26:818][  0]LogConfig: Setting CVar [[r.DOF.Gather.RingCount:4                 ; medium number of samples when gathering]]
[2020.03.23-22.44.26:818][  0]LogConfig: Setting CVar [[r.DOF.Scatter.ForegroundCompositing:1    ; additive foreground scattering]]
[2020.03.23-22.44.26:818][  0]LogConfig: Setting CVar [[r.DOF.Scatter.BackgroundCompositing:2    ; additive background scattering]]
[2020.03.23-22.44.26:818][  0]LogConfig: Setting CVar [[r.DOF.Scatter.EnableBokehSettings:1      ; bokeh simulation when scattering]]
[2020.03.23-22.44.26:818][  0]LogConfig: Setting CVar [[r.DOF.Scatter.MaxSpriteRatio:0.1         ; only a maximum of 10% of scattered bokeh]]
[2020.03.23-22.44.26:818][  0]LogConfig: Setting CVar [[r.DOF.Recombine.Quality:1                ; cheap slight out of focus]]
[2020.03.23-22.44.26:818][  0]LogConfig: Setting CVar [[r.DOF.Recombine.EnableBokehSettings:0    ; no bokeh simulation on slight out of focus]]
[2020.03.23-22.44.26:818][  0]LogConfig: Setting CVar [[r.DOF.TemporalAAQuality:1                ; more stable temporal accumulation]]
[2020.03.23-22.44.26:818][  0]LogConfig: Setting CVar [[r.DOF.Kernel.MaxForegroundRadius:0.025]]
[2020.03.23-22.44.26:818][  0]LogConfig: Setting CVar [[r.DOF.Kernel.MaxBackgroundRadius:0.025]]
[2020.03.23-22.44.26:818][  0]LogConfig: Applying CVar settings from Section [TextureQuality@3] File [C:/Users/jacob/Documents/GitHub/Class/TC2/Project-Train/Saved/Config/Windows/Scalability.ini]
[2020.03.23-22.44.26:818][  0]LogConfig: Setting CVar [[r.Streaming.MipBias:0]]
[2020.03.23-22.44.26:818][  0]LogConfig: Setting CVar [[r.Streaming.AmortizeCPUToGPUCopy:0]]
[2020.03.23-22.44.26:818][  0]LogConfig: Setting CVar [[r.Streaming.MaxNumTexturesToStreamPerFrame:0]]
[2020.03.23-22.44.26:818][  0]LogConfig: Setting CVar [[r.Streaming.Boost:1]]
[2020.03.23-22.44.26:818][  0]LogConfig: Setting CVar [[r.MaxAnisotropy:8]]
[2020.03.23-22.44.26:818][  0]LogConfig: Setting CVar [[r.VT.MaxAnisotropy:8]]
[2020.03.23-22.44.26:818][  0]LogConfig: Setting CVar [[r.Streaming.LimitPoolSizeToVRAM:0]]
[2020.03.23-22.44.26:818][  0]LogConfig: Setting CVar [[r.Streaming.PoolSize:1000]]
[2020.03.23-22.44.26:819][  0]LogConfig: Setting CVar [[r.Streaming.MaxEffectiveScreenSize:0]]
[2020.03.23-22.44.26:819][  0]LogConfig: Applying CVar settings from Section [EffectsQuality@3] File [C:/Users/jacob/Documents/GitHub/Class/TC2/Project-Train/Saved/Config/Windows/Scalability.ini]
[2020.03.23-22.44.26:819][  0]LogConfig: Setting CVar [[r.TranslucencyLightingVolumeDim:64]]
[2020.03.23-22.44.26:819][  0]LogConfig: Setting CVar [[r.RefractionQuality:2]]
[2020.03.23-22.44.26:819][  0]LogConfig: Setting CVar [[r.SSR.Quality:3]]
[2020.03.23-22.44.26:819][  0]LogConfig: Setting CVar [[r.SSR.HalfResSceneColor:0]]
[2020.03.23-22.44.26:819][  0]LogConfig: Setting CVar [[r.SceneColorFormat:4]]
[2020.03.23-22.44.26:819][  0]LogConfig: Setting CVar [[r.DetailMode:2]]
[2020.03.23-22.44.26:819][  0]LogConfig: Setting CVar [[r.TranslucencyVolumeBlur:1]]
[2020.03.23-22.44.26:819][  0]LogConfig: Setting CVar [[r.MaterialQualityLevel:1 ; High quality]]
[2020.03.23-22.44.26:819][  0]LogConfig: Setting CVar [[r.SSS.Scale:1]]
[2020.03.23-22.44.26:819][  0]LogConfig: Setting CVar [[r.SSS.SampleSet:2]]
[2020.03.23-22.44.26:819][  0]LogConfig: Setting CVar [[r.SSS.Quality:1]]
[2020.03.23-22.44.26:819][  0]LogConfig: Setting CVar [[r.SSS.HalfRes:1]]
[2020.03.23-22.44.26:819][  0]LogConfig: Setting CVar [[r.SSGI.Quality:3]]
[2020.03.23-22.44.26:819][  0]LogConfig: Setting CVar [[r.EmitterSpawnRateScale:1.0]]
[2020.03.23-22.44.26:819][  0]LogConfig: Setting CVar [[r.ParticleLightQuality:2]]
[2020.03.23-22.44.26:819][  0]LogConfig: Setting CVar [[r.SkyAtmosphere.AerialPerspectiveLUT.FastApplyOnOpaque:1 ; Always have FastSkyLUT 1 in this case to avoid wrong sky]]
[2020.03.23-22.44.26:819][  0]LogConfig: Setting CVar [[r.SkyAtmosphere.AerialPerspectiveLUT.SampleCountPerSlice:1]]
[2020.03.23-22.44.26:819][  0]LogConfig: Setting CVar [[r.SkyAtmosphere.AerialPerspectiveLUT.DepthResolution:16.0]]
[2020.03.23-22.44.26:819][  0]LogConfig: Setting CVar [[r.SkyAtmosphere.FastSkyLUT:1]]
[2020.03.23-22.44.26:819][  0]LogConfig: Setting CVar [[r.SkyAtmosphere.FastSkyLUT.SampleCountMin:4.0]]
[2020.03.23-22.44.26:819][  0]LogConfig: Setting CVar [[r.SkyAtmosphere.FastSkyLUT.SampleCountMax:32.0]]
[2020.03.23-22.44.26:819][  0]LogConfig: Setting CVar [[r.SkyAtmosphere.SampleCountMin:4.0]]
[2020.03.23-22.44.26:819][  0]LogConfig: Setting CVar [[r.SkyAtmosphere.SampleCountMax:32.0]]
[2020.03.23-22.44.26:819][  0]LogConfig: Setting CVar [[r.SkyAtmosphere.TransmittanceLUT.UseSmallFormat:0]]
[2020.03.23-22.44.26:819][  0]LogConfig: Setting CVar [[r.SkyAtmosphere.TransmittanceLUT.SampleCount:10.0]]
[2020.03.23-22.44.26:819][  0]LogConfig: Setting CVar [[r.SkyAtmosphere.MultiScatteringLUT.SampleCount:15.0]]
[2020.03.23-22.44.26:819][  0]LogConfig: Applying CVar settings from Section [FoliageQuality@3] File [C:/Users/jacob/Documents/GitHub/Class/TC2/Project-Train/Saved/Config/Windows/Scalability.ini]
[2020.03.23-22.44.26:819][  0]LogConfig: Setting CVar [[foliage.DensityScale:1.0]]
[2020.03.23-22.44.26:819][  0]LogConfig: Setting CVar [[grass.DensityScale:1.0]]
[2020.03.23-22.44.26:819][  0]LogConfig: Applying CVar settings from Section [ShadingQuality@3] File [C:/Users/jacob/Documents/GitHub/Class/TC2/Project-Train/Saved/Config/Windows/Scalability.ini]
[2020.03.23-22.44.26:819][  0]LogConfig: Setting CVar [[r.HairStrands.SkyLighting.SampleCount:16]]
[2020.03.23-22.44.26:819][  0]LogConfig: Setting CVar [[r.HairStrands.SkyLighting.JitterIntegration:0]]
[2020.03.23-22.44.26:819][  0]LogConfig: Setting CVar [[r.HairStrands.SkyAO.SampleCount:16]]
[2020.03.23-22.44.26:820][  0]LogInit: Selected Device Profile: [Windows]
[2020.03.23-22.44.26:820][  0]LogInit: Applying CVar settings loaded from the selected device profile: [Windows]
[2020.03.23-22.44.26:836][  0]LogHAL: Display: Platform has ~ 16 GB [17104285696 / 17179869184 / 16], which maps to Larger [LargestMinGB=32, LargerMinGB=12, DefaultMinGB=8, SmallerMinGB=6, SmallestMinGB=0)
[2020.03.23-22.44.26:836][  0]LogInit: Going up to parent DeviceProfile []
[2020.03.23-22.44.26:836][  0]LogConfig: Applying CVar settings from Section [ViewDistanceQuality@3] File [C:/Users/jacob/Documents/GitHub/Class/TC2/Project-Train/Saved/Config/Windows/Scalability.ini]
[2020.03.23-22.44.26:836][  0]LogConfig: Setting CVar [[r.SkeletalMeshLODBias:0]]
[2020.03.23-22.44.26:836][  0]LogConfig: Setting CVar [[r.ViewDistanceScale:1.0]]
[2020.03.23-22.44.26:836][  0]LogConfig: Applying CVar settings from Section [AntiAliasingQuality@3] File [C:/Users/jacob/Documents/GitHub/Class/TC2/Project-Train/Saved/Config/Windows/Scalability.ini]
[2020.03.23-22.44.26:836][  0]LogConfig: Setting CVar [[r.PostProcessAAQuality:4]]
[2020.03.23-22.44.26:836][  0]LogConfig: Applying CVar settings from Section [ShadowQuality@3] File [C:/Users/jacob/Documents/GitHub/Class/TC2/Project-Train/Saved/Config/Windows/Scalability.ini]
[2020.03.23-22.44.26:836][  0]LogConfig: Setting CVar [[r.LightFunctionQuality:1]]
[2020.03.23-22.44.26:836][  0]LogConfig: Setting CVar [[r.ShadowQuality:5]]
[2020.03.23-22.44.26:836][  0]LogConfig: Setting CVar [[r.Shadow.CSM.MaxCascades:10]]
[2020.03.23-22.44.26:836][  0]LogConfig: Setting CVar [[r.Shadow.MaxResolution:2048]]
[2020.03.23-22.44.26:836][  0]LogConfig: Setting CVar [[r.Shadow.MaxCSMResolution:2048]]
[2020.03.23-22.44.26:836][  0]LogConfig: Setting CVar [[r.Shadow.RadiusThreshold:0.01]]
[2020.03.23-22.44.26:836][  0]LogConfig: Setting CVar [[r.Shadow.DistanceScale:1.0]]
[2020.03.23-22.44.26:836][  0]LogConfig: Setting CVar [[r.Shadow.CSM.TransitionScale:1.0]]
[2020.03.23-22.44.26:836][  0]LogConfig: Setting CVar [[r.Shadow.PreShadowResolutionFactor:1.0]]
[2020.03.23-22.44.26:836][  0]LogConfig: Setting CVar [[r.DistanceFieldShadowing:1]]
[2020.03.23-22.44.26:836][  0]LogConfig: Setting CVar [[r.DistanceFieldAO:1]]
[2020.03.23-22.44.26:836][  0]LogConfig: Setting CVar [[r.AOQuality:2]]
[2020.03.23-22.44.26:837][  0]LogConfig: Setting CVar [[r.VolumetricFog:1]]
[2020.03.23-22.44.26:837][  0]LogConfig: Setting CVar [[r.VolumetricFog.GridPixelSize:8]]
[2020.03.23-22.44.26:837][  0]LogConfig: Setting CVar [[r.VolumetricFog.GridSizeZ:128]]
[2020.03.23-22.44.26:837][  0]LogConfig: Setting CVar [[r.VolumetricFog.HistoryMissSupersampleCount:4]]
[2020.03.23-22.44.26:837][  0]LogConfig: Setting CVar [[r.LightMaxDrawDistanceScale:1]]
[2020.03.23-22.44.26:837][  0]LogConfig: Setting CVar [[r.CapsuleShadows:1]]
[2020.03.23-22.44.26:837][  0]LogConfig: Applying CVar settings from Section [PostProcessQuality@3] File [C:/Users/jacob/Documents/GitHub/Class/TC2/Project-Train/Saved/Config/Windows/Scalability.ini]
[2020.03.23-22.44.26:837][  0]LogConfig: Setting CVar [[r.MotionBlurQuality:4]]
[2020.03.23-22.44.26:837][  0]LogConfig: Setting CVar [[r.AmbientOcclusionMipLevelFactor:0.4]]
[2020.03.23-22.44.26:837][  0]LogConfig: Setting CVar [[r.AmbientOcclusionMaxQuality:100]]
[2020.03.23-22.44.26:837][  0]LogConfig: Setting CVar [[r.AmbientOcclusionLevels:-1]]
[2020.03.23-22.44.26:837][  0]LogConfig: Setting CVar [[r.AmbientOcclusionRadiusScale:1.0]]
[2020.03.23-22.44.26:837][  0]LogConfig: Setting CVar [[r.DepthOfFieldQuality:2]]
[2020.03.23-22.44.26:837][  0]LogConfig: Setting CVar [[r.RenderTargetPoolMin:400]]
[2020.03.23-22.44.26:837][  0]LogConfig: Setting CVar [[r.LensFlareQuality:2]]
[2020.03.23-22.44.26:837][  0]LogConfig: Setting CVar [[r.SceneColorFringeQuality:1]]
[2020.03.23-22.44.26:837][  0]LogConfig: Setting CVar [[r.EyeAdaptationQuality:2]]
[2020.03.23-22.44.26:837][  0]LogConfig: Setting CVar [[r.BloomQuality:5]]
[2020.03.23-22.44.26:837][  0]LogConfig: Setting CVar [[r.FastBlurThreshold:100]]
[2020.03.23-22.44.26:837][  0]LogConfig: Setting CVar [[r.Upscale.Quality:3]]
[2020.03.23-22.44.26:837][  0]LogConfig: Setting CVar [[r.Tonemapper.GrainQuantization:1]]
[2020.03.23-22.44.26:837][  0]LogConfig: Setting CVar [[r.LightShaftQuality:1]]
[2020.03.23-22.44.26:837][  0]LogConfig: Setting CVar [[r.Filter.SizeScale:1]]
[2020.03.23-22.44.26:837][  0]LogConfig: Setting CVar [[r.Tonemapper.Quality:5]]
[2020.03.23-22.44.26:837][  0]LogConfig: Setting CVar [[r.DOF.Gather.AccumulatorQuality:1        ; higher gathering accumulator quality]]
[2020.03.23-22.44.26:837][  0]LogConfig: Setting CVar [[r.DOF.Gather.PostfilterMethod:1          ; Median3x3 postfilering method]]
[2020.03.23-22.44.26:837][  0]LogConfig: Setting CVar [[r.DOF.Gather.EnableBokehSettings:0       ; no bokeh simulation when gathering]]
[2020.03.23-22.44.26:837][  0]LogConfig: Setting CVar [[r.DOF.Gather.RingCount:4                 ; medium number of samples when gathering]]
[2020.03.23-22.44.26:837][  0]LogConfig: Setting CVar [[r.DOF.Scatter.ForegroundCompositing:1    ; additive foreground scattering]]
[2020.03.23-22.44.26:837][  0]LogConfig: Setting CVar [[r.DOF.Scatter.BackgroundCompositing:2    ; additive background scattering]]
[2020.03.23-22.44.26:837][  0]LogConfig: Setting CVar [[r.DOF.Scatter.EnableBokehSettings:1      ; bokeh simulation when scattering]]
[2020.03.23-22.44.26:837][  0]LogConfig: Setting CVar [[r.DOF.Scatter.MaxSpriteRatio:0.1         ; only a maximum of 10% of scattered bokeh]]
[2020.03.23-22.44.26:837][  0]LogConfig: Setting CVar [[r.DOF.Recombine.Quality:1                ; cheap slight out of focus]]
[2020.03.23-22.44.26:837][  0]LogConfig: Setting CVar [[r.DOF.Recombine.EnableBokehSettings:0    ; no bokeh simulation on slight out of focus]]
[2020.03.23-22.44.26:837][  0]LogConfig: Setting CVar [[r.DOF.TemporalAAQuality:1                ; more stable temporal accumulation]]
[2020.03.23-22.44.26:837][  0]LogConfig: Setting CVar [[r.DOF.Kernel.MaxForegroundRadius:0.025]]
[2020.03.23-22.44.26:837][  0]LogConfig: Setting CVar [[r.DOF.Kernel.MaxBackgroundRadius:0.025]]
[2020.03.23-22.44.26:837][  0]LogConfig: Applying CVar settings from Section [TextureQuality@3] File [C:/Users/jacob/Documents/GitHub/Class/TC2/Project-Train/Saved/Config/Windows/Scalability.ini]
[2020.03.23-22.44.26:837][  0]LogConfig: Setting CVar [[r.Streaming.MipBias:0]]
[2020.03.23-22.44.26:837][  0]LogConfig: Setting CVar [[r.Streaming.AmortizeCPUToGPUCopy:0]]
[2020.03.23-22.44.26:837][  0]LogConfig: Setting CVar [[r.Streaming.MaxNumTexturesToStreamPerFrame:0]]
[2020.03.23-22.44.26:837][  0]LogConfig: Setting CVar [[r.Streaming.Boost:1]]
[2020.03.23-22.44.26:837][  0]LogConfig: Setting CVar [[r.MaxAnisotropy:8]]
[2020.03.23-22.44.26:837][  0]LogConfig: Setting CVar [[r.VT.MaxAnisotropy:8]]
[2020.03.23-22.44.26:838][  0]LogConfig: Setting CVar [[r.Streaming.LimitPoolSizeToVRAM:0]]
[2020.03.23-22.44.26:838][  0]LogConfig: Setting CVar [[r.Streaming.PoolSize:1000]]
[2020.03.23-22.44.26:838][  0]LogConfig: Setting CVar [[r.Streaming.MaxEffectiveScreenSize:0]]
[2020.03.23-22.44.26:838][  0]LogConfig: Applying CVar settings from Section [EffectsQuality@3] File [C:/Users/jacob/Documents/GitHub/Class/TC2/Project-Train/Saved/Config/Windows/Scalability.ini]
[2020.03.23-22.44.26:838][  0]LogConfig: Setting CVar [[r.TranslucencyLightingVolumeDim:64]]
[2020.03.23-22.44.26:838][  0]LogConfig: Setting CVar [[r.RefractionQuality:2]]
[2020.03.23-22.44.26:838][  0]LogConfig: Setting CVar [[r.SSR.Quality:3]]
[2020.03.23-22.44.26:838][  0]LogConfig: Setting CVar [[r.SSR.HalfResSceneColor:0]]
[2020.03.23-22.44.26:838][  0]LogConfig: Setting CVar [[r.SceneColorFormat:4]]
[2020.03.23-22.44.26:838][  0]LogConfig: Setting CVar [[r.DetailMode:2]]
[2020.03.23-22.44.26:838][  0]LogConfig: Setting CVar [[r.TranslucencyVolumeBlur:1]]
[2020.03.23-22.44.26:838][  0]LogConfig: Setting CVar [[r.MaterialQualityLevel:1 ; High quality]]
[2020.03.23-22.44.26:838][  0]LogConfig: Setting CVar [[r.SSS.Scale:1]]
[2020.03.23-22.44.26:838][  0]LogConfig: Setting CVar [[r.SSS.SampleSet:2]]
[2020.03.23-22.44.26:838][  0]LogConfig: Setting CVar [[r.SSS.Quality:1]]
[2020.03.23-22.44.26:838][  0]LogConfig: Setting CVar [[r.SSS.HalfRes:1]]
[2020.03.23-22.44.26:838][  0]LogConfig: Setting CVar [[r.SSGI.Quality:3]]
[2020.03.23-22.44.26:838][  0]LogConfig: Setting CVar [[r.EmitterSpawnRateScale:1.0]]
[2020.03.23-22.44.26:838][  0]LogConfig: Setting CVar [[r.ParticleLightQuality:2]]
[2020.03.23-22.44.26:838][  0]LogConfig: Setting CVar [[r.SkyAtmosphere.AerialPerspectiveLUT.FastApplyOnOpaque:1 ; Always have FastSkyLUT 1 in this case to avoid wrong sky]]
[2020.03.23-22.44.26:838][  0]LogConfig: Setting CVar [[r.SkyAtmosphere.AerialPerspectiveLUT.SampleCountPerSlice:1]]
[2020.03.23-22.44.26:838][  0]LogConfig: Setting CVar [[r.SkyAtmosphere.AerialPerspectiveLUT.DepthResolution:16.0]]
[2020.03.23-22.44.26:838][  0]LogConfig: Setting CVar [[r.SkyAtmosphere.FastSkyLUT:1]]
[2020.03.23-22.44.26:838][  0]LogConfig: Setting CVar [[r.SkyAtmosphere.FastSkyLUT.SampleCountMin:4.0]]
[2020.03.23-22.44.26:838][  0]LogConfig: Setting CVar [[r.SkyAtmosphere.FastSkyLUT.SampleCountMax:32.0]]
[2020.03.23-22.44.26:838][  0]LogConfig: Setting CVar [[r.SkyAtmosphere.SampleCountMin:4.0]]
[2020.03.23-22.44.26:838][  0]LogConfig: Setting CVar [[r.SkyAtmosphere.SampleCountMax:32.0]]
[2020.03.23-22.44.26:838][  0]LogConfig: Setting CVar [[r.SkyAtmosphere.TransmittanceLUT.UseSmallFormat:0]]
[2020.03.23-22.44.26:838][  0]LogConfig: Setting CVar [[r.SkyAtmosphere.TransmittanceLUT.SampleCount:10.0]]
[2020.03.23-22.44.26:838][  0]LogConfig: Setting CVar [[r.SkyAtmosphere.MultiScatteringLUT.SampleCount:15.0]]
[2020.03.23-22.44.26:838][  0]LogConfig: Applying CVar settings from Section [FoliageQuality@3] File [C:/Users/jacob/Documents/GitHub/Class/TC2/Project-Train/Saved/Config/Windows/Scalability.ini]
[2020.03.23-22.44.26:838][  0]LogConfig: Setting CVar [[foliage.DensityScale:1.0]]
[2020.03.23-22.44.26:838][  0]LogConfig: Setting CVar [[grass.DensityScale:1.0]]
[2020.03.23-22.44.26:838][  0]LogConfig: Applying CVar settings from Section [ShadingQuality@3] File [C:/Users/jacob/Documents/GitHub/Class/TC2/Project-Train/Saved/Config/Windows/Scalability.ini]
[2020.03.23-22.44.26:838][  0]LogConfig: Setting CVar [[r.HairStrands.SkyLighting.SampleCount:16]]
[2020.03.23-22.44.26:838][  0]LogConfig: Setting CVar [[r.HairStrands.SkyLighting.JitterIntegration:0]]
[2020.03.23-22.44.26:838][  0]LogConfig: Setting CVar [[r.HairStrands.SkyAO.SampleCount:16]]
[2020.03.23-22.44.26:838][  0]LogConfig: Applying CVar settings from Section [Startup] File [../../../Engine/Config/ConsoleVariables.ini]
[2020.03.23-22.44.26:859][  0]LogConfig: Setting CVar [[net.UseAdaptiveNetUpdateFrequency:0]]
[2020.03.23-22.44.26:859][  0]LogConfig: Setting CVar [[p.chaos.AllowCreatePhysxBodies:1]]
[2020.03.23-22.44.26:859][  0]LogConfig: Applying CVar settings from Section [ConsoleVariables] File [C:/Users/jacob/Documents/GitHub/Class/TC2/Project-Train/Saved/Config/Windows/Engine.ini]
[2020.03.23-22.44.26:859][  0]LogInit: Computer: DESKTOP-KBUC8NT
[2020.03.23-22.44.26:859][  0]LogInit: User: jacob
[2020.03.23-22.44.26:859][  0]LogInit: CPU Page size=4096, Cores=4
[2020.03.23-22.44.26:859][  0]LogInit: High frequency timer resolution =10.000000 MHz
[2020.03.23-22.44.26:859][  0]LogMemory: Memory total: Physical=15.9GB (16GB approx)
[2020.03.23-22.44.26:859][  0]LogMemory: Platform Memory Stats for Windows
[2020.03.23-22.44.26:859][  0]LogMemory: Process Physical Memory: 104.07 MB used, 104.07 MB peak
[2020.03.23-22.44.26:859][  0]LogMemory: Process Virtual Memory: 100.68 MB used, 100.68 MB peak
[2020.03.23-22.44.26:859][  0]LogMemory: Physical Memory: 7483.55 MB used,  8828.36 MB free, 16311.92 MB total
[2020.03.23-22.44.26:859][  0]LogMemory: Virtual Memory: 5151.97 MB used,  134212576.00 MB free, 134217728.00 MB total
[2020.03.23-22.44.26:866][  0]LogWindows: WindowsPlatformFeatures enabled
[2020.03.23-22.44.26:919][  0]LogInit: Using OS detected language (en-US).
[2020.03.23-22.44.26:919][  0]LogInit: Using OS detected locale (en-US).
[2020.03.23-22.44.26:922][  0]LogTextLocalizationManager: No specific localization for 'en-US' exists, so the 'en' localization will be used.
[2020.03.23-22.44.27:242][  0]LogInit: Setting process to per monitor DPI aware
[2020.03.23-22.44.27:337][  0]LogSlate: New Slate User Created.  User Index 0, Is Virtual User: 0
[2020.03.23-22.44.27:337][  0]LogSlate: Slate User Registered.  User Index 0, Is Virtual User: 0
[2020.03.23-22.44.29:893][  0]LogHMD: Failed to initialize OpenVR with code 110
[2020.03.23-22.44.29:893][  0]LogD3D11RHI: D3D11 min allowed feature level: 11_0
[2020.03.23-22.44.29:893][  0]LogD3D11RHI: D3D11 max allowed feature level: 11_0
[2020.03.23-22.44.29:893][  0]LogD3D11RHI: D3D11 adapters:
[2020.03.23-22.44.29:981][  0]LogD3D11RHI:    0. 'NVIDIA GeForce GTX 1070' (Feature Level 11_0)
[2020.03.23-22.44.29:981][  0]LogD3D11RHI:       8088/0/8155 MB DedicatedVideo/DedicatedSystem/SharedSystem, Outputs:2, VendorId:0x10de
[2020.03.23-22.44.29:985][  0]LogD3D11RHI:    1. 'Microsoft Basic Render Driver' (Feature Level 11_0)
[2020.03.23-22.44.29:985][  0]LogD3D11RHI:       0/0/8155 MB DedicatedVideo/DedicatedSystem/SharedSystem, Outputs:0, VendorId:0x1414
[2020.03.23-22.44.29:985][  0]LogD3D11RHI: Chosen D3D11 Adapter: 0
[2020.03.23-22.44.29:992][  0]LogD3D11RHI: Creating new Direct3DDevice
[2020.03.23-22.44.29:992][  0]LogD3D11RHI:     GPU DeviceId: 0x1b81 (for the marketing name, search the web for "GPU Device Id")
[2020.03.23-22.44.29:992][  0]LogWindows: EnumDisplayDevices:
[2020.03.23-22.44.29:993][  0]LogWindows:    0. 'NVIDIA GeForce GTX 1070' (P:0 D:1)
[2020.03.23-22.44.29:993][  0]LogWindows:    1. 'NVIDIA GeForce GTX 1070' (P:1 D:1)
[2020.03.23-22.44.29:993][  0]LogWindows:    2. 'NVIDIA GeForce GTX 1070' (P:0 D:0)
[2020.03.23-22.44.29:993][  0]LogWindows:    3. 'NVIDIA GeForce GTX 1070' (P:0 D:0)
[2020.03.23-22.44.29:993][  0]LogWindows: DebugString: FoundDriverCount:4 
[2020.03.23-22.44.29:993][  0]LogD3D11RHI:     Adapter Name: NVIDIA GeForce GTX 1070
[2020.03.23-22.44.29:993][  0]LogD3D11RHI:   Driver Version: 436.48 (internal:26.21.14.3648, unified:436.48)
[2020.03.23-22.44.29:993][  0]LogD3D11RHI:      Driver Date: 9-26-2019
[2020.03.23-22.44.29:993][  0]LogRHI: Texture pool is 5661 MB (70% of 8088 MB)
[2020.03.23-22.44.30:039][  0]LogD3D11RHI: RHI has support for 64 bit atomics
[2020.03.23-22.44.30:039][  0]LogD3D11RHI: Async texture creation enabled
[2020.03.23-22.44.30:216][  0]LogD3D11RHI: GPU Timing Frequency: 1000.000000 (Debug: 2 1)
[2020.03.23-22.44.30:595][  0]LogTargetPlatformManager: Display: Loaded TargetPlatform 'AllDesktop'
[2020.03.23-22.44.30:642][  0]LogTargetPlatformManager: Display: Loaded TargetPlatform 'Android'
[2020.03.23-22.44.30:642][  0]LogTargetPlatformManager: Display: Loaded TargetPlatform 'Android_ASTC'
[2020.03.23-22.44.30:642][  0]LogTargetPlatformManager: Display: Loaded TargetPlatform 'Android_ATC'
[2020.03.23-22.44.30:643][  0]LogTargetPlatformManager: Display: Loaded TargetPlatform 'Android_DXT'
[2020.03.23-22.44.30:643][  0]LogTargetPlatformManager: Display: Loaded TargetPlatform 'Android_ETC1'
[2020.03.23-22.44.30:643][  0]LogTargetPlatformManager: Display: Loaded TargetPlatform 'Android_ETC1a'
[2020.03.23-22.44.30:643][  0]LogTargetPlatformManager: Display: Loaded TargetPlatform 'Android_ETC2'
[2020.03.23-22.44.30:643][  0]LogTargetPlatformManager: Display: Loaded TargetPlatform 'Android_PVRTC'
[2020.03.23-22.44.30:643][  0]LogTargetPlatformManager: Display: Loaded TargetPlatform 'AndroidClient'
[2020.03.23-22.44.30:643][  0]LogTargetPlatformManager: Display: Loaded TargetPlatform 'Android_ASTCClient'
[2020.03.23-22.44.30:643][  0]LogTargetPlatformManager: Display: Loaded TargetPlatform 'Android_ATCClient'
[2020.03.23-22.44.30:643][  0]LogTargetPlatformManager: Display: Loaded TargetPlatform 'Android_DXTClient'
[2020.03.23-22.44.30:643][  0]LogTargetPlatformManager: Display: Loaded TargetPlatform 'Android_ETC1Client'
[2020.03.23-22.44.30:643][  0]LogTargetPlatformManager: Display: Loaded TargetPlatform 'Android_ETC1aClient'
[2020.03.23-22.44.30:643][  0]LogTargetPlatformManager: Display: Loaded TargetPlatform 'Android_ETC2Client'
[2020.03.23-22.44.30:643][  0]LogTargetPlatformManager: Display: Loaded TargetPlatform 'Android_PVRTCClient'
[2020.03.23-22.44.30:643][  0]LogTargetPlatformManager: Display: Loaded TargetPlatform 'Android_Multi'
[2020.03.23-22.44.30:643][  0]LogTargetPlatformManager: Display: Loaded TargetPlatform 'Android_MultiClient'
[2020.03.23-22.44.30:676][  0]LogTargetPlatformManager: Display: Loaded TargetPlatform 'IOSClient'
[2020.03.23-22.44.30:676][  0]LogTargetPlatformManager: Display: Loaded TargetPlatform 'IOS'
[2020.03.23-22.44.30:685][  0]LogTargetPlatformManager: Display: Loaded TargetPlatform 'LinuxNoEditor'
[2020.03.23-22.44.30:691][  0]LogTargetPlatformManager: Display: Loaded TargetPlatform 'LinuxClient'
[2020.03.23-22.44.30:699][  0]LogTargetPlatformManager: Display: Loaded TargetPlatform 'LinuxServer'
[2020.03.23-22.44.30:706][  0]LogTargetPlatformManager: Display: Loaded TargetPlatform 'LinuxAArch64NoEditor'
[2020.03.23-22.44.30:714][  0]LogTargetPlatformManager: Display: Loaded TargetPlatform 'LinuxAArch64Client'
[2020.03.23-22.44.30:721][  0]LogTargetPlatformManager: Display: Loaded TargetPlatform 'LinuxAArch64Server'
[2020.03.23-22.44.30:747][  0]LogTargetPlatformManager: Display: Loaded TargetPlatform 'Lumin'
[2020.03.23-22.44.30:747][  0]LogTargetPlatformManager: Display: Loaded TargetPlatform 'LuminClient'
[2020.03.23-22.44.30:759][  0]LogTargetPlatformManager: Display: Loaded TargetPlatform 'TVOSClient'
[2020.03.23-22.44.30:759][  0]LogTargetPlatformManager: Display: Loaded TargetPlatform 'TVOS'
[2020.03.23-22.44.30:769][  0]LogTargetPlatformManager: Display: Loaded TargetPlatform 'WindowsNoEditor'
[2020.03.23-22.44.30:778][  0]LogTargetPlatformManager: Display: Loaded TargetPlatform 'Windows'
[2020.03.23-22.44.30:785][  0]LogTargetPlatformManager: Display: Loaded TargetPlatform 'WindowsClient'
[2020.03.23-22.44.30:792][  0]LogTargetPlatformManager: Display: Loaded TargetPlatform 'WindowsServer'
[2020.03.23-22.44.30:792][  0]LogTargetPlatformManager: Display: Building Assets For Windows
[2020.03.23-22.44.30:799][  0]LogAudioDebug: Display: Lib vorbis DLL was dynamically loaded.
[2020.03.23-22.44.30:835][  0]LogShaderCompilers: Guid format shader working directory is -24 characters bigger than the processId version (../../../../../../Users/jacob/Documents/GitHub/Class/TC2/Project-Train/Intermediate/Shaders/WorkingDirectory/6276/).
[2020.03.23-22.44.30:836][  0]LogShaderCompilers: Cleaned the shader compiler working directory 'C:/Users/jacob/AppData/Local/Temp/UnrealShaderWorkingDir/848C6FC14C54BA763CBF16A8FC3BB533/'.
[2020.03.23-22.44.30:838][  0]LogXGEController: Cleaning working directory: C:/Users/jacob/AppData/Local/Temp/UnrealXGEWorkingDir/
[2020.03.23-22.44.30:838][  0]LogXGEController: Cannot use XGE Controller as Incredibuild is not installed on this machine.
[2020.03.23-22.44.30:838][  0]LogShaderCompilers: Cannot use XGE Shader Compiler as Incredibuild is not installed on this machine.
[2020.03.23-22.44.30:838][  0]LogShaderCompilers: Display: Using Local Shader Compiler.
[2020.03.23-22.44.34:006][  0]LogDerivedDataCache: Display: Max Cache Size: 512 MB
[2020.03.23-22.44.34:801][  0]LogDerivedDataCache: Loaded boot cache 0.79s 78MB C:/Users/jacob/AppData/Local/UnrealEngine/4.24/DerivedDataCache/Boot.ddc.
[2020.03.23-22.44.34:801][  0]LogDerivedDataCache: Display: Loaded Boot cache: C:/Users/jacob/AppData/Local/UnrealEngine/4.24/DerivedDataCache/Boot.ddc
[2020.03.23-22.44.34:802][  0]LogDerivedDataCache: FDerivedDataBackendGraph:  Pak pak cache file ../../../../../../Users/jacob/Documents/GitHub/Class/TC2/Project-Train/DerivedDataCache/DDC.ddp not found, will not use a pak cache.
[2020.03.23-22.44.34:802][  0]LogDerivedDataCache: Unable to find inner node Pak for hierarchical cache Hierarchy.
[2020.03.23-22.44.34:802][  0]LogDerivedDataCache: FDerivedDataBackendGraph:  CompressedPak pak cache file ../../../../../../Users/jacob/Documents/GitHub/Class/TC2/Project-Train/DerivedDataCache/Compressed.ddp not found, will not use a pak cache.
[2020.03.23-22.44.34:802][  0]LogDerivedDataCache: Unable to find inner node CompressedPak for hierarchical cache Hierarchy.
[2020.03.23-22.44.34:928][  0]LogDerivedDataCache: Display: Pak cache opened for reading ../../../Engine/DerivedDataCache/Compressed.ddp.
[2020.03.23-22.44.34:928][  0]LogDerivedDataCache: FDerivedDataBackendGraph:  EnterprisePak pak cache file ../../../Enterprise/DerivedDataCache/Compressed.ddp not found, will not use a pak cache.
[2020.03.23-22.44.34:928][  0]LogDerivedDataCache: Unable to find inner node EnterprisePak for hierarchical cache Hierarchy.
[2020.03.23-22.44.34:930][  0]LogDerivedDataCache: Using Local data cache path C:/Users/jacob/AppData/Local/UnrealEngine/Common/DerivedDataCache: Writable
[2020.03.23-22.44.34:930][  0]LogDerivedDataCache: Shared data cache path not found in *engine.ini, will not use an Shared cache.
[2020.03.23-22.44.34:930][  0]LogDerivedDataCache: Unable to find inner node Shared for hierarchical cache Hierarchy.
[2020.03.23-22.44.34:966][  0]LogMaterial: Verifying Global Shaders for PCD3D_SM5
[2020.03.23-22.44.34:968][  0]LogSlate: Using FreeType 2.10.0
[2020.03.23-22.44.35:414][  0]LogSlate: SlateFontServices - WITH_FREETYPE: 1, WITH_HARFBUZZ: 1
[2020.03.23-22.44.37:837][  0]LogAssetRegistry: FAssetRegistry took 0.0062 seconds to start up
[2020.03.23-22.44.38:436][  0]LogInit: Selected Device Profile: [Windows]
[2020.03.23-22.44.38:734][  0]LogMeshReduction: Using QuadricMeshReduction for automatic static mesh reduction
[2020.03.23-22.44.38:734][  0]LogMeshReduction: Using SimplygonMeshReduction for automatic skeletal mesh reduction
[2020.03.23-22.44.38:734][  0]LogMeshReduction: Using ProxyLODMeshReduction for automatic mesh merging
[2020.03.23-22.44.38:734][  0]LogMeshReduction: No distributed automatic mesh merging module available
[2020.03.23-22.44.38:734][  0]LogMeshMerging: No distributed automatic mesh merging module available
[2020.03.23-22.44.38:932][  0]LogNetVersion: ProjectTrain 1.0.0, NetCL: 10570792, EngineNetVer: 13, GameNetVer: 0 (Checksum: 1973535973)
[2020.03.23-22.44.59:576][  0]LogPackageLocalizationCache: Processed 10 localized package path(s) for 1 prioritized culture(s) in 0.041631 seconds
[2020.03.23-22.44.59:584][  0]LogUObjectArray: 46750 objects as part of root set at end of initial load.
[2020.03.23-22.44.59:584][  0]LogUObjectAllocator: 8137160 out of 0 bytes used by permanent object pool.
[2020.03.23-22.44.59:584][  0]LogUObjectArray: CloseDisregardForGC: 0/0 objects in disregard for GC pool
[2020.03.23-22.45.00:235][  0]LogTcpMessaging: Initializing TcpMessaging bridge
[2020.03.23-22.45.00:241][  0]LogUdpMessaging: Initializing bridge on interface 0.0.0.0:0 to multicast group 230.0.0.1:6666.
[2020.03.23-22.45.00:313][  0]SourceControl: Source control is disabled
[2020.03.23-22.45.00:314][  0]SourceControl: Source control is disabled
[2020.03.23-22.45.00:316][  0]SourceControl: Source control is disabled
[2020.03.23-22.45.00:318][  0]SourceControl: Source control is disabled
[2020.03.23-22.45.00:320][  0]SourceControl: Source control is disabled
[2020.03.23-22.45.00:462][  0]LogAndroidPermission: UAndroidPermissionCallbackProxy::GetInstance
[2020.03.23-22.45.00:478][  0]LogAudioCaptureCore: Display: No Audio Capture implementations found. Audio input will be silent.
[2020.03.23-22.45.00:478][  0]LogAudioCaptureCore: Display: No Audio Capture implementations found. Audio input will be silent.
[2020.03.23-22.45.00:565][  0]LogOcInput: OculusInput pre-init called
[2020.03.23-22.45.00:574][  0]LogWindows: Failed to load 'OVRPlugin.dll' (GetLastError=126)
[2020.03.23-22.45.00:574][  0]LogWindows: File 'OVRPlugin.dll' does not exist
[2020.03.23-22.45.00:644][  0]LogEngine: Initializing Engine...
[2020.03.23-22.45.00:645][  0]LogHMD: Failed to initialize OpenVR with code 110
[2020.03.23-22.45.00:645][  0]LogStats: UGameplayTagsManager::InitializeManager -  0.000 s
[2020.03.23-22.45.00:966][  0]LogInit: Initializing FReadOnlyCVARCache
[2020.03.23-22.45.00:976][  0]LogAIModule: Creating AISystem for world Untitled
[2020.03.23-22.45.00:992][  0]LogAudioMixer: Display: Audio Mixer Platform Settings:
[2020.03.23-22.45.00:992][  0]LogAudioMixer: Display: 	Sample Rate:						  48000
[2020.03.23-22.45.00:992][  0]LogAudioMixer: Display: 	Callback Buffer Frame Size Requested: 1024
[2020.03.23-22.45.00:992][  0]LogAudioMixer: Display: 	Callback Buffer Frame Size To Use:	  1024
[2020.03.23-22.45.00:992][  0]LogAudioMixer: Display: 	Number of buffers to queue:			  2
[2020.03.23-22.45.00:992][  0]LogAudioMixer: Display: 	Max Channels (voices):				  32
[2020.03.23-22.45.00:992][  0]LogAudioMixer: Display: 	Number of Async Source Workers:		  0
[2020.03.23-22.45.00:992][  0]LogAudio: Display: AudioDevice MaxSources: 32
[2020.03.23-22.45.00:993][  0]LogAudio: Display: Using built-in audio occlusion.
[2020.03.23-22.45.00:993][  0]LogAudioMixer: Display: Initializing audio mixer.
[2020.03.23-22.45.01:014][  0]LogAudioMixer: Display: Audio Device Output Speaker Info:
[2020.03.23-22.45.01:014][  0]LogAudioMixer: Display: Name: Speakers (2- USB-BH209A)
[2020.03.23-22.45.01:014][  0]LogAudioMixer: Display: Is Default: Yes
[2020.03.23-22.45.01:014][  0]LogAudioMixer: Display: Sample Rate: 48000
[2020.03.23-22.45.01:014][  0]LogAudioMixer: Display: Channel Count Used: 2
[2020.03.23-22.45.01:014][  0]LogAudioMixer: Display: Device Channel Count: 2
[2020.03.23-22.45.01:014][  0]LogAudioMixer: Display: Channel Order:
[2020.03.23-22.45.01:014][  0]LogAudioMixer: Display: 0: FrontLeft
[2020.03.23-22.45.01:014][  0]LogAudioMixer: Display: 1: FrontRight
[2020.03.23-22.45.01:033][  0]LogAudioMixer: Display: Using Audio Device Speakers (2- USB-BH209A)
[2020.03.23-22.45.01:038][  0]LogInit: FAudioDevice initialized.
[2020.03.23-22.45.01:038][  0]LogNetVersion: Set ProjectVersion to 1.0.0.0. Version Checksum will be recalculated on next use.
[2020.03.23-22.45.01:131][  0]LogDerivedDataCache: Saved boot cache 0.09s 78MB C:/Users/jacob/AppData/Local/UnrealEngine/4.24/DerivedDataCache/Boot.ddc.
[2020.03.23-22.45.01:137][  0]LogInit: Texture streaming: Enabled
[2020.03.23-22.45.01:160][  0]LogEngineSessionManager: EngineSessionManager initialized
[2020.03.23-22.45.01:160][  0]LogEditorSessionSummary: Verbose: Initializing EditorSessionSummaryWriter for editor session tracking
[2020.03.23-22.45.01:164][  0]LogEditorSessionSummary: EditorSessionSummaryWriter initialized
[2020.03.23-22.45.01:234][  0]LogInit: Transaction tracking system initialized
[2020.03.23-22.45.01:276][  0]BlueprintLog: New page: Editor Load
[2020.03.23-22.45.01:346][  0]LocalizationService: Localization service is disabled
[2020.03.23-22.45.01:661][  0]LogFileCache: Scanning file cache for directory 'C:/Users/jacob/Documents/GitHub/Class/TC2/Project-Train/Content/' took 0.01s
[2020.03.23-22.45.01:661][  0]LogCook: Display: Max memory allowance for cook 16384mb min free memory 0mb
[2020.03.23-22.45.01:661][  0]LogCook: Display: Mobile HDR setting 1
[2020.03.23-22.45.02:381][  0]SourceControl: Source control is disabled
[2020.03.23-22.45.02:381][  0]Cmd: MAP LOAD FILE="../../../../../../Users/jacob/Documents/GitHub/Class/TC2/Project-Train/Content/FirstPersonBP/Maps/FirstPersonExampleMap.umap" TEMPLATE=0 SHOWPROGRESS=1 FEATURELEVEL=3
[2020.03.23-22.45.02:381][  0]LightingResults: New page: Lighting Build
[2020.03.23-22.45.02:383][  0]LogWorld: UWorld::CleanupWorld for Untitled, bSessionEnded=true, bCleanupResources=true
[2020.03.23-22.45.02:383][  0]LogSlate: InvalidateAllWidgets triggered.  All widgets were invalidated
[2020.03.23-22.45.02:383][  0]MapCheck: New page: Map Check
[2020.03.23-22.45.02:383][  0]LightingResults: New page: Lighting Build
[2020.03.23-22.45.02:406][  0]LogUObjectHash: Compacting FUObjectHashTables data took   1.73ms
[2020.03.23-22.45.02:728][  0]LogAIModule: Creating AISystem for world FirstPersonExampleMap
[2020.03.23-22.45.02:737][  0]LogEditorServer: Finished looking for orphan Actors (0.000 secs)
[2020.03.23-22.45.02:767][  0]LogUObjectHash: Compacting FUObjectHashTables data took   2.35ms
[2020.03.23-22.45.02:768][  0]Cmd: MAP CHECKDEP NOCLEARLOG
[2020.03.23-22.45.02:768][  0]MapCheck: Map check complete: 0 Error(s), 0 Warning(s), took 0.141ms to complete.
[2020.03.23-22.45.02:768][  0]LogFileHelpers: Loading map 'FirstPersonExampleMap' took 0.386
[2020.03.23-22.45.02:922][  0]LogSlate: Updating window title bar state: overlay mode, drag disabled, window buttons hidden, title bar hidden
[2020.03.23-22.45.02:928][  0]LogSlate: Updating window title bar state: overlay mode, drag disabled, window buttons hidden, title bar hidden
[2020.03.23-22.45.02:935][  0]LogSlate: Updating window title bar state: overlay mode, drag disabled, window buttons hidden, title bar hidden
[2020.03.23-22.45.02:942][  0]LogSlate: Updating window title bar state: overlay mode, drag disabled, window buttons hidden, title bar hidden
[2020.03.23-22.45.02:954][  0]LogCollectionManager: Loaded 0 collections in 0.001803 seconds
[2020.03.23-22.45.02:966][  0]LogFileCache: Scanning file cache for directory 'C:/Users/jacob/Documents/GitHub/Class/TC2/Project-Train/Saved/Collections/' took 0.00s
[2020.03.23-22.45.02:966][  0]LogFileCache: Scanning file cache for directory 'C:/Users/jacob/Documents/GitHub/Class/TC2/Project-Train/Content/Developers/jacob/Collections/' took 0.00s
[2020.03.23-22.45.02:966][  0]LogFileCache: Scanning file cache for directory 'C:/Users/jacob/Documents/GitHub/Class/TC2/Project-Train/Content/Collections/' took 0.00s
[2020.03.23-22.45.02:966][  0]LogContentBrowser: Native class hierarchy populated in 0.0076 seconds. Added 3015 classes and 717 folders.
[2020.03.23-22.45.02:971][  0]LogContentBrowser: Native class hierarchy updated for 'WidgetCarousel' in 0.0002 seconds. Added 0 classes and 0 folders.
[2020.03.23-22.45.03:358][  0]LogContentBrowser: Native class hierarchy updated for 'AddContentDialog' in 0.0002 seconds. Added 0 classes and 0 folders.
[2020.03.23-22.45.03:363][  0]LogContentBrowser: Native class hierarchy updated for 'SceneOutliner' in 0.0002 seconds. Added 2 classes and 3 folders.
[2020.03.23-22.45.03:416][  0]LogSlate: Took 0.009674 seconds to synchronously load lazily loaded font '../../../Engine/Content/Slate/Fonts/Roboto-Regular.ttf' (155K)
[2020.03.23-22.45.03:426][  0]LogSlate: Took 0.008106 seconds to synchronously load lazily loaded font '../../../Engine/Content/Slate/Fonts/Roboto-Bold.ttf' (160K)
[2020.03.23-22.45.03:437][  0]LogSlate: Took 0.006393 seconds to synchronously load lazily loaded font '../../../Engine/Content/Editor/Slate/Fonts/FontAwesome.ttf' (139K)
[2020.03.23-22.45.03:552][  0]LogRenderer: Reallocating scene render targets to support 1704x688 Format 10 NumSamples 1 (Frame:1).
[2020.03.23-22.45.03:700][  0]LogContentBrowser: Native class hierarchy updated for 'HierarchicalLODOutliner' in 0.0002 seconds. Added 0 classes and 0 folders.
[2020.03.23-22.45.03:700][  0]LogLoad: (Engine Initialization) Total time: 47.08 seconds
[2020.03.23-22.45.03:700][  0]LogLoad: (Engine Initialization) Total Blueprint compile time: 0.00 seconds
[2020.03.23-22.45.03:760][  0]LogContentStreaming: Texture pool size now 1000 MB
[2020.03.23-22.45.03:791][  0]LogSlate: Took 0.008978 seconds to synchronously load lazily loaded font '../../../Engine/Content/Slate/Fonts/Roboto-Light.ttf' (167K)
[2020.03.23-22.45.04:367][ 11]LogAssetRegistry: Asset discovery search completed in 26.5321 seconds
[2020.03.23-22.45.04:372][ 11]LogCollectionManager: Fixed up redirectors for 0 collections in 0.000008 seconds (updated 0 objects)
[2020.03.23-22.45.08:066][445]LogTemp: Repeating last play command: Selected Viewport
[2020.03.23-22.45.08:070][445]LogBlueprintUserMessages: Early PlayInEditor Detection: Level '/Game/FirstPersonBP/Maps/FirstPersonExampleMap.FirstPersonExampleMap:PersistentLevel' has LevelScriptBlueprint '/Game/FirstPersonBP/Maps/FirstPersonExampleMap.FirstPersonExampleMap:PersistentLevel.FirstPersonExampleMap' with GeneratedClass '/Game/FirstPersonBP/Maps/FirstPersonExampleMap.FirstPersonExampleMap_C' with ClassGeneratedBy '/Game/FirstPersonBP/Maps/FirstPersonExampleMap.FirstPersonExampleMap:PersistentLevel.FirstPersonExampleMap'
[2020.03.23-22.45.08:070][445]LogPlayLevel: PlayLevel: No blueprints needed recompiling
[2020.03.23-22.45.08:127][445]PIE: New page: PIE session: FirstPersonExampleMap (Mar 23, 2020, 10:45:08 AM)
[2020.03.23-22.45.08:129][445]LogOnline: OSS: Creating online subsystem instance for: NULL
[2020.03.23-22.45.08:132][445]LogOnline: OSS: TryLoadSubsystemAndSetDefault: Loaded subsystem for module [NULL]
[2020.03.23-22.45.08:133][445]LogPlayLevel: Creating play world package: /Game/FirstPersonBP/Maps/UEDPIE_0_FirstPersonExampleMap
[2020.03.23-22.45.08:188][445]LogPlayLevel: PIE: StaticDuplicateObject took: (0.055633s)
[2020.03.23-22.45.08:193][445]LogAIModule: Creating AISystem for world FirstPersonExampleMap
[2020.03.23-22.45.08:194][445]LogPlayLevel: PIE: World Init took: (0.005324s)
[2020.03.23-22.45.08:194][445]LogPlayLevel: PIE: Created PIE world by copying editor world from /Game/FirstPersonBP/Maps/FirstPersonExampleMap.FirstPersonExampleMap to /Game/FirstPersonBP/Maps/UEDPIE_0_FirstPersonExampleMap.FirstPersonExampleMap (0.061972s)
[2020.03.23-22.45.08:253][445]LogUObjectHash: Compacting FUObjectHashTables data took   1.34ms
[2020.03.23-22.45.08:254][445]LogAudioMixer: Display: Audio Mixer Platform Settings:
[2020.03.23-22.45.08:254][445]LogAudioMixer: Display: 	Sample Rate:						  48000
[2020.03.23-22.45.08:254][445]LogAudioMixer: Display: 	Callback Buffer Frame Size Requested: 1024
[2020.03.23-22.45.08:254][445]LogAudioMixer: Display: 	Callback Buffer Frame Size To Use:	  1024
[2020.03.23-22.45.08:254][445]LogAudioMixer: Display: 	Number of buffers to queue:			  2
[2020.03.23-22.45.08:254][445]LogAudioMixer: Display: 	Max Channels (voices):				  32
[2020.03.23-22.45.08:254][445]LogAudioMixer: Display: 	Number of Async Source Workers:		  0
[2020.03.23-22.45.08:254][445]LogAudio: Display: AudioDevice MaxSources: 32
[2020.03.23-22.45.08:254][445]LogAudio: Display: Using built-in audio occlusion.
[2020.03.23-22.45.08:254][445]LogAudioMixer: Display: Initializing audio mixer.
[2020.03.23-22.45.08:271][445]LogAudioMixer: Display: Audio Device Output Speaker Info:
[2020.03.23-22.45.08:271][445]LogAudioMixer: Display: Name: Speakers (2- USB-BH209A)
[2020.03.23-22.45.08:271][445]LogAudioMixer: Display: Is Default: Yes
[2020.03.23-22.45.08:271][445]LogAudioMixer: Display: Sample Rate: 48000
[2020.03.23-22.45.08:271][445]LogAudioMixer: Display: Channel Count Used: 2
[2020.03.23-22.45.08:271][445]LogAudioMixer: Display: Device Channel Count: 2
[2020.03.23-22.45.08:271][445]LogAudioMixer: Display: Channel Order:
[2020.03.23-22.45.08:271][445]LogAudioMixer: Display: 0: FrontLeft
[2020.03.23-22.45.08:271][445]LogAudioMixer: Display: 1: FrontRight
[2020.03.23-22.45.08:280][445]LogAudioMixer: Display: Using Audio Device Speakers (2- USB-BH209A)
[2020.03.23-22.45.08:281][445]LogInit: FAudioDevice initialized.
[2020.03.23-22.45.08:289][445]LogLoad: Game class is 'FirstPersonGameMode_C'
[2020.03.23-22.45.08:291][445]LogWorld: Bringing World /Game/FirstPersonBP/Maps/UEDPIE_0_FirstPersonExampleMap.FirstPersonExampleMap up for play (max tick rate 0) at 2020.03.23-16.45.08
[2020.03.23-22.45.08:291][445]LogWorld: Bringing up level for play took: 0.001612
[2020.03.23-22.45.08:291][445]LogOnline: OSS: Creating online subsystem instance for: :Context_1
[2020.03.23-22.45.08:328][445]LogContentBrowser: Native class hierarchy updated for 'MovieSceneCapture' in 0.0006 seconds. Added 20 classes and 0 folders.
[2020.03.23-22.45.08:329][445]PIE: Play in editor start time for /Game/FirstPersonBP/Maps/UEDPIE_0_FirstPersonExampleMap 0.904
[2020.03.23-22.45.08:330][445]LogBlueprintUserMessages: Late PlayInEditor Detection: Level '/Game/FirstPersonBP/Maps/FirstPersonExampleMap.FirstPersonExampleMap:PersistentLevel' has LevelScriptBlueprint '/Game/FirstPersonBP/Maps/FirstPersonExampleMap.FirstPersonExampleMap:PersistentLevel.FirstPersonExampleMap' with GeneratedClass '/Game/FirstPersonBP/Maps/FirstPersonExampleMap.FirstPersonExampleMap_C' with ClassGeneratedBy '/Game/FirstPersonBP/Maps/FirstPersonExampleMap.FirstPersonExampleMap:PersistentLevel.FirstPersonExampleMap'
[2020.03.23-22.45.11:794][844]LogAudioMixer: Display: No commands were queued while flushing the source manager.
[2020.03.23-22.45.11:794][844]LogAudioMixer: Display: No commands were queued while flushing the source manager.
[2020.03.23-22.45.11:794][844]LogBlueprintUserMessages: Early EndPlayMap Detection: Level '/Game/FirstPersonBP/Maps/FirstPersonExampleMap.FirstPersonExampleMap:PersistentLevel' has LevelScriptBlueprint '/Game/FirstPersonBP/Maps/FirstPersonExampleMap.FirstPersonExampleMap:PersistentLevel.FirstPersonExampleMap' with GeneratedClass '/Game/FirstPersonBP/Maps/FirstPersonExampleMap.FirstPersonExampleMap_C' with ClassGeneratedBy '/Game/FirstPersonBP/Maps/FirstPersonExampleMap.FirstPersonExampleMap:PersistentLevel.FirstPersonExampleMap'
[2020.03.23-22.45.11:794][844]LogSlate: Updating window title bar state: overlay mode, drag disabled, window buttons hidden, title bar hidden
[2020.03.23-22.45.11:794][844]LogWorld: BeginTearingDown for /Game/FirstPersonBP/Maps/UEDPIE_0_FirstPersonExampleMap
[2020.03.23-22.45.11:794][844]LogAudioMixer: Display: No commands were queued while flushing the source manager.
[2020.03.23-22.45.11:795][844]LogWorld: UWorld::CleanupWorld for FirstPersonExampleMap, bSessionEnded=true, bCleanupResources=true
[2020.03.23-22.45.11:795][844]LogSlate: InvalidateAllWidgets triggered.  All widgets were invalidated
[2020.03.23-22.45.11:804][844]LogPlayLevel: Display: Shutting down PIE online subsystems
[2020.03.23-22.45.11:804][844]LogBlueprintUserMessages: Late EndPlayMap Detection: Level '/Game/FirstPersonBP/Maps/FirstPersonExampleMap.FirstPersonExampleMap:PersistentLevel' has LevelScriptBlueprint '/Game/FirstPersonBP/Maps/FirstPersonExampleMap.FirstPersonExampleMap:PersistentLevel.FirstPersonExampleMap' with GeneratedClass '/Game/FirstPersonBP/Maps/FirstPersonExampleMap.FirstPersonExampleMap_C' with ClassGeneratedBy '/Game/FirstPersonBP/Maps/FirstPersonExampleMap.FirstPersonExampleMap:PersistentLevel.FirstPersonExampleMap'
[2020.03.23-22.45.11:807][844]LogSlate: InvalidateAllWidgets triggered.  All widgets were invalidated
[2020.03.23-22.45.11:827][844]LogAudioMixer: Display: No commands were queued while flushing the source manager.
[2020.03.23-22.45.11:830][844]LogSlate: Updating window title bar state: overlay mode, drag disabled, window buttons hidden, title bar hidden
[2020.03.23-22.45.11:832][844]LogUObjectHash: Compacting FUObjectHashTables data took   1.64ms
[2020.03.23-22.45.11:894][848]LogPlayLevel: Display: Destroying online subsystem :Context_1
[2020.03.23-22.45.18:617][634]LogEditorViewport: Clicking on Actor (LMB): FirstPersonCharacter_C (FirstPersonCharacter)
[2020.03.23-22.45.20:896][780]LogSlate: Took 0.043160 seconds to synchronously load lazily loaded font '../../../Engine/Content/Slate/Fonts/Roboto-Italic.ttf' (157K)
[2020.03.23-22.45.40:598][880]LogSlate: Took 0.000656 seconds to synchronously load lazily loaded font '../../../Engine/Content/Slate/Fonts/Roboto-Light.ttf' (167K)
[2020.03.23-22.45.40:730][880]LogUObjectHash: Compacting FUObjectHashTables data took   2.24ms
[2020.03.23-22.45.41:746][880]LogSavePackage: Moving '../../../../../../Users/jacob/Documents/GitHub/Class/TC2/Project-Train/Saved/FirstPersonExampleMap9F0095C14443BFB9CC46A5807999890F.tmp' to '../../../../../../Users/jacob/Documents/GitHub/Class/TC2/Project-Train/Content/FirstPersonBP/Maps/FirstPersonExampleMap.umap'
[2020.03.23-22.45.43:721][880]LogSavePackage: Moving '../../../../../../Users/jacob/Documents/GitHub/Class/TC2/Project-Train/Saved/FirstPersonExampleMap_BuiltData892FFA994A88AA73289D2EB92F1989A6.tmp' to '../../../../../../Users/jacob/Documents/GitHub/Class/TC2/Project-Train/Content/FirstPersonBP/Maps/FirstPersonExampleMap_BuiltData.uasset'
[2020.03.23-22.45.43:750][880]AssetCheck: New page: Asset Save: multiple assets
[2020.03.23-22.45.43:750][880]LogContentValidation: Display: Validating World /Game/FirstPersonBP/Maps/FirstPersonExampleMap.FirstPersonExampleMap
[2020.03.23-22.45.43:750][880]LogContentValidation: Display: Validating MapBuildDataRegistry /Game/FirstPersonBP/Maps/FirstPersonExampleMap_BuiltData.FirstPersonExampleMap_BuiltData
[2020.03.23-22.54.31:305][189]LogFactory: FactoryCreateFile: StaticMesh with FbxFactory (0 0 ../../../../../../Users/jacob/Desktop/placeholder_ai.obj)
[2020.03.23-22.54.31:337][189]LogFbx: Loading FBX Scene from ../../../../../../Users/jacob/Desktop/placeholder_ai.obj
[2020.03.23-22.54.31:389][189]LogFbx: FBX Scene Loaded Succesfully
[2020.03.23-22.54.43:458][189]LogSlate: Window 'FBX Import Options' being destroyed
[2020.03.23-22.54.43:901][189]LogMaterial: Display: Missing cached shader map for material initialShadingGroup, compiling. 
[2020.03.23-22.54.43:945][189]LogFbx: Display: Triangulating static mesh pSphere6
[2020.03.23-22.54.44:210][189]LogShaderCompilers: Display: Worker (1/5): shaders left to compile 15
[2020.03.23-22.54.44:210][189]LogShaderCompilers: Display: Worker (2/5): shaders left to compile 11
[2020.03.23-22.54.44:210][189]LogShaderCompilers: Display: Worker (3/5): shaders left to compile 7
[2020.03.23-22.54.44:210][189]LogShaderCompilers: Display: Worker (4/5): shaders left to compile 3
[2020.03.23-22.54.44:215][189]LogStaticMesh: Building static mesh placeholder_ai...
[2020.03.23-22.54.44:277][189]LogStaticMesh: Built static mesh [0.06s] /Game/FirstPersonBP/Models/placeholder_ai.placeholder_ai
[2020.03.23-22.54.46:302][283]LogActorFactory: Actor Factory created placeholder_ai
[2020.03.23-22.54.47:648][427]LogActorFactory: Actor Factory created placeholder_ai
[2020.03.23-22.54.49:000][581]Cmd: CAMERA ALIGN ACTIVEVIEWPORTONLY
[2020.03.23-22.54.56:691][487]Cmd: TRANSACTION UNDO
[2020.03.23-22.54.56:691][487]LogEditorTransaction: Undo Scale Actors
[2020.03.23-22.54.58:309][630]Cmd: DELETE
[2020.03.23-22.54.58:309][630]Cmd: ACTOR DELETE
[2020.03.23-22.54.58:328][630]LogEditorActor: Deleted Actor: StaticMeshActor
[2020.03.23-22.54.58:355][630]LogUObjectHash: Compacting FUObjectHashTables data took   2.78ms
[2020.03.23-22.54.58:358][630]LogEditorActor: Deleted 1 Actors (0.037 secs)
[2020.03.23-22.55.00:407][827]LogUObjectHash: Compacting FUObjectHashTables data took   0.78ms
[2020.03.23-22.55.02:036][827]LogSlate: Window 'Delete Assets' being destroyed
[2020.03.23-22.55.02:130][827]LogUObjectHash: Compacting FUObjectHashTables data took   1.58ms
[2020.03.23-22.55.03:234][956]LogUObjectHash: Compacting FUObjectHashTables data took   0.72ms
[2020.03.23-22.55.04:526][956]LogSlate: Window 'Delete Assets' being destroyed
[2020.03.23-22.55.04:613][956]LogUObjectHash: Compacting FUObjectHashTables data took   1.79ms
[2020.03.23-22.55.15:766][457]LogFactory: FactoryCreateFile: StaticMesh with FbxFactory (0 0 ../../../../../../Users/jacob/Desktop/placeholder_ai.obj)
[2020.03.23-22.55.15:773][457]LogFbx: Loading FBX Scene from ../../../../../../Users/jacob/Desktop/placeholder_ai.obj
[2020.03.23-22.55.15:821][457]LogFbx: FBX Scene Loaded Succesfully
[2020.03.23-22.55.24:884][457]LogSlate: Window 'FBX Import Options' being destroyed
[2020.03.23-22.55.24:922][457]LogMaterial: Display: Missing cached shader map for material initialShadingGroup, compiling. 
[2020.03.23-22.55.24:933][457]LogFbx: Display: Triangulating static mesh pSphere6
[2020.03.23-22.55.25:257][457]LogShaderCompilers: Display: Worker (1/5): shaders left to compile 15
[2020.03.23-22.55.25:257][457]LogShaderCompilers: Display: Worker (2/5): shaders left to compile 11
[2020.03.23-22.55.25:257][457]LogShaderCompilers: Display: Worker (3/5): shaders left to compile 7
[2020.03.23-22.55.25:257][457]LogShaderCompilers: Display: Worker (4/5): shaders left to compile 3
[2020.03.23-22.55.25:259][457]LogStaticMesh: Building static mesh placeholder_ai...
[2020.03.23-22.55.25:357][457]LogStaticMesh: Built static mesh [0.10s] /Game/FirstPersonBP/Models/placeholder_ai.placeholder_ai
[2020.03.23-22.55.26:583][531]LogActorFactory: Actor Factory created placeholder_ai
[2020.03.23-22.55.27:984][676]LogActorFactory: Actor Factory created placeholder_ai
[2020.03.23-22.55.32:804][181]LogUObjectHash: Compacting FUObjectHashTables data took   1.91ms
[2020.03.23-22.55.41:034][181]LogSlate: Window 'Delete Assets' being destroyed
[2020.03.23-22.55.41:604][181]LogUObjectGlobals: Force Deleting 1 Package(s):
	Asset Name: /Game/FirstPersonBP/Models/placeholder_ai.placeholder_ai
[2020.03.23-22.55.42:394][181]LogUObjectHash: Compacting FUObjectHashTables data took   1.54ms
[2020.03.23-22.55.51:482][234]LogUObjectHash: Compacting FUObjectHashTables data took   0.86ms
[2020.03.23-22.55.51:677][234]LogSavePackage: Moving '../../../../../../Users/jacob/Documents/GitHub/Class/TC2/Project-Train/Saved/FirstPersonExampleMap_Auto1BBF6815A46D68059B4C7C6A15D942DE8.tmp' to '../../../../../../Users/jacob/Documents/GitHub/Class/TC2/Project-Train/Saved/Autosaves/Game/FirstPersonBP/Maps/FirstPersonExampleMap_Auto1.umap'
[2020.03.23-22.55.51:682][234]LogFileHelpers: Editor autosave (incl. sublevels) for '/Game/FirstPersonBP/Maps/FirstPersonExampleMap' took 0.227
[2020.03.23-22.55.51:682][234]LogFileHelpers: Editor autosave (incl. sublevels) for all levels took 0.227
[2020.03.23-22.55.51:683][234]OBJ SavePackage: Generating thumbnails for [1] asset(s) in package [/Game/FirstPersonBP/Models/initialShadingGroup] ([1] browsable assets)...
[2020.03.23-22.55.51:708][234]OBJ SavePackage:     Rendered thumbnail for [Material /Game/FirstPersonBP/Models/initialShadingGroup.initialShadingGroup]
[2020.03.23-22.55.51:708][234]OBJ SavePackage: Finished generating thumbnails for package [/Game/FirstPersonBP/Models/initialShadingGroup]
[2020.03.23-22.55.51:748][234]LogSavePackage: Moving '../../../../../../Users/jacob/Documents/GitHub/Class/TC2/Project-Train/Saved/initialShadingGroup_Auto1F06005A942B9151F499FC28A67797AEF.tmp' to '../../../../../../Users/jacob/Documents/GitHub/Class/TC2/Project-Train/Saved/Autosaves/Game/FirstPersonBP/Models/initialShadingGroup_Auto1.uasset'
[2020.03.23-22.55.51:750][234]LogFileHelpers: Auto-saving content packages took 0.068
[2020.03.23-22.55.54:344][516]LogUObjectHash: Compacting FUObjectHashTables data took   2.46ms
[2020.03.23-22.55.55:810][516]LogSlate: Window 'Delete Assets' being destroyed
[2020.03.23-22.55.55:876][516]LogUObjectHash: Compacting FUObjectHashTables data took   1.71ms
[2020.03.23-22.56.09:034][361]LogFactory: FactoryCreateFile: StaticMesh with FbxFactory (0 0 ../../../../../../Users/jacob/Desktop/placeholder_ai.obj)
[2020.03.23-22.56.09:041][361]LogFbx: Loading FBX Scene from ../../../../../../Users/jacob/Desktop/placeholder_ai.obj
[2020.03.23-22.56.09:090][361]LogFbx: FBX Scene Loaded Succesfully
[2020.03.23-22.56.24:012][361]LogSlate: Window 'FBX Import Options' being destroyed
[2020.03.23-22.56.24:046][361]LogMaterial: Display: Missing cached shader map for material initialShadingGroup, compiling. 
[2020.03.23-22.56.24:058][361]LogFbx: Display: Triangulating static mesh pSphere6
[2020.03.23-22.56.24:395][361]LogShaderCompilers: Display: Worker (1/5): shaders left to compile 15
[2020.03.23-22.56.24:395][361]LogShaderCompilers: Display: Worker (2/5): shaders left to compile 11
[2020.03.23-22.56.24:395][361]LogShaderCompilers: Display: Worker (3/5): shaders left to compile 7
[2020.03.23-22.56.24:395][361]LogShaderCompilers: Display: Worker (4/5): shaders left to compile 3
[2020.03.23-22.56.24:398][361]LogStaticMesh: Building static mesh placeholder_ai...
[2020.03.23-22.56.24:487][361]LogStaticMesh: Built static mesh [0.09s] /Game/FirstPersonBP/Models/placeholder_ai.placeholder_ai
[2020.03.23-22.56.26:120][466]LogAssetEditorSubsystem: Opening Asset editor for StaticMesh /Game/FirstPersonBP/Models/placeholder_ai.placeholder_ai
[2020.03.23-22.56.30:003][801]LogSlate: Window 'placeholder_ai' being destroyed
[2020.03.23-22.56.30:008][801]LogSlate: Window 'placeholder_ai' being destroyed
[2020.03.23-22.56.30:018][801]LogWorld: UWorld::CleanupWorld for World_2, bSessionEnded=true, bCleanupResources=true
[2020.03.23-22.56.30:018][801]LogSlate: InvalidateAllWidgets triggered.  All widgets were invalidated
[2020.03.23-22.56.31:199][911]LogActorFactory: Actor Factory created placeholder_ai
[2020.03.23-22.56.32:624][ 75]LogActorFactory: Actor Factory created placeholder_ai
[2020.03.23-22.56.39:697][916]LogEditorViewport: Clicking on Actor (LMB): StaticMeshActor (placeholder_ai2)
[2020.03.23-22.56.58:419][ 75]LogEditorViewport: Clicking on Actor (LMB): StaticMeshActor (Floor)
[2020.03.23-22.57.03:647][673]LogEditorViewport: Clicking on Actor (LMB): BP_Sky_Sphere_C (SkySphereBlueprint)
[2020.03.23-22.57.07:933][860]LogAudioMixer: Warning: Changing default audio render device to new device: {0.0.0.00000000}.{09697265-7199-49da-9d96-c009b49184a2}.
