Log file open, 04/28/20 12:30:29
LogWindows: Failed to load 'aqProf.dll' (GetLastError=126)
LogWindows: File 'aqProf.dll' does not exist
LogWindows: Failed to load 'VtuneApi.dll' (GetLastError=126)
LogWindows: File 'VtuneApi.dll' does not exist
LogWindows: Failed to load 'VtuneApi32e.dll' (GetLastError=126)
LogWindows: File 'VtuneApi32e.dll' does not exist
LogConsoleResponse: Display: Failed to find resolution value strings in scalability ini. Falling back to default.
LogInit: Display: Running engine for game: ProjectTrain
LogPlatformFile: Not using cached read wrapper
LogTaskGraph: Started task graph with 5 named threads and 23 total threads with 3 sets of task threads.
LogStats: Stats thread started at 0.061966
LogD3D11RHI: Loaded GFSDK_Aftermath_Lib.x64.dll
LogICUInternationalization: ICU TimeZone Detection - Raw Offset: -7:00, Platform Override: ''
LogPluginManager: Mounting plugin Paper2D
LogPluginManager: Mounting plugin AISupport
LogPluginManager: Mounting plugin LightPropagationVolume
LogPluginManager: Mounting plugin ActorLayerUtilities
LogPluginManager: Mounting plugin AnimationSharing
LogPluginManager: Mounting plugin CLionSourceCodeAccess
LogPluginManager: Mounting plugin CodeLiteSourceCodeAccess
LogPluginManager: Mounting plugin GitSourceControl
LogPluginManager: Mounting plugin KDevelopSourceCodeAccess
LogPluginManager: Mounting plugin NullSourceCodeAccess
LogPluginManager: Mounting plugin PerforceSourceControl
LogPluginManager: Mounting plugin PlasticSourceControl
LogPluginManager: Mounting plugin SubversionSourceControl
LogPluginManager: Mounting plugin UObjectPlugin
LogPluginManager: Mounting plugin VisualStudioCodeSourceCodeAccess
LogPluginManager: Mounting plugin VisualStudioSourceCodeAccess
LogPluginManager: Mounting plugin XCodeSourceCodeAccess
LogPluginManager: Mounting plugin AssetManagerEditor
LogPluginManager: Mounting plugin CryptoKeys
LogPluginManager: Mounting plugin CurveEditorTools
LogPluginManager: Mounting plugin DataValidation
LogPluginManager: Mounting plugin FacialAnimation
LogPluginManager: Mounting plugin GameplayTagsEditor
LogPluginManager: Mounting plugin MacGraphicsSwitching
LogPluginManager: Mounting plugin MaterialAnalyzer
LogPluginManager: Mounting plugin MobileLauncherProfileWizard
LogPluginManager: Mounting plugin PluginBrowser
LogPluginManager: Mounting plugin SpeedTreeImporter
LogPluginManager: Mounting plugin DatasmithContent
LogPluginManager: Mounting plugin VariantManagerContent
LogPluginManager: Mounting plugin AlembicImporter
LogPluginManager: Mounting plugin AutomationUtils
LogPluginManager: Mounting plugin BackChannel
LogPluginManager: Mounting plugin CharacterAI
LogPluginManager: Mounting plugin GeometryCache
LogPluginManager: Mounting plugin PlatformCrypto
LogPluginManager: Mounting plugin ProxyLODPlugin
LogPluginManager: Mounting plugin SkeletalReduction
LogPluginManager: Mounting plugin MagicLeap
LogPluginManager: Mounting plugin MagicLeapMedia
LogPluginManager: Mounting plugin MLSDK
LogPluginManager: Mounting plugin AndroidMedia
LogPluginManager: Mounting plugin AvfMedia
LogPluginManager: Mounting plugin ImgMedia
LogPluginManager: Mounting plugin MediaCompositing
LogPluginManager: Mounting plugin MediaPlayerEditor
LogPluginManager: Mounting plugin WebMMedia
LogPluginManager: Mounting plugin WmfMedia
LogPluginManager: Mounting plugin TcpMessaging
LogPluginManager: Mounting plugin UdpMessaging
LogPluginManager: Mounting plugin ActorSequence
LogPluginManager: Mounting plugin LevelSequenceEditor
LogPluginManager: Mounting plugin MatineeToLevelSequence
LogPluginManager: Mounting plugin NetcodeUnitTest
LogPluginManager: Mounting plugin NUTUnrealEngine4
LogPluginManager: Mounting plugin OnlineSubsystemGooglePlay
LogPluginManager: Mounting plugin OnlineSubsystemIOS
LogPluginManager: Mounting plugin OnlineSubsystem
LogPluginManager: Mounting plugin OnlineSubsystemNull
LogPluginManager: Mounting plugin OnlineSubsystemUtils
LogPluginManager: Mounting plugin LauncherChunkInstaller
LogPluginManager: Mounting plugin AndroidDeviceProfileSelector
LogPluginManager: Mounting plugin AndroidMoviePlayer
LogPluginManager: Mounting plugin AndroidPermission
LogPluginManager: Mounting plugin AppleImageUtils
LogPluginManager: Mounting plugin AppleMoviePlayer
LogPluginManager: Mounting plugin ArchVisCharacter
LogPluginManager: Mounting plugin AssetTags
LogPluginManager: Mounting plugin AudioCapture
LogPluginManager: Mounting plugin CableComponent
LogPluginManager: Mounting plugin CustomMeshComponent
LogPluginManager: Mounting plugin EditableMesh
LogPluginManager: Mounting plugin ExampleDeviceProfileSelector
LogPluginManager: Mounting plugin GoogleCloudMessaging
LogPluginManager: Mounting plugin IOSDeviceProfileSelector
LogPluginManager: Mounting plugin LinuxDeviceProfileSelector
LogPluginManager: Mounting plugin LocationServicesBPLibrary
LogPluginManager: Mounting plugin MobilePatchingUtils
LogPluginManager: Mounting plugin OculusVR
LogPluginManager: Mounting plugin PhysXVehicles
LogPluginManager: Mounting plugin PostSplashScreen
LogPluginManager: Mounting plugin ProceduralMeshComponent
LogPluginManager: Mounting plugin RuntimePhysXCooking
LogPluginManager: Mounting plugin SignificanceManager
LogPluginManager: Mounting plugin SteamVR
LogPluginManager: Mounting plugin WebMMoviePlayer
LogPluginManager: Mounting plugin WindowsMoviePlayer
LogPluginManager: Mounting plugin ScreenshotTools
LogInit: Using libcurl 7.55.1-DEV
LogInit:  - built for x86_64-pc-win32
LogInit:  - supports SSL with OpenSSL/1.1.1
LogInit:  - supports HTTP deflate (compression) using libz 1.2.8
LogInit:  - other features:
LogInit:      CURL_VERSION_SSL
LogInit:      CURL_VERSION_LIBZ
LogInit:      CURL_VERSION_IPV6
LogInit:      CURL_VERSION_ASYNCHDNS
LogInit:      CURL_VERSION_LARGEFILE
LogInit:      CURL_VERSION_IDN
LogInit:  CurlRequestOptions (configurable via config and command line):
LogInit:  - bVerifyPeer = true  - Libcurl will verify peer certificate
LogInit:  - bUseHttpProxy = false  - Libcurl will NOT use HTTP proxy
LogInit:  - bDontReuseConnections = false  - Libcurl will reuse connections
LogInit:  - MaxHostConnections = 16  - Libcurl will limit the number of connections to a host
LogInit:  - LocalHostAddr = Default
LogInit:  - BufferSize = 65536
LogOnline: OSS: Creating online subsystem instance for: NULL
LogInit: WinSock: version 1.1 (2.2), MaxSocks=32767, MaxUdp=65467
LogOnline: OSS: TryLoadSubsystemAndSetDefault: Loaded subsystem for module [NULL]
LogInit: Build: ++UE4+Release-4.24-CL-11100242
LogInit: Engine Version: 4.24.2-11100242+++UE4+Release-4.24
LogInit: Compatible Engine Version: 4.24.0-10570792+++UE4+Release-4.24
LogInit: Net CL: 10570792
LogInit: OS: Windows 10 (Release 1809) (), CPU: Intel(R) Core(TM) i7-4790K CPU @ 4.00GHz, GPU: NVIDIA GeForce GTX 1070
LogInit: Compiled (64-bit): Jan 24 2020 02:05:53
LogInit: Compiled with Visual C++: 19.16.27032.01
LogInit: Build Configuration: Development
LogInit: Branch Name: ++UE4+Release-4.24
LogInit: Command Line: 
LogInit: Base Directory: C:/Program Files/Epic Games/UE_4.24/Engine/Binaries/Win64/
LogInit: Installed Engine Build: 1
LogDevObjectVersion: Number of dev versions registered: 25
LogDevObjectVersion:   Dev-Blueprints (B0D832E4-1F89-4F0D-ACCF-7EB736FD4AA2): 10
LogDevObjectVersion:   Dev-Build (E1C64328-A22C-4D53-A36C-8E866417BD8C): 0
LogDevObjectVersion:   Dev-Core (375EC13C-06E4-48FB-B500-84F0262A717E): 3
LogDevObjectVersion:   Dev-Editor (E4B068ED-F494-42E9-A231-DA0B2E46BB41): 37
LogDevObjectVersion:   Dev-Framework (CFFC743F-43B0-4480-9391-14DF171D2073): 36
LogDevObjectVersion:   Dev-Mobile (B02B49B5-BB20-44E9-A304-32B752E40360): 2
LogDevObjectVersion:   Dev-Networking (A4E4105C-59A1-49B5-A7C5-40C4547EDFEE): 0
LogDevObjectVersion:   Dev-Online (39C831C9-5AE6-47DC-9A44-9C173E1C8E7C): 0
LogDevObjectVersion:   Dev-Physics (78F01B33-EBEA-4F98-B9B4-84EACCB95AA2): 2
LogDevObjectVersion:   Dev-Platform (6631380F-2D4D-43E0-8009-CF276956A95A): 0
LogDevObjectVersion:   Dev-Rendering (12F88B9F-8875-4AFC-A67C-D90C383ABD29): 36
LogDevObjectVersion:   Dev-Sequencer (7B5AE74C-D270-4C10-A958-57980B212A5A): 11
LogDevObjectVersion:   Dev-VR (D7296918-1DD6-4BDD-9DE2-64A83CC13884): 2
LogDevObjectVersion:   Dev-LoadTimes (C2A15278-BFE7-4AFE-6C17-90FF531DF755): 1
LogDevObjectVersion:   Private-Geometry (6EACA3D4-40EC-4CC1-B786-8BED09428FC5): 3
LogDevObjectVersion:   Dev-AnimPhys (29E575DD-E0A3-4627-9D10-D276232CDCEA): 17
LogDevObjectVersion:   Dev-Anim (AF43A65D-7FD3-4947-9873-3E8ED9C1BB05): 2
LogDevObjectVersion:   Dev-ReflectionCapture (6B266CEC-1EC7-4B8F-A30B-E4D90942FC07): 1
LogDevObjectVersion:   Dev-Automation (0DF73D61-A23F-47EA-B727-89E90C41499A): 1
LogDevObjectVersion:   FortniteMain (601D1886-AC64-4F84-AA16-D3DE0DEAC7D6): 31
LogDevObjectVersion:   Dev-Enterprise (9DFFBCD6-494F-0158-E221-12823C92A888): 8
LogDevObjectVersion:   Dev-Niagara (F2AED0AC-9AFE-416F-8664-AA7FFA26D6FC): 1
LogDevObjectVersion:   Dev-Destruction (174F1F0B-B4C6-45A5-B13F-2EE8D0FB917D): 9
LogDevObjectVersion:   Dev-Physics-Ext (35F94A83-E258-406C-A318-09F59610247C): 8
LogDevObjectVersion:   Dev-CineCamera (B2E18506-4273-CFC2-A54E-F4BB758BBA07): 1
LogInit: Presizing for max 25165824 objects, including 0 objects not considered by GC, pre-allocating 0 bytes for permanent pool.
LogInit: Object subsystem initialized
LogConfig: Setting CVar [[con.DebugEarlyDefault:1]]
LogConfig: Setting CVar [[r.setres:1280x720]]
[2020.04.28-18.30.29:888][  0]LogConfig: Setting CVar [[r.VSync:0]]
[2020.04.28-18.30.29:888][  0]LogConfig: Setting CVar [[r.RHICmdBypass:0]]
[2020.04.28-18.30.29:888][  0]LogConfig: Applying CVar settings from Section [/Script/Engine.RendererSettings] File [C:/Users/jacob/Documents/GitHub/Class/TC2/Project-Train/Saved/Config/Windows/Engine.ini]
[2020.04.28-18.30.29:888][  0]LogConfig: Setting CVar [[r.GPUCrashDebugging:0]]
[2020.04.28-18.30.29:888][  0]LogConfig: Applying CVar settings from Section [/Script/Engine.RendererOverrideSettings] File [C:/Users/jacob/Documents/GitHub/Class/TC2/Project-Train/Saved/Config/Windows/Engine.ini]
[2020.04.28-18.30.29:888][  0]LogConfig: Applying CVar settings from Section [/Script/Engine.StreamingSettings] File [C:/Users/jacob/Documents/GitHub/Class/TC2/Project-Train/Saved/Config/Windows/Engine.ini]
[2020.04.28-18.30.29:888][  0]LogConfig: Setting CVar [[s.MinBulkDataSizeForAsyncLoading:131072]]
[2020.04.28-18.30.29:888][  0]LogConfig: Setting CVar [[s.AsyncLoadingThreadEnabled:0]]
[2020.04.28-18.30.29:888][  0]LogConfig: Setting CVar [[s.EventDrivenLoaderEnabled:1]]
[2020.04.28-18.30.29:888][  0]LogConfig: Setting CVar [[s.WarnIfTimeLimitExceeded:0]]
[2020.04.28-18.30.29:889][  0]LogConfig: Setting CVar [[s.TimeLimitExceededMultiplier:1.5]]
[2020.04.28-18.30.29:889][  0]LogConfig: Setting CVar [[s.TimeLimitExceededMinTime:0.005]]
[2020.04.28-18.30.29:889][  0]LogConfig: Setting CVar [[s.UseBackgroundLevelStreaming:1]]
[2020.04.28-18.30.29:889][  0]LogConfig: Setting CVar [[s.PriorityAsyncLoadingExtraTime:15.0]]
[2020.04.28-18.30.29:889][  0]LogConfig: Setting CVar [[s.LevelStreamingActorsUpdateTimeLimit:5.0]]
[2020.04.28-18.30.29:889][  0]LogConfig: Setting CVar [[s.PriorityLevelStreamingActorsUpdateExtraTime:5.0]]
[2020.04.28-18.30.29:889][  0]LogConfig: Setting CVar [[s.LevelStreamingComponentsRegistrationGranularity:10]]
[2020.04.28-18.30.29:889][  0]LogConfig: Setting CVar [[s.UnregisterComponentsTimeLimit:1.0]]
[2020.04.28-18.30.29:889][  0]LogConfig: Setting CVar [[s.LevelStreamingComponentsUnregistrationGranularity:5]]
[2020.04.28-18.30.29:889][  0]LogConfig: Setting CVar [[s.FlushStreamingOnExit:1]]
[2020.04.28-18.30.29:889][  0]LogConfig: Applying CVar settings from Section [/Script/Engine.GarbageCollectionSettings] File [C:/Users/jacob/Documents/GitHub/Class/TC2/Project-Train/Saved/Config/Windows/Engine.ini]
[2020.04.28-18.30.29:889][  0]LogConfig: Setting CVar [[gc.MaxObjectsNotConsideredByGC:1]]
[2020.04.28-18.30.29:889][  0]LogConfig: Setting CVar [[gc.SizeOfPermanentObjectPool:0]]
[2020.04.28-18.30.29:889][  0]LogConfig: Setting CVar [[gc.FlushStreamingOnGC:0]]
[2020.04.28-18.30.29:889][  0]LogConfig: Setting CVar [[gc.NumRetriesBeforeForcingGC:10]]
[2020.04.28-18.30.29:889][  0]LogConfig: Setting CVar [[gc.AllowParallelGC:1]]
[2020.04.28-18.30.29:889][  0]LogConfig: Setting CVar [[gc.TimeBetweenPurgingPendingKillObjects:61.1]]
[2020.04.28-18.30.29:889][  0]LogConfig: Setting CVar [[gc.MaxObjectsInEditor:25165824]]
[2020.04.28-18.30.29:889][  0]LogConfig: Setting CVar [[gc.IncrementalBeginDestroyEnabled:1]]
[2020.04.28-18.30.29:889][  0]LogConfig: Setting CVar [[gc.CreateGCClusters:1]]
[2020.04.28-18.30.29:889][  0]LogConfig: Setting CVar [[gc.MinGCClusterSize:5]]
[2020.04.28-18.30.29:889][  0]LogConfig: Setting CVar [[gc.ActorClusteringEnabled:0]]
[2020.04.28-18.30.29:889][  0]LogConfig: Setting CVar [[gc.BlueprintClusteringEnabled:0]]
[2020.04.28-18.30.29:889][  0]LogConfig: Setting CVar [[gc.UseDisregardForGCOnDedicatedServers:0]]
[2020.04.28-18.30.29:889][  0]LogConfig: Applying CVar settings from Section [/Script/Engine.NetworkSettings] File [C:/Users/jacob/Documents/GitHub/Class/TC2/Project-Train/Saved/Config/Windows/Engine.ini]
[2020.04.28-18.30.29:889][  0]LogConfig: Applying CVar settings from Section [/Script/UnrealEd.CookerSettings] File [C:/Users/jacob/Documents/GitHub/Class/TC2/Project-Train/Saved/Config/Windows/Engine.ini]
[2020.04.28-18.30.29:896][  0]LogConfig: Applying CVar settings from Section [ViewDistanceQuality@3] File [C:/Users/jacob/Documents/GitHub/Class/TC2/Project-Train/Saved/Config/Windows/Scalability.ini]
[2020.04.28-18.30.29:896][  0]LogConfig: Setting CVar [[r.SkeletalMeshLODBias:0]]
[2020.04.28-18.30.29:896][  0]LogConfig: Setting CVar [[r.ViewDistanceScale:1.0]]
[2020.04.28-18.30.29:896][  0]LogConfig: Applying CVar settings from Section [AntiAliasingQuality@3] File [C:/Users/jacob/Documents/GitHub/Class/TC2/Project-Train/Saved/Config/Windows/Scalability.ini]
[2020.04.28-18.30.29:897][  0]LogConfig: Setting CVar [[r.PostProcessAAQuality:4]]
[2020.04.28-18.30.29:897][  0]LogConfig: Applying CVar settings from Section [ShadowQuality@3] File [C:/Users/jacob/Documents/GitHub/Class/TC2/Project-Train/Saved/Config/Windows/Scalability.ini]
[2020.04.28-18.30.29:897][  0]LogConfig: Setting CVar [[r.LightFunctionQuality:1]]
[2020.04.28-18.30.29:897][  0]LogConfig: Setting CVar [[r.ShadowQuality:5]]
[2020.04.28-18.30.29:897][  0]LogConfig: Setting CVar [[r.Shadow.CSM.MaxCascades:10]]
[2020.04.28-18.30.29:897][  0]LogConfig: Setting CVar [[r.Shadow.MaxResolution:2048]]
[2020.04.28-18.30.29:897][  0]LogConfig: Setting CVar [[r.Shadow.MaxCSMResolution:2048]]
[2020.04.28-18.30.29:897][  0]LogConfig: Setting CVar [[r.Shadow.RadiusThreshold:0.01]]
[2020.04.28-18.30.29:897][  0]LogConfig: Setting CVar [[r.Shadow.DistanceScale:1.0]]
[2020.04.28-18.30.29:897][  0]LogConfig: Setting CVar [[r.Shadow.CSM.TransitionScale:1.0]]
[2020.04.28-18.30.29:897][  0]LogConfig: Setting CVar [[r.Shadow.PreShadowResolutionFactor:1.0]]
[2020.04.28-18.30.29:897][  0]LogConfig: Setting CVar [[r.DistanceFieldShadowing:1]]
[2020.04.28-18.30.29:897][  0]LogConfig: Setting CVar [[r.DistanceFieldAO:1]]
[2020.04.28-18.30.29:897][  0]LogConfig: Setting CVar [[r.AOQuality:2]]
[2020.04.28-18.30.29:897][  0]LogConfig: Setting CVar [[r.VolumetricFog:1]]
[2020.04.28-18.30.29:897][  0]LogConfig: Setting CVar [[r.VolumetricFog.GridPixelSize:8]]
[2020.04.28-18.30.29:897][  0]LogConfig: Setting CVar [[r.VolumetricFog.GridSizeZ:128]]
[2020.04.28-18.30.29:897][  0]LogConfig: Setting CVar [[r.VolumetricFog.HistoryMissSupersampleCount:4]]
[2020.04.28-18.30.29:897][  0]LogConfig: Setting CVar [[r.LightMaxDrawDistanceScale:1]]
[2020.04.28-18.30.29:897][  0]LogConfig: Setting CVar [[r.CapsuleShadows:1]]
[2020.04.28-18.30.29:897][  0]LogConfig: Applying CVar settings from Section [PostProcessQuality@3] File [C:/Users/jacob/Documents/GitHub/Class/TC2/Project-Train/Saved/Config/Windows/Scalability.ini]
[2020.04.28-18.30.29:897][  0]LogConfig: Setting CVar [[r.MotionBlurQuality:4]]
[2020.04.28-18.30.29:897][  0]LogConfig: Setting CVar [[r.AmbientOcclusionMipLevelFactor:0.4]]
[2020.04.28-18.30.29:897][  0]LogConfig: Setting CVar [[r.AmbientOcclusionMaxQuality:100]]
[2020.04.28-18.30.29:897][  0]LogConfig: Setting CVar [[r.AmbientOcclusionLevels:-1]]
[2020.04.28-18.30.29:897][  0]LogConfig: Setting CVar [[r.AmbientOcclusionRadiusScale:1.0]]
[2020.04.28-18.30.29:897][  0]LogConfig: Setting CVar [[r.DepthOfFieldQuality:2]]
[2020.04.28-18.30.29:897][  0]LogConfig: Setting CVar [[r.RenderTargetPoolMin:400]]
[2020.04.28-18.30.29:897][  0]LogConfig: Setting CVar [[r.LensFlareQuality:2]]
[2020.04.28-18.30.29:897][  0]LogConfig: Setting CVar [[r.SceneColorFringeQuality:1]]
[2020.04.28-18.30.29:897][  0]LogConfig: Setting CVar [[r.EyeAdaptationQuality:2]]
[2020.04.28-18.30.29:897][  0]LogConfig: Setting CVar [[r.BloomQuality:5]]
[2020.04.28-18.30.29:897][  0]LogConfig: Setting CVar [[r.FastBlurThreshold:100]]
[2020.04.28-18.30.29:897][  0]LogConfig: Setting CVar [[r.Upscale.Quality:3]]
[2020.04.28-18.30.29:897][  0]LogConfig: Setting CVar [[r.Tonemapper.GrainQuantization:1]]
[2020.04.28-18.30.29:897][  0]LogConfig: Setting CVar [[r.LightShaftQuality:1]]
[2020.04.28-18.30.29:897][  0]LogConfig: Setting CVar [[r.Filter.SizeScale:1]]
[2020.04.28-18.30.29:897][  0]LogConfig: Setting CVar [[r.Tonemapper.Quality:5]]
[2020.04.28-18.30.29:897][  0]LogConfig: Setting CVar [[r.DOF.Gather.AccumulatorQuality:1        ; higher gathering accumulator quality]]
[2020.04.28-18.30.29:897][  0]LogConfig: Setting CVar [[r.DOF.Gather.PostfilterMethod:1          ; Median3x3 postfilering method]]
[2020.04.28-18.30.29:897][  0]LogConfig: Setting CVar [[r.DOF.Gather.EnableBokehSettings:0       ; no bokeh simulation when gathering]]
[2020.04.28-18.30.29:897][  0]LogConfig: Setting CVar [[r.DOF.Gather.RingCount:4                 ; medium number of samples when gathering]]
[2020.04.28-18.30.29:897][  0]LogConfig: Setting CVar [[r.DOF.Scatter.ForegroundCompositing:1    ; additive foreground scattering]]
[2020.04.28-18.30.29:897][  0]LogConfig: Setting CVar [[r.DOF.Scatter.BackgroundCompositing:2    ; additive background scattering]]
[2020.04.28-18.30.29:897][  0]LogConfig: Setting CVar [[r.DOF.Scatter.EnableBokehSettings:1      ; bokeh simulation when scattering]]
[2020.04.28-18.30.29:897][  0]LogConfig: Setting CVar [[r.DOF.Scatter.MaxSpriteRatio:0.1         ; only a maximum of 10% of scattered bokeh]]
[2020.04.28-18.30.29:897][  0]LogConfig: Setting CVar [[r.DOF.Recombine.Quality:1                ; cheap slight out of focus]]
[2020.04.28-18.30.29:897][  0]LogConfig: Setting CVar [[r.DOF.Recombine.EnableBokehSettings:0    ; no bokeh simulation on slight out of focus]]
[2020.04.28-18.30.29:897][  0]LogConfig: Setting CVar [[r.DOF.TemporalAAQuality:1                ; more stable temporal accumulation]]
[2020.04.28-18.30.29:897][  0]LogConfig: Setting CVar [[r.DOF.Kernel.MaxForegroundRadius:0.025]]
[2020.04.28-18.30.29:897][  0]LogConfig: Setting CVar [[r.DOF.Kernel.MaxBackgroundRadius:0.025]]
[2020.04.28-18.30.29:897][  0]LogConfig: Applying CVar settings from Section [TextureQuality@3] File [C:/Users/jacob/Documents/GitHub/Class/TC2/Project-Train/Saved/Config/Windows/Scalability.ini]
[2020.04.28-18.30.29:897][  0]LogConfig: Setting CVar [[r.Streaming.MipBias:0]]
[2020.04.28-18.30.29:897][  0]LogConfig: Setting CVar [[r.Streaming.AmortizeCPUToGPUCopy:0]]
[2020.04.28-18.30.29:897][  0]LogConfig: Setting CVar [[r.Streaming.MaxNumTexturesToStreamPerFrame:0]]
[2020.04.28-18.30.29:897][  0]LogConfig: Setting CVar [[r.Streaming.Boost:1]]
[2020.04.28-18.30.29:897][  0]LogConfig: Setting CVar [[r.MaxAnisotropy:8]]
[2020.04.28-18.30.29:897][  0]LogConfig: Setting CVar [[r.VT.MaxAnisotropy:8]]
[2020.04.28-18.30.29:897][  0]LogConfig: Setting CVar [[r.Streaming.LimitPoolSizeToVRAM:0]]
[2020.04.28-18.30.29:897][  0]LogConfig: Setting CVar [[r.Streaming.PoolSize:1000]]
[2020.04.28-18.30.29:897][  0]LogConfig: Setting CVar [[r.Streaming.MaxEffectiveScreenSize:0]]
[2020.04.28-18.30.29:897][  0]LogConfig: Applying CVar settings from Section [EffectsQuality@3] File [C:/Users/jacob/Documents/GitHub/Class/TC2/Project-Train/Saved/Config/Windows/Scalability.ini]
[2020.04.28-18.30.29:897][  0]LogConfig: Setting CVar [[r.TranslucencyLightingVolumeDim:64]]
[2020.04.28-18.30.29:897][  0]LogConfig: Setting CVar [[r.RefractionQuality:2]]
[2020.04.28-18.30.29:897][  0]LogConfig: Setting CVar [[r.SSR.Quality:3]]
[2020.04.28-18.30.29:897][  0]LogConfig: Setting CVar [[r.SSR.HalfResSceneColor:0]]
[2020.04.28-18.30.29:897][  0]LogConfig: Setting CVar [[r.SceneColorFormat:4]]
[2020.04.28-18.30.29:897][  0]LogConfig: Setting CVar [[r.DetailMode:2]]
[2020.04.28-18.30.29:897][  0]LogConfig: Setting CVar [[r.TranslucencyVolumeBlur:1]]
[2020.04.28-18.30.29:897][  0]LogConfig: Setting CVar [[r.MaterialQualityLevel:1 ; High quality]]
[2020.04.28-18.30.29:897][  0]LogConfig: Setting CVar [[r.SSS.Scale:1]]
[2020.04.28-18.30.29:897][  0]LogConfig: Setting CVar [[r.SSS.SampleSet:2]]
[2020.04.28-18.30.29:897][  0]LogConfig: Setting CVar [[r.SSS.Quality:1]]
[2020.04.28-18.30.29:897][  0]LogConfig: Setting CVar [[r.SSS.HalfRes:1]]
[2020.04.28-18.30.29:897][  0]LogConfig: Setting CVar [[r.SSGI.Quality:3]]
[2020.04.28-18.30.29:897][  0]LogConfig: Setting CVar [[r.EmitterSpawnRateScale:1.0]]
[2020.04.28-18.30.29:897][  0]LogConfig: Setting CVar [[r.ParticleLightQuality:2]]
[2020.04.28-18.30.29:897][  0]LogConfig: Setting CVar [[r.SkyAtmosphere.AerialPerspectiveLUT.FastApplyOnOpaque:1 ; Always have FastSkyLUT 1 in this case to avoid wrong sky]]
[2020.04.28-18.30.29:897][  0]LogConfig: Setting CVar [[r.SkyAtmosphere.AerialPerspectiveLUT.SampleCountPerSlice:1]]
[2020.04.28-18.30.29:897][  0]LogConfig: Setting CVar [[r.SkyAtmosphere.AerialPerspectiveLUT.DepthResolution:16.0]]
[2020.04.28-18.30.29:897][  0]LogConfig: Setting CVar [[r.SkyAtmosphere.FastSkyLUT:1]]
[2020.04.28-18.30.29:897][  0]LogConfig: Setting CVar [[r.SkyAtmosphere.FastSkyLUT.SampleCountMin:4.0]]
[2020.04.28-18.30.29:897][  0]LogConfig: Setting CVar [[r.SkyAtmosphere.FastSkyLUT.SampleCountMax:32.0]]
[2020.04.28-18.30.29:897][  0]LogConfig: Setting CVar [[r.SkyAtmosphere.SampleCountMin:4.0]]
[2020.04.28-18.30.29:897][  0]LogConfig: Setting CVar [[r.SkyAtmosphere.SampleCountMax:32.0]]
[2020.04.28-18.30.29:897][  0]LogConfig: Setting CVar [[r.SkyAtmosphere.TransmittanceLUT.UseSmallFormat:0]]
[2020.04.28-18.30.29:898][  0]LogConfig: Setting CVar [[r.SkyAtmosphere.TransmittanceLUT.SampleCount:10.0]]
[2020.04.28-18.30.29:898][  0]LogConfig: Setting CVar [[r.SkyAtmosphere.MultiScatteringLUT.SampleCount:15.0]]
[2020.04.28-18.30.29:898][  0]LogConfig: Applying CVar settings from Section [FoliageQuality@3] File [C:/Users/jacob/Documents/GitHub/Class/TC2/Project-Train/Saved/Config/Windows/Scalability.ini]
[2020.04.28-18.30.29:898][  0]LogConfig: Setting CVar [[foliage.DensityScale:1.0]]
[2020.04.28-18.30.29:898][  0]LogConfig: Setting CVar [[grass.DensityScale:1.0]]
[2020.04.28-18.30.29:898][  0]LogConfig: Applying CVar settings from Section [ShadingQuality@3] File [C:/Users/jacob/Documents/GitHub/Class/TC2/Project-Train/Saved/Config/Windows/Scalability.ini]
[2020.04.28-18.30.29:898][  0]LogConfig: Setting CVar [[r.HairStrands.SkyLighting.SampleCount:16]]
[2020.04.28-18.30.29:898][  0]LogConfig: Setting CVar [[r.HairStrands.SkyLighting.JitterIntegration:0]]
[2020.04.28-18.30.29:898][  0]LogConfig: Setting CVar [[r.HairStrands.SkyAO.SampleCount:16]]
[2020.04.28-18.30.29:898][  0]LogInit: Selected Device Profile: [Windows]
[2020.04.28-18.30.29:898][  0]LogInit: Applying CVar settings loaded from the selected device profile: [Windows]
[2020.04.28-18.30.29:900][  0]LogHAL: Display: Platform has ~ 32 GB [34284154880 / 34359738368 / 32], which maps to Largest [LargestMinGB=32, LargerMinGB=12, DefaultMinGB=8, SmallerMinGB=6, SmallestMinGB=0)
[2020.04.28-18.30.29:900][  0]LogInit: Going up to parent DeviceProfile []
[2020.04.28-18.30.29:900][  0]LogConfig: Applying CVar settings from Section [ViewDistanceQuality@3] File [C:/Users/jacob/Documents/GitHub/Class/TC2/Project-Train/Saved/Config/Windows/Scalability.ini]
[2020.04.28-18.30.29:900][  0]LogConfig: Setting CVar [[r.SkeletalMeshLODBias:0]]
[2020.04.28-18.30.29:900][  0]LogConfig: Setting CVar [[r.ViewDistanceScale:1.0]]
[2020.04.28-18.30.29:900][  0]LogConfig: Applying CVar settings from Section [AntiAliasingQuality@3] File [C:/Users/jacob/Documents/GitHub/Class/TC2/Project-Train/Saved/Config/Windows/Scalability.ini]
[2020.04.28-18.30.29:900][  0]LogConfig: Setting CVar [[r.PostProcessAAQuality:4]]
[2020.04.28-18.30.29:900][  0]LogConfig: Applying CVar settings from Section [ShadowQuality@3] File [C:/Users/jacob/Documents/GitHub/Class/TC2/Project-Train/Saved/Config/Windows/Scalability.ini]
[2020.04.28-18.30.29:900][  0]LogConfig: Setting CVar [[r.LightFunctionQuality:1]]
[2020.04.28-18.30.29:900][  0]LogConfig: Setting CVar [[r.ShadowQuality:5]]
[2020.04.28-18.30.29:900][  0]LogConfig: Setting CVar [[r.Shadow.CSM.MaxCascades:10]]
[2020.04.28-18.30.29:900][  0]LogConfig: Setting CVar [[r.Shadow.MaxResolution:2048]]
[2020.04.28-18.30.29:900][  0]LogConfig: Setting CVar [[r.Shadow.MaxCSMResolution:2048]]
[2020.04.28-18.30.29:900][  0]LogConfig: Setting CVar [[r.Shadow.RadiusThreshold:0.01]]
[2020.04.28-18.30.29:900][  0]LogConfig: Setting CVar [[r.Shadow.DistanceScale:1.0]]
[2020.04.28-18.30.29:900][  0]LogConfig: Setting CVar [[r.Shadow.CSM.TransitionScale:1.0]]
[2020.04.28-18.30.29:900][  0]LogConfig: Setting CVar [[r.Shadow.PreShadowResolutionFactor:1.0]]
[2020.04.28-18.30.29:900][  0]LogConfig: Setting CVar [[r.DistanceFieldShadowing:1]]
[2020.04.28-18.30.29:900][  0]LogConfig: Setting CVar [[r.DistanceFieldAO:1]]
[2020.04.28-18.30.29:900][  0]LogConfig: Setting CVar [[r.AOQuality:2]]
[2020.04.28-18.30.29:900][  0]LogConfig: Setting CVar [[r.VolumetricFog:1]]
[2020.04.28-18.30.29:900][  0]LogConfig: Setting CVar [[r.VolumetricFog.GridPixelSize:8]]
[2020.04.28-18.30.29:900][  0]LogConfig: Setting CVar [[r.VolumetricFog.GridSizeZ:128]]
[2020.04.28-18.30.29:900][  0]LogConfig: Setting CVar [[r.VolumetricFog.HistoryMissSupersampleCount:4]]
[2020.04.28-18.30.29:900][  0]LogConfig: Setting CVar [[r.LightMaxDrawDistanceScale:1]]
[2020.04.28-18.30.29:900][  0]LogConfig: Setting CVar [[r.CapsuleShadows:1]]
[2020.04.28-18.30.29:900][  0]LogConfig: Applying CVar settings from Section [PostProcessQuality@3] File [C:/Users/jacob/Documents/GitHub/Class/TC2/Project-Train/Saved/Config/Windows/Scalability.ini]
[2020.04.28-18.30.29:900][  0]LogConfig: Setting CVar [[r.MotionBlurQuality:4]]
[2020.04.28-18.30.29:900][  0]LogConfig: Setting CVar [[r.AmbientOcclusionMipLevelFactor:0.4]]
[2020.04.28-18.30.29:900][  0]LogConfig: Setting CVar [[r.AmbientOcclusionMaxQuality:100]]
[2020.04.28-18.30.29:900][  0]LogConfig: Setting CVar [[r.AmbientOcclusionLevels:-1]]
[2020.04.28-18.30.29:900][  0]LogConfig: Setting CVar [[r.AmbientOcclusionRadiusScale:1.0]]
[2020.04.28-18.30.29:900][  0]LogConfig: Setting CVar [[r.DepthOfFieldQuality:2]]
[2020.04.28-18.30.29:900][  0]LogConfig: Setting CVar [[r.RenderTargetPoolMin:400]]
[2020.04.28-18.30.29:900][  0]LogConfig: Setting CVar [[r.LensFlareQuality:2]]
[2020.04.28-18.30.29:900][  0]LogConfig: Setting CVar [[r.SceneColorFringeQuality:1]]
[2020.04.28-18.30.29:901][  0]LogConfig: Setting CVar [[r.EyeAdaptationQuality:2]]
[2020.04.28-18.30.29:901][  0]LogConfig: Setting CVar [[r.BloomQuality:5]]
[2020.04.28-18.30.29:901][  0]LogConfig: Setting CVar [[r.FastBlurThreshold:100]]
[2020.04.28-18.30.29:901][  0]LogConfig: Setting CVar [[r.Upscale.Quality:3]]
[2020.04.28-18.30.29:901][  0]LogConfig: Setting CVar [[r.Tonemapper.GrainQuantization:1]]
[2020.04.28-18.30.29:901][  0]LogConfig: Setting CVar [[r.LightShaftQuality:1]]
[2020.04.28-18.30.29:901][  0]LogConfig: Setting CVar [[r.Filter.SizeScale:1]]
[2020.04.28-18.30.29:901][  0]LogConfig: Setting CVar [[r.Tonemapper.Quality:5]]
[2020.04.28-18.30.29:901][  0]LogConfig: Setting CVar [[r.DOF.Gather.AccumulatorQuality:1        ; higher gathering accumulator quality]]
[2020.04.28-18.30.29:901][  0]LogConfig: Setting CVar [[r.DOF.Gather.PostfilterMethod:1          ; Median3x3 postfilering method]]
[2020.04.28-18.30.29:901][  0]LogConfig: Setting CVar [[r.DOF.Gather.EnableBokehSettings:0       ; no bokeh simulation when gathering]]
[2020.04.28-18.30.29:901][  0]LogConfig: Setting CVar [[r.DOF.Gather.RingCount:4                 ; medium number of samples when gathering]]
[2020.04.28-18.30.29:901][  0]LogConfig: Setting CVar [[r.DOF.Scatter.ForegroundCompositing:1    ; additive foreground scattering]]
[2020.04.28-18.30.29:901][  0]LogConfig: Setting CVar [[r.DOF.Scatter.BackgroundCompositing:2    ; additive background scattering]]
[2020.04.28-18.30.29:901][  0]LogConfig: Setting CVar [[r.DOF.Scatter.EnableBokehSettings:1      ; bokeh simulation when scattering]]
[2020.04.28-18.30.29:901][  0]LogConfig: Setting CVar [[r.DOF.Scatter.MaxSpriteRatio:0.1         ; only a maximum of 10% of scattered bokeh]]
[2020.04.28-18.30.29:901][  0]LogConfig: Setting CVar [[r.DOF.Recombine.Quality:1                ; cheap slight out of focus]]
[2020.04.28-18.30.29:901][  0]LogConfig: Setting CVar [[r.DOF.Recombine.EnableBokehSettings:0    ; no bokeh simulation on slight out of focus]]
[2020.04.28-18.30.29:901][  0]LogConfig: Setting CVar [[r.DOF.TemporalAAQuality:1                ; more stable temporal accumulation]]
[2020.04.28-18.30.29:901][  0]LogConfig: Setting CVar [[r.DOF.Kernel.MaxForegroundRadius:0.025]]
[2020.04.28-18.30.29:901][  0]LogConfig: Setting CVar [[r.DOF.Kernel.MaxBackgroundRadius:0.025]]
[2020.04.28-18.30.29:901][  0]LogConfig: Applying CVar settings from Section [TextureQuality@3] File [C:/Users/jacob/Documents/GitHub/Class/TC2/Project-Train/Saved/Config/Windows/Scalability.ini]
[2020.04.28-18.30.29:901][  0]LogConfig: Setting CVar [[r.Streaming.MipBias:0]]
[2020.04.28-18.30.29:901][  0]LogConfig: Setting CVar [[r.Streaming.AmortizeCPUToGPUCopy:0]]
[2020.04.28-18.30.29:901][  0]LogConfig: Setting CVar [[r.Streaming.MaxNumTexturesToStreamPerFrame:0]]
[2020.04.28-18.30.29:901][  0]LogConfig: Setting CVar [[r.Streaming.Boost:1]]
[2020.04.28-18.30.29:901][  0]LogConfig: Setting CVar [[r.MaxAnisotropy:8]]
[2020.04.28-18.30.29:901][  0]LogConfig: Setting CVar [[r.VT.MaxAnisotropy:8]]
[2020.04.28-18.30.29:901][  0]LogConfig: Setting CVar [[r.Streaming.LimitPoolSizeToVRAM:0]]
[2020.04.28-18.30.29:901][  0]LogConfig: Setting CVar [[r.Streaming.PoolSize:1000]]
[2020.04.28-18.30.29:901][  0]LogConfig: Setting CVar [[r.Streaming.MaxEffectiveScreenSize:0]]
[2020.04.28-18.30.29:901][  0]LogConfig: Applying CVar settings from Section [EffectsQuality@3] File [C:/Users/jacob/Documents/GitHub/Class/TC2/Project-Train/Saved/Config/Windows/Scalability.ini]
[2020.04.28-18.30.29:901][  0]LogConfig: Setting CVar [[r.TranslucencyLightingVolumeDim:64]]
[2020.04.28-18.30.29:901][  0]LogConfig: Setting CVar [[r.RefractionQuality:2]]
[2020.04.28-18.30.29:901][  0]LogConfig: Setting CVar [[r.SSR.Quality:3]]
[2020.04.28-18.30.29:901][  0]LogConfig: Setting CVar [[r.SSR.HalfResSceneColor:0]]
[2020.04.28-18.30.29:901][  0]LogConfig: Setting CVar [[r.SceneColorFormat:4]]
[2020.04.28-18.30.29:901][  0]LogConfig: Setting CVar [[r.DetailMode:2]]
[2020.04.28-18.30.29:901][  0]LogConfig: Setting CVar [[r.TranslucencyVolumeBlur:1]]
[2020.04.28-18.30.29:901][  0]LogConfig: Setting CVar [[r.MaterialQualityLevel:1 ; High quality]]
[2020.04.28-18.30.29:901][  0]LogConfig: Setting CVar [[r.SSS.Scale:1]]
[2020.04.28-18.30.29:901][  0]LogConfig: Setting CVar [[r.SSS.SampleSet:2]]
[2020.04.28-18.30.29:901][  0]LogConfig: Setting CVar [[r.SSS.Quality:1]]
[2020.04.28-18.30.29:901][  0]LogConfig: Setting CVar [[r.SSS.HalfRes:1]]
[2020.04.28-18.30.29:901][  0]LogConfig: Setting CVar [[r.SSGI.Quality:3]]
[2020.04.28-18.30.29:901][  0]LogConfig: Setting CVar [[r.EmitterSpawnRateScale:1.0]]
[2020.04.28-18.30.29:901][  0]LogConfig: Setting CVar [[r.ParticleLightQuality:2]]
[2020.04.28-18.30.29:901][  0]LogConfig: Setting CVar [[r.SkyAtmosphere.AerialPerspectiveLUT.FastApplyOnOpaque:1 ; Always have FastSkyLUT 1 in this case to avoid wrong sky]]
[2020.04.28-18.30.29:901][  0]LogConfig: Setting CVar [[r.SkyAtmosphere.AerialPerspectiveLUT.SampleCountPerSlice:1]]
[2020.04.28-18.30.29:901][  0]LogConfig: Setting CVar [[r.SkyAtmosphere.AerialPerspectiveLUT.DepthResolution:16.0]]
[2020.04.28-18.30.29:901][  0]LogConfig: Setting CVar [[r.SkyAtmosphere.FastSkyLUT:1]]
[2020.04.28-18.30.29:901][  0]LogConfig: Setting CVar [[r.SkyAtmosphere.FastSkyLUT.SampleCountMin:4.0]]
[2020.04.28-18.30.29:901][  0]LogConfig: Setting CVar [[r.SkyAtmosphere.FastSkyLUT.SampleCountMax:32.0]]
[2020.04.28-18.30.29:901][  0]LogConfig: Setting CVar [[r.SkyAtmosphere.SampleCountMin:4.0]]
[2020.04.28-18.30.29:901][  0]LogConfig: Setting CVar [[r.SkyAtmosphere.SampleCountMax:32.0]]
[2020.04.28-18.30.29:901][  0]LogConfig: Setting CVar [[r.SkyAtmosphere.TransmittanceLUT.UseSmallFormat:0]]
[2020.04.28-18.30.29:901][  0]LogConfig: Setting CVar [[r.SkyAtmosphere.TransmittanceLUT.SampleCount:10.0]]
[2020.04.28-18.30.29:901][  0]LogConfig: Setting CVar [[r.SkyAtmosphere.MultiScatteringLUT.SampleCount:15.0]]
[2020.04.28-18.30.29:901][  0]LogConfig: Applying CVar settings from Section [FoliageQuality@3] File [C:/Users/jacob/Documents/GitHub/Class/TC2/Project-Train/Saved/Config/Windows/Scalability.ini]
[2020.04.28-18.30.29:901][  0]LogConfig: Setting CVar [[foliage.DensityScale:1.0]]
[2020.04.28-18.30.29:901][  0]LogConfig: Setting CVar [[grass.DensityScale:1.0]]
[2020.04.28-18.30.29:901][  0]LogConfig: Applying CVar settings from Section [ShadingQuality@3] File [C:/Users/jacob/Documents/GitHub/Class/TC2/Project-Train/Saved/Config/Windows/Scalability.ini]
[2020.04.28-18.30.29:901][  0]LogConfig: Setting CVar [[r.HairStrands.SkyLighting.SampleCount:16]]
[2020.04.28-18.30.29:901][  0]LogConfig: Setting CVar [[r.HairStrands.SkyLighting.JitterIntegration:0]]
[2020.04.28-18.30.29:901][  0]LogConfig: Setting CVar [[r.HairStrands.SkyAO.SampleCount:16]]
[2020.04.28-18.30.29:901][  0]LogConfig: Applying CVar settings from Section [Startup] File [../../../Engine/Config/ConsoleVariables.ini]
[2020.04.28-18.30.29:901][  0]LogConfig: Setting CVar [[net.UseAdaptiveNetUpdateFrequency:0]]
[2020.04.28-18.30.29:901][  0]LogConfig: Setting CVar [[p.chaos.AllowCreatePhysxBodies:1]]
[2020.04.28-18.30.29:901][  0]LogConfig: Applying CVar settings from Section [ConsoleVariables] File [C:/Users/jacob/Documents/GitHub/Class/TC2/Project-Train/Saved/Config/Windows/Engine.ini]
[2020.04.28-18.30.29:902][  0]LogInit: Computer: DESKTOP-KBUC8NT
[2020.04.28-18.30.29:902][  0]LogInit: User: jacob
[2020.04.28-18.30.29:902][  0]LogInit: CPU Page size=4096, Cores=4
[2020.04.28-18.30.29:902][  0]LogInit: High frequency timer resolution =10.000000 MHz
[2020.04.28-18.30.29:902][  0]LogMemory: Memory total: Physical=31.9GB (32GB approx)
[2020.04.28-18.30.29:902][  0]LogMemory: Platform Memory Stats for Windows
[2020.04.28-18.30.29:902][  0]LogMemory: Process Physical Memory: 105.21 MB used, 105.21 MB peak
[2020.04.28-18.30.29:902][  0]LogMemory: Process Virtual Memory: 100.66 MB used, 100.66 MB peak
[2020.04.28-18.30.29:902][  0]LogMemory: Physical Memory: 8430.95 MB used,  24264.97 MB free, 32695.92 MB total
[2020.04.28-18.30.29:902][  0]LogMemory: Virtual Memory: 5151.98 MB used,  134212576.00 MB free, 134217728.00 MB total
[2020.04.28-18.30.29:904][  0]LogWindows: WindowsPlatformFeatures enabled
[2020.04.28-18.30.29:920][  0]LogInit: Using OS detected language (en-US).
[2020.04.28-18.30.29:920][  0]LogInit: Using OS detected locale (en-US).
[2020.04.28-18.30.29:920][  0]LogTextLocalizationManager: No specific localization for 'en-US' exists, so the 'en' localization will be used.
[2020.04.28-18.30.30:084][  0]LogInit: Setting process to per monitor DPI aware
[2020.04.28-18.30.30:124][  0]LogSlate: New Slate User Created.  User Index 0, Is Virtual User: 0
[2020.04.28-18.30.30:124][  0]LogSlate: Slate User Registered.  User Index 0, Is Virtual User: 0
[2020.04.28-18.30.30:243][  0]LogHMD: Failed to initialize OpenVR with code 110
[2020.04.28-18.30.30:243][  0]LogD3D11RHI: D3D11 min allowed feature level: 11_0
[2020.04.28-18.30.30:243][  0]LogD3D11RHI: D3D11 max allowed feature level: 11_0
[2020.04.28-18.30.30:243][  0]LogD3D11RHI: D3D11 adapters:
[2020.04.28-18.30.30:308][  0]LogD3D11RHI:    0. 'NVIDIA GeForce GTX 1070' (Feature Level 11_0)
[2020.04.28-18.30.30:308][  0]LogD3D11RHI:       8088/0/16347 MB DedicatedVideo/DedicatedSystem/SharedSystem, Outputs:2, VendorId:0x10de
[2020.04.28-18.30.30:310][  0]LogD3D11RHI:    1. 'Microsoft Basic Render Driver' (Feature Level 11_0)
[2020.04.28-18.30.30:310][  0]LogD3D11RHI:       0/0/16347 MB DedicatedVideo/DedicatedSystem/SharedSystem, Outputs:0, VendorId:0x1414
[2020.04.28-18.30.30:310][  0]LogD3D11RHI: Chosen D3D11 Adapter: 0
[2020.04.28-18.30.30:319][  0]LogD3D11RHI: Creating new Direct3DDevice
[2020.04.28-18.30.30:319][  0]LogD3D11RHI:     GPU DeviceId: 0x1b81 (for the marketing name, search the web for "GPU Device Id")
[2020.04.28-18.30.30:319][  0]LogWindows: EnumDisplayDevices:
[2020.04.28-18.30.30:319][  0]LogWindows:    0. 'NVIDIA GeForce GTX 1070' (P:0 D:1)
[2020.04.28-18.30.30:319][  0]LogWindows:    1. 'NVIDIA GeForce GTX 1070' (P:1 D:1)
[2020.04.28-18.30.30:319][  0]LogWindows:    2. 'NVIDIA GeForce GTX 1070' (P:0 D:0)
[2020.04.28-18.30.30:320][  0]LogWindows:    3. 'NVIDIA GeForce GTX 1070' (P:0 D:0)
[2020.04.28-18.30.30:320][  0]LogWindows: DebugString: FoundDriverCount:4 
[2020.04.28-18.30.30:320][  0]LogD3D11RHI:     Adapter Name: NVIDIA GeForce GTX 1070
[2020.04.28-18.30.30:320][  0]LogD3D11RHI:   Driver Version: 445.75 (internal:26.21.14.4575, unified:445.75)
[2020.04.28-18.30.30:320][  0]LogD3D11RHI:      Driver Date: 3-17-2020
[2020.04.28-18.30.30:320][  0]LogRHI: Texture pool is 5661 MB (70% of 8088 MB)
[2020.04.28-18.30.30:361][  0]LogD3D11RHI: RHI has support for 64 bit atomics
[2020.04.28-18.30.30:361][  0]LogD3D11RHI: Async texture creation enabled
[2020.04.28-18.30.30:395][  0]LogD3D11RHI: GPU Timing Frequency: 1000.000000 (Debug: 2 1)
[2020.04.28-18.30.30:656][  0]LogTargetPlatformManager: Display: Loaded TargetPlatform 'AllDesktop'
[2020.04.28-18.30.30:684][  0]LogTargetPlatformManager: Display: Loaded TargetPlatform 'Android'
[2020.04.28-18.30.30:684][  0]LogTargetPlatformManager: Display: Loaded TargetPlatform 'Android_ASTC'
[2020.04.28-18.30.30:685][  0]LogTargetPlatformManager: Display: Loaded TargetPlatform 'Android_ATC'
[2020.04.28-18.30.30:685][  0]LogTargetPlatformManager: Display: Loaded TargetPlatform 'Android_DXT'
[2020.04.28-18.30.30:685][  0]LogTargetPlatformManager: Display: Loaded TargetPlatform 'Android_ETC1'
[2020.04.28-18.30.30:685][  0]LogTargetPlatformManager: Display: Loaded TargetPlatform 'Android_ETC1a'
[2020.04.28-18.30.30:685][  0]LogTargetPlatformManager: Display: Loaded TargetPlatform 'Android_ETC2'
[2020.04.28-18.30.30:685][  0]LogTargetPlatformManager: Display: Loaded TargetPlatform 'Android_PVRTC'
[2020.04.28-18.30.30:685][  0]LogTargetPlatformManager: Display: Loaded TargetPlatform 'AndroidClient'
[2020.04.28-18.30.30:685][  0]LogTargetPlatformManager: Display: Loaded TargetPlatform 'Android_ASTCClient'
[2020.04.28-18.30.30:685][  0]LogTargetPlatformManager: Display: Loaded TargetPlatform 'Android_ATCClient'
[2020.04.28-18.30.30:685][  0]LogTargetPlatformManager: Display: Loaded TargetPlatform 'Android_DXTClient'
[2020.04.28-18.30.30:685][  0]LogTargetPlatformManager: Display: Loaded TargetPlatform 'Android_ETC1Client'
[2020.04.28-18.30.30:685][  0]LogTargetPlatformManager: Display: Loaded TargetPlatform 'Android_ETC1aClient'
[2020.04.28-18.30.30:685][  0]LogTargetPlatformManager: Display: Loaded TargetPlatform 'Android_ETC2Client'
[2020.04.28-18.30.30:685][  0]LogTargetPlatformManager: Display: Loaded TargetPlatform 'Android_PVRTCClient'
[2020.04.28-18.30.30:685][  0]LogTargetPlatformManager: Display: Loaded TargetPlatform 'Android_Multi'
[2020.04.28-18.30.30:685][  0]LogTargetPlatformManager: Display: Loaded TargetPlatform 'Android_MultiClient'
[2020.04.28-18.30.30:699][  0]LogTargetPlatformManager: Display: Loaded TargetPlatform 'IOSClient'
[2020.04.28-18.30.30:700][  0]LogTargetPlatformManager: Display: Loaded TargetPlatform 'IOS'
[2020.04.28-18.30.30:706][  0]LogTargetPlatformManager: Display: Loaded TargetPlatform 'LinuxNoEditor'
[2020.04.28-18.30.30:712][  0]LogTargetPlatformManager: Display: Loaded TargetPlatform 'LinuxClient'
[2020.04.28-18.30.30:719][  0]LogTargetPlatformManager: Display: Loaded TargetPlatform 'LinuxServer'
[2020.04.28-18.30.30:725][  0]LogTargetPlatformManager: Display: Loaded TargetPlatform 'LinuxAArch64NoEditor'
[2020.04.28-18.30.30:731][  0]LogTargetPlatformManager: Display: Loaded TargetPlatform 'LinuxAArch64Client'
[2020.04.28-18.30.30:737][  0]LogTargetPlatformManager: Display: Loaded TargetPlatform 'LinuxAArch64Server'
[2020.04.28-18.30.30:758][  0]LogTargetPlatformManager: Display: Loaded TargetPlatform 'Lumin'
[2020.04.28-18.30.30:758][  0]LogTargetPlatformManager: Display: Loaded TargetPlatform 'LuminClient'
[2020.04.28-18.30.30:770][  0]LogTargetPlatformManager: Display: Loaded TargetPlatform 'TVOSClient'
[2020.04.28-18.30.30:770][  0]LogTargetPlatformManager: Display: Loaded TargetPlatform 'TVOS'
[2020.04.28-18.30.30:776][  0]LogTargetPlatformManager: Display: Loaded TargetPlatform 'WindowsNoEditor'
[2020.04.28-18.30.30:783][  0]LogTargetPlatformManager: Display: Loaded TargetPlatform 'Windows'
[2020.04.28-18.30.30:789][  0]LogTargetPlatformManager: Display: Loaded TargetPlatform 'WindowsClient'
[2020.04.28-18.30.30:795][  0]LogTargetPlatformManager: Display: Loaded TargetPlatform 'WindowsServer'
[2020.04.28-18.30.30:795][  0]LogTargetPlatformManager: Display: Building Assets For Windows
[2020.04.28-18.30.30:797][  0]LogAudioDebug: Display: Lib vorbis DLL was dynamically loaded.
[2020.04.28-18.30.30:814][  0]LogShaderCompilers: Guid format shader working directory is -25 characters bigger than the processId version (../../../../../../Users/jacob/Documents/GitHub/Class/TC2/Project-Train/Intermediate/Shaders/WorkingDirectory/14984/).
[2020.04.28-18.30.30:814][  0]LogShaderCompilers: Cleaned the shader compiler working directory 'C:/Users/jacob/AppData/Local/Temp/UnrealShaderWorkingDir/382EFF6A4B627AE20F55C380258B47AA/'.
[2020.04.28-18.30.30:814][  0]LogXGEController: Cleaning working directory: C:/Users/jacob/AppData/Local/Temp/UnrealXGEWorkingDir/
[2020.04.28-18.30.30:814][  0]LogXGEController: Cannot use XGE Controller as Incredibuild is not installed on this machine.
[2020.04.28-18.30.30:814][  0]LogShaderCompilers: Cannot use XGE Shader Compiler as Incredibuild is not installed on this machine.
[2020.04.28-18.30.30:814][  0]LogShaderCompilers: Display: Using Local Shader Compiler.
[2020.04.28-18.30.31:452][  0]LogDerivedDataCache: Display: Max Cache Size: 512 MB
[2020.04.28-18.30.31:501][  0]LogDerivedDataCache: Loaded boot cache 0.05s 78MB C:/Users/jacob/AppData/Local/UnrealEngine/4.24/DerivedDataCache/Boot.ddc.
[2020.04.28-18.30.31:501][  0]LogDerivedDataCache: Display: Loaded Boot cache: C:/Users/jacob/AppData/Local/UnrealEngine/4.24/DerivedDataCache/Boot.ddc
[2020.04.28-18.30.31:501][  0]LogDerivedDataCache: FDerivedDataBackendGraph:  Pak pak cache file ../../../../../../Users/jacob/Documents/GitHub/Class/TC2/Project-Train/DerivedDataCache/DDC.ddp not found, will not use a pak cache.
[2020.04.28-18.30.31:501][  0]LogDerivedDataCache: Unable to find inner node Pak for hierarchical cache Hierarchy.
[2020.04.28-18.30.31:501][  0]LogDerivedDataCache: FDerivedDataBackendGraph:  CompressedPak pak cache file ../../../../../../Users/jacob/Documents/GitHub/Class/TC2/Project-Train/DerivedDataCache/Compressed.ddp not found, will not use a pak cache.
[2020.04.28-18.30.31:501][  0]LogDerivedDataCache: Unable to find inner node CompressedPak for hierarchical cache Hierarchy.
[2020.04.28-18.30.31:510][  0]LogDerivedDataCache: Display: Pak cache opened for reading ../../../Engine/DerivedDataCache/Compressed.ddp.
[2020.04.28-18.30.31:510][  0]LogDerivedDataCache: FDerivedDataBackendGraph:  EnterprisePak pak cache file ../../../Enterprise/DerivedDataCache/Compressed.ddp not found, will not use a pak cache.
[2020.04.28-18.30.31:510][  0]LogDerivedDataCache: Unable to find inner node EnterprisePak for hierarchical cache Hierarchy.
[2020.04.28-18.30.31:511][  0]LogDerivedDataCache: Using Local data cache path C:/Users/jacob/AppData/Local/UnrealEngine/Common/DerivedDataCache: Writable
[2020.04.28-18.30.31:511][  0]LogDerivedDataCache: Shared data cache path not found in *engine.ini, will not use an Shared cache.
[2020.04.28-18.30.31:511][  0]LogDerivedDataCache: Unable to find inner node Shared for hierarchical cache Hierarchy.
[2020.04.28-18.30.31:535][  0]LogMaterial: Verifying Global Shaders for PCD3D_SM5
[2020.04.28-18.30.31:538][  0]LogSlate: Using FreeType 2.10.0
[2020.04.28-18.30.31:538][  0]LogSlate: SlateFontServices - WITH_FREETYPE: 1, WITH_HARFBUZZ: 1
[2020.04.28-18.30.31:581][  0]LogAssetRegistry: FAssetRegistry took 0.0027 seconds to start up
[2020.04.28-18.30.31:851][  0]LogInit: Selected Device Profile: [Windows]
[2020.04.28-18.30.31:988][  0]LogMeshReduction: Using QuadricMeshReduction for automatic static mesh reduction
[2020.04.28-18.30.31:988][  0]LogMeshReduction: Using SimplygonMeshReduction for automatic skeletal mesh reduction
[2020.04.28-18.30.31:988][  0]LogMeshReduction: Using ProxyLODMeshReduction for automatic mesh merging
[2020.04.28-18.30.31:988][  0]LogMeshReduction: No distributed automatic mesh merging module available
[2020.04.28-18.30.31:988][  0]LogMeshMerging: No distributed automatic mesh merging module available
[2020.04.28-18.30.32:000][  0]LogNetVersion: ProjectTrain 1.0.0, NetCL: 10570792, EngineNetVer: 13, GameNetVer: 0 (Checksum: 1973535973)
[2020.04.28-18.30.32:866][  0]LogPackageLocalizationCache: Processed 10 localized package path(s) for 1 prioritized culture(s) in 0.038431 seconds
[2020.04.28-18.30.32:873][  0]LogUObjectArray: 46750 objects as part of root set at end of initial load.
[2020.04.28-18.30.32:873][  0]LogUObjectAllocator: 8137160 out of 0 bytes used by permanent object pool.
[2020.04.28-18.30.32:873][  0]LogUObjectArray: CloseDisregardForGC: 0/0 objects in disregard for GC pool
[2020.04.28-18.30.33:222][  0]LogTcpMessaging: Initializing TcpMessaging bridge
[2020.04.28-18.30.33:225][  0]LogUdpMessaging: Initializing bridge on interface 0.0.0.0:0 to multicast group 230.0.0.1:6666.
[2020.04.28-18.30.33:268][  0]SourceControl: Source control is disabled
[2020.04.28-18.30.33:268][  0]SourceControl: Source control is disabled
[2020.04.28-18.30.33:268][  0]SourceControl: Source control is disabled
[2020.04.28-18.30.33:269][  0]SourceControl: Source control is disabled
[2020.04.28-18.30.33:269][  0]SourceControl: Source control is disabled
[2020.04.28-18.30.33:331][  0]LogAndroidPermission: UAndroidPermissionCallbackProxy::GetInstance
[2020.04.28-18.30.33:339][  0]LogAudioCaptureCore: Display: No Audio Capture implementations found. Audio input will be silent.
[2020.04.28-18.30.33:339][  0]LogAudioCaptureCore: Display: No Audio Capture implementations found. Audio input will be silent.
[2020.04.28-18.30.33:413][  0]LogOcInput: OculusInput pre-init called
[2020.04.28-18.30.33:419][  0]LogWindows: Failed to load 'OVRPlugin.dll' (GetLastError=126)
[2020.04.28-18.30.33:419][  0]LogWindows: File 'OVRPlugin.dll' does not exist
[2020.04.28-18.30.33:477][  0]LogEngine: Initializing Engine...
[2020.04.28-18.30.33:478][  0]LogHMD: Failed to initialize OpenVR with code 110
[2020.04.28-18.30.33:479][  0]LogStats: UGameplayTagsManager::InitializeManager -  0.000 s
[2020.04.28-18.30.33:785][  0]LogInit: Initializing FReadOnlyCVARCache
[2020.04.28-18.30.33:791][  0]LogAIModule: Creating AISystem for world Untitled
[2020.04.28-18.30.33:808][  0]LogAudioMixer: Display: Audio Mixer Platform Settings:
[2020.04.28-18.30.33:808][  0]LogAudioMixer: Display: 	Sample Rate:						  48000
[2020.04.28-18.30.33:808][  0]LogAudioMixer: Display: 	Callback Buffer Frame Size Requested: 1024
[2020.04.28-18.30.33:808][  0]LogAudioMixer: Display: 	Callback Buffer Frame Size To Use:	  1024
[2020.04.28-18.30.33:808][  0]LogAudioMixer: Display: 	Number of buffers to queue:			  2
[2020.04.28-18.30.33:808][  0]LogAudioMixer: Display: 	Max Channels (voices):				  32
[2020.04.28-18.30.33:808][  0]LogAudioMixer: Display: 	Number of Async Source Workers:		  0
[2020.04.28-18.30.33:808][  0]LogAudio: Display: AudioDevice MaxSources: 32
[2020.04.28-18.30.33:809][  0]LogAudio: Display: Using built-in audio occlusion.
[2020.04.28-18.30.33:809][  0]LogAudioMixer: Display: Initializing audio mixer.
[2020.04.28-18.30.33:824][  0]LogAudioMixer: Display: Audio Device Output Speaker Info:
[2020.04.28-18.30.33:824][  0]LogAudioMixer: Display: Name: LG ULTRAWIDE (NVIDIA High Definition Audio)
[2020.04.28-18.30.33:824][  0]LogAudioMixer: Display: Is Default: Yes
[2020.04.28-18.30.33:824][  0]LogAudioMixer: Display: Sample Rate: 48000
[2020.04.28-18.30.33:824][  0]LogAudioMixer: Display: Channel Count Used: 2
[2020.04.28-18.30.33:824][  0]LogAudioMixer: Display: Device Channel Count: 2
[2020.04.28-18.30.33:824][  0]LogAudioMixer: Display: Channel Order:
[2020.04.28-18.30.33:824][  0]LogAudioMixer: Display: 0: FrontLeft
[2020.04.28-18.30.33:824][  0]LogAudioMixer: Display: 1: FrontRight
[2020.04.28-18.30.33:840][  0]LogAudioMixer: Display: Using Audio Device LG ULTRAWIDE (NVIDIA High Definition Audio)
[2020.04.28-18.30.33:845][  0]LogInit: FAudioDevice initialized.
[2020.04.28-18.30.33:845][  0]LogNetVersion: Set ProjectVersion to 1.0.0.0. Version Checksum will be recalculated on next use.
[2020.04.28-18.30.34:030][  0]LogDerivedDataCache: Saved boot cache 0.19s 78MB C:/Users/jacob/AppData/Local/UnrealEngine/4.24/DerivedDataCache/Boot.ddc.
[2020.04.28-18.30.34:035][  0]LogInit: Texture streaming: Enabled
[2020.04.28-18.30.34:043][  0]LogEngineSessionManager: EngineSessionManager initialized
[2020.04.28-18.30.34:043][  0]LogEngineSessionManager: EngineSessionManager sent abnormal shutdown report. Type=AbnormalShutdown, SessionId={4F996CA8-4CAB-2B48-A457-65A5F5ACBB9B}
[2020.04.28-18.30.34:043][  0]LogEditorSessionSummary: Verbose: Initializing EditorSessionSummaryWriter for editor session tracking
[2020.04.28-18.30.34:045][  0]LogEditorSessionSummary: EditorSessionSummaryWriter initialized
[2020.04.28-18.30.34:102][  0]LogInit: Transaction tracking system initialized
[2020.04.28-18.30.34:109][  0]BlueprintLog: New page: Editor Load
[2020.04.28-18.30.34:131][  0]LocalizationService: Localization service is disabled
[2020.04.28-18.30.34:351][  0]LogFileCache: Scanning file cache for directory 'C:/Users/jacob/Documents/GitHub/Class/TC2/Project-Train/Content/' took 0.01s
[2020.04.28-18.30.34:351][  0]LogCook: Display: Max memory allowance for cook 16384mb min free memory 0mb
[2020.04.28-18.30.34:351][  0]LogCook: Display: Mobile HDR setting 1
[2020.04.28-18.30.34:896][  0]SourceControl: Source control is disabled
[2020.04.28-18.30.35:023][  0]LogSlate: Took 0.000172 seconds to synchronously load lazily loaded font '../../../Engine/Content/Slate/Fonts/Roboto-Regular.ttf' (155K)
[2020.04.28-18.30.43:233][  0]LogSlate: Window 'Restore Packages' being destroyed
[2020.04.28-18.30.43:233][  0]LogWindowsTextInputMethodSystem: Display: IME system now deactivated.
[2020.04.28-18.30.43:236][  0]LogWindowsTextInputMethodSystem: Display: IME system now deactivated.
[2020.04.28-18.30.46:684][  0]LogSlate: Window 'Unable to Check Out From Source Control!' being destroyed
[2020.04.28-18.30.46:685][  0]LogWindowsTextInputMethodSystem: Display: IME system now deactivated.
[2020.04.28-18.30.46:686][  0]LogWindowsTextInputMethodSystem: Display: IME system now deactivated.
[2020.04.28-18.30.46:698][  0]Cmd: MAP LOAD FILE="../../../../../../Users/jacob/Documents/GitHub/Class/TC2/Project-Train/Content/Levels/Train_lvl_2.umap" TEMPLATE=0 SHOWPROGRESS=1 FEATURELEVEL=3
[2020.04.28-18.30.46:698][  0]LightingResults: New page: Lighting Build
[2020.04.28-18.30.46:699][  0]LogWorld: UWorld::CleanupWorld for Untitled, bSessionEnded=true, bCleanupResources=true
[2020.04.28-18.30.46:699][  0]LogSlate: InvalidateAllWidgets triggered.  All widgets were invalidated
[2020.04.28-18.30.46:699][  0]MapCheck: New page: Map Check
[2020.04.28-18.30.46:699][  0]LightingResults: New page: Lighting Build
[2020.04.28-18.30.46:726][  0]LogUObjectHash: Compacting FUObjectHashTables data took   1.84ms
[2020.04.28-18.30.46:973][  0]LogLinker: Warning: While loading '../../../../../../Users/jacob/Documents/GitHub/Class/TC2/Project-Train/Content/Levels/Train_lvl_2.umap' failed to load '/Game/MovingTriggerBox': Can't find file.
[2020.04.28-18.30.46:973][  0]LogLinker: Warning: While loading '../../../../../../Users/jacob/Documents/GitHub/Class/TC2/Project-Train/Content/Levels/Train_lvl_2.umap' failed to load '/Game/MovingTriggerBox': Can't find file.
[2020.04.28-18.30.46:994][  0]LogLinker: Warning: While loading '../../../../../../Users/jacob/Documents/GitHub/Class/TC2/Project-Train/Content/Levels/Train_lvl_2.umap' failed to load '/Game/MovingTriggerBox': Can't find file.
[2020.04.28-18.30.46:994][  0]LogLinker: Warning: While loading '../../../../../../Users/jacob/Documents/GitHub/Class/TC2/Project-Train/Content/Levels/Train_lvl_2.umap' failed to load '/Game/MovingTriggerBox': Can't find file.
[2020.04.28-18.30.46:996][  0]LogLinker: Warning: While loading '../../../../../../Users/jacob/Documents/GitHub/Class/TC2/Project-Train/Content/Levels/Train_lvl_2.umap' failed to load '/Game/MovingTriggerBox': Can't find file.
[2020.04.28-18.30.46:997][  0]LogLinker: Warning: While loading '../../../../../../Users/jacob/Documents/GitHub/Class/TC2/Project-Train/Content/Levels/Train_lvl_2.umap' failed to load '/Game/MovingTriggerBox': Can't find file.
[2020.04.28-18.30.46:999][  0]LogLinker: Warning: While loading '../../../../../../Users/jacob/Documents/GitHub/Class/TC2/Project-Train/Content/Levels/Train_lvl_2.umap' failed to load '/Game/MovingTriggerBox': Can't find file.
[2020.04.28-18.30.46:999][  0]LogLinker: Warning: While loading '../../../../../../Users/jacob/Documents/GitHub/Class/TC2/Project-Train/Content/Levels/Train_lvl_2.umap' failed to load '/Game/MovingTriggerBox': Can't find file.
[2020.04.28-18.30.47:006][  0]LogLinker: Warning: Failed to load '/Game/MovingTriggerBox': Can't find file.
[2020.04.28-18.30.47:006][  0]LogLinker: Warning: Failed to load '/Game/MovingTriggerBox': Can't find file.
[2020.04.28-18.30.47:007][  0]LogLinker: Warning: Failed to load '/Game/MovingTriggerBox': Can't find file.
[2020.04.28-18.30.47:007][  0]LogLinker: Warning: Failed to load '/Game/MovingTriggerBox': Can't find file.
[2020.04.28-18.30.47:007][  0]LogLinker: Warning: Failed to load '/Game/MovingTriggerBox': Can't find file.
[2020.04.28-18.30.47:007][  0]LogLinker: Warning: Failed to load '/Game/MovingTriggerBox': Can't find file.
[2020.04.28-18.30.47:007][  0]LogLinker: Warning: Failed to load '/Game/MovingTriggerBox': Can't find file.
[2020.04.28-18.30.47:007][  0]LogLinker: Warning: Failed to load '/Game/MovingTriggerBox': Can't find file.
[2020.04.28-18.30.47:280][  0]LogLinker: Warning: Failed to load '/Game/MovingTriggerBox': Can't find file.
[2020.04.28-18.30.47:280][  0]LogLinker: Warning: Failed to load '/Game/MovingTriggerBox': Can't find file.
[2020.04.28-18.30.47:280][  0]LogLinker: Warning: Failed to load '/Game/MovingTriggerBox': Can't find file.
[2020.04.28-18.30.47:280][  0]LogLinker: Warning: Failed to load '/Game/MovingTriggerBox': Can't find file.
[2020.04.28-18.30.47:725][  0]LogAIModule: Creating AISystem for world Train_lvl_2
[2020.04.28-18.30.47:793][  0]LogEditorServer: Finished looking for orphan Actors (0.000 secs)
[2020.04.28-18.30.47:829][  0]LogUObjectHash: Compacting FUObjectHashTables data took   2.57ms
[2020.04.28-18.30.47:830][  0]Cmd: MAP CHECKDEP NOCLEARLOG
[2020.04.28-18.30.47:830][  0]MapCheck: Map check complete: 0 Error(s), 0 Warning(s), took 0.197ms to complete.
[2020.04.28-18.30.47:830][  0]LogFileHelpers: Loading map 'Train_lvl_2' took 1.131
[2020.04.28-18.30.47:918][  0]LogSlate: Updating window title bar state: overlay mode, drag disabled, window buttons hidden, title bar hidden
[2020.04.28-18.30.47:925][  0]LogSlate: Updating window title bar state: overlay mode, drag disabled, window buttons hidden, title bar hidden
[2020.04.28-18.30.47:930][  0]LogSlate: Updating window title bar state: overlay mode, drag disabled, window buttons hidden, title bar hidden
[2020.04.28-18.30.47:937][  0]LogSlate: Updating window title bar state: overlay mode, drag disabled, window buttons hidden, title bar hidden
[2020.04.28-18.30.47:941][  0]LogCollectionManager: Loaded 0 collections in 0.001682 seconds
[2020.04.28-18.30.47:952][  0]LogFileCache: Scanning file cache for directory 'C:/Users/jacob/Documents/GitHub/Class/TC2/Project-Train/Saved/Collections/' took 0.00s
[2020.04.28-18.30.47:952][  0]LogFileCache: Scanning file cache for directory 'C:/Users/jacob/Documents/GitHub/Class/TC2/Project-Train/Content/Developers/jacob/Collections/' took 0.00s
[2020.04.28-18.30.47:952][  0]LogFileCache: Scanning file cache for directory 'C:/Users/jacob/Documents/GitHub/Class/TC2/Project-Train/Content/Collections/' took 0.00s
[2020.04.28-18.30.47:952][  0]LogContentBrowser: Native class hierarchy populated in 0.0071 seconds. Added 3015 classes and 717 folders.
[2020.04.28-18.30.47:954][  0]LogContentBrowser: Native class hierarchy updated for 'WidgetCarousel' in 0.0002 seconds. Added 0 classes and 0 folders.
[2020.04.28-18.30.48:000][  0]LogContentBrowser: Native class hierarchy updated for 'AddContentDialog' in 0.0002 seconds. Added 0 classes and 0 folders.
[2020.04.28-18.30.48:003][  0]LogContentBrowser: Native class hierarchy updated for 'SceneOutliner' in 0.0002 seconds. Added 2 classes and 3 folders.
[2020.04.28-18.30.48:032][  0]LogSlate: Took 0.000196 seconds to synchronously load lazily loaded font '../../../Engine/Content/Slate/Fonts/Roboto-Bold.ttf' (160K)
[2020.04.28-18.30.48:036][  0]LogSlate: Took 0.000159 seconds to synchronously load lazily loaded font '../../../Engine/Content/Editor/Slate/Fonts/FontAwesome.ttf' (139K)
[2020.04.28-18.30.48:091][  0]LogRenderer: Reallocating scene render targets to support 1704x576 Format 10 NumSamples 1 (Frame:1).
[2020.04.28-18.30.48:232][  0]LogSlate: Took 0.000140 seconds to synchronously load lazily loaded font '../../../Engine/Content/Slate/Fonts/Roboto-Light.ttf' (167K)
[2020.04.28-18.30.48:265][  0]LogContentBrowser: Native class hierarchy updated for 'HierarchicalLODOutliner' in 0.0003 seconds. Added 0 classes and 0 folders.
[2020.04.28-18.30.48:265][  0]LogLoad: (Engine Initialization) Total time: 19.49 seconds
[2020.04.28-18.30.48:265][  0]LogLoad: (Engine Initialization) Total Blueprint compile time: 0.00 seconds
[2020.04.28-18.30.48:279][  0]LoadErrors: Warning: CreateExport: Failed to load Outer for resource 'DefaultSceneRoot': MovingTriggerBox_C /Game/Levels/Train_lvl_2.Train_lvl_2:PersistentLevel.MovingTriggerBox_2
[2020.04.28-18.30.48:279][  0]LoadErrors: Warning: CreateExport: Failed to load Outer for resource 'StaticMesh': MovingTriggerBox_C /Game/Levels/Train_lvl_2.Train_lvl_2:PersistentLevel.MovingTriggerBox_2
[2020.04.28-18.30.48:366][  0]LogAssetRegistry: Asset discovery search completed in 16.7853 seconds
[2020.04.28-18.30.48:369][  0]LogCollectionManager: Fixed up redirectors for 0 collections in 0.000006 seconds (updated 0 objects)
[2020.04.28-18.30.48:370][  0]LogContentStreaming: Texture pool size now 1000 MB
[2020.04.28-18.30.49:310][ 30]LogSlate: Took 0.000244 seconds to synchronously load lazily loaded font '../../../Engine/Content/Slate/Fonts/Roboto-Light.ttf' (167K)
[2020.04.28-18.30.51:209][129]LogSlate: Window 'Message Log' being destroyed
[2020.04.28-18.30.51:214][129]LogSlate: Window 'Message Log' being destroyed
[2020.04.28-18.31.27:234][953]LogSlate: Window 'Pick Parent Class' being destroyed
[2020.04.28-18.31.41:707][576]LogAssetEditorSubsystem: Opening Asset editor for Blueprint /Game/MovingTrigger.MovingTrigger
[2020.04.28-18.31.41:888][576]LogContentBrowser: Native class hierarchy updated for 'BlueprintGraph' in 0.0005 seconds. Added 121 classes and 0 folders.
[2020.04.28-18.31.42:718][576]LogRenderer: Reallocating scene render targets to support 1704x692 Format 10 NumSamples 1 (Frame:1).
[2020.04.28-18.31.44:763][757]LogSlate: Took 0.000208 seconds to synchronously load lazily loaded font '../../../Engine/Content/Slate/Fonts/Roboto-Italic.ttf' (157K)
[2020.04.28-18.32.23:420][178]BlueprintLog: New page: Compile MovingTrigger
[2020.04.28-18.32.23:712][178]LogUObjectHash: Compacting FUObjectHashTables data took   5.28ms
[2020.04.28-18.32.38:888][154]LogAssetEditorSubsystem: Opening Asset editor for LevelScriptBlueprint /Game/Levels/Train_lvl_2.Train_lvl_2:PersistentLevel.Train_lvl_2
[2020.04.28-18.32.39:209][154]LogSlate: Took 0.000170 seconds to synchronously load lazily loaded font '../../../Engine/Content/Slate/Fonts/Roboto-BoldCondensed.ttf' (158K)
[2020.04.28-18.35.37:626][684]BlueprintLog: New page: Compile Train_lvl_2
[2020.04.28-18.35.38:108][684]LogUObjectHash: Compacting FUObjectHashTables data took   4.85ms
[2020.04.28-18.36.58:243][383]BlueprintLog: New page: Compile Train_lvl_2
[2020.04.28-18.36.58:721][383]LogUObjectHash: Compacting FUObjectHashTables data took   4.35ms
[2020.04.28-18.37.05:487][663]LogTemp: Repeating last play command: New Editor Window (PIE)
[2020.04.28-18.37.05:505][663]LogBlueprintUserMessages: Early PlayInEditor Detection: Level '/Game/Levels/Train_lvl_2.Train_lvl_2:PersistentLevel' has LevelScriptBlueprint '/Game/Levels/Train_lvl_2.Train_lvl_2:PersistentLevel.Train_lvl_2' with GeneratedClass '/Game/Levels/Train_lvl_2.Train_lvl_2_C' with ClassGeneratedBy '/Game/Levels/Train_lvl_2.Train_lvl_2:PersistentLevel.Train_lvl_2'
[2020.04.28-18.37.05:505][663]LogPlayLevel: PlayLevel: No blueprints needed recompiling
[2020.04.28-18.37.05:506][663]PIE: New page: PIE session: Train_lvl_2 (Apr 28, 2020, 6:37:05 AM)
[2020.04.28-18.37.05:507][663]LogOnline: OSS: Creating online subsystem instance for: NULL
[2020.04.28-18.37.05:508][663]LogOnline: OSS: TryLoadSubsystemAndSetDefault: Loaded subsystem for module [NULL]
[2020.04.28-18.37.05:508][663]LogPlayLevel: Creating play world package: /Game/Levels/UEDPIE_0_Train_lvl_2
[2020.04.28-18.37.05:570][663]LogPlayLevel: PIE: StaticDuplicateObject took: (0.062243s)
[2020.04.28-18.37.05:571][663]LogAIModule: Creating AISystem for world Train_lvl_2
[2020.04.28-18.37.05:571][663]LogPlayLevel: PIE: World Init took: (0.001126s)
[2020.04.28-18.37.05:571][663]LogPlayLevel: PIE: Created PIE world by copying editor world from /Game/Levels/Train_lvl_2.Train_lvl_2 to /Game/Levels/UEDPIE_0_Train_lvl_2.Train_lvl_2 (0.063645s)
[2020.04.28-18.37.05:614][663]LogUObjectHash: Compacting FUObjectHashTables data took   3.58ms
[2020.04.28-18.37.05:615][663]LogAudioMixer: Display: Audio Mixer Platform Settings:
[2020.04.28-18.37.05:615][663]LogAudioMixer: Display: 	Sample Rate:						  48000
[2020.04.28-18.37.05:615][663]LogAudioMixer: Display: 	Callback Buffer Frame Size Requested: 1024
[2020.04.28-18.37.05:615][663]LogAudioMixer: Display: 	Callback Buffer Frame Size To Use:	  1024
[2020.04.28-18.37.05:615][663]LogAudioMixer: Display: 	Number of buffers to queue:			  2
[2020.04.28-18.37.05:615][663]LogAudioMixer: Display: 	Max Channels (voices):				  32
[2020.04.28-18.37.05:615][663]LogAudioMixer: Display: 	Number of Async Source Workers:		  0
[2020.04.28-18.37.05:615][663]LogAudio: Display: AudioDevice MaxSources: 32
[2020.04.28-18.37.05:616][663]LogAudio: Display: Using built-in audio occlusion.
[2020.04.28-18.37.05:616][663]LogAudioMixer: Display: Initializing audio mixer.
[2020.04.28-18.37.05:628][663]LogAudioMixer: Display: Audio Device Output Speaker Info:
[2020.04.28-18.37.05:628][663]LogAudioMixer: Display: Name: LG ULTRAWIDE (NVIDIA High Definition Audio)
[2020.04.28-18.37.05:628][663]LogAudioMixer: Display: Is Default: Yes
[2020.04.28-18.37.05:628][663]LogAudioMixer: Display: Sample Rate: 48000
[2020.04.28-18.37.05:628][663]LogAudioMixer: Display: Channel Count Used: 2
[2020.04.28-18.37.05:628][663]LogAudioMixer: Display: Device Channel Count: 2
[2020.04.28-18.37.05:628][663]LogAudioMixer: Display: Channel Order:
[2020.04.28-18.37.05:628][663]LogAudioMixer: Display: 0: FrontLeft
[2020.04.28-18.37.05:628][663]LogAudioMixer: Display: 1: FrontRight
[2020.04.28-18.37.05:637][663]LogAudioMixer: Display: Using Audio Device LG ULTRAWIDE (NVIDIA High Definition Audio)
[2020.04.28-18.37.05:638][663]LogInit: FAudioDevice initialized.
[2020.04.28-18.37.05:687][663]LogSlate: Updating window title bar state: overlay mode, drag disabled, window buttons hidden, title bar hidden
[2020.04.28-18.37.05:689][663]LogLoad: Game class is 'FirstPersonGameMode_C'
[2020.04.28-18.37.05:699][663]LogWorld: Bringing World /Game/Levels/UEDPIE_0_Train_lvl_2.Train_lvl_2 up for play (max tick rate 0) at 2020.04.28-12.37.05
[2020.04.28-18.37.05:702][663]LogWorld: Bringing up level for play took: 0.011480
[2020.04.28-18.37.05:702][663]LogOnline: OSS: Creating online subsystem instance for: :Context_13
[2020.04.28-18.37.05:709][663]LogContentBrowser: Native class hierarchy updated for 'MovieSceneCapture' in 0.0004 seconds. Added 20 classes and 0 folders.
[2020.04.28-18.37.05:740][663]PIE: Play in editor start time for /Game/Levels/UEDPIE_0_Train_lvl_2 0.432
[2020.04.28-18.37.05:740][663]LogBlueprintUserMessages: Late PlayInEditor Detection: Level '/Game/Levels/Train_lvl_2.Train_lvl_2:PersistentLevel' has LevelScriptBlueprint '/Game/Levels/Train_lvl_2.Train_lvl_2:PersistentLevel.Train_lvl_2' with GeneratedClass '/Game/Levels/Train_lvl_2.Train_lvl_2_C' with ClassGeneratedBy '/Game/Levels/Train_lvl_2.Train_lvl_2:PersistentLevel.Train_lvl_2'
[2020.04.28-18.37.05:805][664]LogRenderer: Reallocating scene render targets to support 1704x720 Format 10 NumSamples 1 (Frame:1).
[2020.04.28-18.38.17:915][342]LogNavigation: Warning: UNavigationSystemV1::SimpleMoveToActor called for NavSys:None Controller:None controlling Pawn:NULL with goal actor Enemy_Character_Blueprint (if any of these is None then there's your problem
[2020.04.28-18.38.50:679][585]LogNavigation: Warning: UNavigationSystemV1::SimpleMoveToActor called for NavSys:None Controller:None controlling Pawn:NULL (if any of these is None then there's your problem
[2020.04.28-18.38.52:685][676]LogNavigation: Warning: UNavigationSystemV1::SimpleMoveToActor called for NavSys:None Controller:None controlling Pawn:NULL (if any of these is None then there's your problem
[2020.04.28-18.38.58:948][956]LogAudioMixer: Display: No commands were queued while flushing the source manager.
[2020.04.28-18.38.58:961][956]LogAudioMixer: Display: Flush succeeded in the source manager command queue (1).
[2020.04.28-18.38.58:981][956]LogAudioMixer: Display: Flush succeeded the source manager command queue (2).
[2020.04.28-18.38.58:981][956]LogBlueprintUserMessages: Early EndPlayMap Detection: Level '/Game/Levels/Train_lvl_2.Train_lvl_2:PersistentLevel' has LevelScriptBlueprint '/Game/Levels/Train_lvl_2.Train_lvl_2:PersistentLevel.Train_lvl_2' with GeneratedClass '/Game/Levels/Train_lvl_2.Train_lvl_2_C' with ClassGeneratedBy '/Game/Levels/Train_lvl_2.Train_lvl_2:PersistentLevel.Train_lvl_2'
[2020.04.28-18.38.58:981][956]LogSlate: Updating window title bar state: overlay mode, drag disabled, window buttons hidden, title bar hidden
[2020.04.28-18.38.58:981][956]LogWorld: BeginTearingDown for /Game/Levels/UEDPIE_0_Train_lvl_2
[2020.04.28-18.38.58:998][956]LogSlate: Window 'ProjectTrain Game Preview Standalone (64-bit/PCD3D_SM5)' being destroyed
[2020.04.28-18.38.59:006][956]LogAudioMixer: Display: No commands were queued while flushing the source manager.
[2020.04.28-18.38.59:006][956]LogWorld: UWorld::CleanupWorld for Train_lvl_2, bSessionEnded=true, bCleanupResources=true
[2020.04.28-18.38.59:009][956]LogSlate: InvalidateAllWidgets triggered.  All widgets were invalidated
[2020.04.28-18.38.59:183][956]LogPlayLevel: Display: Shutting down PIE online subsystems
[2020.04.28-18.38.59:183][956]LogBlueprintUserMessages: Late EndPlayMap Detection: Level '/Game/Levels/Train_lvl_2.Train_lvl_2:PersistentLevel' has LevelScriptBlueprint '/Game/Levels/Train_lvl_2.Train_lvl_2:PersistentLevel.Train_lvl_2' with GeneratedClass '/Game/Levels/Train_lvl_2.Train_lvl_2_C' with ClassGeneratedBy '/Game/Levels/Train_lvl_2.Train_lvl_2:PersistentLevel.Train_lvl_2'
[2020.04.28-18.38.59:191][956]LogSlate: InvalidateAllWidgets triggered.  All widgets were invalidated
[2020.04.28-18.38.59:227][956]LogAudioMixer: Display: No commands were queued while flushing the source manager.
[2020.04.28-18.38.59:249][956]LogUObjectHash: Compacting FUObjectHashTables data took   5.87ms
[2020.04.28-18.38.59:851][957]LogPlayLevel: Display: Destroying online subsystem :Context_13
[2020.04.28-18.39.01:216][ 25]LogEditorViewport: Clicking on Actor (LMB): MovingTrigger_C (MovingTrigger)
[2020.04.28-18.39.07:441][320]LogTemp: Repeating last play command: New Editor Window (PIE)
[2020.04.28-18.39.07:459][320]LogBlueprintUserMessages: Early PlayInEditor Detection: Level '/Game/Levels/Train_lvl_2.Train_lvl_2:PersistentLevel' has LevelScriptBlueprint '/Game/Levels/Train_lvl_2.Train_lvl_2:PersistentLevel.Train_lvl_2' with GeneratedClass '/Game/Levels/Train_lvl_2.Train_lvl_2_C' with ClassGeneratedBy '/Game/Levels/Train_lvl_2.Train_lvl_2:PersistentLevel.Train_lvl_2'
[2020.04.28-18.39.07:459][320]LogPlayLevel: PlayLevel: No blueprints needed recompiling
[2020.04.28-18.39.07:459][320]PIE: New page: PIE session: Train_lvl_2 (Apr 28, 2020, 6:39:07 AM)
[2020.04.28-18.39.07:459][320]LogPlayLevel: Creating play world package: /Game/Levels/UEDPIE_0_Train_lvl_2
[2020.04.28-18.39.07:520][320]LogPlayLevel: PIE: StaticDuplicateObject took: (0.060940s)
[2020.04.28-18.39.07:521][320]LogAIModule: Creating AISystem for world Train_lvl_2
[2020.04.28-18.39.07:521][320]LogPlayLevel: PIE: World Init took: (0.001312s)
[2020.04.28-18.39.07:521][320]LogPlayLevel: PIE: Created PIE world by copying editor world from /Game/Levels/Train_lvl_2.Train_lvl_2 to /Game/Levels/UEDPIE_0_Train_lvl_2.Train_lvl_2 (0.062508s)
[2020.04.28-18.39.07:565][320]LogUObjectHash: Compacting FUObjectHashTables data took   3.82ms
[2020.04.28-18.39.07:569][320]LogAudioMixer: Display: Audio Mixer Platform Settings:
[2020.04.28-18.39.07:569][320]LogAudioMixer: Display: 	Sample Rate:						  48000
[2020.04.28-18.39.07:569][320]LogAudioMixer: Display: 	Callback Buffer Frame Size Requested: 1024
[2020.04.28-18.39.07:569][320]LogAudioMixer: Display: 	Callback Buffer Frame Size To Use:	  1024
[2020.04.28-18.39.07:569][320]LogAudioMixer: Display: 	Number of buffers to queue:			  2
[2020.04.28-18.39.07:569][320]LogAudioMixer: Display: 	Max Channels (voices):				  32
[2020.04.28-18.39.07:569][320]LogAudioMixer: Display: 	Number of Async Source Workers:		  0
[2020.04.28-18.39.07:569][320]LogAudio: Display: AudioDevice MaxSources: 32
[2020.04.28-18.39.07:569][320]LogAudio: Display: Using built-in audio occlusion.
[2020.04.28-18.39.07:569][320]LogAudioMixer: Display: Initializing audio mixer.
[2020.04.28-18.39.07:582][320]LogAudioMixer: Display: Audio Device Output Speaker Info:
[2020.04.28-18.39.07:582][320]LogAudioMixer: Display: Name: LG ULTRAWIDE (NVIDIA High Definition Audio)
[2020.04.28-18.39.07:582][320]LogAudioMixer: Display: Is Default: Yes
[2020.04.28-18.39.07:582][320]LogAudioMixer: Display: Sample Rate: 48000
[2020.04.28-18.39.07:582][320]LogAudioMixer: Display: Channel Count Used: 2
[2020.04.28-18.39.07:582][320]LogAudioMixer: Display: Device Channel Count: 2
[2020.04.28-18.39.07:582][320]LogAudioMixer: Display: Channel Order:
[2020.04.28-18.39.07:582][320]LogAudioMixer: Display: 0: FrontLeft
[2020.04.28-18.39.07:582][320]LogAudioMixer: Display: 1: FrontRight
[2020.04.28-18.39.07:591][320]LogAudioMixer: Display: Using Audio Device LG ULTRAWIDE (NVIDIA High Definition Audio)
[2020.04.28-18.39.07:592][320]LogInit: FAudioDevice initialized.
[2020.04.28-18.39.07:638][320]LogSlate: Updating window title bar state: overlay mode, drag disabled, window buttons hidden, title bar hidden
[2020.04.28-18.39.07:639][320]LogLoad: Game class is 'FirstPersonGameMode_C'
[2020.04.28-18.39.07:649][320]LogWorld: Bringing World /Game/Levels/UEDPIE_0_Train_lvl_2.Train_lvl_2 up for play (max tick rate 0) at 2020.04.28-12.39.07
[2020.04.28-18.39.07:651][320]LogWorld: Bringing up level for play took: 0.011408
[2020.04.28-18.39.07:651][320]LogOnline: OSS: Creating online subsystem instance for: :Context_14
[2020.04.28-18.39.07:687][320]PIE: Play in editor start time for /Game/Levels/UEDPIE_0_Train_lvl_2 0.38
[2020.04.28-18.39.07:688][320]LogBlueprintUserMessages: Late PlayInEditor Detection: Level '/Game/Levels/Train_lvl_2.Train_lvl_2:PersistentLevel' has LevelScriptBlueprint '/Game/Levels/Train_lvl_2.Train_lvl_2:PersistentLevel.Train_lvl_2' with GeneratedClass '/Game/Levels/Train_lvl_2.Train_lvl_2_C' with ClassGeneratedBy '/Game/Levels/Train_lvl_2.Train_lvl_2:PersistentLevel.Train_lvl_2'
[2020.04.28-18.39.09:836][413]LogAudioMixer: Display: No commands were queued while flushing the source manager.
[2020.04.28-18.39.09:861][413]LogAudioMixer: Display: Flush succeeded in the source manager command queue (1).
[2020.04.28-18.39.09:881][413]LogAudioMixer: Display: Flush succeeded the source manager command queue (2).
[2020.04.28-18.39.09:881][413]LogBlueprintUserMessages: Early EndPlayMap Detection: Level '/Game/Levels/Train_lvl_2.Train_lvl_2:PersistentLevel' has LevelScriptBlueprint '/Game/Levels/Train_lvl_2.Train_lvl_2:PersistentLevel.Train_lvl_2' with GeneratedClass '/Game/Levels/Train_lvl_2.Train_lvl_2_C' with ClassGeneratedBy '/Game/Levels/Train_lvl_2.Train_lvl_2:PersistentLevel.Train_lvl_2'
[2020.04.28-18.39.09:881][413]LogSlate: Updating window title bar state: overlay mode, drag disabled, window buttons hidden, title bar hidden
[2020.04.28-18.39.09:881][413]LogWorld: BeginTearingDown for /Game/Levels/UEDPIE_0_Train_lvl_2
[2020.04.28-18.39.09:899][413]LogSlate: Window 'ProjectTrain Game Preview Standalone (64-bit/PCD3D_SM5)' being destroyed
[2020.04.28-18.39.09:911][413]LogAudioMixer: Display: No commands were queued while flushing the source manager.
[2020.04.28-18.39.09:911][413]LogWorld: UWorld::CleanupWorld for Train_lvl_2, bSessionEnded=true, bCleanupResources=true
[2020.04.28-18.39.09:913][413]LogSlate: InvalidateAllWidgets triggered.  All widgets were invalidated
[2020.04.28-18.39.10:077][413]LogPlayLevel: Display: Shutting down PIE online subsystems
[2020.04.28-18.39.10:077][413]LogBlueprintUserMessages: Late EndPlayMap Detection: Level '/Game/Levels/Train_lvl_2.Train_lvl_2:PersistentLevel' has LevelScriptBlueprint '/Game/Levels/Train_lvl_2.Train_lvl_2:PersistentLevel.Train_lvl_2' with GeneratedClass '/Game/Levels/Train_lvl_2.Train_lvl_2_C' with ClassGeneratedBy '/Game/Levels/Train_lvl_2.Train_lvl_2:PersistentLevel.Train_lvl_2'
[2020.04.28-18.39.10:084][413]LogSlate: InvalidateAllWidgets triggered.  All widgets were invalidated
[2020.04.28-18.39.10:125][413]LogAudioMixer: Display: No commands were queued while flushing the source manager.
[2020.04.28-18.39.10:135][413]LogUObjectHash: Compacting FUObjectHashTables data took   3.96ms
[2020.04.28-18.39.10:701][414]LogEditorViewport: Clicking on Actor (LMB): MovingTrigger_C (MovingTrigger)
[2020.04.28-18.39.10:740][414]LogPlayLevel: Display: Destroying online subsystem :Context_14
[2020.04.28-18.39.19:701][850]LogEditorViewport: Clicking on Actor (LMB): MovingTrigger_C (MovingTrigger)
[2020.04.28-18.39.36:063][614]LogTemp: Repeating last play command: New Editor Window (PIE)
[2020.04.28-18.39.36:080][614]LogBlueprintUserMessages: Early PlayInEditor Detection: Level '/Game/Levels/Train_lvl_2.Train_lvl_2:PersistentLevel' has LevelScriptBlueprint '/Game/Levels/Train_lvl_2.Train_lvl_2:PersistentLevel.Train_lvl_2' with GeneratedClass '/Game/Levels/Train_lvl_2.Train_lvl_2_C' with ClassGeneratedBy '/Game/Levels/Train_lvl_2.Train_lvl_2:PersistentLevel.Train_lvl_2'
[2020.04.28-18.39.36:080][614]LogPlayLevel: PlayLevel: No blueprints needed recompiling
[2020.04.28-18.39.36:080][614]PIE: New page: PIE session: Train_lvl_2 (Apr 28, 2020, 6:39:36 AM)
[2020.04.28-18.39.36:080][614]LogPlayLevel: Creating play world package: /Game/Levels/UEDPIE_0_Train_lvl_2
[2020.04.28-18.39.36:143][614]LogPlayLevel: PIE: StaticDuplicateObject took: (0.062651s)
[2020.04.28-18.39.36:144][614]LogAIModule: Creating AISystem for world Train_lvl_2
[2020.04.28-18.39.36:144][614]LogPlayLevel: PIE: World Init took: (0.001005s)
[2020.04.28-18.39.36:144][614]LogPlayLevel: PIE: Created PIE world by copying editor world from /Game/Levels/Train_lvl_2.Train_lvl_2 to /Game/Levels/UEDPIE_0_Train_lvl_2.Train_lvl_2 (0.063837s)
[2020.04.28-18.39.36:188][614]LogUObjectHash: Compacting FUObjectHashTables data took   4.66ms
[2020.04.28-18.39.36:191][614]LogAudioMixer: Display: Audio Mixer Platform Settings:
[2020.04.28-18.39.36:191][614]LogAudioMixer: Display: 	Sample Rate:						  48000
[2020.04.28-18.39.36:191][614]LogAudioMixer: Display: 	Callback Buffer Frame Size Requested: 1024
[2020.04.28-18.39.36:191][614]LogAudioMixer: Display: 	Callback Buffer Frame Size To Use:	  1024
[2020.04.28-18.39.36:191][614]LogAudioMixer: Display: 	Number of buffers to queue:			  2
[2020.04.28-18.39.36:191][614]LogAudioMixer: Display: 	Max Channels (voices):				  32
[2020.04.28-18.39.36:191][614]LogAudioMixer: Display: 	Number of Async Source Workers:		  0
[2020.04.28-18.39.36:191][614]LogAudio: Display: AudioDevice MaxSources: 32
[2020.04.28-18.39.36:192][614]LogAudio: Display: Using built-in audio occlusion.
[2020.04.28-18.39.36:192][614]LogAudioMixer: Display: Initializing audio mixer.
[2020.04.28-18.39.36:208][614]LogAudioMixer: Display: Audio Device Output Speaker Info:
[2020.04.28-18.39.36:208][614]LogAudioMixer: Display: Name: LG ULTRAWIDE (NVIDIA High Definition Audio)
[2020.04.28-18.39.36:208][614]LogAudioMixer: Display: Is Default: Yes
[2020.04.28-18.39.36:208][614]LogAudioMixer: Display: Sample Rate: 48000
[2020.04.28-18.39.36:208][614]LogAudioMixer: Display: Channel Count Used: 2
[2020.04.28-18.39.36:208][614]LogAudioMixer: Display: Device Channel Count: 2
[2020.04.28-18.39.36:208][614]LogAudioMixer: Display: Channel Order:
[2020.04.28-18.39.36:208][614]LogAudioMixer: Display: 0: FrontLeft
[2020.04.28-18.39.36:208][614]LogAudioMixer: Display: 1: FrontRight
[2020.04.28-18.39.36:217][614]LogAudioMixer: Display: Using Audio Device LG ULTRAWIDE (NVIDIA High Definition Audio)
[2020.04.28-18.39.36:218][614]LogInit: FAudioDevice initialized.
[2020.04.28-18.39.36:272][614]LogSlate: Updating window title bar state: overlay mode, drag disabled, window buttons hidden, title bar hidden
[2020.04.28-18.39.36:272][614]LogLoad: Game class is 'FirstPersonGameMode_C'
[2020.04.28-18.39.36:282][614]LogWorld: Bringing World /Game/Levels/UEDPIE_0_Train_lvl_2.Train_lvl_2 up for play (max tick rate 0) at 2020.04.28-12.39.36
[2020.04.28-18.39.36:283][614]LogWorld: Bringing up level for play took: 0.010523
[2020.04.28-18.39.36:284][614]LogOnline: OSS: Creating online subsystem instance for: :Context_15
[2020.04.28-18.39.36:321][614]PIE: Play in editor start time for /Game/Levels/UEDPIE_0_Train_lvl_2 1.013
[2020.04.28-18.39.36:321][614]LogBlueprintUserMessages: Late PlayInEditor Detection: Level '/Game/Levels/Train_lvl_2.Train_lvl_2:PersistentLevel' has LevelScriptBlueprint '/Game/Levels/Train_lvl_2.Train_lvl_2:PersistentLevel.Train_lvl_2' with GeneratedClass '/Game/Levels/Train_lvl_2.Train_lvl_2_C' with ClassGeneratedBy '/Game/Levels/Train_lvl_2.Train_lvl_2:PersistentLevel.Train_lvl_2'
[2020.04.28-18.39.56:023][493]LogAudioMixer: Display: No commands were queued while flushing the source manager.
[2020.04.28-18.39.56:031][493]LogAudioMixer: Display: Flush succeeded in the source manager command queue (1).
[2020.04.28-18.39.56:051][493]LogAudioMixer: Display: Flush succeeded the source manager command queue (2).
[2020.04.28-18.39.56:051][493]LogBlueprintUserMessages: Early EndPlayMap Detection: Level '/Game/Levels/Train_lvl_2.Train_lvl_2:PersistentLevel' has LevelScriptBlueprint '/Game/Levels/Train_lvl_2.Train_lvl_2:PersistentLevel.Train_lvl_2' with GeneratedClass '/Game/Levels/Train_lvl_2.Train_lvl_2_C' with ClassGeneratedBy '/Game/Levels/Train_lvl_2.Train_lvl_2:PersistentLevel.Train_lvl_2'
[2020.04.28-18.39.56:051][493]LogSlate: Updating window title bar state: overlay mode, drag disabled, window buttons hidden, title bar hidden
[2020.04.28-18.39.56:051][493]LogWorld: BeginTearingDown for /Game/Levels/UEDPIE_0_Train_lvl_2
[2020.04.28-18.39.56:067][493]LogSlate: Window 'ProjectTrain Game Preview Standalone (64-bit/PCD3D_SM5)' being destroyed
[2020.04.28-18.39.56:080][493]LogAudioMixer: Display: No commands were queued while flushing the source manager.
[2020.04.28-18.39.56:081][493]LogWorld: UWorld::CleanupWorld for Train_lvl_2, bSessionEnded=true, bCleanupResources=true
[2020.04.28-18.39.56:083][493]LogSlate: InvalidateAllWidgets triggered.  All widgets were invalidated
[2020.04.28-18.39.56:252][493]LogPlayLevel: Display: Shutting down PIE online subsystems
[2020.04.28-18.39.56:252][493]LogBlueprintUserMessages: Late EndPlayMap Detection: Level '/Game/Levels/Train_lvl_2.Train_lvl_2:PersistentLevel' has LevelScriptBlueprint '/Game/Levels/Train_lvl_2.Train_lvl_2:PersistentLevel.Train_lvl_2' with GeneratedClass '/Game/Levels/Train_lvl_2.Train_lvl_2_C' with ClassGeneratedBy '/Game/Levels/Train_lvl_2.Train_lvl_2:PersistentLevel.Train_lvl_2'
[2020.04.28-18.39.56:259][493]LogSlate: InvalidateAllWidgets triggered.  All widgets were invalidated
[2020.04.28-18.39.56:302][493]LogAudioMixer: Display: No commands were queued while flushing the source manager.
[2020.04.28-18.39.56:312][493]LogUObjectHash: Compacting FUObjectHashTables data took   3.66ms
[2020.04.28-18.39.56:876][494]LogPlayLevel: Display: Destroying online subsystem :Context_15
[2020.04.28-18.40.01:380][703]LogAssetEditorSubsystem: Opening Asset editor for Blueprint /Game/Enemy_Character_Blueprint.Enemy_Character_Blueprint
[2020.04.28-18.40.39:813][232]LogPhysics: Warning: Scale for /Engine/Transient.World_2:PersistentLevel.MovingTrigger_C_0.Capsule has a component set to zero, which will result in a bad body instance. Scale:X=0.000 Y=0.000 Z=0.000
[2020.04.28-18.40.39:813][232]LogPhysics: Warning: Initialising Body : Scale3D is (nearly) zero: Component: '/Engine/Transient.World_2:PersistentLevel.MovingTrigger_C_0.Capsule' 
[2020.04.28-18.40.39:814][232]LogPhysics: Warning: Scale for /Game/Levels/Train_lvl_2.Train_lvl_2:PersistentLevel.MovingTrigger_2.Capsule has a component set to zero, which will result in a bad body instance. Scale:X=0.000 Y=0.000 Z=0.000
[2020.04.28-18.40.39:814][232]LogPhysics: Warning: Initialising Body : Scale3D is (nearly) zero: Component: '/Game/Levels/Train_lvl_2.Train_lvl_2:PersistentLevel.MovingTrigger_2.Capsule' 
[2020.04.28-18.40.39:814][232]LogPhysics: Warning: Scale for /Engine/Transient.World_2:PersistentLevel.MovingTrigger_C_0.Capsule has a component set to zero, which will result in a bad body instance. Scale:X=0.000 Y=0.000 Z=0.000
[2020.04.28-18.40.39:814][232]LogPhysics: Warning: Initialising Body : Scale3D is (nearly) zero: Component: '/Engine/Transient.World_2:PersistentLevel.MovingTrigger_C_0.Capsule' 
[2020.04.28-18.40.39:834][233]LogPhysics: Warning: Scale for /Engine/Transient.World_2:PersistentLevel.MovingTrigger_C_0.Capsule has a component set to zero, which will result in a bad body instance. Scale:X=0.000 Y=0.000 Z=0.000
[2020.04.28-18.40.39:834][233]LogPhysics: Warning: Initialising Body : Scale3D is (nearly) zero: Component: '/Engine/Transient.World_2:PersistentLevel.MovingTrigger_C_0.Capsule' 
[2020.04.28-18.40.39:855][234]LogPhysics: Warning: Scale for /Engine/Transient.World_2:PersistentLevel.MovingTrigger_C_0.Capsule has a component set to zero, which will result in a bad body instance. Scale:X=0.000 Y=0.000 Z=0.000
[2020.04.28-18.40.39:856][234]LogPhysics: Warning: Initialising Body : Scale3D is (nearly) zero: Component: '/Engine/Transient.World_2:PersistentLevel.MovingTrigger_C_0.Capsule' 
[2020.04.28-18.40.39:876][235]LogPhysics: Warning: Scale for /Engine/Transient.World_2:PersistentLevel.MovingTrigger_C_0.Capsule has a component set to zero, which will result in a bad body instance. Scale:X=0.000 Y=0.000 Z=0.000
[2020.04.28-18.40.39:876][235]LogPhysics: Warning: Initialising Body : Scale3D is (nearly) zero: Component: '/Engine/Transient.World_2:PersistentLevel.MovingTrigger_C_0.Capsule' 
[2020.04.28-18.40.39:899][236]LogPhysics: Warning: Scale for /Engine/Transient.World_2:PersistentLevel.MovingTrigger_C_0.Capsule has a component set to zero, which will result in a bad body instance. Scale:X=0.000 Y=0.000 Z=0.000
[2020.04.28-18.40.39:899][236]LogPhysics: Warning: Initialising Body : Scale3D is (nearly) zero: Component: '/Engine/Transient.World_2:PersistentLevel.MovingTrigger_C_0.Capsule' 
[2020.04.28-18.40.39:921][237]LogPhysics: Warning: Scale for /Engine/Transient.World_2:PersistentLevel.MovingTrigger_C_0.Capsule has a component set to zero, which will result in a bad body instance. Scale:X=0.000 Y=0.000 Z=0.000
[2020.04.28-18.40.39:921][237]LogPhysics: Warning: Initialising Body : Scale3D is (nearly) zero: Component: '/Engine/Transient.World_2:PersistentLevel.MovingTrigger_C_0.Capsule' 
[2020.04.28-18.41.39:997][ 83]BlueprintLog: New page: Compile MovingTrigger
[2020.04.28-18.41.40:332][ 83]LogUObjectHash: Compacting FUObjectHashTables data took   5.71ms
[2020.04.28-18.41.57:727][931]LogEditorViewport: Clicking on Actor (LMB): TriggerBox (TriggerBox_HideScenery)
[2020.04.28-18.42.02:521][118]LogEditorViewport: Clicking on Actor (LMB): StaticMeshActor (Floor5)
[2020.04.28-18.44.22:470][116]LogEditorViewport: Clicking on Actor (LMB): StaticMeshActor (Floor5)
[2020.04.28-18.44.22:770][127]Cmd: DELETE
[2020.04.28-18.44.22:770][127]Cmd: ACTOR DELETE
[2020.04.28-18.44.22:786][127]LogEditorActor: Deleted Actor: StaticMeshActor
[2020.04.28-18.44.22:831][127]LogUObjectHash: Compacting FUObjectHashTables data took   5.66ms
[2020.04.28-18.44.22:834][127]LogEditorActor: Deleted 1 Actors (0.064 secs)
[2020.04.28-18.44.24:291][206]Cmd: TRANSACTION UNDO
[2020.04.28-18.44.24:291][206]LogEditorTransaction: Undo Delete Actors
[2020.04.28-18.44.25:752][234]Cmd: TRANSACTION UNDO
[2020.04.28-18.44.25:752][234]LogEditorTransaction: Undo Clicking on Actors
[2020.04.28-18.44.31:369][489]Cmd: DELETE
[2020.04.28-18.44.31:369][489]Cmd: ACTOR DELETE
[2020.04.28-18.44.38:711][792]LogWorld: UWorld::CleanupWorld for World_2, bSessionEnded=true, bCleanupResources=true
[2020.04.28-18.44.38:712][792]LogSlate: InvalidateAllWidgets triggered.  All widgets were invalidated
[2020.04.28-18.44.43:688][982]LogUObjectHash: Compacting FUObjectHashTables data took   5.66ms
[2020.04.28-18.44.47:012][982]LogSlate: Window 'Delete Assets' being destroyed
[2020.04.28-18.44.49:500][ 85]Cmd: DELETE
[2020.04.28-18.44.49:500][ 85]Cmd: ACTOR DELETE
[2020.04.28-18.45.04:677][767]LogUObjectHash: Compacting FUObjectHashTables data took   4.01ms
[2020.04.28-18.45.06:523][767]LogSlate: Window 'Delete Assets' being destroyed
