Log file open, 04/29/20 21:08:14
LogWindows: Failed to load 'aqProf.dll' (GetLastError=126)
LogWindows: File 'aqProf.dll' does not exist
LogWindows: Failed to load 'VtuneApi.dll' (GetLastError=126)
LogWindows: File 'VtuneApi.dll' does not exist
LogWindows: Failed to load 'VtuneApi32e.dll' (GetLastError=126)
LogWindows: File 'VtuneApi32e.dll' does not exist
LogConsoleResponse: Display: Failed to find resolution value strings in scalability ini. Falling back to default.
LogInit: Display: Running engine for game: ProjectTrain
LogPlatformFile: Not using cached read wrapper
LogTaskGraph: Started task graph with 5 named threads and 14 total threads with 3 sets of task threads.
LogStats: Stats thread started at 0.086512
LogD3D11RHI: Loaded GFSDK_Aftermath_Lib.x64.dll
LogICUInternationalization: ICU TimeZone Detection - Raw Offset: -7:00, Platform Override: ''
LogPluginManager: Mounting plugin Paper2D
LogPluginManager: Mounting plugin AISupport
LogPluginManager: Mounting plugin LightPropagationVolume
LogPluginManager: Mounting plugin ActorLayerUtilities
LogPluginManager: Mounting plugin AnimationSharing
LogPluginManager: Mounting plugin CLionSourceCodeAccess
LogPluginManager: Mounting plugin CodeLiteSourceCodeAccess
LogPluginManager: Mounting plugin GitSourceControl
LogPluginManager: Mounting plugin KDevelopSourceCodeAccess
LogPluginManager: Mounting plugin NullSourceCodeAccess
LogPluginManager: Mounting plugin PerforceSourceControl
LogPluginManager: Mounting plugin PlasticSourceControl
LogPluginManager: Mounting plugin SubversionSourceControl
LogPluginManager: Mounting plugin UObjectPlugin
LogPluginManager: Mounting plugin VisualStudioCodeSourceCodeAccess
LogPluginManager: Mounting plugin VisualStudioSourceCodeAccess
LogPluginManager: Mounting plugin XCodeSourceCodeAccess
LogPluginManager: Mounting plugin AssetManagerEditor
LogPluginManager: Mounting plugin CryptoKeys
LogPluginManager: Mounting plugin CurveEditorTools
LogPluginManager: Mounting plugin DataValidation
LogPluginManager: Mounting plugin FacialAnimation
LogPluginManager: Mounting plugin GameplayTagsEditor
LogPluginManager: Mounting plugin MacGraphicsSwitching
LogPluginManager: Mounting plugin MaterialAnalyzer
LogPluginManager: Mounting plugin MobileLauncherProfileWizard
LogPluginManager: Mounting plugin PluginBrowser
LogPluginManager: Mounting plugin SpeedTreeImporter
LogPluginManager: Mounting plugin DatasmithContent
LogPluginManager: Mounting plugin VariantManagerContent
LogPluginManager: Mounting plugin AlembicImporter
LogPluginManager: Mounting plugin AutomationUtils
LogPluginManager: Mounting plugin BackChannel
LogPluginManager: Mounting plugin CharacterAI
LogPluginManager: Mounting plugin GeometryCache
LogPluginManager: Mounting plugin PlatformCrypto
LogPluginManager: Mounting plugin ProxyLODPlugin
LogPluginManager: Mounting plugin SkeletalReduction
LogPluginManager: Mounting plugin MagicLeap
LogPluginManager: Mounting plugin MagicLeapMedia
LogPluginManager: Mounting plugin MLSDK
LogPluginManager: Mounting plugin AndroidMedia
LogPluginManager: Mounting plugin AvfMedia
LogPluginManager: Mounting plugin ImgMedia
LogPluginManager: Mounting plugin MediaCompositing
LogPluginManager: Mounting plugin MediaPlayerEditor
LogPluginManager: Mounting plugin WebMMedia
LogPluginManager: Mounting plugin WmfMedia
LogPluginManager: Mounting plugin TcpMessaging
LogPluginManager: Mounting plugin UdpMessaging
LogPluginManager: Mounting plugin ActorSequence
LogPluginManager: Mounting plugin LevelSequenceEditor
LogPluginManager: Mounting plugin MatineeToLevelSequence
LogPluginManager: Mounting plugin NetcodeUnitTest
LogPluginManager: Mounting plugin NUTUnrealEngine4
LogPluginManager: Mounting plugin OnlineSubsystemGooglePlay
LogPluginManager: Mounting plugin OnlineSubsystemIOS
LogPluginManager: Mounting plugin OnlineSubsystem
LogPluginManager: Mounting plugin OnlineSubsystemNull
LogPluginManager: Mounting plugin OnlineSubsystemUtils
LogPluginManager: Mounting plugin LauncherChunkInstaller
LogPluginManager: Mounting plugin AndroidDeviceProfileSelector
LogPluginManager: Mounting plugin AndroidMoviePlayer
LogPluginManager: Mounting plugin AndroidPermission
LogPluginManager: Mounting plugin AppleImageUtils
LogPluginManager: Mounting plugin AppleMoviePlayer
LogPluginManager: Mounting plugin ArchVisCharacter
LogPluginManager: Mounting plugin AssetTags
LogPluginManager: Mounting plugin AudioCapture
LogPluginManager: Mounting plugin CableComponent
LogPluginManager: Mounting plugin CustomMeshComponent
LogPluginManager: Mounting plugin EditableMesh
LogPluginManager: Mounting plugin ExampleDeviceProfileSelector
LogPluginManager: Mounting plugin GoogleCloudMessaging
LogPluginManager: Mounting plugin IOSDeviceProfileSelector
LogPluginManager: Mounting plugin LinuxDeviceProfileSelector
LogPluginManager: Mounting plugin LocationServicesBPLibrary
LogPluginManager: Mounting plugin MobilePatchingUtils
LogPluginManager: Mounting plugin OculusVR
LogPluginManager: Mounting plugin PhysXVehicles
LogPluginManager: Mounting plugin PostSplashScreen
LogPluginManager: Mounting plugin ProceduralMeshComponent
LogPluginManager: Mounting plugin RuntimePhysXCooking
LogPluginManager: Mounting plugin SignificanceManager
LogPluginManager: Mounting plugin SteamVR
LogPluginManager: Mounting plugin WebMMoviePlayer
LogPluginManager: Mounting plugin WindowsMoviePlayer
LogPluginManager: Mounting plugin ScreenshotTools
LogInit: Using libcurl 7.55.1-DEV
LogInit:  - built for x86_64-pc-win32
LogInit:  - supports SSL with OpenSSL/1.1.1
LogInit:  - supports HTTP deflate (compression) using libz 1.2.8
LogInit:  - other features:
LogInit:      CURL_VERSION_SSL
LogInit:      CURL_VERSION_LIBZ
LogInit:      CURL_VERSION_IPV6
LogInit:      CURL_VERSION_ASYNCHDNS
LogInit:      CURL_VERSION_LARGEFILE
LogInit:      CURL_VERSION_IDN
LogInit:  CurlRequestOptions (configurable via config and command line):
LogInit:  - bVerifyPeer = true  - Libcurl will verify peer certificate
LogInit:  - bUseHttpProxy = false  - Libcurl will NOT use HTTP proxy
LogInit:  - bDontReuseConnections = false  - Libcurl will reuse connections
LogInit:  - MaxHostConnections = 16  - Libcurl will limit the number of connections to a host
LogInit:  - LocalHostAddr = Default
LogInit:  - BufferSize = 65536
LogOnline: OSS: Creating online subsystem instance for: NULL
LogInit: WinSock: version 1.1 (2.2), MaxSocks=32767, MaxUdp=65467
LogOnline: OSS: TryLoadSubsystemAndSetDefault: Loaded subsystem for module [NULL]
LogInit: Build: ++UE4+Release-4.24-CL-11100242
LogInit: Engine Version: 4.24.2-11100242+++UE4+Release-4.24
LogInit: Compatible Engine Version: 4.24.0-10570792+++UE4+Release-4.24
LogInit: Net CL: 10570792
LogInit: OS: Windows 10 (Release 1903) (), CPU: Intel(R) Core(TM) i5-6600K CPU @ 3.50GHz, GPU: NVIDIA GeForce GTX 1070
LogInit: Compiled (64-bit): Jan 24 2020 02:05:53
LogInit: Compiled with Visual C++: 19.16.27032.01
LogInit: Build Configuration: Development
LogInit: Branch Name: ++UE4+Release-4.24
LogInit: Command Line:  /Game/Levels/MainMenu -game -PIEVIACONSOLE -ResX=1280 -ResY=720 -Multiprocess -messaging -SessionName="Play in Standalone Game" -windowed
LogInit: Base Directory: E:/Epic Games/UE_4.24/Engine/Binaries/Win64/
LogInit: Installed Engine Build: 1
LogDevObjectVersion: Number of dev versions registered: 25
LogDevObjectVersion:   Dev-Blueprints (B0D832E4-1F89-4F0D-ACCF-7EB736FD4AA2): 10
LogDevObjectVersion:   Dev-Build (E1C64328-A22C-4D53-A36C-8E866417BD8C): 0
LogDevObjectVersion:   Dev-Core (375EC13C-06E4-48FB-B500-84F0262A717E): 3
LogDevObjectVersion:   Dev-Editor (E4B068ED-F494-42E9-A231-DA0B2E46BB41): 37
LogDevObjectVersion:   Dev-Framework (CFFC743F-43B0-4480-9391-14DF171D2073): 36
LogDevObjectVersion:   Dev-Mobile (B02B49B5-BB20-44E9-A304-32B752E40360): 2
LogDevObjectVersion:   Dev-Networking (A4E4105C-59A1-49B5-A7C5-40C4547EDFEE): 0
LogDevObjectVersion:   Dev-Online (39C831C9-5AE6-47DC-9A44-9C173E1C8E7C): 0
LogDevObjectVersion:   Dev-Physics (78F01B33-EBEA-4F98-B9B4-84EACCB95AA2): 2
LogDevObjectVersion:   Dev-Platform (6631380F-2D4D-43E0-8009-CF276956A95A): 0
LogDevObjectVersion:   Dev-Rendering (12F88B9F-8875-4AFC-A67C-D90C383ABD29): 36
LogDevObjectVersion:   Dev-Sequencer (7B5AE74C-D270-4C10-A958-57980B212A5A): 11
LogDevObjectVersion:   Dev-VR (D7296918-1DD6-4BDD-9DE2-64A83CC13884): 2
LogDevObjectVersion:   Dev-LoadTimes (C2A15278-BFE7-4AFE-6C17-90FF531DF755): 1
LogDevObjectVersion:   Private-Geometry (6EACA3D4-40EC-4CC1-B786-8BED09428FC5): 3
LogDevObjectVersion:   Dev-AnimPhys (29E575DD-E0A3-4627-9D10-D276232CDCEA): 17
LogDevObjectVersion:   Dev-Anim (AF43A65D-7FD3-4947-9873-3E8ED9C1BB05): 2
LogDevObjectVersion:   Dev-ReflectionCapture (6B266CEC-1EC7-4B8F-A30B-E4D90942FC07): 1
LogDevObjectVersion:   Dev-Automation (0DF73D61-A23F-47EA-B727-89E90C41499A): 1
LogDevObjectVersion:   FortniteMain (601D1886-AC64-4F84-AA16-D3DE0DEAC7D6): 31
LogDevObjectVersion:   Dev-Enterprise (9DFFBCD6-494F-0158-E221-12823C92A888): 8
LogDevObjectVersion:   Dev-Niagara (F2AED0AC-9AFE-416F-8664-AA7FFA26D6FC): 1
LogDevObjectVersion:   Dev-Destruction (174F1F0B-B4C6-45A5-B13F-2EE8D0FB917D): 9
LogDevObjectVersion:   Dev-Physics-Ext (35F94A83-E258-406C-A318-09F59610247C): 8
LogDevObjectVersion:   Dev-CineCamera (B2E18506-4273-CFC2-A54E-F4BB758BBA07): 1
LogInit: Presizing for max 25165824 objects, including 0 objects not considered by GC, pre-allocating 0 bytes for permanent pool.
LogInit: Object subsystem initialized
LogConfig: Setting CVar [[con.DebugEarlyDefault:1]]
LogConfig: Setting CVar [[r.setres:1280x720]]
[2020.04.30-03.08.14:911][  0]LogConfig: Setting CVar [[con.DebugEarlyDefault:1]]
[2020.04.30-03.08.14:911][  0]LogConfig: Setting CVar [[r.setres:1280x720]]
[2020.04.30-03.08.14:911][  0]LogConfig: Applying CVar settings from Section [/Script/Engine.RendererSettings] File [C:/Users/DapperDragon/Documents/GitHub/Project-Train/Saved/Config/Windows/Engine.ini]
[2020.04.30-03.08.14:912][  0]LogConfig: Setting CVar [[r.GPUCrashDebugging:0]]
[2020.04.30-03.08.14:912][  0]LogConfig: Applying CVar settings from Section [/Script/Engine.RendererOverrideSettings] File [C:/Users/DapperDragon/Documents/GitHub/Project-Train/Saved/Config/Windows/Engine.ini]
[2020.04.30-03.08.14:912][  0]LogConfig: Applying CVar settings from Section [/Script/Engine.StreamingSettings] File [C:/Users/DapperDragon/Documents/GitHub/Project-Train/Saved/Config/Windows/Engine.ini]
[2020.04.30-03.08.14:912][  0]LogConfig: Setting CVar [[s.MinBulkDataSizeForAsyncLoading:131072]]
[2020.04.30-03.08.14:912][  0]LogConfig: Setting CVar [[s.AsyncLoadingThreadEnabled:0]]
[2020.04.30-03.08.14:912][  0]LogConfig: Setting CVar [[s.EventDrivenLoaderEnabled:1]]
[2020.04.30-03.08.14:912][  0]LogConfig: Setting CVar [[s.WarnIfTimeLimitExceeded:0]]
[2020.04.30-03.08.14:912][  0]LogConfig: Setting CVar [[s.TimeLimitExceededMultiplier:1.5]]
[2020.04.30-03.08.14:912][  0]LogConfig: Setting CVar [[s.TimeLimitExceededMinTime:0.005]]
[2020.04.30-03.08.14:912][  0]LogConfig: Setting CVar [[s.UseBackgroundLevelStreaming:1]]
[2020.04.30-03.08.14:912][  0]LogConfig: Setting CVar [[s.PriorityAsyncLoadingExtraTime:15.0]]
[2020.04.30-03.08.14:912][  0]LogConfig: Setting CVar [[s.LevelStreamingActorsUpdateTimeLimit:5.0]]
[2020.04.30-03.08.14:912][  0]LogConfig: Setting CVar [[s.PriorityLevelStreamingActorsUpdateExtraTime:5.0]]
[2020.04.30-03.08.14:912][  0]LogConfig: Setting CVar [[s.LevelStreamingComponentsRegistrationGranularity:10]]
[2020.04.30-03.08.14:912][  0]LogConfig: Setting CVar [[s.UnregisterComponentsTimeLimit:1.0]]
[2020.04.30-03.08.14:912][  0]LogConfig: Setting CVar [[s.LevelStreamingComponentsUnregistrationGranularity:5]]
[2020.04.30-03.08.14:912][  0]LogConfig: Setting CVar [[s.FlushStreamingOnExit:1]]
[2020.04.30-03.08.14:912][  0]LogConfig: Applying CVar settings from Section [/Script/Engine.GarbageCollectionSettings] File [C:/Users/DapperDragon/Documents/GitHub/Project-Train/Saved/Config/Windows/Engine.ini]
[2020.04.30-03.08.14:912][  0]LogConfig: Setting CVar [[gc.MaxObjectsNotConsideredByGC:1]]
[2020.04.30-03.08.14:912][  0]LogConfig: Setting CVar [[gc.SizeOfPermanentObjectPool:0]]
[2020.04.30-03.08.14:912][  0]LogConfig: Setting CVar [[gc.FlushStreamingOnGC:0]]
[2020.04.30-03.08.14:912][  0]LogConfig: Setting CVar [[gc.NumRetriesBeforeForcingGC:10]]
[2020.04.30-03.08.14:912][  0]LogConfig: Setting CVar [[gc.AllowParallelGC:1]]
[2020.04.30-03.08.14:912][  0]LogConfig: Setting CVar [[gc.TimeBetweenPurgingPendingKillObjects:61.1]]
[2020.04.30-03.08.14:912][  0]LogConfig: Setting CVar [[gc.MaxObjectsInEditor:25165824]]
[2020.04.30-03.08.14:912][  0]LogConfig: Setting CVar [[gc.IncrementalBeginDestroyEnabled:1]]
[2020.04.30-03.08.14:912][  0]LogConfig: Setting CVar [[gc.CreateGCClusters:1]]
[2020.04.30-03.08.14:912][  0]LogConfig: Setting CVar [[gc.MinGCClusterSize:5]]
[2020.04.30-03.08.14:912][  0]LogConfig: Setting CVar [[gc.ActorClusteringEnabled:0]]
[2020.04.30-03.08.14:912][  0]LogConfig: Setting CVar [[gc.BlueprintClusteringEnabled:0]]
[2020.04.30-03.08.14:912][  0]LogConfig: Setting CVar [[gc.UseDisregardForGCOnDedicatedServers:0]]
[2020.04.30-03.08.14:912][  0]LogConfig: Applying CVar settings from Section [/Script/Engine.NetworkSettings] File [C:/Users/DapperDragon/Documents/GitHub/Project-Train/Saved/Config/Windows/Engine.ini]
[2020.04.30-03.08.14:912][  0]LogConfig: Applying CVar settings from Section [/Script/UnrealEd.CookerSettings] File [C:/Users/DapperDragon/Documents/GitHub/Project-Train/Saved/Config/Windows/Engine.ini]
[2020.04.30-03.08.14:917][  0]LogConfig: Applying CVar settings from Section [ViewDistanceQuality@3] File [C:/Users/DapperDragon/Documents/GitHub/Project-Train/Saved/Config/Windows/Scalability.ini]
[2020.04.30-03.08.14:917][  0]LogConfig: Setting CVar [[r.SkeletalMeshLODBias:0]]
[2020.04.30-03.08.14:917][  0]LogConfig: Setting CVar [[r.ViewDistanceScale:1.0]]
[2020.04.30-03.08.14:917][  0]LogConfig: Applying CVar settings from Section [AntiAliasingQuality@3] File [C:/Users/DapperDragon/Documents/GitHub/Project-Train/Saved/Config/Windows/Scalability.ini]
[2020.04.30-03.08.14:917][  0]LogConfig: Setting CVar [[r.PostProcessAAQuality:4]]
[2020.04.30-03.08.14:917][  0]LogConfig: Applying CVar settings from Section [ShadowQuality@3] File [C:/Users/DapperDragon/Documents/GitHub/Project-Train/Saved/Config/Windows/Scalability.ini]
[2020.04.30-03.08.14:917][  0]LogConfig: Setting CVar [[r.LightFunctionQuality:1]]
[2020.04.30-03.08.14:917][  0]LogConfig: Setting CVar [[r.ShadowQuality:5]]
[2020.04.30-03.08.14:917][  0]LogConfig: Setting CVar [[r.Shadow.CSM.MaxCascades:10]]
[2020.04.30-03.08.14:917][  0]LogConfig: Setting CVar [[r.Shadow.MaxResolution:2048]]
[2020.04.30-03.08.14:917][  0]LogConfig: Setting CVar [[r.Shadow.MaxCSMResolution:2048]]
[2020.04.30-03.08.14:917][  0]LogConfig: Setting CVar [[r.Shadow.RadiusThreshold:0.01]]
[2020.04.30-03.08.14:917][  0]LogConfig: Setting CVar [[r.Shadow.DistanceScale:1.0]]
[2020.04.30-03.08.14:918][  0]LogConfig: Setting CVar [[r.Shadow.CSM.TransitionScale:1.0]]
[2020.04.30-03.08.14:918][  0]LogConfig: Setting CVar [[r.Shadow.PreShadowResolutionFactor:1.0]]
[2020.04.30-03.08.14:918][  0]LogConfig: Setting CVar [[r.DistanceFieldShadowing:1]]
[2020.04.30-03.08.14:918][  0]LogConfig: Setting CVar [[r.DistanceFieldAO:1]]
[2020.04.30-03.08.14:918][  0]LogConfig: Setting CVar [[r.AOQuality:2]]
[2020.04.30-03.08.14:918][  0]LogConfig: Setting CVar [[r.VolumetricFog:1]]
[2020.04.30-03.08.14:918][  0]LogConfig: Setting CVar [[r.VolumetricFog.GridPixelSize:8]]
[2020.04.30-03.08.14:918][  0]LogConfig: Setting CVar [[r.VolumetricFog.GridSizeZ:128]]
[2020.04.30-03.08.14:918][  0]LogConfig: Setting CVar [[r.VolumetricFog.HistoryMissSupersampleCount:4]]
[2020.04.30-03.08.14:918][  0]LogConfig: Setting CVar [[r.LightMaxDrawDistanceScale:1]]
[2020.04.30-03.08.14:918][  0]LogConfig: Setting CVar [[r.CapsuleShadows:1]]
[2020.04.30-03.08.14:918][  0]LogConfig: Applying CVar settings from Section [PostProcessQuality@3] File [C:/Users/DapperDragon/Documents/GitHub/Project-Train/Saved/Config/Windows/Scalability.ini]
[2020.04.30-03.08.14:918][  0]LogConfig: Setting CVar [[r.MotionBlurQuality:4]]
[2020.04.30-03.08.14:918][  0]LogConfig: Setting CVar [[r.AmbientOcclusionMipLevelFactor:0.4]]
[2020.04.30-03.08.14:918][  0]LogConfig: Setting CVar [[r.AmbientOcclusionMaxQuality:100]]
[2020.04.30-03.08.14:918][  0]LogConfig: Setting CVar [[r.AmbientOcclusionLevels:-1]]
[2020.04.30-03.08.14:918][  0]LogConfig: Setting CVar [[r.AmbientOcclusionRadiusScale:1.0]]
[2020.04.30-03.08.14:918][  0]LogConfig: Setting CVar [[r.DepthOfFieldQuality:2]]
[2020.04.30-03.08.14:918][  0]LogConfig: Setting CVar [[r.RenderTargetPoolMin:400]]
[2020.04.30-03.08.14:918][  0]LogConfig: Setting CVar [[r.LensFlareQuality:2]]
[2020.04.30-03.08.14:918][  0]LogConfig: Setting CVar [[r.SceneColorFringeQuality:1]]
[2020.04.30-03.08.14:918][  0]LogConfig: Setting CVar [[r.EyeAdaptationQuality:2]]
[2020.04.30-03.08.14:918][  0]LogConfig: Setting CVar [[r.BloomQuality:5]]
[2020.04.30-03.08.14:918][  0]LogConfig: Setting CVar [[r.FastBlurThreshold:100]]
[2020.04.30-03.08.14:918][  0]LogConfig: Setting CVar [[r.Upscale.Quality:3]]
[2020.04.30-03.08.14:918][  0]LogConfig: Setting CVar [[r.Tonemapper.GrainQuantization:1]]
[2020.04.30-03.08.14:918][  0]LogConfig: Setting CVar [[r.LightShaftQuality:1]]
[2020.04.30-03.08.14:918][  0]LogConfig: Setting CVar [[r.Filter.SizeScale:1]]
[2020.04.30-03.08.14:918][  0]LogConfig: Setting CVar [[r.Tonemapper.Quality:5]]
[2020.04.30-03.08.14:918][  0]LogConfig: Setting CVar [[r.DOF.Gather.AccumulatorQuality:1        ; higher gathering accumulator quality]]
[2020.04.30-03.08.14:918][  0]LogConfig: Setting CVar [[r.DOF.Gather.PostfilterMethod:1          ; Median3x3 postfilering method]]
[2020.04.30-03.08.14:918][  0]LogConfig: Setting CVar [[r.DOF.Gather.EnableBokehSettings:0       ; no bokeh simulation when gathering]]
[2020.04.30-03.08.14:918][  0]LogConfig: Setting CVar [[r.DOF.Gather.RingCount:4                 ; medium number of samples when gathering]]
[2020.04.30-03.08.14:918][  0]LogConfig: Setting CVar [[r.DOF.Scatter.ForegroundCompositing:1    ; additive foreground scattering]]
[2020.04.30-03.08.14:918][  0]LogConfig: Setting CVar [[r.DOF.Scatter.BackgroundCompositing:2    ; additive background scattering]]
[2020.04.30-03.08.14:918][  0]LogConfig: Setting CVar [[r.DOF.Scatter.EnableBokehSettings:1      ; bokeh simulation when scattering]]
[2020.04.30-03.08.14:918][  0]LogConfig: Setting CVar [[r.DOF.Scatter.MaxSpriteRatio:0.1         ; only a maximum of 10% of scattered bokeh]]
[2020.04.30-03.08.14:918][  0]LogConfig: Setting CVar [[r.DOF.Recombine.Quality:1                ; cheap slight out of focus]]
[2020.04.30-03.08.14:918][  0]LogConfig: Setting CVar [[r.DOF.Recombine.EnableBokehSettings:0    ; no bokeh simulation on slight out of focus]]
[2020.04.30-03.08.14:918][  0]LogConfig: Setting CVar [[r.DOF.TemporalAAQuality:1                ; more stable temporal accumulation]]
[2020.04.30-03.08.14:918][  0]LogConfig: Setting CVar [[r.DOF.Kernel.MaxForegroundRadius:0.025]]
[2020.04.30-03.08.14:918][  0]LogConfig: Setting CVar [[r.DOF.Kernel.MaxBackgroundRadius:0.025]]
[2020.04.30-03.08.14:918][  0]LogConfig: Applying CVar settings from Section [TextureQuality@3] File [C:/Users/DapperDragon/Documents/GitHub/Project-Train/Saved/Config/Windows/Scalability.ini]
[2020.04.30-03.08.14:918][  0]LogConfig: Setting CVar [[r.Streaming.MipBias:0]]
[2020.04.30-03.08.14:919][  0]LogConfig: Setting CVar [[r.Streaming.AmortizeCPUToGPUCopy:0]]
[2020.04.30-03.08.14:919][  0]LogConfig: Setting CVar [[r.Streaming.MaxNumTexturesToStreamPerFrame:0]]
[2020.04.30-03.08.14:919][  0]LogConfig: Setting CVar [[r.Streaming.Boost:1]]
[2020.04.30-03.08.14:919][  0]LogConfig: Setting CVar [[r.MaxAnisotropy:8]]
[2020.04.30-03.08.14:919][  0]LogConfig: Setting CVar [[r.VT.MaxAnisotropy:8]]
[2020.04.30-03.08.14:919][  0]LogConfig: Setting CVar [[r.Streaming.LimitPoolSizeToVRAM:0]]
[2020.04.30-03.08.14:919][  0]LogConfig: Setting CVar [[r.Streaming.PoolSize:1000]]
[2020.04.30-03.08.14:919][  0]LogConfig: Setting CVar [[r.Streaming.MaxEffectiveScreenSize:0]]
[2020.04.30-03.08.14:920][  0]LogConfig: Applying CVar settings from Section [EffectsQuality@3] File [C:/Users/DapperDragon/Documents/GitHub/Project-Train/Saved/Config/Windows/Scalability.ini]
[2020.04.30-03.08.14:920][  0]LogConfig: Setting CVar [[r.TranslucencyLightingVolumeDim:64]]
[2020.04.30-03.08.14:920][  0]LogConfig: Setting CVar [[r.RefractionQuality:2]]
[2020.04.30-03.08.14:920][  0]LogConfig: Setting CVar [[r.SSR.Quality:3]]
[2020.04.30-03.08.14:920][  0]LogConfig: Setting CVar [[r.SSR.HalfResSceneColor:0]]
[2020.04.30-03.08.14:920][  0]LogConfig: Setting CVar [[r.SceneColorFormat:4]]
[2020.04.30-03.08.14:920][  0]LogConfig: Setting CVar [[r.DetailMode:2]]
[2020.04.30-03.08.14:920][  0]LogConfig: Setting CVar [[r.TranslucencyVolumeBlur:1]]
[2020.04.30-03.08.14:920][  0]LogConfig: Setting CVar [[r.MaterialQualityLevel:1 ; High quality]]
[2020.04.30-03.08.14:920][  0]LogConfig: Setting CVar [[r.SSS.Scale:1]]
[2020.04.30-03.08.14:920][  0]LogConfig: Setting CVar [[r.SSS.SampleSet:2]]
[2020.04.30-03.08.14:920][  0]LogConfig: Setting CVar [[r.SSS.Quality:1]]
[2020.04.30-03.08.14:920][  0]LogConfig: Setting CVar [[r.SSS.HalfRes:1]]
[2020.04.30-03.08.14:920][  0]LogConfig: Setting CVar [[r.SSGI.Quality:3]]
[2020.04.30-03.08.14:920][  0]LogConfig: Setting CVar [[r.EmitterSpawnRateScale:1.0]]
[2020.04.30-03.08.14:920][  0]LogConfig: Setting CVar [[r.ParticleLightQuality:2]]
[2020.04.30-03.08.14:920][  0]LogConfig: Setting CVar [[r.SkyAtmosphere.AerialPerspectiveLUT.FastApplyOnOpaque:1 ; Always have FastSkyLUT 1 in this case to avoid wrong sky]]
[2020.04.30-03.08.14:920][  0]LogConfig: Setting CVar [[r.SkyAtmosphere.AerialPerspectiveLUT.SampleCountPerSlice:1]]
[2020.04.30-03.08.14:920][  0]LogConfig: Setting CVar [[r.SkyAtmosphere.AerialPerspectiveLUT.DepthResolution:16.0]]
[2020.04.30-03.08.14:920][  0]LogConfig: Setting CVar [[r.SkyAtmosphere.FastSkyLUT:1]]
[2020.04.30-03.08.14:920][  0]LogConfig: Setting CVar [[r.SkyAtmosphere.FastSkyLUT.SampleCountMin:4.0]]
[2020.04.30-03.08.14:920][  0]LogConfig: Setting CVar [[r.SkyAtmosphere.FastSkyLUT.SampleCountMax:32.0]]
[2020.04.30-03.08.14:920][  0]LogConfig: Setting CVar [[r.SkyAtmosphere.SampleCountMin:4.0]]
[2020.04.30-03.08.14:920][  0]LogConfig: Setting CVar [[r.SkyAtmosphere.SampleCountMax:32.0]]
[2020.04.30-03.08.14:920][  0]LogConfig: Setting CVar [[r.SkyAtmosphere.TransmittanceLUT.UseSmallFormat:0]]
[2020.04.30-03.08.14:920][  0]LogConfig: Setting CVar [[r.SkyAtmosphere.TransmittanceLUT.SampleCount:10.0]]
[2020.04.30-03.08.14:920][  0]LogConfig: Setting CVar [[r.SkyAtmosphere.MultiScatteringLUT.SampleCount:15.0]]
[2020.04.30-03.08.14:920][  0]LogConfig: Applying CVar settings from Section [FoliageQuality@3] File [C:/Users/DapperDragon/Documents/GitHub/Project-Train/Saved/Config/Windows/Scalability.ini]
[2020.04.30-03.08.14:920][  0]LogConfig: Setting CVar [[foliage.DensityScale:1.0]]
[2020.04.30-03.08.14:920][  0]LogConfig: Setting CVar [[grass.DensityScale:1.0]]
[2020.04.30-03.08.14:920][  0]LogConfig: Applying CVar settings from Section [ShadingQuality@3] File [C:/Users/DapperDragon/Documents/GitHub/Project-Train/Saved/Config/Windows/Scalability.ini]
[2020.04.30-03.08.14:920][  0]LogConfig: Setting CVar [[r.HairStrands.SkyLighting.SampleCount:16]]
[2020.04.30-03.08.14:920][  0]LogConfig: Setting CVar [[r.HairStrands.SkyLighting.JitterIntegration:0]]
[2020.04.30-03.08.14:920][  0]LogConfig: Setting CVar [[r.HairStrands.SkyAO.SampleCount:16]]
[2020.04.30-03.08.14:920][  0]LogInit: Selected Device Profile: [Windows]
[2020.04.30-03.08.14:920][  0]LogInit: Applying CVar settings loaded from the selected device profile: [Windows]
[2020.04.30-03.08.14:923][  0]LogHAL: Display: Platform has ~ 16 GB [17144090624 / 17179869184 / 16], which maps to Larger [LargestMinGB=32, LargerMinGB=12, DefaultMinGB=8, SmallerMinGB=6, SmallestMinGB=0)
[2020.04.30-03.08.14:923][  0]LogInit: Going up to parent DeviceProfile []
[2020.04.30-03.08.14:923][  0]LogConfig: Applying CVar settings from Section [ViewDistanceQuality@3] File [C:/Users/DapperDragon/Documents/GitHub/Project-Train/Saved/Config/Windows/Scalability.ini]
[2020.04.30-03.08.14:923][  0]LogConfig: Setting CVar [[r.SkeletalMeshLODBias:0]]
[2020.04.30-03.08.14:923][  0]LogConfig: Setting CVar [[r.ViewDistanceScale:1.0]]
[2020.04.30-03.08.14:923][  0]LogConfig: Applying CVar settings from Section [AntiAliasingQuality@3] File [C:/Users/DapperDragon/Documents/GitHub/Project-Train/Saved/Config/Windows/Scalability.ini]
[2020.04.30-03.08.14:923][  0]LogConfig: Setting CVar [[r.PostProcessAAQuality:4]]
[2020.04.30-03.08.14:923][  0]LogConfig: Applying CVar settings from Section [ShadowQuality@3] File [C:/Users/DapperDragon/Documents/GitHub/Project-Train/Saved/Config/Windows/Scalability.ini]
[2020.04.30-03.08.14:923][  0]LogConfig: Setting CVar [[r.LightFunctionQuality:1]]
[2020.04.30-03.08.14:923][  0]LogConfig: Setting CVar [[r.ShadowQuality:5]]
[2020.04.30-03.08.14:923][  0]LogConfig: Setting CVar [[r.Shadow.CSM.MaxCascades:10]]
[2020.04.30-03.08.14:923][  0]LogConfig: Setting CVar [[r.Shadow.MaxResolution:2048]]
[2020.04.30-03.08.14:923][  0]LogConfig: Setting CVar [[r.Shadow.MaxCSMResolution:2048]]
[2020.04.30-03.08.14:923][  0]LogConfig: Setting CVar [[r.Shadow.RadiusThreshold:0.01]]
[2020.04.30-03.08.14:923][  0]LogConfig: Setting CVar [[r.Shadow.DistanceScale:1.0]]
[2020.04.30-03.08.14:923][  0]LogConfig: Setting CVar [[r.Shadow.CSM.TransitionScale:1.0]]
[2020.04.30-03.08.14:923][  0]LogConfig: Setting CVar [[r.Shadow.PreShadowResolutionFactor:1.0]]
[2020.04.30-03.08.14:923][  0]LogConfig: Setting CVar [[r.DistanceFieldShadowing:1]]
[2020.04.30-03.08.14:923][  0]LogConfig: Setting CVar [[r.DistanceFieldAO:1]]
[2020.04.30-03.08.14:923][  0]LogConfig: Setting CVar [[r.AOQuality:2]]
[2020.04.30-03.08.14:923][  0]LogConfig: Setting CVar [[r.VolumetricFog:1]]
[2020.04.30-03.08.14:923][  0]LogConfig: Setting CVar [[r.VolumetricFog.GridPixelSize:8]]
[2020.04.30-03.08.14:923][  0]LogConfig: Setting CVar [[r.VolumetricFog.GridSizeZ:128]]
[2020.04.30-03.08.14:923][  0]LogConfig: Setting CVar [[r.VolumetricFog.HistoryMissSupersampleCount:4]]
[2020.04.30-03.08.14:923][  0]LogConfig: Setting CVar [[r.LightMaxDrawDistanceScale:1]]
[2020.04.30-03.08.14:923][  0]LogConfig: Setting CVar [[r.CapsuleShadows:1]]
[2020.04.30-03.08.14:923][  0]LogConfig: Applying CVar settings from Section [PostProcessQuality@3] File [C:/Users/DapperDragon/Documents/GitHub/Project-Train/Saved/Config/Windows/Scalability.ini]
[2020.04.30-03.08.14:924][  0]LogConfig: Setting CVar [[r.MotionBlurQuality:4]]
[2020.04.30-03.08.14:924][  0]LogConfig: Setting CVar [[r.AmbientOcclusionMipLevelFactor:0.4]]
[2020.04.30-03.08.14:924][  0]LogConfig: Setting CVar [[r.AmbientOcclusionMaxQuality:100]]
[2020.04.30-03.08.14:924][  0]LogConfig: Setting CVar [[r.AmbientOcclusionLevels:-1]]
[2020.04.30-03.08.14:924][  0]LogConfig: Setting CVar [[r.AmbientOcclusionRadiusScale:1.0]]
[2020.04.30-03.08.14:924][  0]LogConfig: Setting CVar [[r.DepthOfFieldQuality:2]]
[2020.04.30-03.08.14:924][  0]LogConfig: Setting CVar [[r.RenderTargetPoolMin:400]]
[2020.04.30-03.08.14:924][  0]LogConfig: Setting CVar [[r.LensFlareQuality:2]]
[2020.04.30-03.08.14:924][  0]LogConfig: Setting CVar [[r.SceneColorFringeQuality:1]]
[2020.04.30-03.08.14:924][  0]LogConfig: Setting CVar [[r.EyeAdaptationQuality:2]]
[2020.04.30-03.08.14:924][  0]LogConfig: Setting CVar [[r.BloomQuality:5]]
[2020.04.30-03.08.14:924][  0]LogConfig: Setting CVar [[r.FastBlurThreshold:100]]
[2020.04.30-03.08.14:924][  0]LogConfig: Setting CVar [[r.Upscale.Quality:3]]
[2020.04.30-03.08.14:924][  0]LogConfig: Setting CVar [[r.Tonemapper.GrainQuantization:1]]
[2020.04.30-03.08.14:924][  0]LogConfig: Setting CVar [[r.LightShaftQuality:1]]
[2020.04.30-03.08.14:924][  0]LogConfig: Setting CVar [[r.Filter.SizeScale:1]]
[2020.04.30-03.08.14:924][  0]LogConfig: Setting CVar [[r.Tonemapper.Quality:5]]
[2020.04.30-03.08.14:924][  0]LogConfig: Setting CVar [[r.DOF.Gather.AccumulatorQuality:1        ; higher gathering accumulator quality]]
[2020.04.30-03.08.14:924][  0]LogConfig: Setting CVar [[r.DOF.Gather.PostfilterMethod:1          ; Median3x3 postfilering method]]
[2020.04.30-03.08.14:924][  0]LogConfig: Setting CVar [[r.DOF.Gather.EnableBokehSettings:0       ; no bokeh simulation when gathering]]
[2020.04.30-03.08.14:924][  0]LogConfig: Setting CVar [[r.DOF.Gather.RingCount:4                 ; medium number of samples when gathering]]
[2020.04.30-03.08.14:924][  0]LogConfig: Setting CVar [[r.DOF.Scatter.ForegroundCompositing:1    ; additive foreground scattering]]
[2020.04.30-03.08.14:924][  0]LogConfig: Setting CVar [[r.DOF.Scatter.BackgroundCompositing:2    ; additive background scattering]]
[2020.04.30-03.08.14:924][  0]LogConfig: Setting CVar [[r.DOF.Scatter.EnableBokehSettings:1      ; bokeh simulation when scattering]]
[2020.04.30-03.08.14:924][  0]LogConfig: Setting CVar [[r.DOF.Scatter.MaxSpriteRatio:0.1         ; only a maximum of 10% of scattered bokeh]]
[2020.04.30-03.08.14:924][  0]LogConfig: Setting CVar [[r.DOF.Recombine.Quality:1                ; cheap slight out of focus]]
[2020.04.30-03.08.14:924][  0]LogConfig: Setting CVar [[r.DOF.Recombine.EnableBokehSettings:0    ; no bokeh simulation on slight out of focus]]
[2020.04.30-03.08.14:924][  0]LogConfig: Setting CVar [[r.DOF.TemporalAAQuality:1                ; more stable temporal accumulation]]
[2020.04.30-03.08.14:924][  0]LogConfig: Setting CVar [[r.DOF.Kernel.MaxForegroundRadius:0.025]]
[2020.04.30-03.08.14:924][  0]LogConfig: Setting CVar [[r.DOF.Kernel.MaxBackgroundRadius:0.025]]
[2020.04.30-03.08.14:924][  0]LogConfig: Applying CVar settings from Section [TextureQuality@3] File [C:/Users/DapperDragon/Documents/GitHub/Project-Train/Saved/Config/Windows/Scalability.ini]
[2020.04.30-03.08.14:924][  0]LogConfig: Setting CVar [[r.Streaming.MipBias:0]]
[2020.04.30-03.08.14:924][  0]LogConfig: Setting CVar [[r.Streaming.AmortizeCPUToGPUCopy:0]]
[2020.04.30-03.08.14:924][  0]LogConfig: Setting CVar [[r.Streaming.MaxNumTexturesToStreamPerFrame:0]]
[2020.04.30-03.08.14:924][  0]LogConfig: Setting CVar [[r.Streaming.Boost:1]]
[2020.04.30-03.08.14:924][  0]LogConfig: Setting CVar [[r.MaxAnisotropy:8]]
[2020.04.30-03.08.14:924][  0]LogConfig: Setting CVar [[r.VT.MaxAnisotropy:8]]
[2020.04.30-03.08.14:924][  0]LogConfig: Setting CVar [[r.Streaming.LimitPoolSizeToVRAM:0]]
[2020.04.30-03.08.14:924][  0]LogConfig: Setting CVar [[r.Streaming.PoolSize:1000]]
[2020.04.30-03.08.14:924][  0]LogConfig: Setting CVar [[r.Streaming.MaxEffectiveScreenSize:0]]
[2020.04.30-03.08.14:924][  0]LogConfig: Applying CVar settings from Section [EffectsQuality@3] File [C:/Users/DapperDragon/Documents/GitHub/Project-Train/Saved/Config/Windows/Scalability.ini]
[2020.04.30-03.08.14:924][  0]LogConfig: Setting CVar [[r.TranslucencyLightingVolumeDim:64]]
[2020.04.30-03.08.14:924][  0]LogConfig: Setting CVar [[r.RefractionQuality:2]]
[2020.04.30-03.08.14:924][  0]LogConfig: Setting CVar [[r.SSR.Quality:3]]
[2020.04.30-03.08.14:924][  0]LogConfig: Setting CVar [[r.SSR.HalfResSceneColor:0]]
[2020.04.30-03.08.14:924][  0]LogConfig: Setting CVar [[r.SceneColorFormat:4]]
[2020.04.30-03.08.14:924][  0]LogConfig: Setting CVar [[r.DetailMode:2]]
[2020.04.30-03.08.14:924][  0]LogConfig: Setting CVar [[r.TranslucencyVolumeBlur:1]]
[2020.04.30-03.08.14:924][  0]LogConfig: Setting CVar [[r.MaterialQualityLevel:1 ; High quality]]
[2020.04.30-03.08.14:924][  0]LogConfig: Setting CVar [[r.SSS.Scale:1]]
[2020.04.30-03.08.14:924][  0]LogConfig: Setting CVar [[r.SSS.SampleSet:2]]
[2020.04.30-03.08.14:924][  0]LogConfig: Setting CVar [[r.SSS.Quality:1]]
[2020.04.30-03.08.14:924][  0]LogConfig: Setting CVar [[r.SSS.HalfRes:1]]
[2020.04.30-03.08.14:924][  0]LogConfig: Setting CVar [[r.SSGI.Quality:3]]
[2020.04.30-03.08.14:924][  0]LogConfig: Setting CVar [[r.EmitterSpawnRateScale:1.0]]
[2020.04.30-03.08.14:924][  0]LogConfig: Setting CVar [[r.ParticleLightQuality:2]]
[2020.04.30-03.08.14:924][  0]LogConfig: Setting CVar [[r.SkyAtmosphere.AerialPerspectiveLUT.FastApplyOnOpaque:1 ; Always have FastSkyLUT 1 in this case to avoid wrong sky]]
[2020.04.30-03.08.14:924][  0]LogConfig: Setting CVar [[r.SkyAtmosphere.AerialPerspectiveLUT.SampleCountPerSlice:1]]
[2020.04.30-03.08.14:924][  0]LogConfig: Setting CVar [[r.SkyAtmosphere.AerialPerspectiveLUT.DepthResolution:16.0]]
[2020.04.30-03.08.14:924][  0]LogConfig: Setting CVar [[r.SkyAtmosphere.FastSkyLUT:1]]
[2020.04.30-03.08.14:924][  0]LogConfig: Setting CVar [[r.SkyAtmosphere.FastSkyLUT.SampleCountMin:4.0]]
[2020.04.30-03.08.14:924][  0]LogConfig: Setting CVar [[r.SkyAtmosphere.FastSkyLUT.SampleCountMax:32.0]]
[2020.04.30-03.08.14:924][  0]LogConfig: Setting CVar [[r.SkyAtmosphere.SampleCountMin:4.0]]
[2020.04.30-03.08.14:924][  0]LogConfig: Setting CVar [[r.SkyAtmosphere.SampleCountMax:32.0]]
[2020.04.30-03.08.14:924][  0]LogConfig: Setting CVar [[r.SkyAtmosphere.TransmittanceLUT.UseSmallFormat:0]]
[2020.04.30-03.08.14:924][  0]LogConfig: Setting CVar [[r.SkyAtmosphere.TransmittanceLUT.SampleCount:10.0]]
[2020.04.30-03.08.14:924][  0]LogConfig: Setting CVar [[r.SkyAtmosphere.MultiScatteringLUT.SampleCount:15.0]]
[2020.04.30-03.08.14:924][  0]LogConfig: Applying CVar settings from Section [FoliageQuality@3] File [C:/Users/DapperDragon/Documents/GitHub/Project-Train/Saved/Config/Windows/Scalability.ini]
[2020.04.30-03.08.14:925][  0]LogConfig: Setting CVar [[foliage.DensityScale:1.0]]
[2020.04.30-03.08.14:925][  0]LogConfig: Setting CVar [[grass.DensityScale:1.0]]
[2020.04.30-03.08.14:925][  0]LogConfig: Applying CVar settings from Section [ShadingQuality@3] File [C:/Users/DapperDragon/Documents/GitHub/Project-Train/Saved/Config/Windows/Scalability.ini]
[2020.04.30-03.08.14:925][  0]LogConfig: Setting CVar [[r.HairStrands.SkyLighting.SampleCount:16]]
[2020.04.30-03.08.14:925][  0]LogConfig: Setting CVar [[r.HairStrands.SkyLighting.JitterIntegration:0]]
[2020.04.30-03.08.14:925][  0]LogConfig: Setting CVar [[r.HairStrands.SkyAO.SampleCount:16]]
[2020.04.30-03.08.14:925][  0]LogConfig: Applying CVar settings from Section [Startup] File [../../../Engine/Config/ConsoleVariables.ini]
[2020.04.30-03.08.14:925][  0]LogConfig: Setting CVar [[net.UseAdaptiveNetUpdateFrequency:0]]
[2020.04.30-03.08.14:925][  0]LogConfig: Setting CVar [[p.chaos.AllowCreatePhysxBodies:1]]
[2020.04.30-03.08.14:925][  0]LogConfig: Applying CVar settings from Section [ConsoleVariables] File [C:/Users/DapperDragon/Documents/GitHub/Project-Train/Saved/Config/Windows/Engine.ini]
[2020.04.30-03.08.14:925][  0]LogInit: Computer: JAMES-PC
[2020.04.30-03.08.14:925][  0]LogInit: User: DapperDragon
[2020.04.30-03.08.14:925][  0]LogInit: CPU Page size=4096, Cores=4
[2020.04.30-03.08.14:925][  0]LogInit: High frequency timer resolution =10.000000 MHz
[2020.04.30-03.08.14:925][  0]LogMemory: Memory total: Physical=16.0GB (16GB approx)
[2020.04.30-03.08.14:925][  0]LogMemory: Platform Memory Stats for Windows
[2020.04.30-03.08.14:925][  0]LogMemory: Process Physical Memory: 104.70 MB used, 104.70 MB peak
[2020.04.30-03.08.14:925][  0]LogMemory: Process Virtual Memory: 100.02 MB used, 100.02 MB peak
[2020.04.30-03.08.14:925][  0]LogMemory: Physical Memory: 9618.34 MB used,  6731.54 MB free, 16349.88 MB total
[2020.04.30-03.08.14:925][  0]LogMemory: Virtual Memory: 5121.14 MB used,  134212608.00 MB free, 134217728.00 MB total
[2020.04.30-03.08.14:930][  0]LogWindows: WindowsPlatformFeatures enabled
[2020.04.30-03.08.14:954][  0]LogInit: Using OS detected language (en-US).
[2020.04.30-03.08.14:954][  0]LogInit: Using OS detected locale (en-US).
[2020.04.30-03.08.14:955][  0]LogTextLocalizationManager: No specific localization for 'en-US' exists, so the 'en' localization will be used.
[2020.04.30-03.08.15:153][  0]LogSlate: New Slate User Created.  User Index 0, Is Virtual User: 0
[2020.04.30-03.08.15:153][  0]LogSlate: Slate User Registered.  User Index 0, Is Virtual User: 0
[2020.04.30-03.08.15:164][  0]LogHMD: Failed to initialize OpenVR with code 110
[2020.04.30-03.08.15:164][  0]LogD3D11RHI: D3D11 min allowed feature level: 11_0
[2020.04.30-03.08.15:164][  0]LogD3D11RHI: D3D11 max allowed feature level: 11_0
[2020.04.30-03.08.15:164][  0]LogD3D11RHI: D3D11 adapters:
[2020.04.30-03.08.15:219][  0]LogD3D11RHI:    0. 'NVIDIA GeForce GTX 1070' (Feature Level 11_0)
[2020.04.30-03.08.15:219][  0]LogD3D11RHI:       8088/0/8174 MB DedicatedVideo/DedicatedSystem/SharedSystem, Outputs:2, VendorId:0x10de
[2020.04.30-03.08.15:221][  0]LogD3D11RHI:    1. 'Microsoft Basic Render Driver' (Feature Level 11_0)
[2020.04.30-03.08.15:221][  0]LogD3D11RHI:       0/0/8174 MB DedicatedVideo/DedicatedSystem/SharedSystem, Outputs:0, VendorId:0x1414
[2020.04.30-03.08.15:221][  0]LogD3D11RHI: Chosen D3D11 Adapter: 0
[2020.04.30-03.08.15:230][  0]LogD3D11RHI: Creating new Direct3DDevice
[2020.04.30-03.08.15:230][  0]LogD3D11RHI:     GPU DeviceId: 0x1b81 (for the marketing name, search the web for "GPU Device Id")
[2020.04.30-03.08.15:230][  0]LogWindows: EnumDisplayDevices:
[2020.04.30-03.08.15:230][  0]LogWindows:    0. 'NVIDIA GeForce GTX 1070' (P:1 D:1)
[2020.04.30-03.08.15:230][  0]LogWindows:    1. 'NVIDIA GeForce GTX 1070' (P:0 D:1)
[2020.04.30-03.08.15:231][  0]LogWindows:    2. 'NVIDIA GeForce GTX 1070' (P:0 D:0)
[2020.04.30-03.08.15:231][  0]LogWindows:    3. 'NVIDIA GeForce GTX 1070' (P:0 D:0)
[2020.04.30-03.08.15:231][  0]LogWindows: DebugString: FoundDriverCount:4 
[2020.04.30-03.08.15:231][  0]LogD3D11RHI:     Adapter Name: NVIDIA GeForce GTX 1070
[2020.04.30-03.08.15:231][  0]LogD3D11RHI:   Driver Version: 432.00 (internal:26.21.14.3200, unified:432.00)
[2020.04.30-03.08.15:231][  0]LogD3D11RHI:      Driver Date: 7-24-2019
[2020.04.30-03.08.15:231][  0]LogRHI: Texture pool is 5661 MB (70% of 8088 MB)
[2020.04.30-03.08.15:274][  0]LogD3D11RHI: RHI has support for 64 bit atomics
[2020.04.30-03.08.15:274][  0]LogD3D11RHI: Async texture creation enabled
[2020.04.30-03.08.15:400][  0]LogD3D11RHI: GPU Timing Frequency: 1000.000000 (Debug: 2 1)
[2020.04.30-03.08.15:680][  0]LogTargetPlatformManager: Display: Loaded TargetPlatform 'WindowsNoEditor'
[2020.04.30-03.08.15:682][  0]LogTargetPlatformManager: Display: Loaded TargetPlatform 'Windows'
[2020.04.30-03.08.15:690][  0]LogTargetPlatformManager: Display: Loaded TargetPlatform 'WindowsClient'
[2020.04.30-03.08.15:697][  0]LogTargetPlatformManager: Display: Loaded TargetPlatform 'WindowsServer'
[2020.04.30-03.08.15:697][  0]LogTargetPlatformManager: Display: Building Assets For Windows
[2020.04.30-03.08.15:700][  0]LogAudioDebug: Display: Lib vorbis DLL was dynamically loaded.
[2020.04.30-03.08.15:736][  0]LogShaderCompilers: Guid format shader working directory is 1 characters bigger than the processId version (C:/Users/DapperDragon/Documents/GitHub/Project-Train/Intermediate/Shaders/WorkingDirectory/2456/).
[2020.04.30-03.08.15:736][  0]LogShaderCompilers: Cleaned the shader compiler working directory 'C:/Users/DapperDragon/AppData/Local/Temp/UnrealShaderWorkingDir/2977CFDD48E977CAD12607B2CF7E4A95/'.
[2020.04.30-03.08.15:737][  0]LogXGEController: Cannot use XGE Controller as Incredibuild is not installed on this machine.
[2020.04.30-03.08.15:737][  0]LogShaderCompilers: Cannot use XGE Shader Compiler as Incredibuild is not installed on this machine.
[2020.04.30-03.08.15:737][  0]LogShaderCompilers: Display: Using Local Shader Compiler.
[2020.04.30-03.08.16:460][  0]LogDerivedDataCache: Display: Max Cache Size: 512 MB
[2020.04.30-03.08.16:531][  0]LogDerivedDataCache: Loaded boot cache 0.07s 95MB C:/Users/DapperDragon/AppData/Local/UnrealEngine/4.24/DerivedDataCache/Boot.ddc.
[2020.04.30-03.08.16:531][  0]LogDerivedDataCache: Display: Loaded Boot cache: C:/Users/DapperDragon/AppData/Local/UnrealEngine/4.24/DerivedDataCache/Boot.ddc
[2020.04.30-03.08.16:531][  0]LogDerivedDataCache: FDerivedDataBackendGraph:  Pak pak cache file C:/Users/DapperDragon/Documents/GitHub/Project-Train/DerivedDataCache/DDC.ddp not found, will not use a pak cache.
[2020.04.30-03.08.16:531][  0]LogDerivedDataCache: Unable to find inner node Pak for hierarchical cache Hierarchy.
[2020.04.30-03.08.16:531][  0]LogDerivedDataCache: FDerivedDataBackendGraph:  CompressedPak pak cache file C:/Users/DapperDragon/Documents/GitHub/Project-Train/DerivedDataCache/Compressed.ddp not found, will not use a pak cache.
[2020.04.30-03.08.16:531][  0]LogDerivedDataCache: Unable to find inner node CompressedPak for hierarchical cache Hierarchy.
[2020.04.30-03.08.16:541][  0]LogDerivedDataCache: Display: Pak cache opened for reading ../../../Engine/DerivedDataCache/Compressed.ddp.
[2020.04.30-03.08.16:541][  0]LogDerivedDataCache: FDerivedDataBackendGraph:  EnterprisePak pak cache file ../../../Enterprise/DerivedDataCache/Compressed.ddp not found, will not use a pak cache.
[2020.04.30-03.08.16:541][  0]LogDerivedDataCache: Unable to find inner node EnterprisePak for hierarchical cache Hierarchy.
[2020.04.30-03.08.16:542][  0]LogDerivedDataCache: Using Local data cache path C:/Users/DapperDragon/AppData/Local/UnrealEngine/Common/DerivedDataCache: Writable
[2020.04.30-03.08.16:543][  0]LogDerivedDataCache: Shared data cache path not found in *engine.ini, will not use an Shared cache.
[2020.04.30-03.08.16:543][  0]LogDerivedDataCache: Unable to find inner node Shared for hierarchical cache Hierarchy.
[2020.04.30-03.08.16:567][  0]LogMaterial: Verifying Global Shaders for PCD3D_SM5
[2020.04.30-03.08.16:569][  0]LogSlate: Using FreeType 2.10.0
[2020.04.30-03.08.16:570][  0]LogSlate: SlateFontServices - WITH_FREETYPE: 1, WITH_HARFBUZZ: 1
[2020.04.30-03.08.16:700][  0]LogInit: Using OS detected language (en-US).
[2020.04.30-03.08.16:700][  0]LogInit: Using OS detected locale (en-US).
[2020.04.30-03.08.16:700][  0]LogTextLocalizationManager: No localization for 'en-US' exists, so 'en' will be used for the language.
[2020.04.30-03.08.16:700][  0]LogTextLocalizationManager: No localization for 'en-US' exists, so 'en' will be used for the locale.
[2020.04.30-03.08.16:700][  0]LogSlate: FontCache flush requested. Reason: Culture for localization was changed
[2020.04.30-03.08.16:700][  0]LogSlate: FontCache flush requested. Reason: Culture for localization was changed
[2020.04.30-03.08.16:701][  0]LogTextLocalizationManager: Compacting localization data took   0.00ms
[2020.04.30-03.08.16:705][  0]LogAssetRegistry: FAssetRegistry took 0.0018 seconds to start up
[2020.04.30-03.08.16:924][  0]LogPackageLocalizationCache: Processed 10 localized package path(s) for 1 prioritized culture(s) in 0.000524 seconds
[2020.04.30-03.08.16:981][  0]LogInit: Selected Device Profile: [Windows]
[2020.04.30-03.08.17:110][  0]LogMeshReduction: Using QuadricMeshReduction for automatic static mesh reduction
[2020.04.30-03.08.17:110][  0]LogMeshReduction: Using SimplygonMeshReduction for automatic skeletal mesh reduction
[2020.04.30-03.08.17:110][  0]LogMeshReduction: Using ProxyLODMeshReduction for automatic mesh merging
[2020.04.30-03.08.17:110][  0]LogMeshReduction: No distributed automatic mesh merging module available
[2020.04.30-03.08.17:110][  0]LogMeshMerging: No distributed automatic mesh merging module available
[2020.04.30-03.08.17:126][  0]LogNetVersion: ProjectTrain 1.0.0, NetCL: 10570792, EngineNetVer: 13, GameNetVer: 0 (Checksum: 1973535973)
[2020.04.30-03.08.17:697][  0]LogMoviePlayer: Initializing movie player
[2020.04.30-03.08.17:788][  0]LogTcpMessaging: Initializing TcpMessaging bridge
[2020.04.30-03.08.17:789][  0]LogUdpMessaging: Initializing bridge on interface 0.0.0.0:0 to multicast group 230.0.0.1:6666.
[2020.04.30-03.08.17:815][  0]SourceControl: Source control is disabled
[2020.04.30-03.08.17:815][  0]SourceControl: Source control is disabled
[2020.04.30-03.08.17:816][  0]SourceControl: Source control is disabled
[2020.04.30-03.08.17:850][  0]LogAndroidPermission: UAndroidPermissionCallbackProxy::GetInstance
[2020.04.30-03.08.17:857][  0]LogAudioCaptureCore: Display: No Audio Capture implementations found. Audio input will be silent.
[2020.04.30-03.08.17:857][  0]LogAudioCaptureCore: Display: No Audio Capture implementations found. Audio input will be silent.
[2020.04.30-03.08.17:913][  0]LogOcInput: OculusInput pre-init called
[2020.04.30-03.08.17:922][  0]LogUObjectArray: 52645 objects as part of root set at end of initial load.
[2020.04.30-03.08.17:922][  0]LogUObjectAllocator: 9318280 out of 0 bytes used by permanent object pool.
[2020.04.30-03.08.17:922][  0]LogUObjectArray: CloseDisregardForGC: 0/0 objects in disregard for GC pool
[2020.04.30-03.08.17:970][  0]LogEngine: Initializing Engine...
[2020.04.30-03.08.17:971][  0]LogHMD: Failed to initialize OpenVR with code 110
[2020.04.30-03.08.17:972][  0]LogStats: UGameplayTagsManager::InitializeManager -  0.000 s
[2020.04.30-03.08.18:149][  0]LogInit: Initializing FReadOnlyCVARCache
[2020.04.30-03.08.18:151][  0]LogAudioMixer: Display: Audio Mixer Platform Settings:
[2020.04.30-03.08.18:151][  0]LogAudioMixer: Display: 	Sample Rate:						  48000
[2020.04.30-03.08.18:151][  0]LogAudioMixer: Display: 	Callback Buffer Frame Size Requested: 1024
[2020.04.30-03.08.18:151][  0]LogAudioMixer: Display: 	Callback Buffer Frame Size To Use:	  1024
[2020.04.30-03.08.18:151][  0]LogAudioMixer: Display: 	Number of buffers to queue:			  2
[2020.04.30-03.08.18:151][  0]LogAudioMixer: Display: 	Max Channels (voices):				  32
[2020.04.30-03.08.18:151][  0]LogAudioMixer: Display: 	Number of Async Source Workers:		  0
[2020.04.30-03.08.18:151][  0]LogAudio: Display: AudioDevice MaxSources: 32
[2020.04.30-03.08.18:152][  0]LogAudio: Display: Using built-in audio occlusion.
[2020.04.30-03.08.18:152][  0]LogAudioMixer: Display: Initializing audio mixer.
[2020.04.30-03.08.18:166][  0]LogAudioMixer: Display: Audio Device Output Speaker Info:
[2020.04.30-03.08.18:166][  0]LogAudioMixer: Display: Name: Speakers (Realtek High Definition Audio)
[2020.04.30-03.08.18:166][  0]LogAudioMixer: Display: Is Default: Yes
[2020.04.30-03.08.18:166][  0]LogAudioMixer: Display: Sample Rate: 48000
[2020.04.30-03.08.18:166][  0]LogAudioMixer: Display: Channel Count Used: 2
[2020.04.30-03.08.18:166][  0]LogAudioMixer: Display: Device Channel Count: 2
[2020.04.30-03.08.18:166][  0]LogAudioMixer: Display: Channel Order:
[2020.04.30-03.08.18:166][  0]LogAudioMixer: Display: 0: FrontLeft
[2020.04.30-03.08.18:166][  0]LogAudioMixer: Display: 1: FrontRight
[2020.04.30-03.08.18:189][  0]LogAudioMixer: Display: Using Audio Device Speakers (Realtek High Definition Audio)
[2020.04.30-03.08.18:195][  0]LogInit: FAudioDevice initialized.
[2020.04.30-03.08.18:196][  0]LogNetVersion: Set ProjectVersion to 1.0.0.0. Version Checksum will be recalculated on next use.
[2020.04.30-03.08.18:196][  0]LogInit: Texture streaming: Enabled
[2020.04.30-03.08.18:320][  0]LogSlate: Updating window title bar state: overlay mode, drag disabled, window buttons hidden, title bar hidden
[2020.04.30-03.08.18:321][  0]LogInit: Display: Game Engine Initialized.
[2020.04.30-03.08.18:333][  0]LogInit: Display: Starting Game.
[2020.04.30-03.08.18:333][  0]LogNet: Browse: /Game/Levels/MainMenu?Name=Player
[2020.04.30-03.08.18:333][  0]LogLoad: LoadMap: /Game/Levels/MainMenu?Name=Player
[2020.04.30-03.08.18:333][  0]LogWorld: BeginTearingDown for /Temp/Untitled_0
[2020.04.30-03.08.18:335][  0]LogWorld: UWorld::CleanupWorld for Untitled, bSessionEnded=true, bCleanupResources=true
[2020.04.30-03.08.18:335][  0]LogSlate: InvalidateAllWidgets triggered.  All widgets were invalidated
[2020.04.30-03.08.18:355][  0]LogAudioMixer: Display: No commands were queued while flushing the source manager.
[2020.04.30-03.08.18:357][  0]LogUObjectHash: Compacting FUObjectHashTables data took   1.55ms
[2020.04.30-03.08.18:406][  0]LogAIModule: Creating AISystem for world MainMenu
[2020.04.30-03.08.18:553][  0]LogLoad: Game class is 'FirstPersonGameMode_C'
[2020.04.30-03.08.18:554][  0]LogWorld: Bringing World /Game/Levels/MainMenu.MainMenu up for play (max tick rate 0) at 2020.04.29-21.08.18
[2020.04.30-03.08.18:555][  0]LogWorld: Bringing up level for play took: 0.000886
[2020.04.30-03.08.18:555][  0]LogGameMode: FindPlayerStart: PATHS NOT DEFINED or NO PLAYERSTART with positive rating
[2020.04.30-03.08.18:561][  0]LogPlayerController: Error: InputMode:UIOnly - Attempting to focus Non-Focusable widget SObjectWidget [Widget.cpp(776)]!
[2020.04.30-03.08.18:561][  0]LogLoad: Took 0.228367 seconds to LoadMap(/Game/Levels/MainMenu)
[2020.04.30-03.08.18:600][  0]LogRenderer: Reallocating scene render targets to support 1280x720 Format 10 NumSamples 1 (Frame:1).
[2020.04.30-03.08.18:600][  0]LogLoad: (Engine Initialization) Total time: 5.58 seconds
[2020.04.30-03.08.18:600][  0]LogLoad: (Engine Initialization) Total Blueprint compile time: 0.00 seconds
[2020.04.30-03.08.18:611][  0]LogContentStreaming: Texture pool size now 1000 MB
[2020.04.30-03.08.18:618][  0]LogAudio: Warning: Detected orphaned looping sound 'symmetry-by-kevin-macleod-from-filmmusic-io'.
[2020.04.30-03.08.18:618][  0]LogSlate: InvalidateAllWidgets triggered.  All widgets were invalidated
[2020.04.30-03.08.30:431][372]LogRenderer: Reallocating scene render targets to support 1920x1080 Format 10 NumSamples 1 (Frame:7374).
[2020.04.30-03.08.39:325][638]LogRenderer: Reallocating scene render targets to support 1280x720 Format 10 NumSamples 1 (Frame:10643).
[2020.04.30-03.08.42:415][573]LogRenderer: Reallocating scene render targets to support 640x480 Format 10 NumSamples 1 (Frame:12579).
[2020.04.30-03.08.49:265][ 11]LogRenderer: Reallocating scene render targets to support 1920x1080 Format 10 NumSamples 1 (Frame:17019).
[2020.04.30-03.08.50:969][583]LogRenderer: Reallocating scene render targets to support 1280x720 Format 10 NumSamples 1 (Frame:17594).
[2020.04.30-03.08.57:389][522]LogPackageName: SearchForPackageOnDisk took   0.130s to resolve Train_lvl_1.umap.
[2020.04.30-03.08.57:521][522]LogPackageName: SearchForPackageOnDisk took   0.131s to resolve Train_lvl_1.umap.
[2020.04.30-03.08.57:521][522]LogNet: Browse: /Game/Levels/Train_lvl_1
[2020.04.30-03.08.57:521][522]LogLoad: LoadMap: /Game/Levels/Train_lvl_1
[2020.04.30-03.08.57:521][522]LogWorld: BeginTearingDown for /Game/Levels/MainMenu
[2020.04.30-03.08.57:522][522]LogWorld: UWorld::CleanupWorld for MainMenu, bSessionEnded=true, bCleanupResources=true
[2020.04.30-03.08.57:522][522]LogSlate: InvalidateAllWidgets triggered.  All widgets were invalidated
[2020.04.30-03.08.57:570][522]LogAudioMixer: Display: Flush succeeded in the source manager command queue (1).
[2020.04.30-03.08.57:570][522]LogAudioMixer: Display: Flush succeeded the source manager command queue (2).
[2020.04.30-03.08.57:576][522]LogUObjectHash: Compacting FUObjectHashTables data took   1.87ms
[2020.04.30-03.08.58:341][522]LogTexture: Display: Building textures: HQ_Lightmap0_1 (AutoDXT, 2048X2048)
[2020.04.30-03.08.58:992][522]LogTexture: Display: Building textures: HQ_Lightmap0_10 (AutoDXT, 2048X2048)
[2020.04.30-03.08.59:657][522]LogTexture: Display: Building textures: HQ_Lightmap0_11 (AutoDXT, 2048X2048)
[2020.04.30-03.09.00:318][522]LogTexture: Display: Building textures: HQ_Lightmap0_12 (AutoDXT, 2048X2048)
[2020.04.30-03.09.01:022][522]LogTexture: Display: Building textures: HQ_Lightmap0_13 (AutoDXT, 1024X1024)
[2020.04.30-03.09.01:613][522]LogTexture: Display: Building textures: HQ_Lightmap0_14 (AutoDXT, 128X128)
[2020.04.30-03.09.01:620][522]LogTexture: Display: Building textures: HQ_Lightmap0_15 (AutoDXT, 128X128)
[2020.04.30-03.09.01:628][522]LogTexture: Display: Building textures: HQ_Lightmap0_16 (AutoDXT, 128X128)
[2020.04.30-03.09.01:637][522]LogTexture: Display: Building textures: HQ_Lightmap0_17 (AutoDXT, 128X128)
[2020.04.30-03.09.01:645][522]LogTexture: Display: Building textures: HQ_Lightmap0_18 (AutoDXT, 128X128)
[2020.04.30-03.09.01:653][522]LogTexture: Display: Building textures: HQ_Lightmap0_19 (AutoDXT, 128X128)
[2020.04.30-03.09.01:709][522]LogTexture: Display: Building textures: HQ_Lightmap0_2 (AutoDXT, 2048X2048)
[2020.04.30-03.09.03:056][522]LogTexture: Display: Building textures: HQ_Lightmap0_20 (AutoDXT, 128X128)
[2020.04.30-03.09.03:064][522]LogTexture: Display: Building textures: HQ_Lightmap0_21 (AutoDXT, 128X128)
[2020.04.30-03.09.03:073][522]LogTexture: Display: Building textures: HQ_Lightmap0_22 (AutoDXT, 128X128)
[2020.04.30-03.09.03:081][522]LogTexture: Display: Building textures: HQ_Lightmap0_23 (AutoDXT, 128X128)
[2020.04.30-03.09.03:088][522]LogTexture: Display: Building textures: HQ_Lightmap0_24 (AutoDXT, 128X128)
[2020.04.30-03.09.03:096][522]LogTexture: Display: Building textures: HQ_Lightmap0_25 (AutoDXT, 128X128)
[2020.04.30-03.09.03:105][522]LogTexture: Display: Building textures: HQ_Lightmap0_26 (AutoDXT, 128X128)
[2020.04.30-03.09.03:112][522]LogTexture: Display: Building textures: HQ_Lightmap0_27 (AutoDXT, 128X128)
[2020.04.30-03.09.03:120][522]LogTexture: Display: Building textures: HQ_Lightmap0_28 (AutoDXT, 128X128)
[2020.04.30-03.09.03:129][522]LogTexture: Display: Building textures: HQ_Lightmap0_29 (AutoDXT, 128X128)
[2020.04.30-03.09.03:166][522]LogTexture: Display: Building textures: HQ_Lightmap0_3 (AutoDXT, 2048X2048)
[2020.04.30-03.09.03:933][522]LogTexture: Display: Building textures: HQ_Lightmap0_30 (AutoDXT, 128X128)
[2020.04.30-03.09.03:942][522]LogTexture: Display: Building textures: HQ_Lightmap0_31 (AutoDXT, 128X128)
[2020.04.30-03.09.03:950][522]LogTexture: Display: Building textures: HQ_Lightmap0_32 (AutoDXT, 256X256)
[2020.04.30-03.09.04:025][522]LogTexture: Display: Building textures: HQ_Lightmap0_4 (AutoDXT, 2048X2048)
[2020.04.30-03.09.05:755][522]LogTexture: Display: Building textures: HQ_Lightmap0_5 (AutoDXT, 2048X2048)
[2020.04.30-03.09.06:692][522]LogTexture: Display: Building textures: HQ_Lightmap0_6 (AutoDXT, 2048X2048)
[2020.04.30-03.09.08:026][522]LogTexture: Display: Building textures: HQ_Lightmap0_7 (AutoDXT, 2048X2048)
[2020.04.30-03.09.08:716][522]LogTexture: Display: Building textures: HQ_Lightmap0_8 (AutoDXT, 2048X2048)
[2020.04.30-03.09.09:558][522]LogTexture: Display: Building textures: HQ_Lightmap0_9 (AutoDXT, 2048X2048)
[2020.04.30-03.09.10:273][522]LogTexture: Display: Building textures: HQ_Lightmap1_33 (AutoDXT, 64X64)
[2020.04.30-03.09.10:298][522]LogTexture: Display: Building textures: LQ_Lightmap_0_1 (DXT1, 2048X2048)
[2020.04.30-03.09.10:425][522]LogTexture: Display: Building textures: LQ_Lightmap_0_10 (DXT1, 2048X2048)
[2020.04.30-03.09.10:565][522]LogTexture: Display: Building textures: LQ_Lightmap_0_11 (DXT1, 2048X2048)
[2020.04.30-03.09.10:800][522]LogTexture: Display: Building textures: LQ_Lightmap_0_12 (DXT1, 2048X2048)
[2020.04.30-03.09.10:923][522]LogTexture: Display: Building textures: LQ_Lightmap_0_13 (DXT1, 1024X1024)
[2020.04.30-03.09.11:190][522]LogTexture: Display: Building textures: LQ_Lightmap_0_14 (DXT1, 128X128)
[2020.04.30-03.09.11:195][522]LogTexture: Display: Building textures: LQ_Lightmap_0_15 (DXT1, 128X128)
[2020.04.30-03.09.11:200][522]LogTexture: Display: Building textures: LQ_Lightmap_0_16 (DXT1, 128X128)
[2020.04.30-03.09.11:206][522]LogTexture: Display: Building textures: LQ_Lightmap_0_17 (DXT1, 128X128)
[2020.04.30-03.09.11:210][522]LogTexture: Display: Building textures: LQ_Lightmap_0_18 (DXT1, 128X128)
[2020.04.30-03.09.11:215][522]LogTexture: Display: Building textures: LQ_Lightmap_0_19 (DXT1, 128X128)
[2020.04.30-03.09.11:257][522]LogTexture: Display: Building textures: LQ_Lightmap_0_2 (DXT1, 2048X2048)
[2020.04.30-03.09.11:574][522]LogTexture: Display: Building textures: LQ_Lightmap_0_20 (DXT1, 128X128)
[2020.04.30-03.09.11:580][522]LogTexture: Display: Building textures: LQ_Lightmap_0_21 (DXT1, 128X128)
[2020.04.30-03.09.11:585][522]LogTexture: Display: Building textures: LQ_Lightmap_0_22 (DXT1, 128X128)
[2020.04.30-03.09.11:590][522]LogTexture: Display: Building textures: LQ_Lightmap_0_23 (DXT1, 128X128)
[2020.04.30-03.09.11:594][522]LogTexture: Display: Building textures: LQ_Lightmap_0_24 (DXT1, 128X128)
[2020.04.30-03.09.11:599][522]LogTexture: Display: Building textures: LQ_Lightmap_0_25 (DXT1, 128X128)
[2020.04.30-03.09.11:604][522]LogTexture: Display: Building textures: LQ_Lightmap_0_26 (DXT1, 128X128)
[2020.04.30-03.09.11:608][522]LogTexture: Display: Building textures: LQ_Lightmap_0_27 (DXT1, 128X128)
[2020.04.30-03.09.11:614][522]LogTexture: Display: Building textures: LQ_Lightmap_0_28 (DXT1, 128X128)
[2020.04.30-03.09.11:619][522]LogTexture: Display: Building textures: LQ_Lightmap_0_29 (DXT1, 128X128)
[2020.04.30-03.09.11:652][522]LogTexture: Display: Building textures: LQ_Lightmap_0_3 (DXT1, 2048X2048)
[2020.04.30-03.09.11:808][522]LogTexture: Display: Building textures: LQ_Lightmap_0_30 (DXT1, 128X128)
[2020.04.30-03.09.11:814][522]LogTexture: Display: Building textures: LQ_Lightmap_0_31 (DXT1, 128X128)
[2020.04.30-03.09.11:818][522]LogTexture: Display: Building textures: LQ_Lightmap_0_32 (DXT1, 256X256)
[2020.04.30-03.09.11:863][522]LogTexture: Display: Building textures: LQ_Lightmap_0_4 (DXT1, 2048X2048)
[2020.04.30-03.09.12:225][522]LogTexture: Display: Building textures: LQ_Lightmap_0_5 (DXT1, 2048X2048)
[2020.04.30-03.09.12:511][522]LogTexture: Display: Building textures: LQ_Lightmap_0_6 (DXT1, 2048X2048)
[2020.04.30-03.09.12:906][522]LogTexture: Display: Building textures: LQ_Lightmap_0_7 (DXT1, 2048X2048)
[2020.04.30-03.09.13:044][522]LogTexture: Display: Building textures: LQ_Lightmap_0_8 (DXT1, 2048X2048)
[2020.04.30-03.09.13:287][522]LogTexture: Display: Building textures: LQ_Lightmap_0_9 (DXT1, 2048X2048)
[2020.04.30-03.09.13:390][522]LogTexture: Display: Building textures: LQ_Lightmap_1_33 (DXT1, 64X64)
[2020.04.30-03.09.13:406][522]LogTexture: Display: Building textures: SkyOcclusion0_1 (AutoDXT, 2048X1024)
[2020.04.30-03.09.13:736][522]LogTexture: Display: Building textures: SkyOcclusion0_10 (AutoDXT, 2048X1024)
[2020.04.30-03.09.14:044][522]LogTexture: Display: Building textures: SkyOcclusion0_11 (AutoDXT, 2048X1024)
[2020.04.30-03.09.14:289][522]LogTexture: Display: Building textures: SkyOcclusion0_12 (AutoDXT, 2048X1024)
[2020.04.30-03.09.14:626][522]LogTexture: Display: Building textures: SkyOcclusion0_13 (AutoDXT, 1024X512)
[2020.04.30-03.09.14:884][522]LogTexture: Display: Building textures: SkyOcclusion0_14 (AutoDXT, 128X64)
[2020.04.30-03.09.14:889][522]LogTexture: Display: Building textures: SkyOcclusion0_15 (AutoDXT, 128X64)
[2020.04.30-03.09.14:897][522]LogTexture: Display: Building textures: SkyOcclusion0_16 (AutoDXT, 128X64)
[2020.04.30-03.09.14:903][522]LogTexture: Display: Building textures: SkyOcclusion0_17 (AutoDXT, 128X64)
[2020.04.30-03.09.14:908][522]LogTexture: Display: Building textures: SkyOcclusion0_18 (AutoDXT, 128X64)
[2020.04.30-03.09.14:914][522]LogTexture: Display: Building textures: SkyOcclusion0_19 (AutoDXT, 128X64)
[2020.04.30-03.09.14:940][522]LogTexture: Display: Building textures: SkyOcclusion0_2 (AutoDXT, 2048X1024)
[2020.04.30-03.09.15:416][522]LogTexture: Display: Building textures: SkyOcclusion0_20 (AutoDXT, 128X64)
[2020.04.30-03.09.15:421][522]LogTexture: Display: Building textures: SkyOcclusion0_21 (AutoDXT, 128X64)
[2020.04.30-03.09.15:427][522]LogTexture: Display: Building textures: SkyOcclusion0_22 (AutoDXT, 128X64)
[2020.04.30-03.09.15:433][522]LogTexture: Display: Building textures: SkyOcclusion0_23 (AutoDXT, 128X64)
[2020.04.30-03.09.15:438][522]LogTexture: Display: Building textures: SkyOcclusion0_24 (AutoDXT, 128X64)
[2020.04.30-03.09.15:444][522]LogTexture: Display: Building textures: SkyOcclusion0_25 (AutoDXT, 128X64)
[2020.04.30-03.09.15:451][522]LogTexture: Display: Building textures: SkyOcclusion0_26 (AutoDXT, 128X64)
[2020.04.30-03.09.15:456][522]LogTexture: Display: Building textures: SkyOcclusion0_27 (AutoDXT, 128X64)
[2020.04.30-03.09.15:462][522]LogTexture: Display: Building textures: SkyOcclusion0_28 (AutoDXT, 128X64)
[2020.04.30-03.09.15:468][522]LogTexture: Display: Building textures: SkyOcclusion0_29 (AutoDXT, 128X64)
[2020.04.30-03.09.15:489][522]LogTexture: Display: Building textures: SkyOcclusion0_3 (AutoDXT, 2048X1024)
[2020.04.30-03.09.15:891][522]LogTexture: Display: Building textures: SkyOcclusion0_30 (AutoDXT, 128X64)
[2020.04.30-03.09.15:897][522]LogTexture: Display: Building textures: SkyOcclusion0_31 (AutoDXT, 128X64)
[2020.04.30-03.09.15:903][522]LogTexture: Display: Building textures: SkyOcclusion0_32 (AutoDXT, 256X128)
[2020.04.30-03.09.15:935][522]LogTexture: Display: Building textures: SkyOcclusion0_4 (AutoDXT, 2048X1024)
[2020.04.30-03.09.16:405][522]LogTexture: Display: Building textures: SkyOcclusion0_5 (AutoDXT, 2048X1024)
[2020.04.30-03.09.16:650][522]LogTexture: Display: Building textures: SkyOcclusion0_6 (AutoDXT, 2048X1024)
[2020.04.30-03.09.17:067][522]LogTexture: Display: Building textures: SkyOcclusion0_7 (AutoDXT, 2048X1024)
[2020.04.30-03.09.17:369][522]LogTexture: Display: Building textures: SkyOcclusion0_8 (AutoDXT, 2048X1024)
[2020.04.30-03.09.17:572][522]LogTexture: Display: Building textures: SkyOcclusion0_9 (AutoDXT, 2048X1024)
[2020.04.30-03.09.17:898][522]LogTexture: Display: Building textures: SkyOcclusion1_33 (AutoDXT, 64X32)
[2020.04.30-03.09.17:904][522]LogTexture: Display: Building textures: ShadowMapTexture2D_0 (G8, 1024X1024)
[2020.04.30-03.09.17:942][522]LogTexture: Display: Building textures: ShadowMapTexture2D_1 (BGRA8, 1024X1024)
[2020.04.30-03.09.17:974][522]LogTexture: Display: Building textures: ShadowMapTexture2D_10 (BGRA8, 1024X1024)
[2020.04.30-03.09.17:996][522]LogTexture: Display: Building textures: ShadowMapTexture2D_11 (G8, 1024X1024)
[2020.04.30-03.09.18:025][522]LogTexture: Display: Building textures: ShadowMapTexture2D_12 (BGRA8, 1024X1024)
[2020.04.30-03.09.18:046][522]LogTexture: Display: Building textures: ShadowMapTexture2D_13 (BGRA8, 1024X1024)
[2020.04.30-03.09.18:072][522]LogTexture: Display: Building textures: ShadowMapTexture2D_14 (BGRA8, 1024X1024)
[2020.04.30-03.09.18:088][522]LogTexture: Display: Building textures: ShadowMapTexture2D_15 (G8, 1024X1024)
[2020.04.30-03.09.18:121][522]LogTexture: Display: Building textures: ShadowMapTexture2D_16 (BGRA8, 1024X1024)
[2020.04.30-03.09.18:143][522]LogTexture: Display: Building textures: ShadowMapTexture2D_17 (BGRA8, 1024X512)
[2020.04.30-03.09.18:153][522]LogTexture: Display: Building textures: ShadowMapTexture2D_18 (G8, 64X64)
[2020.04.30-03.09.18:154][522]LogTexture: Display: Building textures: ShadowMapTexture2D_19 (G8, 64X64)
[2020.04.30-03.09.18:166][522]LogTexture: Display: Building textures: ShadowMapTexture2D_2 (BGRA8, 1024X1024)
[2020.04.30-03.09.18:181][522]LogTexture: Display: Building textures: ShadowMapTexture2D_20 (G8, 64X64)
[2020.04.30-03.09.18:181][522]LogTexture: Display: Building textures: ShadowMapTexture2D_21 (G8, 64X64)
[2020.04.30-03.09.18:181][522]LogTexture: Display: Building textures: ShadowMapTexture2D_22 (G8, 64X64)
[2020.04.30-03.09.18:182][522]LogTexture: Display: Building textures: ShadowMapTexture2D_23 (G8, 64X64)
[2020.04.30-03.09.18:182][522]LogTexture: Display: Building textures: ShadowMapTexture2D_24 (G8, 64X64)
[2020.04.30-03.09.18:182][522]LogTexture: Display: Building textures: ShadowMapTexture2D_25 (G8, 64X64)
[2020.04.30-03.09.18:183][522]LogTexture: Display: Building textures: ShadowMapTexture2D_26 (G8, 64X64)
[2020.04.30-03.09.18:183][522]LogTexture: Display: Building textures: ShadowMapTexture2D_27 (G8, 64X64)
[2020.04.30-03.09.18:183][522]LogTexture: Display: Building textures: ShadowMapTexture2D_28 (G8, 64X64)
[2020.04.30-03.09.18:184][522]LogTexture: Display: Building textures: ShadowMapTexture2D_29 (G8, 64X64)
[2020.04.30-03.09.18:186][522]LogTexture: Display: Building textures: ShadowMapTexture2D_3 (G8, 1024X1024)
[2020.04.30-03.09.18:212][522]LogTexture: Display: Building textures: ShadowMapTexture2D_30 (G8, 64X64)
[2020.04.30-03.09.18:213][522]LogTexture: Display: Building textures: ShadowMapTexture2D_31 (G8, 64X64)
[2020.04.30-03.09.18:213][522]LogTexture: Display: Building textures: ShadowMapTexture2D_32 (G8, 64X64)
[2020.04.30-03.09.18:213][522]LogTexture: Display: Building textures: ShadowMapTexture2D_33 (G8, 64X64)
[2020.04.30-03.09.18:214][522]LogTexture: Display: Building textures: ShadowMapTexture2D_34 (G8, 64X64)
[2020.04.30-03.09.18:214][522]LogTexture: Display: Building textures: ShadowMapTexture2D_35 (G8, 64X64)
[2020.04.30-03.09.18:214][522]LogTexture: Display: Building textures: ShadowMapTexture2D_36 (G8, 256X64)
[2020.04.30-03.09.18:225][522]LogTexture: Display: Building textures: ShadowMapTexture2D_4 (BGRA8, 1024X1024)
[2020.04.30-03.09.18:252][522]LogTexture: Display: Building textures: ShadowMapTexture2D_5 (BGRA8, 1024X1024)
[2020.04.30-03.09.18:280][522]LogTexture: Display: Building textures: ShadowMapTexture2D_6 (BGRA8, 1024X1024)
[2020.04.30-03.09.18:319][522]LogTexture: Display: Building textures: ShadowMapTexture2D_7 (BGRA8, 1024X1024)
[2020.04.30-03.09.18:336][522]LogTexture: Display: Building textures: ShadowMapTexture2D_75 (G8, 32X32)
[2020.04.30-03.09.18:346][522]LogTexture: Display: Building textures: ShadowMapTexture2D_8 (BGRA8, 1024X1024)
[2020.04.30-03.09.18:376][522]LogTexture: Display: Building textures: ShadowMapTexture2D_9 (BGRA8, 1024X1024)
[2020.04.30-03.09.18:416][522]LogAIModule: Creating AISystem for world Train_lvl_1
[2020.04.30-03.09.18:416][522]LogLoad: Game class is 'FirstPersonGameMode_C'
[2020.04.30-03.09.18:443][522]LogWorld: Bringing World /Game/Levels/Train_lvl_1.Train_lvl_1 up for play (max tick rate 0) at 2020.04.29-21.09.18
[2020.04.30-03.09.18:446][522]LogWorld: Bringing up level for play took: 0.028561
[2020.04.30-03.09.18:446][522]LogGameMode: FindPlayerStart: PATHS NOT DEFINED or NO PLAYERSTART with positive rating
[2020.04.30-03.09.18:449][522]LogLoad: Took 20.928135 seconds to LoadMap(/Game/Levels/Train_lvl_1)
[2020.04.30-03.09.20:276][729]Closing by request
[2020.04.30-03.09.20:276][729]LogWindows: FPlatformMisc::RequestExit(0)
[2020.04.30-03.09.20:276][729]LogCore: Engine exit requested (reason: Win RequestExit)
[2020.04.30-03.09.20:284][730]LogCore: Engine exit requested (reason: EngineExit() was called; note: exit was already requested)
[2020.04.30-03.09.20:299][730]LogAudioMixer: Display: Flush succeeded in the source manager command queue (1).
[2020.04.30-03.09.20:319][730]LogAudioMixer: Display: Flush succeeded the source manager command queue (2).
[2020.04.30-03.09.20:325][730]LogInit: Display: PreExit Game.
[2020.04.30-03.09.20:325][730]LogWorld: BeginTearingDown for /Game/Levels/Train_lvl_1
[2020.04.30-03.09.20:326][730]LogWorld: UWorld::CleanupWorld for Train_lvl_1, bSessionEnded=true, bCleanupResources=true
[2020.04.30-03.09.20:327][730]LogSlate: InvalidateAllWidgets triggered.  All widgets were invalidated
[2020.04.30-03.09.21:027][730]LogSlate: Window 'ProjectTrain (64-bit Development PCD3D_SM5) ' being destroyed
[2020.04.30-03.09.21:033][730]LogWindowsTextInputMethodSystem: Display: IME system now deactivated.
[2020.04.30-03.09.21:056][730]LogExit: Preparing to exit.
[2020.04.30-03.09.21:826][730]LogMoviePlayer: Shutting down movie player
[2020.04.30-03.09.21:947][730]LogSlate: Updating window title bar state: overlay mode, drag disabled, window buttons hidden, title bar hidden
[2020.04.30-03.09.21:956][730]LogDemo: Cleaned up 0 splitscreen connections with owner deletion
[2020.04.30-03.09.21:962][730]LogExit: Game engine shut down
[2020.04.30-03.09.22:057][730]LogExit: Object subsystem successfully closed.
[2020.04.30-03.09.22:068][730]LogShaderCompilers: Display: Shaders left to compile 0
[2020.04.30-03.09.22:104][730]LogModuleManager: Shutting down and abandoning module SequenceRecorderSections (434)
[2020.04.30-03.09.22:104][730]LogModuleManager: Shutting down and abandoning module SequenceRecorder (432)
[2020.04.30-03.09.22:104][730]LogModuleManager: Shutting down and abandoning module AutomationController (430)
[2020.04.30-03.09.22:104][730]LogModuleManager: Shutting down and abandoning module AutomationWorker (428)
[2020.04.30-03.09.22:104][730]LogModuleManager: Shutting down and abandoning module Voice (426)
[2020.04.30-03.09.22:104][730]LogModuleManager: Shutting down and abandoning module AIModule (424)
[2020.04.30-03.09.22:105][730]LogModuleManager: Shutting down and abandoning module GameplayDebugger (423)
[2020.04.30-03.09.22:105][730]LogModuleManager: Shutting down and abandoning module AITestSuite (421)
[2020.04.30-03.09.22:105][730]LogModuleManager: Shutting down and abandoning module NavigationSystem (419)
[2020.04.30-03.09.22:105][730]LogModuleManager: Shutting down and abandoning module OculusMR (416)
[2020.04.30-03.09.22:105][730]LogModuleManager: Shutting down and abandoning module WmfMediaFactory (414)
[2020.04.30-03.09.22:105][730]LogModuleManager: Shutting down and abandoning module WebMMediaFactory (412)
[2020.04.30-03.09.22:105][730]LogModuleManager: Shutting down and abandoning module WebMMedia (410)
[2020.04.30-03.09.22:105][730]LogModuleManager: Shutting down and abandoning module OpenExrWrapper (408)
[2020.04.30-03.09.22:105][730]LogModuleManager: Shutting down and abandoning module ImgMediaFactory (406)
[2020.04.30-03.09.22:105][730]LogModuleManager: Shutting down and abandoning module AvfMediaFactory (404)
[2020.04.30-03.09.22:105][730]LogModuleManager: Shutting down and abandoning module MagicLeapMediaCodecFactory (402)
[2020.04.30-03.09.22:105][730]LogModuleManager: Shutting down and abandoning module MagicLeapMediaFactory (400)
[2020.04.30-03.09.22:105][730]LogModuleManager: Shutting down and abandoning module CharacterAI (398)
[2020.04.30-03.09.22:105][730]LogModuleManager: Shutting down and abandoning module SessionServices (396)
[2020.04.30-03.09.22:105][730]LogModuleManager: Shutting down and abandoning module MovieSceneCapture (394)
[2020.04.30-03.09.22:105][730]LogModuleManager: Shutting down and abandoning module LiveCoding (392)
[2020.04.30-03.09.22:105][730]LogModuleManager: Shutting down and abandoning module LevelSequence (390)
[2020.04.30-03.09.22:105][730]LogModuleManager: Shutting down and abandoning module MovieSceneTracks (388)
[2020.04.30-03.09.22:105][730]LogModuleManager: Shutting down and abandoning module MovieScene (386)
[2020.04.30-03.09.22:105][730]LogModuleManager: Shutting down and abandoning module StreamingPauseRendering (384)
[2020.04.30-03.09.22:105][730]LogModuleManager: Shutting down and abandoning module PortalServices (382)
[2020.04.30-03.09.22:105][730]LogModuleManager: Shutting down and abandoning module PortalRpc (380)
[2020.04.30-03.09.22:105][730]LogModuleManager: Shutting down and abandoning module MessagingRpc (378)
[2020.04.30-03.09.22:105][730]LogModuleManager: Shutting down and abandoning module AudioMixerXAudio2 (376)
[2020.04.30-03.09.22:105][730]LogModuleManager: Shutting down and abandoning module ImageWriteQueue (374)
[2020.04.30-03.09.22:107][730]LogModuleManager: Shutting down and abandoning module ProfilerService (372)
[2020.04.30-03.09.22:253][730]LogModuleManager: Shutting down and abandoning module TaskGraph (370)
[2020.04.30-03.09.22:253][730]LogModuleManager: Shutting down and abandoning module ProceduralMeshComponent (368)
[2020.04.30-03.09.22:253][730]LogModuleManager: Shutting down and abandoning module OculusInput (366)
[2020.04.30-03.09.22:253][730]LogModuleManager: Shutting down and abandoning module MobilePatchingUtils (364)
[2020.04.30-03.09.22:253][730]LogModuleManager: Shutting down and abandoning module EditableMesh (362)
[2020.04.30-03.09.22:253][730]LogModuleManager: Shutting down and abandoning module CustomMeshComponent (360)
[2020.04.30-03.09.22:253][730]LogModuleManager: Shutting down and abandoning module CableComponent (358)
[2020.04.30-03.09.22:253][730]LogModuleManager: Shutting down and abandoning module AudioCapture (356)
[2020.04.30-03.09.22:253][730]LogModuleManager: Shutting down and abandoning module AudioCaptureRtAudio (355)
[2020.04.30-03.09.22:253][730]LogModuleManager: Shutting down and abandoning module AssetTags (352)
[2020.04.30-03.09.22:253][730]LogModuleManager: Shutting down and abandoning module ArchVisCharacter (350)
[2020.04.30-03.09.22:253][730]LogModuleManager: Shutting down and abandoning module AppleImageUtilsBlueprintSupport (348)
[2020.04.30-03.09.22:253][730]LogModuleManager: Shutting down and abandoning module AppleImageUtils (346)
[2020.04.30-03.09.22:253][730]LogModuleManager: Shutting down and abandoning module AndroidPermission (344)
[2020.04.30-03.09.22:253][730]LogModuleManager: Shutting down and abandoning module NUTUnrealEngine4 (342)
[2020.04.30-03.09.22:253][730]LogModuleManager: Shutting down and abandoning module NetcodeUnitTest (340)
[2020.04.30-03.09.22:253][730]LogModuleManager: Shutting down and abandoning module MediaCompositing (338)
[2020.04.30-03.09.22:253][730]LogModuleManager: Shutting down and abandoning module ImgMedia (336)
[2020.04.30-03.09.22:253][730]LogModuleManager: Shutting down and abandoning module MagicLeapHelperVulkan (334)
[2020.04.30-03.09.22:253][730]LogModuleManager: Shutting down and abandoning module MagicLeapHelperOpenGL (332)
[2020.04.30-03.09.22:253][730]LogModuleManager: Shutting down and abandoning module MagicLeapAudio (330)
[2020.04.30-03.09.22:253][730]LogModuleManager: Shutting down and abandoning module GeometryCacheTracks (328)
[2020.04.30-03.09.22:253][730]LogModuleManager: Shutting down and abandoning module GeometryCacheSequencer (327)
[2020.04.30-03.09.22:254][730]LogModuleManager: Shutting down and abandoning module GeometryCache (324)
[2020.04.30-03.09.22:254][730]LogModuleManager: Shutting down and abandoning module GeometryCacheEd (323)
[2020.04.30-03.09.22:254][730]LogModuleManager: Shutting down and abandoning module BackChannel (320)
[2020.04.30-03.09.22:254][730]LogModuleManager: Shutting down and abandoning module AutomationUtils (318)
[2020.04.30-03.09.22:254][730]LogModuleManager: Shutting down and abandoning module VisualStudioSourceCodeAccess (316)
[2020.04.30-03.09.22:254][730]LogModuleManager: Shutting down and abandoning module HotReload (315)
[2020.04.30-03.09.22:254][730]LogModuleManager: Shutting down and abandoning module DirectoryWatcher (314)
[2020.04.30-03.09.22:254][730]LogModuleManager: Shutting down and abandoning module VisualStudioCodeSourceCodeAccess (310)
[2020.04.30-03.09.22:254][730]LogModuleManager: Shutting down and abandoning module UObjectPlugin (308)
[2020.04.30-03.09.22:254][730]LogModuleManager: Shutting down and abandoning module SubversionSourceControl (306)
[2020.04.30-03.09.22:254][730]LogModuleManager: Shutting down and abandoning module PerforceSourceControl (304)
[2020.04.30-03.09.22:254][730]LogModuleManager: Shutting down and abandoning module SourceControl (303)
[2020.04.30-03.09.22:254][730]LogModuleManager: Shutting down and abandoning module CLionSourceCodeAccess (300)
[2020.04.30-03.09.22:254][730]LogModuleManager: Shutting down and abandoning module ActorLayerUtilities (298)
[2020.04.30-03.09.22:254][730]LogModuleManager: Shutting down and abandoning module SignificanceManager (296)
[2020.04.30-03.09.22:254][730]LogModuleManager: Shutting down and abandoning module RuntimePhysXCooking (294)
[2020.04.30-03.09.22:254][730]LogModuleManager: Shutting down and abandoning module PhysXVehiclesEditor (292)
[2020.04.30-03.09.22:254][730]LogModuleManager: Shutting down and abandoning module LocationServicesBPLibrary (288)
[2020.04.30-03.09.22:254][730]LogModuleManager: Shutting down and abandoning module ActorSequence (286)
[2020.04.30-03.09.22:254][730]LogModuleManager: Shutting down and abandoning module UdpMessaging (284)
[2020.04.30-03.09.22:355][730]LogModuleManager: Shutting down and abandoning module TcpMessaging (282)
